[0.072s] Invoking command in '/home/supro/supro_ws/build/dwb_msgs': CMAKE_PREFIX_PATH=/home/supro/supro_ws/install/nav_2d_msgs:/home/supro/supro_ws/install/nav2_system_tests:/home/supro/supro_ws/install/nav2_bringup:/home/supro/supro_ws/install/navigation2:/home/supro/supro_ws/install/smac_planner:/home/supro/supro_ws/install/slam_toolbox:/home/supro/supro_ws/install/sensor_pkg:/home/supro/supro_ws/install/realsense2_description:/home/supro/supro_ws/install/realsense2_camera:/home/supro/supro_ws/install/realsense2_camera_msgs:/home/supro/supro_ws/install/nav2_dwb_controller:/home/supro/supro_ws/install/nav2_controller:/home/supro/supro_ws/install/dwb_plugins:/home/supro/supro_ws/install/dwb_critics:/home/supro/supro_ws/install/dwb_core:/home/supro/supro_ws/install/nav_2d_utils:/home/supro/supro_ws/install/dwb_msgs:/home/supro/supro_ws/install/nav2_waypoint_follower:/home/supro/supro_ws/install/nav2_regulated_pure_pursuit_controller:/home/supro/supro_ws/install/nav2_recoveries:/home/supro/supro_ws/install/nav2_planner:/home/supro/supro_ws/install/nav2_navfn_planner:/home/supro/supro_ws/install/nav2_core:/home/supro/supro_ws/install/costmap_queue:/home/supro/supro_ws/install/nav2_costmap_2d:/home/supro/supro_ws/install/nav2_voxel_grid:/home/supro/supro_ws/install/nav2_rviz_plugins:/home/supro/supro_ws/install/nav2_map_server:/home/supro/supro_ws/install/nav2_lifecycle_manager:/home/supro/supro_ws/install/nav2_bt_navigator:/home/supro/supro_ws/install/nav2_behavior_tree:/home/supro/supro_ws/install/nav2_amcl:/home/supro/supro_ws/install/nav2_util:/home/supro/supro_ws/install/nav2_msgs:/home/supro/supro_ws/install/nav2_common:/home/supro/supro_ws/install/motor_pkg:/home/supro/supro_ws/install/custom_turtlesim:/home/supro/supro_ws/install/bluesea2:/home/supro/supro_ws/install/apriltag_docking:/home/supro/supro_ws/install/apriltag_msgs:/home/supro/supro_ws/install/android_comm:/opt/ros/foxy:/home/supro/supro_ws/install/turtlebot3_teleop:/home/supro/supro_ws/install/nav2_gazebo_spawner:/home/supro/supro_ws/install/mapping_publisher LD_LIBRARY_PATH=/home/supro/supro_ws/install/nav_2d_msgs/lib:/opt/ros/foxy/opt/yaml_cpp_vendor/lib:/opt/ros/foxy/opt/rviz_ogre_vendor/lib:/opt/ros/foxy/lib/x86_64-linux-gnu:/opt/ros/foxy/lib:/home/supro/supro_ws/install/smac_planner/lib:/home/supro/supro_ws/install/slam_toolbox/lib:/home/supro/supro_ws/install/realsense2_camera/lib:/home/supro/supro_ws/install/realsense2_camera_msgs/lib:/home/supro/supro_ws/install/nav2_controller/lib:/home/supro/supro_ws/install/dwb_plugins/lib:/home/supro/supro_ws/install/dwb_critics/lib:/home/supro/supro_ws/install/dwb_core/lib:/home/supro/supro_ws/install/nav_2d_utils/lib:/home/supro/supro_ws/install/dwb_msgs/lib:/home/supro/supro_ws/install/nav2_waypoint_follower/lib:/home/supro/supro_ws/install/nav2_regulated_pure_pursuit_controller/lib:/home/supro/supro_ws/install/nav2_recoveries/lib:/home/supro/supro_ws/install/nav2_planner/lib:/home/supro/supro_ws/install/nav2_navfn_planner/lib:/home/supro/supro_ws/install/costmap_queue/lib:/home/supro/supro_ws/install/nav2_costmap_2d/lib:/home/supro/supro_ws/install/nav2_voxel_grid/lib:/home/supro/supro_ws/install/nav2_rviz_plugins/lib:/home/supro/supro_ws/install/nav2_map_server/lib:/home/supro/supro_ws/install/nav2_lifecycle_manager/lib:/home/supro/supro_ws/install/nav2_bt_navigator/lib:/home/supro/supro_ws/install/nav2_behavior_tree/lib:/home/supro/supro_ws/install/nav2_amcl/lib:/home/supro/supro_ws/install/nav2_util/lib:/home/supro/supro_ws/install/nav2_msgs/lib:/home/supro/supro_ws/install/apriltag_msgs/lib:/usr/lib/x86_64-linux-gnu/gazebo-11/plugins PYTHONPATH=/home/supro/supro_ws/install/nav_2d_msgs/lib/python3.8/site-packages:/opt/ros/foxy/lib/python3.8/site-packages:/home/supro/supro_ws/install/turtlebot3_teleop/lib/python3.8/site-packages:/home/supro/supro_ws/install/slam_toolbox/lib/python3.8/site-packages:/home/supro/supro_ws/install/realsense2_camera_msgs/lib/python3.8/site-packages:/home/supro/supro_ws/install/dwb_msgs/lib/python3.8/site-packages:/home/supro/supro_ws/install/nav2_msgs/lib/python3.8/site-packages:/home/supro/supro_ws/install/nav2_gazebo_spawner/lib/python3.8/site-packages:/home/supro/supro_ws/install/nav2_common/lib/python3.8/site-packages:/home/supro/supro_ws/install/mapping_publisher/lib/python3.8/site-packages:/home/supro/supro_ws/install/apriltag_msgs/lib/python3.8/site-packages /usr/bin/cmake --build /home/supro/supro_ws/build/dwb_msgs -- -j8 -l8
[0.256s] [  1%] Built target dwb_msgs__cpp
[0.270s] [ 12%] Built target dwb_msgs__rosidl_generator_c
[0.355s] [ 24%] Built target dwb_msgs__rosidl_typesupport_introspection_cpp
[0.366s] [ 43%] Built target dwb_msgs__rosidl_typesupport_cpp
[0.367s] [ 47%] Built target dwb_msgs__rosidl_typesupport_c
[0.382s] [ 58%] Built target dwb_msgs__rosidl_typesupport_fastrtps_cpp
[0.382s] [ 70%] Built target dwb_msgs__rosidl_typesupport_introspection_c
[0.460s] [ 82%] Built target dwb_msgs__rosidl_typesupport_fastrtps_c
[0.503s] [ 82%] Built target dwb_msgs
[0.554s] [ 83%] Built target dwb_msgs__py
[0.621s] [ 93%] Built target dwb_msgs__python
[0.674s] [100%] Built target dwb_msgs__rosidl_typesupport_introspection_c__pyext
[0.675s] [100%] Built target dwb_msgs__rosidl_typesupport_fastrtps_c__pyext
[0.675s] [100%] Built target dwb_msgs__rosidl_typesupport_c__pyext
[0.696s] Invoked command in '/home/supro/supro_ws/build/dwb_msgs' returned '0': CMAKE_PREFIX_PATH=/home/supro/supro_ws/install/nav_2d_msgs:/home/supro/supro_ws/install/nav2_system_tests:/home/supro/supro_ws/install/nav2_bringup:/home/supro/supro_ws/install/navigation2:/home/supro/supro_ws/install/smac_planner:/home/supro/supro_ws/install/slam_toolbox:/home/supro/supro_ws/install/sensor_pkg:/home/supro/supro_ws/install/realsense2_description:/home/supro/supro_ws/install/realsense2_camera:/home/supro/supro_ws/install/realsense2_camera_msgs:/home/supro/supro_ws/install/nav2_dwb_controller:/home/supro/supro_ws/install/nav2_controller:/home/supro/supro_ws/install/dwb_plugins:/home/supro/supro_ws/install/dwb_critics:/home/supro/supro_ws/install/dwb_core:/home/supro/supro_ws/install/nav_2d_utils:/home/supro/supro_ws/install/dwb_msgs:/home/supro/supro_ws/install/nav2_waypoint_follower:/home/supro/supro_ws/install/nav2_regulated_pure_pursuit_controller:/home/supro/supro_ws/install/nav2_recoveries:/home/supro/supro_ws/install/nav2_planner:/home/supro/supro_ws/install/nav2_navfn_planner:/home/supro/supro_ws/install/nav2_core:/home/supro/supro_ws/install/costmap_queue:/home/supro/supro_ws/install/nav2_costmap_2d:/home/supro/supro_ws/install/nav2_voxel_grid:/home/supro/supro_ws/install/nav2_rviz_plugins:/home/supro/supro_ws/install/nav2_map_server:/home/supro/supro_ws/install/nav2_lifecycle_manager:/home/supro/supro_ws/install/nav2_bt_navigator:/home/supro/supro_ws/install/nav2_behavior_tree:/home/supro/supro_ws/install/nav2_amcl:/home/supro/supro_ws/install/nav2_util:/home/supro/supro_ws/install/nav2_msgs:/home/supro/supro_ws/install/nav2_common:/home/supro/supro_ws/install/motor_pkg:/home/supro/supro_ws/install/custom_turtlesim:/home/supro/supro_ws/install/bluesea2:/home/supro/supro_ws/install/apriltag_docking:/home/supro/supro_ws/install/apriltag_msgs:/home/supro/supro_ws/install/android_comm:/opt/ros/foxy:/home/supro/supro_ws/install/turtlebot3_teleop:/home/supro/supro_ws/install/nav2_gazebo_spawner:/home/supro/supro_ws/install/mapping_publisher LD_LIBRARY_PATH=/home/supro/supro_ws/install/nav_2d_msgs/lib:/opt/ros/foxy/opt/yaml_cpp_vendor/lib:/opt/ros/foxy/opt/rviz_ogre_vendor/lib:/opt/ros/foxy/lib/x86_64-linux-gnu:/opt/ros/foxy/lib:/home/supro/supro_ws/install/smac_planner/lib:/home/supro/supro_ws/install/slam_toolbox/lib:/home/supro/supro_ws/install/realsense2_camera/lib:/home/supro/supro_ws/install/realsense2_camera_msgs/lib:/home/supro/supro_ws/install/nav2_controller/lib:/home/supro/supro_ws/install/dwb_plugins/lib:/home/supro/supro_ws/install/dwb_critics/lib:/home/supro/supro_ws/install/dwb_core/lib:/home/supro/supro_ws/install/nav_2d_utils/lib:/home/supro/supro_ws/install/dwb_msgs/lib:/home/supro/supro_ws/install/nav2_waypoint_follower/lib:/home/supro/supro_ws/install/nav2_regulated_pure_pursuit_controller/lib:/home/supro/supro_ws/install/nav2_recoveries/lib:/home/supro/supro_ws/install/nav2_planner/lib:/home/supro/supro_ws/install/nav2_navfn_planner/lib:/home/supro/supro_ws/install/costmap_queue/lib:/home/supro/supro_ws/install/nav2_costmap_2d/lib:/home/supro/supro_ws/install/nav2_voxel_grid/lib:/home/supro/supro_ws/install/nav2_rviz_plugins/lib:/home/supro/supro_ws/install/nav2_map_server/lib:/home/supro/supro_ws/install/nav2_lifecycle_manager/lib:/home/supro/supro_ws/install/nav2_bt_navigator/lib:/home/supro/supro_ws/install/nav2_behavior_tree/lib:/home/supro/supro_ws/install/nav2_amcl/lib:/home/supro/supro_ws/install/nav2_util/lib:/home/supro/supro_ws/install/nav2_msgs/lib:/home/supro/supro_ws/install/apriltag_msgs/lib:/usr/lib/x86_64-linux-gnu/gazebo-11/plugins PYTHONPATH=/home/supro/supro_ws/install/nav_2d_msgs/lib/python3.8/site-packages:/opt/ros/foxy/lib/python3.8/site-packages:/home/supro/supro_ws/install/turtlebot3_teleop/lib/python3.8/site-packages:/home/supro/supro_ws/install/slam_toolbox/lib/python3.8/site-packages:/home/supro/supro_ws/install/realsense2_camera_msgs/lib/python3.8/site-packages:/home/supro/supro_ws/install/dwb_msgs/lib/python3.8/site-packages:/home/supro/supro_ws/install/nav2_msgs/lib/python3.8/site-packages:/home/supro/supro_ws/install/nav2_gazebo_spawner/lib/python3.8/site-packages:/home/supro/supro_ws/install/nav2_common/lib/python3.8/site-packages:/home/supro/supro_ws/install/mapping_publisher/lib/python3.8/site-packages:/home/supro/supro_ws/install/apriltag_msgs/lib/python3.8/site-packages /usr/bin/cmake --build /home/supro/supro_ws/build/dwb_msgs -- -j8 -l8
[1.139s] Invoking command in '/home/supro/supro_ws/build/dwb_msgs': CMAKE_PREFIX_PATH=/home/supro/supro_ws/install/nav_2d_msgs:/home/supro/supro_ws/install/nav2_system_tests:/home/supro/supro_ws/install/nav2_bringup:/home/supro/supro_ws/install/navigation2:/home/supro/supro_ws/install/smac_planner:/home/supro/supro_ws/install/slam_toolbox:/home/supro/supro_ws/install/sensor_pkg:/home/supro/supro_ws/install/realsense2_description:/home/supro/supro_ws/install/realsense2_camera:/home/supro/supro_ws/install/realsense2_camera_msgs:/home/supro/supro_ws/install/nav2_dwb_controller:/home/supro/supro_ws/install/nav2_controller:/home/supro/supro_ws/install/dwb_plugins:/home/supro/supro_ws/install/dwb_critics:/home/supro/supro_ws/install/dwb_core:/home/supro/supro_ws/install/nav_2d_utils:/home/supro/supro_ws/install/dwb_msgs:/home/supro/supro_ws/install/nav2_waypoint_follower:/home/supro/supro_ws/install/nav2_regulated_pure_pursuit_controller:/home/supro/supro_ws/install/nav2_recoveries:/home/supro/supro_ws/install/nav2_planner:/home/supro/supro_ws/install/nav2_navfn_planner:/home/supro/supro_ws/install/nav2_core:/home/supro/supro_ws/install/costmap_queue:/home/supro/supro_ws/install/nav2_costmap_2d:/home/supro/supro_ws/install/nav2_voxel_grid:/home/supro/supro_ws/install/nav2_rviz_plugins:/home/supro/supro_ws/install/nav2_map_server:/home/supro/supro_ws/install/nav2_lifecycle_manager:/home/supro/supro_ws/install/nav2_bt_navigator:/home/supro/supro_ws/install/nav2_behavior_tree:/home/supro/supro_ws/install/nav2_amcl:/home/supro/supro_ws/install/nav2_util:/home/supro/supro_ws/install/nav2_msgs:/home/supro/supro_ws/install/nav2_common:/home/supro/supro_ws/install/motor_pkg:/home/supro/supro_ws/install/custom_turtlesim:/home/supro/supro_ws/install/bluesea2:/home/supro/supro_ws/install/apriltag_docking:/home/supro/supro_ws/install/apriltag_msgs:/home/supro/supro_ws/install/android_comm:/opt/ros/foxy:/home/supro/supro_ws/install/turtlebot3_teleop:/home/supro/supro_ws/install/nav2_gazebo_spawner:/home/supro/supro_ws/install/mapping_publisher LD_LIBRARY_PATH=/home/supro/supro_ws/install/nav_2d_msgs/lib:/opt/ros/foxy/opt/yaml_cpp_vendor/lib:/opt/ros/foxy/opt/rviz_ogre_vendor/lib:/opt/ros/foxy/lib/x86_64-linux-gnu:/opt/ros/foxy/lib:/home/supro/supro_ws/install/smac_planner/lib:/home/supro/supro_ws/install/slam_toolbox/lib:/home/supro/supro_ws/install/realsense2_camera/lib:/home/supro/supro_ws/install/realsense2_camera_msgs/lib:/home/supro/supro_ws/install/nav2_controller/lib:/home/supro/supro_ws/install/dwb_plugins/lib:/home/supro/supro_ws/install/dwb_critics/lib:/home/supro/supro_ws/install/dwb_core/lib:/home/supro/supro_ws/install/nav_2d_utils/lib:/home/supro/supro_ws/install/dwb_msgs/lib:/home/supro/supro_ws/install/nav2_waypoint_follower/lib:/home/supro/supro_ws/install/nav2_regulated_pure_pursuit_controller/lib:/home/supro/supro_ws/install/nav2_recoveries/lib:/home/supro/supro_ws/install/nav2_planner/lib:/home/supro/supro_ws/install/nav2_navfn_planner/lib:/home/supro/supro_ws/install/costmap_queue/lib:/home/supro/supro_ws/install/nav2_costmap_2d/lib:/home/supro/supro_ws/install/nav2_voxel_grid/lib:/home/supro/supro_ws/install/nav2_rviz_plugins/lib:/home/supro/supro_ws/install/nav2_map_server/lib:/home/supro/supro_ws/install/nav2_lifecycle_manager/lib:/home/supro/supro_ws/install/nav2_bt_navigator/lib:/home/supro/supro_ws/install/nav2_behavior_tree/lib:/home/supro/supro_ws/install/nav2_amcl/lib:/home/supro/supro_ws/install/nav2_util/lib:/home/supro/supro_ws/install/nav2_msgs/lib:/home/supro/supro_ws/install/apriltag_msgs/lib:/usr/lib/x86_64-linux-gnu/gazebo-11/plugins PYTHONPATH=/home/supro/supro_ws/install/nav_2d_msgs/lib/python3.8/site-packages:/opt/ros/foxy/lib/python3.8/site-packages:/home/supro/supro_ws/install/turtlebot3_teleop/lib/python3.8/site-packages:/home/supro/supro_ws/install/slam_toolbox/lib/python3.8/site-packages:/home/supro/supro_ws/install/realsense2_camera_msgs/lib/python3.8/site-packages:/home/supro/supro_ws/install/dwb_msgs/lib/python3.8/site-packages:/home/supro/supro_ws/install/nav2_msgs/lib/python3.8/site-packages:/home/supro/supro_ws/install/nav2_gazebo_spawner/lib/python3.8/site-packages:/home/supro/supro_ws/install/nav2_common/lib/python3.8/site-packages:/home/supro/supro_ws/install/mapping_publisher/lib/python3.8/site-packages:/home/supro/supro_ws/install/apriltag_msgs/lib/python3.8/site-packages /usr/bin/cmake --install /home/supro/supro_ws/build/dwb_msgs
[1.157s] -- Install configuration: ""
[1.157s] -- Up-to-date: /home/supro/supro_ws/install/dwb_msgs/share/ament_index/resource_index/rosidl_interfaces/dwb_msgs
[1.157s] -- Up-to-date: /home/supro/supro_ws/install/dwb_msgs/include/dwb_msgs
[1.158s] -- Up-to-date: /home/supro/supro_ws/install/dwb_msgs/include/dwb_msgs/msg
[1.158s] -- Up-to-date: /home/supro/supro_ws/install/dwb_msgs/include/dwb_msgs/msg/trajectory2_d.h
[1.158s] -- Up-to-date: /home/supro/supro_ws/install/dwb_msgs/include/dwb_msgs/msg/critic_score.h
[1.158s] -- Up-to-date: /home/supro/supro_ws/install/dwb_msgs/include/dwb_msgs/msg/rosidl_generator_c__visibility_control.h
[1.158s] -- Up-to-date: /home/supro/supro_ws/install/dwb_msgs/include/dwb_msgs/msg/local_plan_evaluation.h
[1.158s] -- Up-to-date: /home/supro/supro_ws/install/dwb_msgs/include/dwb_msgs/msg/trajectory_score.h
[1.158s] -- Up-to-date: /home/supro/supro_ws/install/dwb_msgs/include/dwb_msgs/msg/detail
[1.159s] -- Up-to-date: /home/supro/supro_ws/install/dwb_msgs/include/dwb_msgs/msg/detail/local_plan_evaluation__functions.h
[1.159s] -- Up-to-date: /home/supro/supro_ws/install/dwb_msgs/include/dwb_msgs/msg/detail/critic_score__functions.c
[1.159s] -- Up-to-date: /home/supro/supro_ws/install/dwb_msgs/include/dwb_msgs/msg/detail/trajectory2_d__type_support.h
[1.159s] -- Up-to-date: /home/supro/supro_ws/install/dwb_msgs/include/dwb_msgs/msg/detail/trajectory_score__struct.h
[1.159s] -- Up-to-date: /home/supro/supro_ws/install/dwb_msgs/include/dwb_msgs/msg/detail/trajectory2_d__functions.c
[1.159s] -- Up-to-date: /home/supro/supro_ws/install/dwb_msgs/include/dwb_msgs/msg/detail/trajectory2_d__functions.h
[1.160s] -- Up-to-date: /home/supro/supro_ws/install/dwb_msgs/include/dwb_msgs/msg/detail/local_plan_evaluation__struct.h
[1.160s] -- Up-to-date: /home/supro/supro_ws/install/dwb_msgs/include/dwb_msgs/msg/detail/local_plan_evaluation__functions.c
[1.160s] -- Up-to-date: /home/supro/supro_ws/install/dwb_msgs/include/dwb_msgs/msg/detail/trajectory_score__functions.h
[1.160s] -- Up-to-date: /home/supro/supro_ws/install/dwb_msgs/include/dwb_msgs/msg/detail/critic_score__type_support.h
[1.160s] -- Up-to-date: /home/supro/supro_ws/install/dwb_msgs/include/dwb_msgs/msg/detail/trajectory2_d__struct.h
[1.160s] -- Up-to-date: /home/supro/supro_ws/install/dwb_msgs/include/dwb_msgs/msg/detail/critic_score__functions.h
[1.160s] -- Up-to-date: /home/supro/supro_ws/install/dwb_msgs/include/dwb_msgs/msg/detail/trajectory_score__functions.c
[1.161s] -- Up-to-date: /home/supro/supro_ws/install/dwb_msgs/include/dwb_msgs/msg/detail/local_plan_evaluation__type_support.h
[1.161s] -- Up-to-date: /home/supro/supro_ws/install/dwb_msgs/include/dwb_msgs/msg/detail/trajectory_score__type_support.h
[1.161s] -- Up-to-date: /home/supro/supro_ws/install/dwb_msgs/include/dwb_msgs/msg/detail/critic_score__struct.h
[1.161s] -- Up-to-date: /home/supro/supro_ws/install/dwb_msgs/include/dwb_msgs/srv
[1.161s] -- Up-to-date: /home/supro/supro_ws/install/dwb_msgs/include/dwb_msgs/srv/generate_twists.h
[1.161s] -- Up-to-date: /home/supro/supro_ws/install/dwb_msgs/include/dwb_msgs/srv/get_critic_score.h
[1.161s] -- Up-to-date: /home/supro/supro_ws/install/dwb_msgs/include/dwb_msgs/srv/score_trajectory.h
[1.162s] -- Up-to-date: /home/supro/supro_ws/install/dwb_msgs/include/dwb_msgs/srv/debug_local_plan.h
[1.162s] -- Up-to-date: /home/supro/supro_ws/install/dwb_msgs/include/dwb_msgs/srv/generate_trajectory.h
[1.162s] -- Up-to-date: /home/supro/supro_ws/install/dwb_msgs/include/dwb_msgs/srv/detail
[1.162s] -- Up-to-date: /home/supro/supro_ws/install/dwb_msgs/include/dwb_msgs/srv/detail/score_trajectory__functions.h
[1.162s] -- Up-to-date: /home/supro/supro_ws/install/dwb_msgs/include/dwb_msgs/srv/detail/generate_trajectory__functions.h
[1.162s] -- Up-to-date: /home/supro/supro_ws/install/dwb_msgs/include/dwb_msgs/srv/detail/generate_twists__struct.h
[1.163s] -- Up-to-date: /home/supro/supro_ws/install/dwb_msgs/include/dwb_msgs/srv/detail/generate_trajectory__struct.h
[1.163s] -- Up-to-date: /home/supro/supro_ws/install/dwb_msgs/include/dwb_msgs/srv/detail/generate_twists__functions.h
[1.163s] -- Up-to-date: /home/supro/supro_ws/install/dwb_msgs/include/dwb_msgs/srv/detail/score_trajectory__functions.c
[1.163s] -- Up-to-date: /home/supro/supro_ws/install/dwb_msgs/include/dwb_msgs/srv/detail/get_critic_score__functions.c
[1.163s] -- Up-to-date: /home/supro/supro_ws/install/dwb_msgs/include/dwb_msgs/srv/detail/debug_local_plan__functions.h
[1.163s] -- Up-to-date: /home/supro/supro_ws/install/dwb_msgs/include/dwb_msgs/srv/detail/debug_local_plan__type_support.h
[1.163s] -- Up-to-date: /home/supro/supro_ws/install/dwb_msgs/include/dwb_msgs/srv/detail/score_trajectory__struct.h
[1.163s] -- Up-to-date: /home/supro/supro_ws/install/dwb_msgs/include/dwb_msgs/srv/detail/debug_local_plan__functions.c
[1.164s] -- Up-to-date: /home/supro/supro_ws/install/dwb_msgs/include/dwb_msgs/srv/detail/debug_local_plan__struct.h
[1.164s] -- Up-to-date: /home/supro/supro_ws/install/dwb_msgs/include/dwb_msgs/srv/detail/generate_twists__functions.c
[1.164s] -- Up-to-date: /home/supro/supro_ws/install/dwb_msgs/include/dwb_msgs/srv/detail/generate_trajectory__functions.c
[1.164s] -- Up-to-date: /home/supro/supro_ws/install/dwb_msgs/include/dwb_msgs/srv/detail/get_critic_score__functions.h
[1.164s] -- Up-to-date: /home/supro/supro_ws/install/dwb_msgs/include/dwb_msgs/srv/detail/get_critic_score__struct.h
[1.165s] -- Up-to-date: /home/supro/supro_ws/install/dwb_msgs/include/dwb_msgs/srv/detail/generate_twists__type_support.h
[1.165s] -- Up-to-date: /home/supro/supro_ws/install/dwb_msgs/include/dwb_msgs/srv/detail/get_critic_score__type_support.h
[1.165s] -- Up-to-date: /home/supro/supro_ws/install/dwb_msgs/include/dwb_msgs/srv/detail/generate_trajectory__type_support.h
[1.165s] -- Up-to-date: /home/supro/supro_ws/install/dwb_msgs/include/dwb_msgs/srv/detail/score_trajectory__type_support.h
[1.166s] -- Up-to-date: /home/supro/supro_ws/install/dwb_msgs/share/dwb_msgs/environment/library_path.sh
[1.166s] -- Up-to-date: /home/supro/supro_ws/install/dwb_msgs/share/dwb_msgs/environment/library_path.dsv
[1.166s] -- Up-to-date: /home/supro/supro_ws/install/dwb_msgs/lib/libdwb_msgs__rosidl_generator_c.so
[1.166s] -- Up-to-date: /home/supro/supro_ws/install/dwb_msgs/include/dwb_msgs
[1.166s] -- Up-to-date: /home/supro/supro_ws/install/dwb_msgs/include/dwb_msgs/msg
[1.166s] -- Up-to-date: /home/supro/supro_ws/install/dwb_msgs/include/dwb_msgs/msg/rosidl_typesupport_fastrtps_c__visibility_control.h
[1.166s] -- Up-to-date: /home/supro/supro_ws/install/dwb_msgs/include/dwb_msgs/msg/detail
[1.166s] -- Up-to-date: /home/supro/supro_ws/install/dwb_msgs/include/dwb_msgs/msg/detail/trajectory2_d__rosidl_typesupport_fastrtps_c.h
[1.167s] -- Up-to-date: /home/supro/supro_ws/install/dwb_msgs/include/dwb_msgs/msg/detail/critic_score__rosidl_typesupport_fastrtps_c.h
[1.167s] -- Up-to-date: /home/supro/supro_ws/install/dwb_msgs/include/dwb_msgs/msg/detail/trajectory_score__rosidl_typesupport_fastrtps_c.h
[1.167s] -- Up-to-date: /home/supro/supro_ws/install/dwb_msgs/include/dwb_msgs/msg/detail/local_plan_evaluation__rosidl_typesupport_fastrtps_c.h
[1.167s] -- Up-to-date: /home/supro/supro_ws/install/dwb_msgs/include/dwb_msgs/srv
[1.167s] -- Up-to-date: /home/supro/supro_ws/install/dwb_msgs/include/dwb_msgs/srv/detail
[1.167s] -- Up-to-date: /home/supro/supro_ws/install/dwb_msgs/include/dwb_msgs/srv/detail/get_critic_score__rosidl_typesupport_fastrtps_c.h
[1.167s] -- Up-to-date: /home/supro/supro_ws/install/dwb_msgs/include/dwb_msgs/srv/detail/debug_local_plan__rosidl_typesupport_fastrtps_c.h
[1.167s] -- Up-to-date: /home/supro/supro_ws/install/dwb_msgs/include/dwb_msgs/srv/detail/score_trajectory__rosidl_typesupport_fastrtps_c.h
[1.167s] -- Up-to-date: /home/supro/supro_ws/install/dwb_msgs/include/dwb_msgs/srv/detail/generate_twists__rosidl_typesupport_fastrtps_c.h
[1.167s] -- Up-to-date: /home/supro/supro_ws/install/dwb_msgs/include/dwb_msgs/srv/detail/generate_trajectory__rosidl_typesupport_fastrtps_c.h
[1.168s] -- Up-to-date: /home/supro/supro_ws/install/dwb_msgs/lib/libdwb_msgs__rosidl_typesupport_fastrtps_c.so
[1.168s] -- Up-to-date: /home/supro/supro_ws/install/dwb_msgs/include/dwb_msgs
[1.168s] -- Up-to-date: /home/supro/supro_ws/install/dwb_msgs/include/dwb_msgs/msg
[1.168s] -- Up-to-date: /home/supro/supro_ws/install/dwb_msgs/include/dwb_msgs/msg/rosidl_typesupport_fastrtps_cpp__visibility_control.h
[1.168s] -- Up-to-date: /home/supro/supro_ws/install/dwb_msgs/include/dwb_msgs/msg/detail
[1.168s] -- Up-to-date: /home/supro/supro_ws/install/dwb_msgs/include/dwb_msgs/msg/detail/trajectory_score__rosidl_typesupport_fastrtps_cpp.hpp
[1.168s] -- Up-to-date: /home/supro/supro_ws/install/dwb_msgs/include/dwb_msgs/msg/detail/local_plan_evaluation__rosidl_typesupport_fastrtps_cpp.hpp
[1.168s] -- Up-to-date: /home/supro/supro_ws/install/dwb_msgs/include/dwb_msgs/msg/detail/trajectory2_d__rosidl_typesupport_fastrtps_cpp.hpp
[1.169s] -- Up-to-date: /home/supro/supro_ws/install/dwb_msgs/include/dwb_msgs/msg/detail/critic_score__rosidl_typesupport_fastrtps_cpp.hpp
[1.169s] -- Up-to-date: /home/supro/supro_ws/install/dwb_msgs/include/dwb_msgs/msg/detail/dds_fastrtps
[1.169s] -- Up-to-date: /home/supro/supro_ws/install/dwb_msgs/include/dwb_msgs/srv
[1.169s] -- Up-to-date: /home/supro/supro_ws/install/dwb_msgs/include/dwb_msgs/srv/detail
[1.169s] -- Up-to-date: /home/supro/supro_ws/install/dwb_msgs/include/dwb_msgs/srv/detail/generate_twists__rosidl_typesupport_fastrtps_cpp.hpp
[1.169s] -- Up-to-date: /home/supro/supro_ws/install/dwb_msgs/include/dwb_msgs/srv/detail/debug_local_plan__rosidl_typesupport_fastrtps_cpp.hpp
[1.169s] -- Up-to-date: /home/supro/supro_ws/install/dwb_msgs/include/dwb_msgs/srv/detail/score_trajectory__rosidl_typesupport_fastrtps_cpp.hpp
[1.169s] -- Up-to-date: /home/supro/supro_ws/install/dwb_msgs/include/dwb_msgs/srv/detail/get_critic_score__rosidl_typesupport_fastrtps_cpp.hpp
[1.169s] -- Up-to-date: /home/supro/supro_ws/install/dwb_msgs/include/dwb_msgs/srv/detail/generate_trajectory__rosidl_typesupport_fastrtps_cpp.hpp
[1.170s] -- Up-to-date: /home/supro/supro_ws/install/dwb_msgs/include/dwb_msgs/srv/detail/dds_fastrtps
[1.170s] -- Up-to-date: /home/supro/supro_ws/install/dwb_msgs/lib/libdwb_msgs__rosidl_typesupport_fastrtps_cpp.so
[1.170s] -- Up-to-date: /home/supro/supro_ws/install/dwb_msgs/include/dwb_msgs
[1.170s] -- Up-to-date: /home/supro/supro_ws/install/dwb_msgs/include/dwb_msgs/msg
[1.170s] -- Up-to-date: /home/supro/supro_ws/install/dwb_msgs/include/dwb_msgs/msg/rosidl_typesupport_introspection_c__visibility_control.h
[1.170s] -- Up-to-date: /home/supro/supro_ws/install/dwb_msgs/include/dwb_msgs/msg/detail
[1.170s] -- Up-to-date: /home/supro/supro_ws/install/dwb_msgs/include/dwb_msgs/msg/detail/local_plan_evaluation__rosidl_typesupport_introspection_c.h
[1.170s] -- Up-to-date: /home/supro/supro_ws/install/dwb_msgs/include/dwb_msgs/msg/detail/critic_score__rosidl_typesupport_introspection_c.h
[1.170s] -- Up-to-date: /home/supro/supro_ws/install/dwb_msgs/include/dwb_msgs/msg/detail/trajectory2_d__rosidl_typesupport_introspection_c.h
[1.170s] -- Up-to-date: /home/supro/supro_ws/install/dwb_msgs/include/dwb_msgs/msg/detail/trajectory_score__type_support.c
[1.170s] -- Up-to-date: /home/supro/supro_ws/install/dwb_msgs/include/dwb_msgs/msg/detail/critic_score__type_support.c
[1.171s] -- Up-to-date: /home/supro/supro_ws/install/dwb_msgs/include/dwb_msgs/msg/detail/local_plan_evaluation__type_support.c
[1.171s] -- Up-to-date: /home/supro/supro_ws/install/dwb_msgs/include/dwb_msgs/msg/detail/trajectory_score__rosidl_typesupport_introspection_c.h
[1.171s] -- Up-to-date: /home/supro/supro_ws/install/dwb_msgs/include/dwb_msgs/msg/detail/trajectory2_d__type_support.c
[1.171s] -- Up-to-date: /home/supro/supro_ws/install/dwb_msgs/include/dwb_msgs/srv
[1.171s] -- Up-to-date: /home/supro/supro_ws/install/dwb_msgs/include/dwb_msgs/srv/detail
[1.171s] -- Up-to-date: /home/supro/supro_ws/install/dwb_msgs/include/dwb_msgs/srv/detail/generate_twists__type_support.c
[1.171s] -- Up-to-date: /home/supro/supro_ws/install/dwb_msgs/include/dwb_msgs/srv/detail/get_critic_score__rosidl_typesupport_introspection_c.h
[1.171s] -- Up-to-date: /home/supro/supro_ws/install/dwb_msgs/include/dwb_msgs/srv/detail/generate_twists__rosidl_typesupport_introspection_c.h
[1.171s] -- Up-to-date: /home/supro/supro_ws/install/dwb_msgs/include/dwb_msgs/srv/detail/score_trajectory__rosidl_typesupport_introspection_c.h
[1.172s] -- Up-to-date: /home/supro/supro_ws/install/dwb_msgs/include/dwb_msgs/srv/detail/generate_trajectory__type_support.c
[1.172s] -- Up-to-date: /home/supro/supro_ws/install/dwb_msgs/include/dwb_msgs/srv/detail/debug_local_plan__rosidl_typesupport_introspection_c.h
[1.172s] -- Up-to-date: /home/supro/supro_ws/install/dwb_msgs/include/dwb_msgs/srv/detail/get_critic_score__type_support.c
[1.172s] -- Up-to-date: /home/supro/supro_ws/install/dwb_msgs/include/dwb_msgs/srv/detail/generate_trajectory__rosidl_typesupport_introspection_c.h
[1.172s] -- Up-to-date: /home/supro/supro_ws/install/dwb_msgs/include/dwb_msgs/srv/detail/debug_local_plan__type_support.c
[1.172s] -- Up-to-date: /home/supro/supro_ws/install/dwb_msgs/include/dwb_msgs/srv/detail/score_trajectory__type_support.c
[1.172s] -- Up-to-date: /home/supro/supro_ws/install/dwb_msgs/lib/libdwb_msgs__rosidl_typesupport_introspection_c.so
[1.172s] -- Up-to-date: /home/supro/supro_ws/install/dwb_msgs/lib/libdwb_msgs__rosidl_typesupport_c.so
[1.172s] -- Up-to-date: /home/supro/supro_ws/install/dwb_msgs/include/dwb_msgs
[1.172s] -- Up-to-date: /home/supro/supro_ws/install/dwb_msgs/include/dwb_msgs/msg
[1.173s] -- Up-to-date: /home/supro/supro_ws/install/dwb_msgs/include/dwb_msgs/msg/trajectory2_d.hpp
[1.173s] -- Up-to-date: /home/supro/supro_ws/install/dwb_msgs/include/dwb_msgs/msg/critic_score.hpp
[1.173s] -- Up-to-date: /home/supro/supro_ws/install/dwb_msgs/include/dwb_msgs/msg/trajectory_score.hpp
[1.173s] -- Up-to-date: /home/supro/supro_ws/install/dwb_msgs/include/dwb_msgs/msg/detail
[1.173s] -- Up-to-date: /home/supro/supro_ws/install/dwb_msgs/include/dwb_msgs/msg/detail/critic_score__struct.hpp
[1.173s] -- Up-to-date: /home/supro/supro_ws/install/dwb_msgs/include/dwb_msgs/msg/detail/critic_score__traits.hpp
[1.173s] -- Up-to-date: /home/supro/supro_ws/install/dwb_msgs/include/dwb_msgs/msg/detail/local_plan_evaluation__builder.hpp
[1.173s] -- Up-to-date: /home/supro/supro_ws/install/dwb_msgs/include/dwb_msgs/msg/detail/local_plan_evaluation__struct.hpp
[1.173s] -- Up-to-date: /home/supro/supro_ws/install/dwb_msgs/include/dwb_msgs/msg/detail/critic_score__builder.hpp
[1.173s] -- Up-to-date: /home/supro/supro_ws/install/dwb_msgs/include/dwb_msgs/msg/detail/local_plan_evaluation__traits.hpp
[1.174s] -- Up-to-date: /home/supro/supro_ws/install/dwb_msgs/include/dwb_msgs/msg/detail/trajectory_score__builder.hpp
[1.174s] -- Up-to-date: /home/supro/supro_ws/install/dwb_msgs/include/dwb_msgs/msg/detail/trajectory_score__traits.hpp
[1.174s] -- Up-to-date: /home/supro/supro_ws/install/dwb_msgs/include/dwb_msgs/msg/detail/trajectory2_d__struct.hpp
[1.174s] -- Up-to-date: /home/supro/supro_ws/install/dwb_msgs/include/dwb_msgs/msg/detail/trajectory2_d__builder.hpp
[1.174s] -- Up-to-date: /home/supro/supro_ws/install/dwb_msgs/include/dwb_msgs/msg/detail/trajectory_score__struct.hpp
[1.174s] -- Up-to-date: /home/supro/supro_ws/install/dwb_msgs/include/dwb_msgs/msg/detail/trajectory2_d__traits.hpp
[1.174s] -- Up-to-date: /home/supro/supro_ws/install/dwb_msgs/include/dwb_msgs/msg/local_plan_evaluation.hpp
[1.174s] -- Up-to-date: /home/supro/supro_ws/install/dwb_msgs/include/dwb_msgs/srv
[1.174s] -- Up-to-date: /home/supro/supro_ws/install/dwb_msgs/include/dwb_msgs/srv/get_critic_score.hpp
[1.175s] -- Up-to-date: /home/supro/supro_ws/install/dwb_msgs/include/dwb_msgs/srv/debug_local_plan.hpp
[1.175s] -- Up-to-date: /home/supro/supro_ws/install/dwb_msgs/include/dwb_msgs/srv/score_trajectory.hpp
[1.175s] -- Up-to-date: /home/supro/supro_ws/install/dwb_msgs/include/dwb_msgs/srv/generate_twists.hpp
[1.175s] -- Up-to-date: /home/supro/supro_ws/install/dwb_msgs/include/dwb_msgs/srv/generate_trajectory.hpp
[1.175s] -- Up-to-date: /home/supro/supro_ws/install/dwb_msgs/include/dwb_msgs/srv/detail
[1.175s] -- Up-to-date: /home/supro/supro_ws/install/dwb_msgs/include/dwb_msgs/srv/detail/debug_local_plan__struct.hpp
[1.175s] -- Up-to-date: /home/supro/supro_ws/install/dwb_msgs/include/dwb_msgs/srv/detail/generate_trajectory__builder.hpp
[1.175s] -- Up-to-date: /home/supro/supro_ws/install/dwb_msgs/include/dwb_msgs/srv/detail/score_trajectory__builder.hpp
[1.175s] -- Up-to-date: /home/supro/supro_ws/install/dwb_msgs/include/dwb_msgs/srv/detail/debug_local_plan__builder.hpp
[1.176s] -- Up-to-date: /home/supro/supro_ws/install/dwb_msgs/include/dwb_msgs/srv/detail/generate_twists__traits.hpp
[1.176s] -- Up-to-date: /home/supro/supro_ws/install/dwb_msgs/include/dwb_msgs/srv/detail/get_critic_score__struct.hpp
[1.176s] -- Up-to-date: /home/supro/supro_ws/install/dwb_msgs/include/dwb_msgs/srv/detail/generate_twists__struct.hpp
[1.176s] -- Up-to-date: /home/supro/supro_ws/install/dwb_msgs/include/dwb_msgs/srv/detail/debug_local_plan__traits.hpp
[1.176s] -- Up-to-date: /home/supro/supro_ws/install/dwb_msgs/include/dwb_msgs/srv/detail/generate_twists__builder.hpp
[1.176s] -- Up-to-date: /home/supro/supro_ws/install/dwb_msgs/include/dwb_msgs/srv/detail/get_critic_score__builder.hpp
[1.176s] -- Up-to-date: /home/supro/supro_ws/install/dwb_msgs/include/dwb_msgs/srv/detail/score_trajectory__struct.hpp
[1.176s] -- Up-to-date: /home/supro/supro_ws/install/dwb_msgs/include/dwb_msgs/srv/detail/score_trajectory__traits.hpp
[1.176s] -- Up-to-date: /home/supro/supro_ws/install/dwb_msgs/include/dwb_msgs/srv/detail/generate_trajectory__traits.hpp
[1.177s] -- Up-to-date: /home/supro/supro_ws/install/dwb_msgs/include/dwb_msgs/srv/detail/get_critic_score__traits.hpp
[1.177s] -- Up-to-date: /home/supro/supro_ws/install/dwb_msgs/include/dwb_msgs/srv/detail/generate_trajectory__struct.hpp
[1.177s] -- Up-to-date: /home/supro/supro_ws/install/dwb_msgs/include/dwb_msgs
[1.177s] -- Up-to-date: /home/supro/supro_ws/install/dwb_msgs/include/dwb_msgs/msg
[1.177s] -- Up-to-date: /home/supro/supro_ws/install/dwb_msgs/include/dwb_msgs/msg/detail
[1.177s] -- Up-to-date: /home/supro/supro_ws/install/dwb_msgs/include/dwb_msgs/msg/detail/local_plan_evaluation__type_support.cpp
[1.177s] -- Up-to-date: /home/supro/supro_ws/install/dwb_msgs/include/dwb_msgs/msg/detail/trajectory2_d__type_support.cpp
[1.177s] -- Up-to-date: /home/supro/supro_ws/install/dwb_msgs/include/dwb_msgs/msg/detail/local_plan_evaluation__rosidl_typesupport_introspection_cpp.hpp
[1.177s] -- Up-to-date: /home/supro/supro_ws/install/dwb_msgs/include/dwb_msgs/msg/detail/trajectory2_d__rosidl_typesupport_introspection_cpp.hpp
[1.178s] -- Up-to-date: /home/supro/supro_ws/install/dwb_msgs/include/dwb_msgs/msg/detail/critic_score__type_support.cpp
[1.178s] -- Up-to-date: /home/supro/supro_ws/install/dwb_msgs/include/dwb_msgs/msg/detail/trajectory_score__rosidl_typesupport_introspection_cpp.hpp
[1.178s] -- Up-to-date: /home/supro/supro_ws/install/dwb_msgs/include/dwb_msgs/msg/detail/critic_score__rosidl_typesupport_introspection_cpp.hpp
[1.178s] -- Up-to-date: /home/supro/supro_ws/install/dwb_msgs/include/dwb_msgs/msg/detail/trajectory_score__type_support.cpp
[1.178s] -- Up-to-date: /home/supro/supro_ws/install/dwb_msgs/include/dwb_msgs/srv
[1.178s] -- Up-to-date: /home/supro/supro_ws/install/dwb_msgs/include/dwb_msgs/srv/detail
[1.178s] -- Up-to-date: /home/supro/supro_ws/install/dwb_msgs/include/dwb_msgs/srv/detail/generate_twists__type_support.cpp
[1.178s] -- Up-to-date: /home/supro/supro_ws/install/dwb_msgs/include/dwb_msgs/srv/detail/get_critic_score__rosidl_typesupport_introspection_cpp.hpp
[1.178s] -- Up-to-date: /home/supro/supro_ws/install/dwb_msgs/include/dwb_msgs/srv/detail/score_trajectory__rosidl_typesupport_introspection_cpp.hpp
[1.179s] -- Up-to-date: /home/supro/supro_ws/install/dwb_msgs/include/dwb_msgs/srv/detail/debug_local_plan__rosidl_typesupport_introspection_cpp.hpp
[1.179s] -- Up-to-date: /home/supro/supro_ws/install/dwb_msgs/include/dwb_msgs/srv/detail/debug_local_plan__type_support.cpp
[1.179s] -- Up-to-date: /home/supro/supro_ws/install/dwb_msgs/include/dwb_msgs/srv/detail/generate_twists__rosidl_typesupport_introspection_cpp.hpp
[1.179s] -- Up-to-date: /home/supro/supro_ws/install/dwb_msgs/include/dwb_msgs/srv/detail/score_trajectory__type_support.cpp
[1.179s] -- Up-to-date: /home/supro/supro_ws/install/dwb_msgs/include/dwb_msgs/srv/detail/generate_trajectory__type_support.cpp
[1.179s] -- Up-to-date: /home/supro/supro_ws/install/dwb_msgs/include/dwb_msgs/srv/detail/get_critic_score__type_support.cpp
[1.179s] -- Up-to-date: /home/supro/supro_ws/install/dwb_msgs/include/dwb_msgs/srv/detail/generate_trajectory__rosidl_typesupport_introspection_cpp.hpp
[1.179s] -- Up-to-date: /home/supro/supro_ws/install/dwb_msgs/lib/libdwb_msgs__rosidl_typesupport_introspection_cpp.so
[1.180s] -- Up-to-date: /home/supro/supro_ws/install/dwb_msgs/lib/libdwb_msgs__rosidl_typesupport_cpp.so
[1.180s] -- Up-to-date: /home/supro/supro_ws/install/dwb_msgs/share/dwb_msgs/environment/pythonpath.sh
[1.180s] -- Up-to-date: /home/supro/supro_ws/install/dwb_msgs/share/dwb_msgs/environment/pythonpath.dsv
[1.180s] -- Up-to-date: /home/supro/supro_ws/install/dwb_msgs/lib/python3.8/site-packages/dwb_msgs/__init__.py
[1.229s] -- Up-to-date: /home/supro/supro_ws/install/dwb_msgs/lib/python3.8/site-packages/dwb_msgs/msg
[1.230s] -- Up-to-date: /home/supro/supro_ws/install/dwb_msgs/lib/python3.8/site-packages/dwb_msgs/msg/_trajectory_score.py
[1.230s] -- Up-to-date: /home/supro/supro_ws/install/dwb_msgs/lib/python3.8/site-packages/dwb_msgs/msg/_critic_score_s.c
[1.230s] -- Up-to-date: /home/supro/supro_ws/install/dwb_msgs/lib/python3.8/site-packages/dwb_msgs/msg/__init__.py
[1.230s] -- Up-to-date: /home/supro/supro_ws/install/dwb_msgs/lib/python3.8/site-packages/dwb_msgs/msg/_local_plan_evaluation.py
[1.230s] -- Up-to-date: /home/supro/supro_ws/install/dwb_msgs/lib/python3.8/site-packages/dwb_msgs/msg/_trajectory2_d_s.c
[1.231s] -- Up-to-date: /home/supro/supro_ws/install/dwb_msgs/lib/python3.8/site-packages/dwb_msgs/msg/_trajectory_score_s.c
[1.231s] -- Up-to-date: /home/supro/supro_ws/install/dwb_msgs/lib/python3.8/site-packages/dwb_msgs/msg/_local_plan_evaluation_s.c
[1.231s] -- Up-to-date: /home/supro/supro_ws/install/dwb_msgs/lib/python3.8/site-packages/dwb_msgs/msg/_critic_score.py
[1.231s] -- Up-to-date: /home/supro/supro_ws/install/dwb_msgs/lib/python3.8/site-packages/dwb_msgs/msg/_trajectory2_d.py
[1.231s] -- Up-to-date: /home/supro/supro_ws/install/dwb_msgs/lib/python3.8/site-packages/dwb_msgs/srv
[1.231s] -- Up-to-date: /home/supro/supro_ws/install/dwb_msgs/lib/python3.8/site-packages/dwb_msgs/srv/_debug_local_plan.py
[1.231s] -- Up-to-date: /home/supro/supro_ws/install/dwb_msgs/lib/python3.8/site-packages/dwb_msgs/srv/_debug_local_plan_s.c
[1.231s] -- Up-to-date: /home/supro/supro_ws/install/dwb_msgs/lib/python3.8/site-packages/dwb_msgs/srv/__init__.py
[1.232s] -- Up-to-date: /home/supro/supro_ws/install/dwb_msgs/lib/python3.8/site-packages/dwb_msgs/srv/_generate_trajectory_s.c
[1.232s] -- Up-to-date: /home/supro/supro_ws/install/dwb_msgs/lib/python3.8/site-packages/dwb_msgs/srv/_generate_twists_s.c
[1.232s] -- Up-to-date: /home/supro/supro_ws/install/dwb_msgs/lib/python3.8/site-packages/dwb_msgs/srv/_generate_trajectory.py
[1.232s] -- Up-to-date: /home/supro/supro_ws/install/dwb_msgs/lib/python3.8/site-packages/dwb_msgs/srv/_get_critic_score_s.c
[1.232s] -- Up-to-date: /home/supro/supro_ws/install/dwb_msgs/lib/python3.8/site-packages/dwb_msgs/srv/_score_trajectory_s.c
[1.232s] -- Up-to-date: /home/supro/supro_ws/install/dwb_msgs/lib/python3.8/site-packages/dwb_msgs/srv/_score_trajectory.py
[1.232s] -- Up-to-date: /home/supro/supro_ws/install/dwb_msgs/lib/python3.8/site-packages/dwb_msgs/srv/_get_critic_score.py
[1.232s] -- Up-to-date: /home/supro/supro_ws/install/dwb_msgs/lib/python3.8/site-packages/dwb_msgs/srv/_generate_twists.py
[1.232s] -- Up-to-date: /home/supro/supro_ws/install/dwb_msgs/lib/python3.8/site-packages/dwb_msgs/dwb_msgs_s__rosidl_typesupport_fastrtps_c.cpython-38-x86_64-linux-gnu.so
[1.233s] -- Up-to-date: /home/supro/supro_ws/install/dwb_msgs/lib/python3.8/site-packages/dwb_msgs/dwb_msgs_s__rosidl_typesupport_introspection_c.cpython-38-x86_64-linux-gnu.so
[1.233s] -- Up-to-date: /home/supro/supro_ws/install/dwb_msgs/lib/python3.8/site-packages/dwb_msgs/dwb_msgs_s__rosidl_typesupport_c.cpython-38-x86_64-linux-gnu.so
[1.234s] -- Up-to-date: /home/supro/supro_ws/install/dwb_msgs/lib/libdwb_msgs__python.so
[1.234s] -- Up-to-date: /home/supro/supro_ws/install/dwb_msgs/share/dwb_msgs/msg/CriticScore.idl
[1.234s] -- Up-to-date: /home/supro/supro_ws/install/dwb_msgs/share/dwb_msgs/msg/LocalPlanEvaluation.idl
[1.235s] -- Up-to-date: /home/supro/supro_ws/install/dwb_msgs/share/dwb_msgs/msg/Trajectory2D.idl
[1.235s] -- Up-to-date: /home/supro/supro_ws/install/dwb_msgs/share/dwb_msgs/msg/TrajectoryScore.idl
[1.235s] -- Up-to-date: /home/supro/supro_ws/install/dwb_msgs/share/dwb_msgs/srv/DebugLocalPlan.idl
[1.235s] -- Up-to-date: /home/supro/supro_ws/install/dwb_msgs/share/dwb_msgs/srv/GenerateTrajectory.idl
[1.235s] -- Up-to-date: /home/supro/supro_ws/install/dwb_msgs/share/dwb_msgs/srv/GenerateTwists.idl
[1.236s] -- Up-to-date: /home/supro/supro_ws/install/dwb_msgs/share/dwb_msgs/srv/GetCriticScore.idl
[1.236s] -- Up-to-date: /home/supro/supro_ws/install/dwb_msgs/share/dwb_msgs/srv/ScoreTrajectory.idl
[1.236s] -- Up-to-date: /home/supro/supro_ws/install/dwb_msgs/share/dwb_msgs/msg/CriticScore.msg
[1.236s] -- Up-to-date: /home/supro/supro_ws/install/dwb_msgs/share/dwb_msgs/msg/LocalPlanEvaluation.msg
[1.237s] -- Up-to-date: /home/supro/supro_ws/install/dwb_msgs/share/dwb_msgs/msg/Trajectory2D.msg
[1.237s] -- Up-to-date: /home/supro/supro_ws/install/dwb_msgs/share/dwb_msgs/msg/TrajectoryScore.msg
[1.237s] -- Up-to-date: /home/supro/supro_ws/install/dwb_msgs/share/dwb_msgs/srv/DebugLocalPlan.srv
[1.237s] -- Up-to-date: /home/supro/supro_ws/install/dwb_msgs/share/dwb_msgs/srv/DebugLocalPlan_Request.msg
[1.237s] -- Up-to-date: /home/supro/supro_ws/install/dwb_msgs/share/dwb_msgs/srv/DebugLocalPlan_Response.msg
[1.238s] -- Up-to-date: /home/supro/supro_ws/install/dwb_msgs/share/dwb_msgs/srv/GenerateTrajectory.srv
[1.238s] -- Up-to-date: /home/supro/supro_ws/install/dwb_msgs/share/dwb_msgs/srv/GenerateTrajectory_Request.msg
[1.238s] -- Up-to-date: /home/supro/supro_ws/install/dwb_msgs/share/dwb_msgs/srv/GenerateTrajectory_Response.msg
[1.238s] -- Up-to-date: /home/supro/supro_ws/install/dwb_msgs/share/dwb_msgs/srv/GenerateTwists.srv
[1.238s] -- Up-to-date: /home/supro/supro_ws/install/dwb_msgs/share/dwb_msgs/srv/GenerateTwists_Request.msg
[1.238s] -- Up-to-date: /home/supro/supro_ws/install/dwb_msgs/share/dwb_msgs/srv/GenerateTwists_Response.msg
[1.238s] -- Up-to-date: /home/supro/supro_ws/install/dwb_msgs/share/dwb_msgs/srv/GetCriticScore.srv
[1.238s] -- Up-to-date: /home/supro/supro_ws/install/dwb_msgs/share/dwb_msgs/srv/GetCriticScore_Request.msg
[1.238s] -- Up-to-date: /home/supro/supro_ws/install/dwb_msgs/share/dwb_msgs/srv/GetCriticScore_Response.msg
[1.239s] -- Up-to-date: /home/supro/supro_ws/install/dwb_msgs/share/dwb_msgs/srv/ScoreTrajectory.srv
[1.239s] -- Up-to-date: /home/supro/supro_ws/install/dwb_msgs/share/dwb_msgs/srv/ScoreTrajectory_Request.msg
[1.239s] -- Up-to-date: /home/supro/supro_ws/install/dwb_msgs/share/dwb_msgs/srv/ScoreTrajectory_Response.msg
[1.239s] -- Up-to-date: /home/supro/supro_ws/install/dwb_msgs/share/ament_index/resource_index/package_run_dependencies/dwb_msgs
[1.239s] -- Up-to-date: /home/supro/supro_ws/install/dwb_msgs/share/ament_index/resource_index/parent_prefix_path/dwb_msgs
[1.239s] -- Up-to-date: /home/supro/supro_ws/install/dwb_msgs/share/dwb_msgs/environment/ament_prefix_path.sh
[1.240s] -- Up-to-date: /home/supro/supro_ws/install/dwb_msgs/share/dwb_msgs/environment/ament_prefix_path.dsv
[1.240s] -- Up-to-date: /home/supro/supro_ws/install/dwb_msgs/share/dwb_msgs/environment/path.sh
[1.240s] -- Up-to-date: /home/supro/supro_ws/install/dwb_msgs/share/dwb_msgs/environment/path.dsv
[1.240s] -- Up-to-date: /home/supro/supro_ws/install/dwb_msgs/share/dwb_msgs/local_setup.bash
[1.240s] -- Up-to-date: /home/supro/supro_ws/install/dwb_msgs/share/dwb_msgs/local_setup.sh
[1.241s] -- Up-to-date: /home/supro/supro_ws/install/dwb_msgs/share/dwb_msgs/local_setup.zsh
[1.241s] -- Up-to-date: /home/supro/supro_ws/install/dwb_msgs/share/dwb_msgs/local_setup.dsv
[1.241s] -- Installing: /home/supro/supro_ws/install/dwb_msgs/share/dwb_msgs/package.dsv
[1.241s] -- Up-to-date: /home/supro/supro_ws/install/dwb_msgs/share/ament_index/resource_index/packages/dwb_msgs
[1.241s] -- Up-to-date: /home/supro/supro_ws/install/dwb_msgs/share/dwb_msgs/cmake/dwb_msgs__rosidl_generator_cExport.cmake
[1.241s] -- Up-to-date: /home/supro/supro_ws/install/dwb_msgs/share/dwb_msgs/cmake/dwb_msgs__rosidl_generator_cExport-noconfig.cmake
[1.242s] -- Up-to-date: /home/supro/supro_ws/install/dwb_msgs/share/dwb_msgs/cmake/dwb_msgs__rosidl_typesupport_introspection_cExport.cmake
[1.242s] -- Up-to-date: /home/supro/supro_ws/install/dwb_msgs/share/dwb_msgs/cmake/dwb_msgs__rosidl_typesupport_introspection_cExport-noconfig.cmake
[1.242s] -- Up-to-date: /home/supro/supro_ws/install/dwb_msgs/share/dwb_msgs/cmake/dwb_msgs__rosidl_typesupport_cExport.cmake
[1.242s] -- Up-to-date: /home/supro/supro_ws/install/dwb_msgs/share/dwb_msgs/cmake/dwb_msgs__rosidl_typesupport_cExport-noconfig.cmake
[1.242s] -- Up-to-date: /home/supro/supro_ws/install/dwb_msgs/share/dwb_msgs/cmake/dwb_msgs__rosidl_generator_cppExport.cmake
[1.242s] -- Up-to-date: /home/supro/supro_ws/install/dwb_msgs/share/dwb_msgs/cmake/dwb_msgs__rosidl_typesupport_introspection_cppExport.cmake
[1.243s] -- Up-to-date: /home/supro/supro_ws/install/dwb_msgs/share/dwb_msgs/cmake/dwb_msgs__rosidl_typesupport_introspection_cppExport-noconfig.cmake
[1.243s] -- Up-to-date: /home/supro/supro_ws/install/dwb_msgs/share/dwb_msgs/cmake/dwb_msgs__rosidl_typesupport_cppExport.cmake
[1.246s] -- Up-to-date: /home/supro/supro_ws/install/dwb_msgs/share/dwb_msgs/cmake/dwb_msgs__rosidl_typesupport_cppExport-noconfig.cmake
[1.246s] -- Up-to-date: /home/supro/supro_ws/install/dwb_msgs/share/dwb_msgs/cmake/rosidl_cmake-extras.cmake
[1.246s] -- Up-to-date: /home/supro/supro_ws/install/dwb_msgs/share/dwb_msgs/cmake/ament_cmake_export_dependencies-extras.cmake
[1.246s] -- Up-to-date: /home/supro/supro_ws/install/dwb_msgs/share/dwb_msgs/cmake/ament_cmake_export_libraries-extras.cmake
[1.246s] -- Up-to-date: /home/supro/supro_ws/install/dwb_msgs/share/dwb_msgs/cmake/ament_cmake_export_targets-extras.cmake
[1.247s] -- Up-to-date: /home/supro/supro_ws/install/dwb_msgs/share/dwb_msgs/cmake/ament_cmake_export_include_directories-extras.cmake
[1.247s] -- Up-to-date: /home/supro/supro_ws/install/dwb_msgs/share/dwb_msgs/cmake/rosidl_cmake_export_typesupport_libraries-extras.cmake
[1.247s] -- Up-to-date: /home/supro/supro_ws/install/dwb_msgs/share/dwb_msgs/cmake/rosidl_cmake_export_typesupport_targets-extras.cmake
[1.247s] -- Up-to-date: /home/supro/supro_ws/install/dwb_msgs/share/dwb_msgs/cmake/dwb_msgsConfig.cmake
[1.248s] -- Up-to-date: /home/supro/supro_ws/install/dwb_msgs/share/dwb_msgs/cmake/dwb_msgsConfig-version.cmake
[1.248s] -- Up-to-date: /home/supro/supro_ws/install/dwb_msgs/share/dwb_msgs/package.xml
[1.248s] Invoked command in '/home/supro/supro_ws/build/dwb_msgs' returned '0': CMAKE_PREFIX_PATH=/home/supro/supro_ws/install/nav_2d_msgs:/home/supro/supro_ws/install/nav2_system_tests:/home/supro/supro_ws/install/nav2_bringup:/home/supro/supro_ws/install/navigation2:/home/supro/supro_ws/install/smac_planner:/home/supro/supro_ws/install/slam_toolbox:/home/supro/supro_ws/install/sensor_pkg:/home/supro/supro_ws/install/realsense2_description:/home/supro/supro_ws/install/realsense2_camera:/home/supro/supro_ws/install/realsense2_camera_msgs:/home/supro/supro_ws/install/nav2_dwb_controller:/home/supro/supro_ws/install/nav2_controller:/home/supro/supro_ws/install/dwb_plugins:/home/supro/supro_ws/install/dwb_critics:/home/supro/supro_ws/install/dwb_core:/home/supro/supro_ws/install/nav_2d_utils:/home/supro/supro_ws/install/dwb_msgs:/home/supro/supro_ws/install/nav2_waypoint_follower:/home/supro/supro_ws/install/nav2_regulated_pure_pursuit_controller:/home/supro/supro_ws/install/nav2_recoveries:/home/supro/supro_ws/install/nav2_planner:/home/supro/supro_ws/install/nav2_navfn_planner:/home/supro/supro_ws/install/nav2_core:/home/supro/supro_ws/install/costmap_queue:/home/supro/supro_ws/install/nav2_costmap_2d:/home/supro/supro_ws/install/nav2_voxel_grid:/home/supro/supro_ws/install/nav2_rviz_plugins:/home/supro/supro_ws/install/nav2_map_server:/home/supro/supro_ws/install/nav2_lifecycle_manager:/home/supro/supro_ws/install/nav2_bt_navigator:/home/supro/supro_ws/install/nav2_behavior_tree:/home/supro/supro_ws/install/nav2_amcl:/home/supro/supro_ws/install/nav2_util:/home/supro/supro_ws/install/nav2_msgs:/home/supro/supro_ws/install/nav2_common:/home/supro/supro_ws/install/motor_pkg:/home/supro/supro_ws/install/custom_turtlesim:/home/supro/supro_ws/install/bluesea2:/home/supro/supro_ws/install/apriltag_docking:/home/supro/supro_ws/install/apriltag_msgs:/home/supro/supro_ws/install/android_comm:/opt/ros/foxy:/home/supro/supro_ws/install/turtlebot3_teleop:/home/supro/supro_ws/install/nav2_gazebo_spawner:/home/supro/supro_ws/install/mapping_publisher LD_LIBRARY_PATH=/home/supro/supro_ws/install/nav_2d_msgs/lib:/opt/ros/foxy/opt/yaml_cpp_vendor/lib:/opt/ros/foxy/opt/rviz_ogre_vendor/lib:/opt/ros/foxy/lib/x86_64-linux-gnu:/opt/ros/foxy/lib:/home/supro/supro_ws/install/smac_planner/lib:/home/supro/supro_ws/install/slam_toolbox/lib:/home/supro/supro_ws/install/realsense2_camera/lib:/home/supro/supro_ws/install/realsense2_camera_msgs/lib:/home/supro/supro_ws/install/nav2_controller/lib:/home/supro/supro_ws/install/dwb_plugins/lib:/home/supro/supro_ws/install/dwb_critics/lib:/home/supro/supro_ws/install/dwb_core/lib:/home/supro/supro_ws/install/nav_2d_utils/lib:/home/supro/supro_ws/install/dwb_msgs/lib:/home/supro/supro_ws/install/nav2_waypoint_follower/lib:/home/supro/supro_ws/install/nav2_regulated_pure_pursuit_controller/lib:/home/supro/supro_ws/install/nav2_recoveries/lib:/home/supro/supro_ws/install/nav2_planner/lib:/home/supro/supro_ws/install/nav2_navfn_planner/lib:/home/supro/supro_ws/install/costmap_queue/lib:/home/supro/supro_ws/install/nav2_costmap_2d/lib:/home/supro/supro_ws/install/nav2_voxel_grid/lib:/home/supro/supro_ws/install/nav2_rviz_plugins/lib:/home/supro/supro_ws/install/nav2_map_server/lib:/home/supro/supro_ws/install/nav2_lifecycle_manager/lib:/home/supro/supro_ws/install/nav2_bt_navigator/lib:/home/supro/supro_ws/install/nav2_behavior_tree/lib:/home/supro/supro_ws/install/nav2_amcl/lib:/home/supro/supro_ws/install/nav2_util/lib:/home/supro/supro_ws/install/nav2_msgs/lib:/home/supro/supro_ws/install/apriltag_msgs/lib:/usr/lib/x86_64-linux-gnu/gazebo-11/plugins PYTHONPATH=/home/supro/supro_ws/install/nav_2d_msgs/lib/python3.8/site-packages:/opt/ros/foxy/lib/python3.8/site-packages:/home/supro/supro_ws/install/turtlebot3_teleop/lib/python3.8/site-packages:/home/supro/supro_ws/install/slam_toolbox/lib/python3.8/site-packages:/home/supro/supro_ws/install/realsense2_camera_msgs/lib/python3.8/site-packages:/home/supro/supro_ws/install/dwb_msgs/lib/python3.8/site-packages:/home/supro/supro_ws/install/nav2_msgs/lib/python3.8/site-packages:/home/supro/supro_ws/install/nav2_gazebo_spawner/lib/python3.8/site-packages:/home/supro/supro_ws/install/nav2_common/lib/python3.8/site-packages:/home/supro/supro_ws/install/mapping_publisher/lib/python3.8/site-packages:/home/supro/supro_ws/install/apriltag_msgs/lib/python3.8/site-packages /usr/bin/cmake --install /home/supro/supro_ws/build/dwb_msgs
