[0.078s] Invoking command in '/home/supro/supro_ws/build/slam_toolbox': CMAKE_PREFIX_PATH=/home/supro/supro_ws/install/nav2_map_server:/home/supro/supro_ws/install/nav2_util:/home/supro/supro_ws/install/nav2_msgs:/home/supro/supro_ws/install/nav2_common:/home/supro/supro_ws/install/nav2_system_tests:/home/supro/supro_ws/install/nav2_bringup:/home/supro/supro_ws/install/navigation2:/home/supro/supro_ws/install/smac_planner:/home/supro/supro_ws/install/slam_toolbox:/home/supro/supro_ws/install/sensor_pkg:/home/supro/supro_ws/install/realsense2_description:/home/supro/supro_ws/install/realsense2_camera:/home/supro/supro_ws/install/realsense2_camera_msgs:/home/supro/supro_ws/install/nav2_dwb_controller:/home/supro/supro_ws/install/nav2_controller:/home/supro/supro_ws/install/dwb_plugins:/home/supro/supro_ws/install/dwb_critics:/home/supro/supro_ws/install/dwb_core:/home/supro/supro_ws/install/nav_2d_utils:/home/supro/supro_ws/install/dwb_msgs:/home/supro/supro_ws/install/nav_2d_msgs:/home/supro/supro_ws/install/nav2_waypoint_follower:/home/supro/supro_ws/install/nav2_regulated_pure_pursuit_controller:/home/supro/supro_ws/install/nav2_recoveries:/home/supro/supro_ws/install/nav2_planner:/home/supro/supro_ws/install/nav2_navfn_planner:/home/supro/supro_ws/install/nav2_core:/home/supro/supro_ws/install/costmap_queue:/home/supro/supro_ws/install/nav2_costmap_2d:/home/supro/supro_ws/install/nav2_voxel_grid:/home/supro/supro_ws/install/nav2_rviz_plugins:/home/supro/supro_ws/install/nav2_lifecycle_manager:/home/supro/supro_ws/install/nav2_bt_navigator:/home/supro/supro_ws/install/nav2_behavior_tree:/home/supro/supro_ws/install/nav2_amcl:/home/supro/supro_ws/install/motor_pkg:/home/supro/supro_ws/install/custom_turtlesim:/home/supro/supro_ws/install/bluesea2:/home/supro/supro_ws/install/apriltag_docking:/home/supro/supro_ws/install/apriltag_msgs:/home/supro/supro_ws/install/android_comm:/opt/ros/foxy:/home/supro/supro_ws/install/turtlebot3_teleop:/home/supro/supro_ws/install/nav2_gazebo_spawner:/home/supro/supro_ws/install/mapping_publisher LD_LIBRARY_PATH=/home/supro/supro_ws/install/nav2_map_server/lib:/home/supro/supro_ws/install/nav2_util/lib:/home/supro/supro_ws/install/nav2_msgs/lib:/opt/ros/foxy/opt/yaml_cpp_vendor/lib:/opt/ros/foxy/opt/rviz_ogre_vendor/lib:/opt/ros/foxy/lib/x86_64-linux-gnu:/opt/ros/foxy/lib:/home/supro/supro_ws/install/smac_planner/lib:/home/supro/supro_ws/install/slam_toolbox/lib:/home/supro/supro_ws/install/realsense2_camera/lib:/home/supro/supro_ws/install/realsense2_camera_msgs/lib:/home/supro/supro_ws/install/nav2_controller/lib:/home/supro/supro_ws/install/dwb_plugins/lib:/home/supro/supro_ws/install/dwb_critics/lib:/home/supro/supro_ws/install/dwb_core/lib:/home/supro/supro_ws/install/nav_2d_utils/lib:/home/supro/supro_ws/install/dwb_msgs/lib:/home/supro/supro_ws/install/nav_2d_msgs/lib:/home/supro/supro_ws/install/nav2_waypoint_follower/lib:/home/supro/supro_ws/install/nav2_regulated_pure_pursuit_controller/lib:/home/supro/supro_ws/install/nav2_recoveries/lib:/home/supro/supro_ws/install/nav2_planner/lib:/home/supro/supro_ws/install/nav2_navfn_planner/lib:/home/supro/supro_ws/install/costmap_queue/lib:/home/supro/supro_ws/install/nav2_costmap_2d/lib:/home/supro/supro_ws/install/nav2_voxel_grid/lib:/home/supro/supro_ws/install/nav2_rviz_plugins/lib:/home/supro/supro_ws/install/nav2_lifecycle_manager/lib:/home/supro/supro_ws/install/nav2_bt_navigator/lib:/home/supro/supro_ws/install/nav2_behavior_tree/lib:/home/supro/supro_ws/install/nav2_amcl/lib:/home/supro/supro_ws/install/apriltag_msgs/lib:/usr/lib/x86_64-linux-gnu/gazebo-11/plugins PYTHONPATH=/home/supro/supro_ws/install/nav2_msgs/lib/python3.8/site-packages:/home/supro/supro_ws/install/nav2_common/lib/python3.8/site-packages:/opt/ros/foxy/lib/python3.8/site-packages:/home/supro/supro_ws/install/turtlebot3_teleop/lib/python3.8/site-packages:/home/supro/supro_ws/install/slam_toolbox/lib/python3.8/site-packages:/home/supro/supro_ws/install/realsense2_camera_msgs/lib/python3.8/site-packages:/home/supro/supro_ws/install/dwb_msgs/lib/python3.8/site-packages:/home/supro/supro_ws/install/nav_2d_msgs/lib/python3.8/site-packages:/home/supro/supro_ws/install/nav2_gazebo_spawner/lib/python3.8/site-packages:/home/supro/supro_ws/install/mapping_publisher/lib/python3.8/site-packages:/home/supro/supro_ws/install/apriltag_msgs/lib/python3.8/site-packages /usr/bin/cmake --build /home/supro/supro_ws/build/slam_toolbox -- -j8 -l8
[0.281s] [  1%] Built target slam_toolbox__cpp
[0.298s] [ 10%] Built target slam_toolbox__rosidl_generator_c
[0.307s] [ 12%] Built target kartoSlamToolbox
[0.375s] [ 21%] Built target slam_toolbox__rosidl_typesupport_cpp
[0.381s] [ 30%] Built target slam_toolbox__rosidl_typesupport_introspection_cpp
[0.396s] [ 39%] Built target slam_toolbox__rosidl_typesupport_introspection_c
[0.413s] [ 48%] Built target slam_toolbox__rosidl_typesupport_fastrtps_cpp
[0.428s] [ 57%] Built target slam_toolbox__rosidl_typesupport_c
[0.539s] [ 66%] Built target slam_toolbox__rosidl_typesupport_fastrtps_c
[0.610s] [ 66%] Built target slam_toolbox
[0.757s] [ 67%] Built target slam_toolbox__py
[0.829s] [ 69%] Built target ceres_solver_plugin
[0.847s] [ 71%] Built target SlamToolboxPlugin
[0.876s] [ 76%] Built target toolbox_common
[0.887s] [ 84%] Built target slam_toolbox__python
[1.021s] [ 85%] Built target slam_toolbox__rosidl_typesupport_fastrtps_c__pyext
[1.042s] [ 86%] Built target slam_toolbox__rosidl_typesupport_introspection_c__pyext
[1.060s] [ 88%] Built target sync_slam_toolbox
[1.060s] [ 90%] Built target async_slam_toolbox
[1.062s] [ 91%] Built target merge_maps_kinematic
[1.064s] [ 92%] Built target slam_toolbox__rosidl_typesupport_c__pyext
[1.064s] [ 94%] Built target lifelong_slam_toolbox
[1.079s] [ 95%] Built target localization_slam_toolbox
[1.197s] [ 96%] Built target sync_slam_toolbox_node
[1.201s] [ 97%] Built target async_slam_toolbox_node
[1.203s] [ 98%] Built target lifelong_slam_toolbox_node
[1.208s] [100%] Built target localization_slam_toolbox_node
[1.261s] Invoked command in '/home/supro/supro_ws/build/slam_toolbox' returned '0': CMAKE_PREFIX_PATH=/home/supro/supro_ws/install/nav2_map_server:/home/supro/supro_ws/install/nav2_util:/home/supro/supro_ws/install/nav2_msgs:/home/supro/supro_ws/install/nav2_common:/home/supro/supro_ws/install/nav2_system_tests:/home/supro/supro_ws/install/nav2_bringup:/home/supro/supro_ws/install/navigation2:/home/supro/supro_ws/install/smac_planner:/home/supro/supro_ws/install/slam_toolbox:/home/supro/supro_ws/install/sensor_pkg:/home/supro/supro_ws/install/realsense2_description:/home/supro/supro_ws/install/realsense2_camera:/home/supro/supro_ws/install/realsense2_camera_msgs:/home/supro/supro_ws/install/nav2_dwb_controller:/home/supro/supro_ws/install/nav2_controller:/home/supro/supro_ws/install/dwb_plugins:/home/supro/supro_ws/install/dwb_critics:/home/supro/supro_ws/install/dwb_core:/home/supro/supro_ws/install/nav_2d_utils:/home/supro/supro_ws/install/dwb_msgs:/home/supro/supro_ws/install/nav_2d_msgs:/home/supro/supro_ws/install/nav2_waypoint_follower:/home/supro/supro_ws/install/nav2_regulated_pure_pursuit_controller:/home/supro/supro_ws/install/nav2_recoveries:/home/supro/supro_ws/install/nav2_planner:/home/supro/supro_ws/install/nav2_navfn_planner:/home/supro/supro_ws/install/nav2_core:/home/supro/supro_ws/install/costmap_queue:/home/supro/supro_ws/install/nav2_costmap_2d:/home/supro/supro_ws/install/nav2_voxel_grid:/home/supro/supro_ws/install/nav2_rviz_plugins:/home/supro/supro_ws/install/nav2_lifecycle_manager:/home/supro/supro_ws/install/nav2_bt_navigator:/home/supro/supro_ws/install/nav2_behavior_tree:/home/supro/supro_ws/install/nav2_amcl:/home/supro/supro_ws/install/motor_pkg:/home/supro/supro_ws/install/custom_turtlesim:/home/supro/supro_ws/install/bluesea2:/home/supro/supro_ws/install/apriltag_docking:/home/supro/supro_ws/install/apriltag_msgs:/home/supro/supro_ws/install/android_comm:/opt/ros/foxy:/home/supro/supro_ws/install/turtlebot3_teleop:/home/supro/supro_ws/install/nav2_gazebo_spawner:/home/supro/supro_ws/install/mapping_publisher LD_LIBRARY_PATH=/home/supro/supro_ws/install/nav2_map_server/lib:/home/supro/supro_ws/install/nav2_util/lib:/home/supro/supro_ws/install/nav2_msgs/lib:/opt/ros/foxy/opt/yaml_cpp_vendor/lib:/opt/ros/foxy/opt/rviz_ogre_vendor/lib:/opt/ros/foxy/lib/x86_64-linux-gnu:/opt/ros/foxy/lib:/home/supro/supro_ws/install/smac_planner/lib:/home/supro/supro_ws/install/slam_toolbox/lib:/home/supro/supro_ws/install/realsense2_camera/lib:/home/supro/supro_ws/install/realsense2_camera_msgs/lib:/home/supro/supro_ws/install/nav2_controller/lib:/home/supro/supro_ws/install/dwb_plugins/lib:/home/supro/supro_ws/install/dwb_critics/lib:/home/supro/supro_ws/install/dwb_core/lib:/home/supro/supro_ws/install/nav_2d_utils/lib:/home/supro/supro_ws/install/dwb_msgs/lib:/home/supro/supro_ws/install/nav_2d_msgs/lib:/home/supro/supro_ws/install/nav2_waypoint_follower/lib:/home/supro/supro_ws/install/nav2_regulated_pure_pursuit_controller/lib:/home/supro/supro_ws/install/nav2_recoveries/lib:/home/supro/supro_ws/install/nav2_planner/lib:/home/supro/supro_ws/install/nav2_navfn_planner/lib:/home/supro/supro_ws/install/costmap_queue/lib:/home/supro/supro_ws/install/nav2_costmap_2d/lib:/home/supro/supro_ws/install/nav2_voxel_grid/lib:/home/supro/supro_ws/install/nav2_rviz_plugins/lib:/home/supro/supro_ws/install/nav2_lifecycle_manager/lib:/home/supro/supro_ws/install/nav2_bt_navigator/lib:/home/supro/supro_ws/install/nav2_behavior_tree/lib:/home/supro/supro_ws/install/nav2_amcl/lib:/home/supro/supro_ws/install/apriltag_msgs/lib:/usr/lib/x86_64-linux-gnu/gazebo-11/plugins PYTHONPATH=/home/supro/supro_ws/install/nav2_msgs/lib/python3.8/site-packages:/home/supro/supro_ws/install/nav2_common/lib/python3.8/site-packages:/opt/ros/foxy/lib/python3.8/site-packages:/home/supro/supro_ws/install/turtlebot3_teleop/lib/python3.8/site-packages:/home/supro/supro_ws/install/slam_toolbox/lib/python3.8/site-packages:/home/supro/supro_ws/install/realsense2_camera_msgs/lib/python3.8/site-packages:/home/supro/supro_ws/install/dwb_msgs/lib/python3.8/site-packages:/home/supro/supro_ws/install/nav_2d_msgs/lib/python3.8/site-packages:/home/supro/supro_ws/install/nav2_gazebo_spawner/lib/python3.8/site-packages:/home/supro/supro_ws/install/mapping_publisher/lib/python3.8/site-packages:/home/supro/supro_ws/install/apriltag_msgs/lib/python3.8/site-packages /usr/bin/cmake --build /home/supro/supro_ws/build/slam_toolbox -- -j8 -l8
[2.161s] Invoking command in '/home/supro/supro_ws/build/slam_toolbox': CMAKE_PREFIX_PATH=/home/supro/supro_ws/install/nav2_map_server:/home/supro/supro_ws/install/nav2_util:/home/supro/supro_ws/install/nav2_msgs:/home/supro/supro_ws/install/nav2_common:/home/supro/supro_ws/install/nav2_system_tests:/home/supro/supro_ws/install/nav2_bringup:/home/supro/supro_ws/install/navigation2:/home/supro/supro_ws/install/smac_planner:/home/supro/supro_ws/install/slam_toolbox:/home/supro/supro_ws/install/sensor_pkg:/home/supro/supro_ws/install/realsense2_description:/home/supro/supro_ws/install/realsense2_camera:/home/supro/supro_ws/install/realsense2_camera_msgs:/home/supro/supro_ws/install/nav2_dwb_controller:/home/supro/supro_ws/install/nav2_controller:/home/supro/supro_ws/install/dwb_plugins:/home/supro/supro_ws/install/dwb_critics:/home/supro/supro_ws/install/dwb_core:/home/supro/supro_ws/install/nav_2d_utils:/home/supro/supro_ws/install/dwb_msgs:/home/supro/supro_ws/install/nav_2d_msgs:/home/supro/supro_ws/install/nav2_waypoint_follower:/home/supro/supro_ws/install/nav2_regulated_pure_pursuit_controller:/home/supro/supro_ws/install/nav2_recoveries:/home/supro/supro_ws/install/nav2_planner:/home/supro/supro_ws/install/nav2_navfn_planner:/home/supro/supro_ws/install/nav2_core:/home/supro/supro_ws/install/costmap_queue:/home/supro/supro_ws/install/nav2_costmap_2d:/home/supro/supro_ws/install/nav2_voxel_grid:/home/supro/supro_ws/install/nav2_rviz_plugins:/home/supro/supro_ws/install/nav2_lifecycle_manager:/home/supro/supro_ws/install/nav2_bt_navigator:/home/supro/supro_ws/install/nav2_behavior_tree:/home/supro/supro_ws/install/nav2_amcl:/home/supro/supro_ws/install/motor_pkg:/home/supro/supro_ws/install/custom_turtlesim:/home/supro/supro_ws/install/bluesea2:/home/supro/supro_ws/install/apriltag_docking:/home/supro/supro_ws/install/apriltag_msgs:/home/supro/supro_ws/install/android_comm:/opt/ros/foxy:/home/supro/supro_ws/install/turtlebot3_teleop:/home/supro/supro_ws/install/nav2_gazebo_spawner:/home/supro/supro_ws/install/mapping_publisher LD_LIBRARY_PATH=/home/supro/supro_ws/install/nav2_map_server/lib:/home/supro/supro_ws/install/nav2_util/lib:/home/supro/supro_ws/install/nav2_msgs/lib:/opt/ros/foxy/opt/yaml_cpp_vendor/lib:/opt/ros/foxy/opt/rviz_ogre_vendor/lib:/opt/ros/foxy/lib/x86_64-linux-gnu:/opt/ros/foxy/lib:/home/supro/supro_ws/install/smac_planner/lib:/home/supro/supro_ws/install/slam_toolbox/lib:/home/supro/supro_ws/install/realsense2_camera/lib:/home/supro/supro_ws/install/realsense2_camera_msgs/lib:/home/supro/supro_ws/install/nav2_controller/lib:/home/supro/supro_ws/install/dwb_plugins/lib:/home/supro/supro_ws/install/dwb_critics/lib:/home/supro/supro_ws/install/dwb_core/lib:/home/supro/supro_ws/install/nav_2d_utils/lib:/home/supro/supro_ws/install/dwb_msgs/lib:/home/supro/supro_ws/install/nav_2d_msgs/lib:/home/supro/supro_ws/install/nav2_waypoint_follower/lib:/home/supro/supro_ws/install/nav2_regulated_pure_pursuit_controller/lib:/home/supro/supro_ws/install/nav2_recoveries/lib:/home/supro/supro_ws/install/nav2_planner/lib:/home/supro/supro_ws/install/nav2_navfn_planner/lib:/home/supro/supro_ws/install/costmap_queue/lib:/home/supro/supro_ws/install/nav2_costmap_2d/lib:/home/supro/supro_ws/install/nav2_voxel_grid/lib:/home/supro/supro_ws/install/nav2_rviz_plugins/lib:/home/supro/supro_ws/install/nav2_lifecycle_manager/lib:/home/supro/supro_ws/install/nav2_bt_navigator/lib:/home/supro/supro_ws/install/nav2_behavior_tree/lib:/home/supro/supro_ws/install/nav2_amcl/lib:/home/supro/supro_ws/install/apriltag_msgs/lib:/usr/lib/x86_64-linux-gnu/gazebo-11/plugins PYTHONPATH=/home/supro/supro_ws/install/nav2_msgs/lib/python3.8/site-packages:/home/supro/supro_ws/install/nav2_common/lib/python3.8/site-packages:/opt/ros/foxy/lib/python3.8/site-packages:/home/supro/supro_ws/install/turtlebot3_teleop/lib/python3.8/site-packages:/home/supro/supro_ws/install/slam_toolbox/lib/python3.8/site-packages:/home/supro/supro_ws/install/realsense2_camera_msgs/lib/python3.8/site-packages:/home/supro/supro_ws/install/dwb_msgs/lib/python3.8/site-packages:/home/supro/supro_ws/install/nav_2d_msgs/lib/python3.8/site-packages:/home/supro/supro_ws/install/nav2_gazebo_spawner/lib/python3.8/site-packages:/home/supro/supro_ws/install/mapping_publisher/lib/python3.8/site-packages:/home/supro/supro_ws/install/apriltag_msgs/lib/python3.8/site-packages /usr/bin/cmake --install /home/supro/supro_ws/build/slam_toolbox
[2.276s] -- Install configuration: "Release"
[2.279s] -- Up-to-date: /home/supro/supro_ws/install/slam_toolbox/share/ament_index/resource_index/rosidl_interfaces/slam_toolbox
[2.280s] -- Up-to-date: /home/supro/supro_ws/install/slam_toolbox/include/slam_toolbox
[2.285s] -- Up-to-date: /home/supro/supro_ws/install/slam_toolbox/include/slam_toolbox/msg
[2.285s] -- Up-to-date: /home/supro/supro_ws/install/slam_toolbox/include/slam_toolbox/msg/rosidl_generator_c__visibility_control.h
[2.285s] -- Up-to-date: /home/supro/supro_ws/install/slam_toolbox/include/slam_toolbox/srv
[2.285s] -- Up-to-date: /home/supro/supro_ws/install/slam_toolbox/include/slam_toolbox/srv/toggle_interactive.h
[2.285s] -- Up-to-date: /home/supro/supro_ws/install/slam_toolbox/include/slam_toolbox/srv/clear.h
[2.286s] -- Up-to-date: /home/supro/supro_ws/install/slam_toolbox/include/slam_toolbox/srv/loop_closure.h
[2.286s] -- Up-to-date: /home/supro/supro_ws/install/slam_toolbox/include/slam_toolbox/srv/deserialize_pose_graph.h
[2.286s] -- Up-to-date: /home/supro/supro_ws/install/slam_toolbox/include/slam_toolbox/srv/pause.h
[2.286s] -- Up-to-date: /home/supro/supro_ws/install/slam_toolbox/include/slam_toolbox/srv/merge_maps.h
[2.287s] -- Up-to-date: /home/supro/supro_ws/install/slam_toolbox/include/slam_toolbox/srv/add_submap.h
[2.287s] -- Up-to-date: /home/supro/supro_ws/install/slam_toolbox/include/slam_toolbox/srv/save_map.h
[2.287s] -- Up-to-date: /home/supro/supro_ws/install/slam_toolbox/include/slam_toolbox/srv/serialize_pose_graph.h
[2.288s] -- Up-to-date: /home/supro/supro_ws/install/slam_toolbox/include/slam_toolbox/srv/clear_queue.h
[2.289s] -- Up-to-date: /home/supro/supro_ws/install/slam_toolbox/include/slam_toolbox/srv/detail
[2.289s] -- Up-to-date: /home/supro/supro_ws/install/slam_toolbox/include/slam_toolbox/srv/detail/add_submap__type_support.h
[2.289s] -- Up-to-date: /home/supro/supro_ws/install/slam_toolbox/include/slam_toolbox/srv/detail/clear_queue__functions.c
[2.289s] -- Up-to-date: /home/supro/supro_ws/install/slam_toolbox/include/slam_toolbox/srv/detail/add_submap__functions.h
[2.289s] -- Up-to-date: /home/supro/supro_ws/install/slam_toolbox/include/slam_toolbox/srv/detail/deserialize_pose_graph__functions.c
[2.290s] -- Up-to-date: /home/supro/supro_ws/install/slam_toolbox/include/slam_toolbox/srv/detail/loop_closure__struct.h
[2.290s] -- Up-to-date: /home/supro/supro_ws/install/slam_toolbox/include/slam_toolbox/srv/detail/clear__functions.c
[2.290s] -- Up-to-date: /home/supro/supro_ws/install/slam_toolbox/include/slam_toolbox/srv/detail/toggle_interactive__type_support.h
[2.290s] -- Up-to-date: /home/supro/supro_ws/install/slam_toolbox/include/slam_toolbox/srv/detail/save_map__type_support.h
[2.290s] -- Up-to-date: /home/supro/supro_ws/install/slam_toolbox/include/slam_toolbox/srv/detail/toggle_interactive__struct.h
[2.290s] -- Up-to-date: /home/supro/supro_ws/install/slam_toolbox/include/slam_toolbox/srv/detail/pause__type_support.h
[2.291s] -- Up-to-date: /home/supro/supro_ws/install/slam_toolbox/include/slam_toolbox/srv/detail/merge_maps__struct.h
[2.291s] -- Up-to-date: /home/supro/supro_ws/install/slam_toolbox/include/slam_toolbox/srv/detail/serialize_pose_graph__functions.c
[2.292s] -- Up-to-date: /home/supro/supro_ws/install/slam_toolbox/include/slam_toolbox/srv/detail/clear_queue__struct.h
[2.292s] -- Up-to-date: /home/supro/supro_ws/install/slam_toolbox/include/slam_toolbox/srv/detail/toggle_interactive__functions.c
[2.293s] -- Up-to-date: /home/supro/supro_ws/install/slam_toolbox/include/slam_toolbox/srv/detail/loop_closure__functions.c
[2.293s] -- Up-to-date: /home/supro/supro_ws/install/slam_toolbox/include/slam_toolbox/srv/detail/merge_maps__functions.h
[2.294s] -- Up-to-date: /home/supro/supro_ws/install/slam_toolbox/include/slam_toolbox/srv/detail/save_map__functions.h
[2.294s] -- Up-to-date: /home/supro/supro_ws/install/slam_toolbox/include/slam_toolbox/srv/detail/add_submap__functions.c
[2.294s] -- Up-to-date: /home/supro/supro_ws/install/slam_toolbox/include/slam_toolbox/srv/detail/loop_closure__type_support.h
[2.297s] -- Up-to-date: /home/supro/supro_ws/install/slam_toolbox/include/slam_toolbox/srv/detail/clear_queue__type_support.h
[2.298s] -- Up-to-date: /home/supro/supro_ws/install/slam_toolbox/include/slam_toolbox/srv/detail/serialize_pose_graph__functions.h
[2.298s] -- Up-to-date: /home/supro/supro_ws/install/slam_toolbox/include/slam_toolbox/srv/detail/save_map__functions.c
[2.298s] -- Up-to-date: /home/supro/supro_ws/install/slam_toolbox/include/slam_toolbox/srv/detail/serialize_pose_graph__type_support.h
[2.298s] -- Up-to-date: /home/supro/supro_ws/install/slam_toolbox/include/slam_toolbox/srv/detail/loop_closure__functions.h
[2.299s] -- Up-to-date: /home/supro/supro_ws/install/slam_toolbox/include/slam_toolbox/srv/detail/save_map__struct.h
[2.299s] -- Up-to-date: /home/supro/supro_ws/install/slam_toolbox/include/slam_toolbox/srv/detail/add_submap__struct.h
[2.299s] -- Up-to-date: /home/supro/supro_ws/install/slam_toolbox/include/slam_toolbox/srv/detail/toggle_interactive__functions.h
[2.299s] -- Up-to-date: /home/supro/supro_ws/install/slam_toolbox/include/slam_toolbox/srv/detail/merge_maps__type_support.h
[2.300s] -- Up-to-date: /home/supro/supro_ws/install/slam_toolbox/include/slam_toolbox/srv/detail/clear_queue__functions.h
[2.300s] -- Up-to-date: /home/supro/supro_ws/install/slam_toolbox/include/slam_toolbox/srv/detail/deserialize_pose_graph__functions.h
[2.300s] -- Up-to-date: /home/supro/supro_ws/install/slam_toolbox/include/slam_toolbox/srv/detail/clear__functions.h
[2.300s] -- Up-to-date: /home/supro/supro_ws/install/slam_toolbox/include/slam_toolbox/srv/detail/clear__struct.h
[2.301s] -- Up-to-date: /home/supro/supro_ws/install/slam_toolbox/include/slam_toolbox/srv/detail/pause__struct.h
[2.301s] -- Up-to-date: /home/supro/supro_ws/install/slam_toolbox/include/slam_toolbox/srv/detail/merge_maps__functions.c
[2.301s] -- Up-to-date: /home/supro/supro_ws/install/slam_toolbox/include/slam_toolbox/srv/detail/pause__functions.c
[2.301s] -- Up-to-date: /home/supro/supro_ws/install/slam_toolbox/include/slam_toolbox/srv/detail/pause__functions.h
[2.301s] -- Up-to-date: /home/supro/supro_ws/install/slam_toolbox/include/slam_toolbox/srv/detail/deserialize_pose_graph__type_support.h
[2.302s] -- Up-to-date: /home/supro/supro_ws/install/slam_toolbox/include/slam_toolbox/srv/detail/clear__type_support.h
[2.302s] -- Up-to-date: /home/supro/supro_ws/install/slam_toolbox/include/slam_toolbox/srv/detail/serialize_pose_graph__struct.h
[2.302s] -- Up-to-date: /home/supro/supro_ws/install/slam_toolbox/include/slam_toolbox/srv/detail/deserialize_pose_graph__struct.h
[2.302s] -- Up-to-date: /home/supro/supro_ws/install/slam_toolbox/share/slam_toolbox/environment/library_path.sh
[2.303s] -- Up-to-date: /home/supro/supro_ws/install/slam_toolbox/share/slam_toolbox/environment/library_path.dsv
[2.303s] -- Up-to-date: /home/supro/supro_ws/install/slam_toolbox/lib/libslam_toolbox__rosidl_generator_c.so
[2.305s] -- Up-to-date: /home/supro/supro_ws/install/slam_toolbox/include/slam_toolbox
[2.305s] -- Up-to-date: /home/supro/supro_ws/install/slam_toolbox/include/slam_toolbox/msg
[2.306s] -- Up-to-date: /home/supro/supro_ws/install/slam_toolbox/include/slam_toolbox/msg/rosidl_typesupport_fastrtps_c__visibility_control.h
[2.306s] -- Up-to-date: /home/supro/supro_ws/install/slam_toolbox/include/slam_toolbox/srv
[2.306s] -- Up-to-date: /home/supro/supro_ws/install/slam_toolbox/include/slam_toolbox/srv/detail
[2.306s] -- Up-to-date: /home/supro/supro_ws/install/slam_toolbox/include/slam_toolbox/srv/detail/clear__rosidl_typesupport_fastrtps_c.h
[2.307s] -- Up-to-date: /home/supro/supro_ws/install/slam_toolbox/include/slam_toolbox/srv/detail/add_submap__rosidl_typesupport_fastrtps_c.h
[2.307s] -- Up-to-date: /home/supro/supro_ws/install/slam_toolbox/include/slam_toolbox/srv/detail/pause__rosidl_typesupport_fastrtps_c.h
[2.307s] -- Up-to-date: /home/supro/supro_ws/install/slam_toolbox/include/slam_toolbox/srv/detail/merge_maps__rosidl_typesupport_fastrtps_c.h
[2.307s] -- Up-to-date: /home/supro/supro_ws/install/slam_toolbox/include/slam_toolbox/srv/detail/deserialize_pose_graph__rosidl_typesupport_fastrtps_c.h
[2.307s] -- Up-to-date: /home/supro/supro_ws/install/slam_toolbox/include/slam_toolbox/srv/detail/serialize_pose_graph__rosidl_typesupport_fastrtps_c.h
[2.308s] -- Up-to-date: /home/supro/supro_ws/install/slam_toolbox/include/slam_toolbox/srv/detail/save_map__rosidl_typesupport_fastrtps_c.h
[2.308s] -- Up-to-date: /home/supro/supro_ws/install/slam_toolbox/include/slam_toolbox/srv/detail/clear_queue__rosidl_typesupport_fastrtps_c.h
[2.308s] -- Up-to-date: /home/supro/supro_ws/install/slam_toolbox/include/slam_toolbox/srv/detail/loop_closure__rosidl_typesupport_fastrtps_c.h
[2.308s] -- Up-to-date: /home/supro/supro_ws/install/slam_toolbox/include/slam_toolbox/srv/detail/toggle_interactive__rosidl_typesupport_fastrtps_c.h
[2.308s] -- Up-to-date: /home/supro/supro_ws/install/slam_toolbox/lib/libslam_toolbox__rosidl_typesupport_fastrtps_c.so
[2.309s] -- Up-to-date: /home/supro/supro_ws/install/slam_toolbox/include/slam_toolbox
[2.309s] -- Up-to-date: /home/supro/supro_ws/install/slam_toolbox/include/slam_toolbox/msg
[2.309s] -- Up-to-date: /home/supro/supro_ws/install/slam_toolbox/include/slam_toolbox/msg/rosidl_typesupport_fastrtps_cpp__visibility_control.h
[2.309s] -- Up-to-date: /home/supro/supro_ws/install/slam_toolbox/include/slam_toolbox/srv
[2.309s] -- Up-to-date: /home/supro/supro_ws/install/slam_toolbox/include/slam_toolbox/srv/detail
[2.310s] -- Up-to-date: /home/supro/supro_ws/install/slam_toolbox/include/slam_toolbox/srv/detail/serialize_pose_graph__rosidl_typesupport_fastrtps_cpp.hpp
[2.310s] -- Up-to-date: /home/supro/supro_ws/install/slam_toolbox/include/slam_toolbox/srv/detail/clear_queue__rosidl_typesupport_fastrtps_cpp.hpp
[2.311s] -- Up-to-date: /home/supro/supro_ws/install/slam_toolbox/include/slam_toolbox/srv/detail/save_map__rosidl_typesupport_fastrtps_cpp.hpp
[2.311s] -- Up-to-date: /home/supro/supro_ws/install/slam_toolbox/include/slam_toolbox/srv/detail/deserialize_pose_graph__rosidl_typesupport_fastrtps_cpp.hpp
[2.312s] -- Up-to-date: /home/supro/supro_ws/install/slam_toolbox/include/slam_toolbox/srv/detail/merge_maps__rosidl_typesupport_fastrtps_cpp.hpp
[2.312s] -- Up-to-date: /home/supro/supro_ws/install/slam_toolbox/include/slam_toolbox/srv/detail/toggle_interactive__rosidl_typesupport_fastrtps_cpp.hpp
[2.313s] -- Up-to-date: /home/supro/supro_ws/install/slam_toolbox/include/slam_toolbox/srv/detail/add_submap__rosidl_typesupport_fastrtps_cpp.hpp
[2.313s] -- Up-to-date: /home/supro/supro_ws/install/slam_toolbox/include/slam_toolbox/srv/detail/loop_closure__rosidl_typesupport_fastrtps_cpp.hpp
[2.313s] -- Up-to-date: /home/supro/supro_ws/install/slam_toolbox/include/slam_toolbox/srv/detail/clear__rosidl_typesupport_fastrtps_cpp.hpp
[2.313s] -- Up-to-date: /home/supro/supro_ws/install/slam_toolbox/include/slam_toolbox/srv/detail/dds_fastrtps
[2.313s] -- Up-to-date: /home/supro/supro_ws/install/slam_toolbox/include/slam_toolbox/srv/detail/pause__rosidl_typesupport_fastrtps_cpp.hpp
[2.314s] -- Up-to-date: /home/supro/supro_ws/install/slam_toolbox/lib/libslam_toolbox__rosidl_typesupport_fastrtps_cpp.so
[2.314s] -- Up-to-date: /home/supro/supro_ws/install/slam_toolbox/include/slam_toolbox
[2.314s] -- Up-to-date: /home/supro/supro_ws/install/slam_toolbox/include/slam_toolbox/msg
[2.314s] -- Up-to-date: /home/supro/supro_ws/install/slam_toolbox/include/slam_toolbox/msg/rosidl_typesupport_introspection_c__visibility_control.h
[2.314s] -- Up-to-date: /home/supro/supro_ws/install/slam_toolbox/include/slam_toolbox/srv
[2.315s] -- Up-to-date: /home/supro/supro_ws/install/slam_toolbox/include/slam_toolbox/srv/detail
[2.315s] -- Up-to-date: /home/supro/supro_ws/install/slam_toolbox/include/slam_toolbox/srv/detail/clear__type_support.c
[2.315s] -- Up-to-date: /home/supro/supro_ws/install/slam_toolbox/include/slam_toolbox/srv/detail/loop_closure__rosidl_typesupport_introspection_c.h
[2.315s] -- Up-to-date: /home/supro/supro_ws/install/slam_toolbox/include/slam_toolbox/srv/detail/save_map__type_support.c
[2.315s] -- Up-to-date: /home/supro/supro_ws/install/slam_toolbox/include/slam_toolbox/srv/detail/toggle_interactive__rosidl_typesupport_introspection_c.h
[2.316s] -- Up-to-date: /home/supro/supro_ws/install/slam_toolbox/include/slam_toolbox/srv/detail/clear_queue__rosidl_typesupport_introspection_c.h
[2.316s] -- Up-to-date: /home/supro/supro_ws/install/slam_toolbox/include/slam_toolbox/srv/detail/clear__rosidl_typesupport_introspection_c.h
[2.316s] -- Up-to-date: /home/supro/supro_ws/install/slam_toolbox/include/slam_toolbox/srv/detail/serialize_pose_graph__type_support.c
[2.316s] -- Up-to-date: /home/supro/supro_ws/install/slam_toolbox/include/slam_toolbox/srv/detail/pause__type_support.c
[2.316s] -- Up-to-date: /home/supro/supro_ws/install/slam_toolbox/include/slam_toolbox/srv/detail/serialize_pose_graph__rosidl_typesupport_introspection_c.h
[2.323s] -- Up-to-date: /home/supro/supro_ws/install/slam_toolbox/include/slam_toolbox/srv/detail/deserialize_pose_graph__rosidl_typesupport_introspection_c.h
[2.323s] -- Up-to-date: /home/supro/supro_ws/install/slam_toolbox/include/slam_toolbox/srv/detail/merge_maps__rosidl_typesupport_introspection_c.h
[2.324s] -- Up-to-date: /home/supro/supro_ws/install/slam_toolbox/include/slam_toolbox/srv/detail/pause__rosidl_typesupport_introspection_c.h
[2.324s] -- Up-to-date: /home/supro/supro_ws/install/slam_toolbox/include/slam_toolbox/srv/detail/toggle_interactive__type_support.c
[2.330s] -- Up-to-date: /home/supro/supro_ws/install/slam_toolbox/include/slam_toolbox/srv/detail/loop_closure__type_support.c
[2.331s] -- Up-to-date: /home/supro/supro_ws/install/slam_toolbox/include/slam_toolbox/srv/detail/save_map__rosidl_typesupport_introspection_c.h
[2.331s] -- Up-to-date: /home/supro/supro_ws/install/slam_toolbox/include/slam_toolbox/srv/detail/deserialize_pose_graph__type_support.c
[2.332s] -- Up-to-date: /home/supro/supro_ws/install/slam_toolbox/include/slam_toolbox/srv/detail/add_submap__rosidl_typesupport_introspection_c.h
[2.332s] -- Up-to-date: /home/supro/supro_ws/install/slam_toolbox/include/slam_toolbox/srv/detail/clear_queue__type_support.c
[2.333s] -- Up-to-date: /home/supro/supro_ws/install/slam_toolbox/include/slam_toolbox/srv/detail/merge_maps__type_support.c
[2.333s] -- Up-to-date: /home/supro/supro_ws/install/slam_toolbox/include/slam_toolbox/srv/detail/add_submap__type_support.c
[2.333s] -- Up-to-date: /home/supro/supro_ws/install/slam_toolbox/lib/libslam_toolbox__rosidl_typesupport_introspection_c.so
[2.334s] -- Up-to-date: /home/supro/supro_ws/install/slam_toolbox/lib/libslam_toolbox__rosidl_typesupport_c.so
[2.334s] -- Up-to-date: /home/supro/supro_ws/install/slam_toolbox/include/slam_toolbox
[2.335s] -- Up-to-date: /home/supro/supro_ws/install/slam_toolbox/include/slam_toolbox/srv
[2.340s] -- Up-to-date: /home/supro/supro_ws/install/slam_toolbox/include/slam_toolbox/srv/serialize_pose_graph.hpp
[2.341s] -- Up-to-date: /home/supro/supro_ws/install/slam_toolbox/include/slam_toolbox/srv/loop_closure.hpp
[2.342s] -- Up-to-date: /home/supro/supro_ws/install/slam_toolbox/include/slam_toolbox/srv/clear_queue.hpp
[2.342s] -- Up-to-date: /home/supro/supro_ws/install/slam_toolbox/include/slam_toolbox/srv/add_submap.hpp
[2.342s] -- Up-to-date: /home/supro/supro_ws/install/slam_toolbox/include/slam_toolbox/srv/clear.hpp
[2.342s] -- Up-to-date: /home/supro/supro_ws/install/slam_toolbox/include/slam_toolbox/srv/toggle_interactive.hpp
[2.342s] -- Up-to-date: /home/supro/supro_ws/install/slam_toolbox/include/slam_toolbox/srv/pause.hpp
[2.343s] -- Up-to-date: /home/supro/supro_ws/install/slam_toolbox/include/slam_toolbox/srv/merge_maps.hpp
[2.343s] -- Up-to-date: /home/supro/supro_ws/install/slam_toolbox/include/slam_toolbox/srv/save_map.hpp
[2.343s] -- Up-to-date: /home/supro/supro_ws/install/slam_toolbox/include/slam_toolbox/srv/deserialize_pose_graph.hpp
[2.343s] -- Up-to-date: /home/supro/supro_ws/install/slam_toolbox/include/slam_toolbox/srv/detail
[2.346s] -- Up-to-date: /home/supro/supro_ws/install/slam_toolbox/include/slam_toolbox/srv/detail/pause__struct.hpp
[2.346s] -- Up-to-date: /home/supro/supro_ws/install/slam_toolbox/include/slam_toolbox/srv/detail/add_submap__builder.hpp
[2.347s] -- Up-to-date: /home/supro/supro_ws/install/slam_toolbox/include/slam_toolbox/srv/detail/toggle_interactive__builder.hpp
[2.347s] -- Up-to-date: /home/supro/supro_ws/install/slam_toolbox/include/slam_toolbox/srv/detail/serialize_pose_graph__builder.hpp
[2.347s] -- Up-to-date: /home/supro/supro_ws/install/slam_toolbox/include/slam_toolbox/srv/detail/loop_closure__builder.hpp
[2.347s] -- Up-to-date: /home/supro/supro_ws/install/slam_toolbox/include/slam_toolbox/srv/detail/loop_closure__struct.hpp
[2.348s] -- Up-to-date: /home/supro/supro_ws/install/slam_toolbox/include/slam_toolbox/srv/detail/deserialize_pose_graph__builder.hpp
[2.348s] -- Up-to-date: /home/supro/supro_ws/install/slam_toolbox/include/slam_toolbox/srv/detail/add_submap__struct.hpp
[2.348s] -- Up-to-date: /home/supro/supro_ws/install/slam_toolbox/include/slam_toolbox/srv/detail/clear__traits.hpp
[2.348s] -- Up-to-date: /home/supro/supro_ws/install/slam_toolbox/include/slam_toolbox/srv/detail/serialize_pose_graph__struct.hpp
[2.348s] -- Up-to-date: /home/supro/supro_ws/install/slam_toolbox/include/slam_toolbox/srv/detail/clear_queue__traits.hpp
[2.349s] -- Up-to-date: /home/supro/supro_ws/install/slam_toolbox/include/slam_toolbox/srv/detail/clear_queue__builder.hpp
[2.349s] -- Up-to-date: /home/supro/supro_ws/install/slam_toolbox/include/slam_toolbox/srv/detail/clear__builder.hpp
[2.349s] -- Up-to-date: /home/supro/supro_ws/install/slam_toolbox/include/slam_toolbox/srv/detail/merge_maps__struct.hpp
[2.349s] -- Up-to-date: /home/supro/supro_ws/install/slam_toolbox/include/slam_toolbox/srv/detail/save_map__struct.hpp
[2.350s] -- Up-to-date: /home/supro/supro_ws/install/slam_toolbox/include/slam_toolbox/srv/detail/toggle_interactive__traits.hpp
[2.350s] -- Up-to-date: /home/supro/supro_ws/install/slam_toolbox/include/slam_toolbox/srv/detail/deserialize_pose_graph__traits.hpp
[2.350s] -- Up-to-date: /home/supro/supro_ws/install/slam_toolbox/include/slam_toolbox/srv/detail/deserialize_pose_graph__struct.hpp
[2.350s] -- Up-to-date: /home/supro/supro_ws/install/slam_toolbox/include/slam_toolbox/srv/detail/merge_maps__traits.hpp
[2.351s] -- Up-to-date: /home/supro/supro_ws/install/slam_toolbox/include/slam_toolbox/srv/detail/loop_closure__traits.hpp
[2.351s] -- Up-to-date: /home/supro/supro_ws/install/slam_toolbox/include/slam_toolbox/srv/detail/clear__struct.hpp
[2.351s] -- Up-to-date: /home/supro/supro_ws/install/slam_toolbox/include/slam_toolbox/srv/detail/pause__traits.hpp
[2.351s] -- Up-to-date: /home/supro/supro_ws/install/slam_toolbox/include/slam_toolbox/srv/detail/pause__builder.hpp
[2.352s] -- Up-to-date: /home/supro/supro_ws/install/slam_toolbox/include/slam_toolbox/srv/detail/merge_maps__builder.hpp
[2.352s] -- Up-to-date: /home/supro/supro_ws/install/slam_toolbox/include/slam_toolbox/srv/detail/save_map__builder.hpp
[2.353s] -- Up-to-date: /home/supro/supro_ws/install/slam_toolbox/include/slam_toolbox/srv/detail/save_map__traits.hpp
[2.353s] -- Up-to-date: /home/supro/supro_ws/install/slam_toolbox/include/slam_toolbox/srv/detail/clear_queue__struct.hpp
[2.353s] -- Up-to-date: /home/supro/supro_ws/install/slam_toolbox/include/slam_toolbox/srv/detail/toggle_interactive__struct.hpp
[2.353s] -- Up-to-date: /home/supro/supro_ws/install/slam_toolbox/include/slam_toolbox/srv/detail/serialize_pose_graph__traits.hpp
[2.354s] -- Up-to-date: /home/supro/supro_ws/install/slam_toolbox/include/slam_toolbox/srv/detail/add_submap__traits.hpp
[2.354s] -- Up-to-date: /home/supro/supro_ws/install/slam_toolbox/include/slam_toolbox
[2.355s] -- Up-to-date: /home/supro/supro_ws/install/slam_toolbox/include/slam_toolbox/srv
[2.355s] -- Up-to-date: /home/supro/supro_ws/install/slam_toolbox/include/slam_toolbox/srv/detail
[2.356s] -- Up-to-date: /home/supro/supro_ws/install/slam_toolbox/include/slam_toolbox/srv/detail/clear__type_support.cpp
[2.356s] -- Up-to-date: /home/supro/supro_ws/install/slam_toolbox/include/slam_toolbox/srv/detail/pause__type_support.cpp
[2.356s] -- Up-to-date: /home/supro/supro_ws/install/slam_toolbox/include/slam_toolbox/srv/detail/deserialize_pose_graph__type_support.cpp
[2.356s] -- Up-to-date: /home/supro/supro_ws/install/slam_toolbox/include/slam_toolbox/srv/detail/clear_queue__type_support.cpp
[2.356s] -- Up-to-date: /home/supro/supro_ws/install/slam_toolbox/include/slam_toolbox/srv/detail/loop_closure__type_support.cpp
[2.357s] -- Up-to-date: /home/supro/supro_ws/install/slam_toolbox/include/slam_toolbox/srv/detail/toggle_interactive__type_support.cpp
[2.357s] -- Up-to-date: /home/supro/supro_ws/install/slam_toolbox/include/slam_toolbox/srv/detail/toggle_interactive__rosidl_typesupport_introspection_cpp.hpp
[2.357s] -- Up-to-date: /home/supro/supro_ws/install/slam_toolbox/include/slam_toolbox/srv/detail/serialize_pose_graph__rosidl_typesupport_introspection_cpp.hpp
[2.357s] -- Up-to-date: /home/supro/supro_ws/install/slam_toolbox/include/slam_toolbox/srv/detail/pause__rosidl_typesupport_introspection_cpp.hpp
[2.357s] -- Up-to-date: /home/supro/supro_ws/install/slam_toolbox/include/slam_toolbox/srv/detail/save_map__type_support.cpp
[2.358s] -- Up-to-date: /home/supro/supro_ws/install/slam_toolbox/include/slam_toolbox/srv/detail/save_map__rosidl_typesupport_introspection_cpp.hpp
[2.358s] -- Up-to-date: /home/supro/supro_ws/install/slam_toolbox/include/slam_toolbox/srv/detail/serialize_pose_graph__type_support.cpp
[2.358s] -- Up-to-date: /home/supro/supro_ws/install/slam_toolbox/include/slam_toolbox/srv/detail/clear_queue__rosidl_typesupport_introspection_cpp.hpp
[2.387s] -- Up-to-date: /home/supro/supro_ws/install/slam_toolbox/include/slam_toolbox/srv/detail/loop_closure__rosidl_typesupport_introspection_cpp.hpp
[2.389s] -- Up-to-date: /home/supro/supro_ws/install/slam_toolbox/include/slam_toolbox/srv/detail/add_submap__type_support.cpp
[2.389s] -- Up-to-date: /home/supro/supro_ws/install/slam_toolbox/include/slam_toolbox/srv/detail/deserialize_pose_graph__rosidl_typesupport_introspection_cpp.hpp
[2.389s] -- Up-to-date: /home/supro/supro_ws/install/slam_toolbox/include/slam_toolbox/srv/detail/clear__rosidl_typesupport_introspection_cpp.hpp
[2.390s] -- Up-to-date: /home/supro/supro_ws/install/slam_toolbox/include/slam_toolbox/srv/detail/add_submap__rosidl_typesupport_introspection_cpp.hpp
[2.390s] -- Up-to-date: /home/supro/supro_ws/install/slam_toolbox/include/slam_toolbox/srv/detail/merge_maps__rosidl_typesupport_introspection_cpp.hpp
[2.390s] -- Up-to-date: /home/supro/supro_ws/install/slam_toolbox/include/slam_toolbox/srv/detail/merge_maps__type_support.cpp
[2.390s] -- Up-to-date: /home/supro/supro_ws/install/slam_toolbox/lib/libslam_toolbox__rosidl_typesupport_introspection_cpp.so
[2.390s] -- Up-to-date: /home/supro/supro_ws/install/slam_toolbox/lib/libslam_toolbox__rosidl_typesupport_cpp.so
[2.391s] -- Up-to-date: /home/supro/supro_ws/install/slam_toolbox/share/slam_toolbox/environment/pythonpath.sh
[2.391s] -- Up-to-date: /home/supro/supro_ws/install/slam_toolbox/share/slam_toolbox/environment/pythonpath.dsv
[2.391s] -- Up-to-date: /home/supro/supro_ws/install/slam_toolbox/lib/python3.8/site-packages/slam_toolbox/__init__.py
[2.427s] -- Up-to-date: /home/supro/supro_ws/install/slam_toolbox/lib/python3.8/site-packages/slam_toolbox/srv
[2.427s] -- Up-to-date: /home/supro/supro_ws/install/slam_toolbox/lib/python3.8/site-packages/slam_toolbox/srv/_loop_closure.py
[2.428s] -- Up-to-date: /home/supro/supro_ws/install/slam_toolbox/lib/python3.8/site-packages/slam_toolbox/srv/_toggle_interactive_s.c
[2.428s] -- Up-to-date: /home/supro/supro_ws/install/slam_toolbox/lib/python3.8/site-packages/slam_toolbox/srv/_toggle_interactive.py
[2.428s] -- Up-to-date: /home/supro/supro_ws/install/slam_toolbox/lib/python3.8/site-packages/slam_toolbox/srv/_clear_s.c
[2.429s] -- Up-to-date: /home/supro/supro_ws/install/slam_toolbox/lib/python3.8/site-packages/slam_toolbox/srv/_merge_maps_s.c
[2.429s] -- Up-to-date: /home/supro/supro_ws/install/slam_toolbox/lib/python3.8/site-packages/slam_toolbox/srv/_add_submap.py
[2.429s] -- Up-to-date: /home/supro/supro_ws/install/slam_toolbox/lib/python3.8/site-packages/slam_toolbox/srv/_add_submap_s.c
[2.429s] -- Up-to-date: /home/supro/supro_ws/install/slam_toolbox/lib/python3.8/site-packages/slam_toolbox/srv/_save_map.py
[2.430s] -- Up-to-date: /home/supro/supro_ws/install/slam_toolbox/lib/python3.8/site-packages/slam_toolbox/srv/_clear_queue_s.c
[2.430s] -- Up-to-date: /home/supro/supro_ws/install/slam_toolbox/lib/python3.8/site-packages/slam_toolbox/srv/_serialize_pose_graph.py
[2.430s] -- Up-to-date: /home/supro/supro_ws/install/slam_toolbox/lib/python3.8/site-packages/slam_toolbox/srv/__init__.py
[2.431s] -- Up-to-date: /home/supro/supro_ws/install/slam_toolbox/lib/python3.8/site-packages/slam_toolbox/srv/_pause.py
[2.431s] -- Up-to-date: /home/supro/supro_ws/install/slam_toolbox/lib/python3.8/site-packages/slam_toolbox/srv/_deserialize_pose_graph_s.c
[2.431s] -- Up-to-date: /home/supro/supro_ws/install/slam_toolbox/lib/python3.8/site-packages/slam_toolbox/srv/_clear.py
[2.432s] -- Up-to-date: /home/supro/supro_ws/install/slam_toolbox/lib/python3.8/site-packages/slam_toolbox/srv/_pause_s.c
[2.432s] -- Up-to-date: /home/supro/supro_ws/install/slam_toolbox/lib/python3.8/site-packages/slam_toolbox/srv/_deserialize_pose_graph.py
[2.432s] -- Up-to-date: /home/supro/supro_ws/install/slam_toolbox/lib/python3.8/site-packages/slam_toolbox/srv/_serialize_pose_graph_s.c
[2.434s] -- Up-to-date: /home/supro/supro_ws/install/slam_toolbox/lib/python3.8/site-packages/slam_toolbox/srv/_merge_maps.py
[2.444s] -- Up-to-date: /home/supro/supro_ws/install/slam_toolbox/lib/python3.8/site-packages/slam_toolbox/srv/_loop_closure_s.c
[2.444s] -- Up-to-date: /home/supro/supro_ws/install/slam_toolbox/lib/python3.8/site-packages/slam_toolbox/srv/_clear_queue.py
[2.445s] -- Up-to-date: /home/supro/supro_ws/install/slam_toolbox/lib/python3.8/site-packages/slam_toolbox/srv/_save_map_s.c
[2.445s] -- Up-to-date: /home/supro/supro_ws/install/slam_toolbox/lib/python3.8/site-packages/slam_toolbox/slam_toolbox_s__rosidl_typesupport_fastrtps_c.cpython-38-x86_64-linux-gnu.so
[2.445s] -- Up-to-date: /home/supro/supro_ws/install/slam_toolbox/lib/python3.8/site-packages/slam_toolbox/slam_toolbox_s__rosidl_typesupport_introspection_c.cpython-38-x86_64-linux-gnu.so
[2.445s] -- Up-to-date: /home/supro/supro_ws/install/slam_toolbox/lib/python3.8/site-packages/slam_toolbox/slam_toolbox_s__rosidl_typesupport_c.cpython-38-x86_64-linux-gnu.so
[2.460s] -- Up-to-date: /home/supro/supro_ws/install/slam_toolbox/lib/libslam_toolbox__python.so
[2.461s] -- Up-to-date: /home/supro/supro_ws/install/slam_toolbox/share/slam_toolbox/srv/Pause.idl
[2.461s] -- Up-to-date: /home/supro/supro_ws/install/slam_toolbox/share/slam_toolbox/srv/ClearQueue.idl
[2.461s] -- Up-to-date: /home/supro/supro_ws/install/slam_toolbox/share/slam_toolbox/srv/ToggleInteractive.idl
[2.461s] -- Up-to-date: /home/supro/supro_ws/install/slam_toolbox/share/slam_toolbox/srv/Clear.idl
[2.466s] -- Up-to-date: /home/supro/supro_ws/install/slam_toolbox/share/slam_toolbox/srv/SaveMap.idl
[2.466s] -- Up-to-date: /home/supro/supro_ws/install/slam_toolbox/share/slam_toolbox/srv/LoopClosure.idl
[2.466s] -- Up-to-date: /home/supro/supro_ws/install/slam_toolbox/share/slam_toolbox/srv/MergeMaps.idl
[2.467s] -- Up-to-date: /home/supro/supro_ws/install/slam_toolbox/share/slam_toolbox/srv/AddSubmap.idl
[2.467s] -- Up-to-date: /home/supro/supro_ws/install/slam_toolbox/share/slam_toolbox/srv/DeserializePoseGraph.idl
[2.467s] -- Up-to-date: /home/supro/supro_ws/install/slam_toolbox/share/slam_toolbox/srv/SerializePoseGraph.idl
[2.467s] -- Up-to-date: /home/supro/supro_ws/install/slam_toolbox/share/slam_toolbox/srvs/Pause.srv
[2.468s] -- Up-to-date: /home/supro/supro_ws/install/slam_toolbox/share/slam_toolbox/srvs/Pause_Request.msg
[2.468s] -- Up-to-date: /home/supro/supro_ws/install/slam_toolbox/share/slam_toolbox/srvs/Pause_Response.msg
[2.468s] -- Up-to-date: /home/supro/supro_ws/install/slam_toolbox/share/slam_toolbox/srvs/ClearQueue.srv
[2.468s] -- Up-to-date: /home/supro/supro_ws/install/slam_toolbox/share/slam_toolbox/srvs/ClearQueue_Request.msg
[2.469s] -- Up-to-date: /home/supro/supro_ws/install/slam_toolbox/share/slam_toolbox/srvs/ClearQueue_Response.msg
[2.469s] -- Up-to-date: /home/supro/supro_ws/install/slam_toolbox/share/slam_toolbox/srvs/ToggleInteractive.srv
[2.469s] -- Up-to-date: /home/supro/supro_ws/install/slam_toolbox/share/slam_toolbox/srvs/ToggleInteractive_Request.msg
[2.469s] -- Up-to-date: /home/supro/supro_ws/install/slam_toolbox/share/slam_toolbox/srvs/ToggleInteractive_Response.msg
[2.470s] -- Up-to-date: /home/supro/supro_ws/install/slam_toolbox/share/slam_toolbox/srvs/Clear.srv
[2.470s] -- Up-to-date: /home/supro/supro_ws/install/slam_toolbox/share/slam_toolbox/srvs/Clear_Request.msg
[2.470s] -- Up-to-date: /home/supro/supro_ws/install/slam_toolbox/share/slam_toolbox/srvs/Clear_Response.msg
[2.483s] -- Up-to-date: /home/supro/supro_ws/install/slam_toolbox/share/slam_toolbox/srvs/SaveMap.srv
[2.483s] -- Up-to-date: /home/supro/supro_ws/install/slam_toolbox/share/slam_toolbox/srvs/SaveMap_Request.msg
[2.483s] -- Up-to-date: /home/supro/supro_ws/install/slam_toolbox/share/slam_toolbox/srvs/SaveMap_Response.msg
[2.483s] -- Up-to-date: /home/supro/supro_ws/install/slam_toolbox/share/slam_toolbox/srvs/LoopClosure.srv
[2.484s] -- Up-to-date: /home/supro/supro_ws/install/slam_toolbox/share/slam_toolbox/srvs/LoopClosure_Request.msg
[2.484s] -- Up-to-date: /home/supro/supro_ws/install/slam_toolbox/share/slam_toolbox/srvs/LoopClosure_Response.msg
[2.484s] -- Up-to-date: /home/supro/supro_ws/install/slam_toolbox/share/slam_toolbox/srvs/MergeMaps.srv
[2.484s] -- Up-to-date: /home/supro/supro_ws/install/slam_toolbox/share/slam_toolbox/srvs/MergeMaps_Request.msg
[2.485s] -- Up-to-date: /home/supro/supro_ws/install/slam_toolbox/share/slam_toolbox/srvs/MergeMaps_Response.msg
[2.485s] -- Up-to-date: /home/supro/supro_ws/install/slam_toolbox/share/slam_toolbox/srvs/AddSubmap.srv
[2.485s] -- Up-to-date: /home/supro/supro_ws/install/slam_toolbox/share/slam_toolbox/srvs/AddSubmap_Request.msg
[2.485s] -- Up-to-date: /home/supro/supro_ws/install/slam_toolbox/share/slam_toolbox/srvs/AddSubmap_Response.msg
[2.485s] -- Up-to-date: /home/supro/supro_ws/install/slam_toolbox/share/slam_toolbox/srvs/DeserializePoseGraph.srv
[2.486s] -- Up-to-date: /home/supro/supro_ws/install/slam_toolbox/share/slam_toolbox/srvs/DeserializePoseGraph_Request.msg
[2.486s] -- Up-to-date: /home/supro/supro_ws/install/slam_toolbox/share/slam_toolbox/srvs/DeserializePoseGraph_Response.msg
[2.486s] -- Up-to-date: /home/supro/supro_ws/install/slam_toolbox/share/slam_toolbox/srvs/SerializePoseGraph.srv
[2.486s] -- Up-to-date: /home/supro/supro_ws/install/slam_toolbox/share/slam_toolbox/srvs/SerializePoseGraph_Request.msg
[2.487s] -- Up-to-date: /home/supro/supro_ws/install/slam_toolbox/share/slam_toolbox/srvs/SerializePoseGraph_Response.msg
[2.487s] -- Up-to-date: /home/supro/supro_ws/install/slam_toolbox/share/slam_toolbox/rviz_plugins.xml
[2.487s] -- Up-to-date: /home/supro/supro_ws/install/slam_toolbox/share/slam_toolbox/solver_plugins.xml
[2.487s] -- Up-to-date: /home/supro/supro_ws/install/slam_toolbox/lib/slam_toolbox/async_slam_toolbox_node
[2.488s] -- Up-to-date: /home/supro/supro_ws/install/slam_toolbox/lib/slam_toolbox/sync_slam_toolbox_node
[2.488s] -- Up-to-date: /home/supro/supro_ws/install/slam_toolbox/lib/slam_toolbox/localization_slam_toolbox_node
[2.489s] -- Up-to-date: /home/supro/supro_ws/install/slam_toolbox/lib/slam_toolbox/lifelong_slam_toolbox_node
[2.489s] -- Up-to-date: /home/supro/supro_ws/install/slam_toolbox/lib/slam_toolbox/merge_maps_kinematic
[2.489s] -- Up-to-date: /home/supro/supro_ws/install/slam_toolbox/lib/libtoolbox_common.so
[2.489s] -- Up-to-date: /home/supro/supro_ws/install/slam_toolbox/lib/libSlamToolboxPlugin.so
[2.489s] -- Up-to-date: /home/supro/supro_ws/install/slam_toolbox/lib/libceres_solver_plugin.so
[2.490s] -- Up-to-date: /home/supro/supro_ws/install/slam_toolbox/lib/libasync_slam_toolbox.so
[2.490s] -- Up-to-date: /home/supro/supro_ws/install/slam_toolbox/lib/libsync_slam_toolbox.so
[2.490s] -- Up-to-date: /home/supro/supro_ws/install/slam_toolbox/lib/liblocalization_slam_toolbox.so
[2.490s] -- Up-to-date: /home/supro/supro_ws/install/slam_toolbox/lib/liblifelong_slam_toolbox.so
[2.490s] -- Up-to-date: /home/supro/supro_ws/install/slam_toolbox/lib/libSlamToolboxPlugin.so
[2.491s] -- Up-to-date: /home/supro/supro_ws/install/slam_toolbox/include
[2.491s] -- Up-to-date: /home/supro/supro_ws/install/slam_toolbox/include/slam_toolbox
[2.491s] -- Up-to-date: /home/supro/supro_ws/install/slam_toolbox/include/slam_toolbox/visualization_utils.hpp
[2.491s] -- Up-to-date: /home/supro/supro_ws/install/slam_toolbox/include/slam_toolbox/map_saver.hpp
[2.491s] -- Up-to-date: /home/supro/supro_ws/install/slam_toolbox/include/slam_toolbox/toolbox_types.hpp
[2.492s] -- Up-to-date: /home/supro/supro_ws/install/slam_toolbox/include/slam_toolbox/experimental
[2.492s] -- Up-to-date: /home/supro/supro_ws/install/slam_toolbox/include/slam_toolbox/experimental/slam_toolbox_lifelong.hpp
[2.492s] -- Up-to-date: /home/supro/supro_ws/install/slam_toolbox/include/slam_toolbox/toolbox_msgs.hpp
[2.492s] -- Up-to-date: /home/supro/supro_ws/install/slam_toolbox/include/slam_toolbox/slam_toolbox_sync.hpp
[2.493s] -- Up-to-date: /home/supro/supro_ws/install/slam_toolbox/include/slam_toolbox/loop_closure_assistant.hpp
[2.493s] -- Up-to-date: /home/supro/supro_ws/install/slam_toolbox/include/slam_toolbox/slam_toolbox_common.hpp
[2.493s] -- Up-to-date: /home/supro/supro_ws/install/slam_toolbox/include/slam_toolbox/laser_utils.hpp
[2.493s] -- Up-to-date: /home/supro/supro_ws/install/slam_toolbox/include/slam_toolbox/get_pose_helper.hpp
[2.493s] -- Up-to-date: /home/supro/supro_ws/install/slam_toolbox/include/slam_toolbox/slam_toolbox_localization.hpp
[2.494s] -- Up-to-date: /home/supro/supro_ws/install/slam_toolbox/include/slam_toolbox/serialization.hpp
[2.494s] -- Up-to-date: /home/supro/supro_ws/install/slam_toolbox/include/slam_toolbox/snap_utils.hpp
[2.494s] -- Up-to-date: /home/supro/supro_ws/install/slam_toolbox/include/slam_toolbox/merge_maps_kinematic.hpp
[2.494s] -- Up-to-date: /home/supro/supro_ws/install/slam_toolbox/include/slam_toolbox/slam_mapper.hpp
[2.494s] -- Up-to-date: /home/supro/supro_ws/install/slam_toolbox/include/slam_toolbox/slam_toolbox_async.hpp
[2.496s] -- Up-to-date: /home/supro/supro_ws/install/slam_toolbox/share/slam_toolbox/launch
[2.496s] -- Up-to-date: /home/supro/supro_ws/install/slam_toolbox/share/slam_toolbox/launch/merge_maps_kinematic_launch.py
[2.496s] -- Up-to-date: /home/supro/supro_ws/install/slam_toolbox/share/slam_toolbox/launch/online_async_launch.py
[2.496s] -- Up-to-date: /home/supro/supro_ws/install/slam_toolbox/share/slam_toolbox/launch/lifelong_launch.py
[2.497s] -- Up-to-date: /home/supro/supro_ws/install/slam_toolbox/share/slam_toolbox/launch/online_sync_launch.py
[2.497s] -- Up-to-date: /home/supro/supro_ws/install/slam_toolbox/share/slam_toolbox/launch/localization_launch.py
[2.497s] -- Up-to-date: /home/supro/supro_ws/install/slam_toolbox/share/slam_toolbox/launch/offline_launch.py
[2.497s] -- Up-to-date: /home/supro/supro_ws/install/slam_toolbox/share/slam_toolbox/config
[2.497s] -- Up-to-date: /home/supro/supro_ws/install/slam_toolbox/share/slam_toolbox/config/mapper_params_online_sync.yaml
[2.498s] -- Up-to-date: /home/supro/supro_ws/install/slam_toolbox/share/slam_toolbox/config/mapper_params_offline.yaml
[2.498s] -- Up-to-date: /home/supro/supro_ws/install/slam_toolbox/share/slam_toolbox/config/mapper_params_lifelong.yaml
[2.498s] -- Up-to-date: /home/supro/supro_ws/install/slam_toolbox/share/slam_toolbox/config/mapper_params_localization.yaml
[2.498s] -- Up-to-date: /home/supro/supro_ws/install/slam_toolbox/share/slam_toolbox/config/mapper_params_online_async.yaml
[2.499s] -- Up-to-date: /home/supro/supro_ws/install/slam_toolbox/share/solver_plugins.xml
[2.499s] -- Up-to-date: /home/supro/supro_ws/install/slam_toolbox/share/rviz_plugins.xml
[2.499s] -- Up-to-date: /home/supro/supro_ws/install/slam_toolbox/share/ament_index/resource_index/package_run_dependencies/slam_toolbox
[2.499s] -- Up-to-date: /home/supro/supro_ws/install/slam_toolbox/share/ament_index/resource_index/parent_prefix_path/slam_toolbox
[2.500s] -- Up-to-date: /home/supro/supro_ws/install/slam_toolbox/share/slam_toolbox/environment/ament_prefix_path.sh
[2.500s] -- Up-to-date: /home/supro/supro_ws/install/slam_toolbox/share/slam_toolbox/environment/ament_prefix_path.dsv
[2.500s] -- Up-to-date: /home/supro/supro_ws/install/slam_toolbox/share/slam_toolbox/environment/path.sh
[2.500s] -- Up-to-date: /home/supro/supro_ws/install/slam_toolbox/share/slam_toolbox/environment/path.dsv
[2.500s] -- Up-to-date: /home/supro/supro_ws/install/slam_toolbox/share/slam_toolbox/local_setup.bash
[2.501s] -- Up-to-date: /home/supro/supro_ws/install/slam_toolbox/share/slam_toolbox/local_setup.sh
[2.501s] -- Up-to-date: /home/supro/supro_ws/install/slam_toolbox/share/slam_toolbox/local_setup.zsh
[2.501s] -- Up-to-date: /home/supro/supro_ws/install/slam_toolbox/share/slam_toolbox/local_setup.dsv
[2.501s] -- Installing: /home/supro/supro_ws/install/slam_toolbox/share/slam_toolbox/package.dsv
[2.501s] -- Up-to-date: /home/supro/supro_ws/install/slam_toolbox/share/ament_index/resource_index/packages/slam_toolbox
[2.502s] -- Up-to-date: /home/supro/supro_ws/install/slam_toolbox/share/ament_index/resource_index/rviz_common__pluginlib__plugin/slam_toolbox
[2.502s] -- Up-to-date: /home/supro/supro_ws/install/slam_toolbox/share/ament_index/resource_index/slam_toolbox__pluginlib__plugin/slam_toolbox
[2.502s] -- Up-to-date: /home/supro/supro_ws/install/slam_toolbox/share/slam_toolbox/cmake/slam_toolbox__rosidl_generator_cExport.cmake
[2.502s] -- Up-to-date: /home/supro/supro_ws/install/slam_toolbox/share/slam_toolbox/cmake/slam_toolbox__rosidl_generator_cExport-release.cmake
[2.503s] -- Up-to-date: /home/supro/supro_ws/install/slam_toolbox/share/slam_toolbox/cmake/slam_toolbox__rosidl_typesupport_introspection_cExport.cmake
[2.503s] -- Up-to-date: /home/supro/supro_ws/install/slam_toolbox/share/slam_toolbox/cmake/slam_toolbox__rosidl_typesupport_introspection_cExport-release.cmake
[2.503s] -- Up-to-date: /home/supro/supro_ws/install/slam_toolbox/share/slam_toolbox/cmake/slam_toolbox__rosidl_typesupport_cExport.cmake
[2.503s] -- Up-to-date: /home/supro/supro_ws/install/slam_toolbox/share/slam_toolbox/cmake/slam_toolbox__rosidl_typesupport_cExport-release.cmake
[2.503s] -- Up-to-date: /home/supro/supro_ws/install/slam_toolbox/share/slam_toolbox/cmake/slam_toolbox__rosidl_generator_cppExport.cmake
[2.504s] -- Up-to-date: /home/supro/supro_ws/install/slam_toolbox/share/slam_toolbox/cmake/slam_toolbox__rosidl_typesupport_introspection_cppExport.cmake
[2.508s] -- Up-to-date: /home/supro/supro_ws/install/slam_toolbox/share/slam_toolbox/cmake/slam_toolbox__rosidl_typesupport_introspection_cppExport-release.cmake
[2.508s] -- Up-to-date: /home/supro/supro_ws/install/slam_toolbox/share/slam_toolbox/cmake/slam_toolbox__rosidl_typesupport_cppExport.cmake
[2.509s] -- Up-to-date: /home/supro/supro_ws/install/slam_toolbox/share/slam_toolbox/cmake/slam_toolbox__rosidl_typesupport_cppExport-release.cmake
[2.509s] -- Up-to-date: /home/supro/supro_ws/install/slam_toolbox/share/slam_toolbox/cmake/SlamToolboxPluginExport.cmake
[2.509s] -- Up-to-date: /home/supro/supro_ws/install/slam_toolbox/share/slam_toolbox/cmake/SlamToolboxPluginExport-release.cmake
[2.510s] -- Up-to-date: /home/supro/supro_ws/install/slam_toolbox/share/slam_toolbox/cmake/rosidl_cmake-extras.cmake
[2.510s] -- Up-to-date: /home/supro/supro_ws/install/slam_toolbox/share/slam_toolbox/cmake/ament_cmake_export_dependencies-extras.cmake
[2.510s] -- Up-to-date: /home/supro/supro_ws/install/slam_toolbox/share/slam_toolbox/cmake/ament_cmake_export_libraries-extras.cmake
[2.510s] -- Up-to-date: /home/supro/supro_ws/install/slam_toolbox/share/slam_toolbox/cmake/ament_cmake_export_targets-extras.cmake
[2.511s] -- Up-to-date: /home/supro/supro_ws/install/slam_toolbox/share/slam_toolbox/cmake/ament_cmake_export_include_directories-extras.cmake
[2.511s] -- Up-to-date: /home/supro/supro_ws/install/slam_toolbox/share/slam_toolbox/cmake/rosidl_cmake_export_typesupport_libraries-extras.cmake
[2.511s] -- Up-to-date: /home/supro/supro_ws/install/slam_toolbox/share/slam_toolbox/cmake/rosidl_cmake_export_typesupport_targets-extras.cmake
[2.512s] -- Up-to-date: /home/supro/supro_ws/install/slam_toolbox/share/slam_toolbox/cmake/slam_toolboxConfig.cmake
[2.512s] -- Up-to-date: /home/supro/supro_ws/install/slam_toolbox/share/slam_toolbox/cmake/slam_toolboxConfig-version.cmake
[2.512s] -- Up-to-date: /home/supro/supro_ws/install/slam_toolbox/share/slam_toolbox/package.xml
[2.513s] -- Up-to-date: /home/supro/supro_ws/install/slam_toolbox/include/
[2.513s] -- Up-to-date: /home/supro/supro_ws/install/slam_toolbox/include//karto_sdk
[2.513s] -- Up-to-date: /home/supro/supro_ws/install/slam_toolbox/include//karto_sdk/nanoflann.hpp
[2.514s] -- Up-to-date: /home/supro/supro_ws/install/slam_toolbox/include//karto_sdk/Types.h
[2.514s] -- Up-to-date: /home/supro/supro_ws/install/slam_toolbox/include//karto_sdk/nanoflann_adaptors.h
[2.514s] -- Up-to-date: /home/supro/supro_ws/install/slam_toolbox/include//karto_sdk/Macros.h
[2.515s] -- Up-to-date: /home/supro/supro_ws/install/slam_toolbox/include//karto_sdk/Mapper.h
[2.516s] -- Up-to-date: /home/supro/supro_ws/install/slam_toolbox/include//karto_sdk/Karto.h
[2.516s] -- Up-to-date: /home/supro/supro_ws/install/slam_toolbox/include//karto_sdk/Math.h
[2.516s] -- Up-to-date: /home/supro/supro_ws/install/slam_toolbox/lib/libkartoSlamToolbox.so
[2.517s] -- Up-to-date: /home/supro/supro_ws/install/slam_toolbox/share/karto_sdk/environment/library_path.sh
[2.517s] -- Up-to-date: /home/supro/supro_ws/install/slam_toolbox/share/karto_sdk/environment/library_path.dsv
[2.517s] -- Up-to-date: /home/supro/supro_ws/install/slam_toolbox/share/ament_index/resource_index/package_run_dependencies/karto_sdk
[2.518s] -- Up-to-date: /home/supro/supro_ws/install/slam_toolbox/share/ament_index/resource_index/parent_prefix_path/karto_sdk
[2.518s] -- Up-to-date: /home/supro/supro_ws/install/slam_toolbox/share/karto_sdk/environment/ament_prefix_path.sh
[2.518s] -- Up-to-date: /home/supro/supro_ws/install/slam_toolbox/share/karto_sdk/environment/ament_prefix_path.dsv
[2.519s] -- Up-to-date: /home/supro/supro_ws/install/slam_toolbox/share/karto_sdk/environment/path.sh
[2.519s] -- Up-to-date: /home/supro/supro_ws/install/slam_toolbox/share/karto_sdk/environment/path.dsv
[2.519s] -- Up-to-date: /home/supro/supro_ws/install/slam_toolbox/share/karto_sdk/local_setup.bash
[2.520s] -- Up-to-date: /home/supro/supro_ws/install/slam_toolbox/share/karto_sdk/local_setup.sh
[2.520s] -- Up-to-date: /home/supro/supro_ws/install/slam_toolbox/share/karto_sdk/local_setup.zsh
[2.520s] -- Up-to-date: /home/supro/supro_ws/install/slam_toolbox/share/karto_sdk/local_setup.dsv
[2.520s] -- Up-to-date: /home/supro/supro_ws/install/slam_toolbox/share/karto_sdk/package.dsv
[2.521s] -- Up-to-date: /home/supro/supro_ws/install/slam_toolbox/share/ament_index/resource_index/packages/karto_sdk
[2.521s] -- Up-to-date: /home/supro/supro_ws/install/slam_toolbox/share/karto_sdk/cmake/ament_cmake_export_libraries-extras.cmake
[2.521s] -- Up-to-date: /home/supro/supro_ws/install/slam_toolbox/share/karto_sdk/cmake/ament_cmake_export_include_directories-extras.cmake
[2.521s] -- Up-to-date: /home/supro/supro_ws/install/slam_toolbox/share/karto_sdk/cmake/ament_cmake_export_dependencies-extras.cmake
[2.522s] -- Up-to-date: /home/supro/supro_ws/install/slam_toolbox/share/karto_sdk/cmake/karto_sdkConfig.cmake
[2.522s] -- Up-to-date: /home/supro/supro_ws/install/slam_toolbox/share/karto_sdk/cmake/karto_sdkConfig-version.cmake
[2.522s] -- Up-to-date: /home/supro/supro_ws/install/slam_toolbox/share/karto_sdk/package.xml
[2.543s] Invoked command in '/home/supro/supro_ws/build/slam_toolbox' returned '0': CMAKE_PREFIX_PATH=/home/supro/supro_ws/install/nav2_map_server:/home/supro/supro_ws/install/nav2_util:/home/supro/supro_ws/install/nav2_msgs:/home/supro/supro_ws/install/nav2_common:/home/supro/supro_ws/install/nav2_system_tests:/home/supro/supro_ws/install/nav2_bringup:/home/supro/supro_ws/install/navigation2:/home/supro/supro_ws/install/smac_planner:/home/supro/supro_ws/install/slam_toolbox:/home/supro/supro_ws/install/sensor_pkg:/home/supro/supro_ws/install/realsense2_description:/home/supro/supro_ws/install/realsense2_camera:/home/supro/supro_ws/install/realsense2_camera_msgs:/home/supro/supro_ws/install/nav2_dwb_controller:/home/supro/supro_ws/install/nav2_controller:/home/supro/supro_ws/install/dwb_plugins:/home/supro/supro_ws/install/dwb_critics:/home/supro/supro_ws/install/dwb_core:/home/supro/supro_ws/install/nav_2d_utils:/home/supro/supro_ws/install/dwb_msgs:/home/supro/supro_ws/install/nav_2d_msgs:/home/supro/supro_ws/install/nav2_waypoint_follower:/home/supro/supro_ws/install/nav2_regulated_pure_pursuit_controller:/home/supro/supro_ws/install/nav2_recoveries:/home/supro/supro_ws/install/nav2_planner:/home/supro/supro_ws/install/nav2_navfn_planner:/home/supro/supro_ws/install/nav2_core:/home/supro/supro_ws/install/costmap_queue:/home/supro/supro_ws/install/nav2_costmap_2d:/home/supro/supro_ws/install/nav2_voxel_grid:/home/supro/supro_ws/install/nav2_rviz_plugins:/home/supro/supro_ws/install/nav2_lifecycle_manager:/home/supro/supro_ws/install/nav2_bt_navigator:/home/supro/supro_ws/install/nav2_behavior_tree:/home/supro/supro_ws/install/nav2_amcl:/home/supro/supro_ws/install/motor_pkg:/home/supro/supro_ws/install/custom_turtlesim:/home/supro/supro_ws/install/bluesea2:/home/supro/supro_ws/install/apriltag_docking:/home/supro/supro_ws/install/apriltag_msgs:/home/supro/supro_ws/install/android_comm:/opt/ros/foxy:/home/supro/supro_ws/install/turtlebot3_teleop:/home/supro/supro_ws/install/nav2_gazebo_spawner:/home/supro/supro_ws/install/mapping_publisher LD_LIBRARY_PATH=/home/supro/supro_ws/install/nav2_map_server/lib:/home/supro/supro_ws/install/nav2_util/lib:/home/supro/supro_ws/install/nav2_msgs/lib:/opt/ros/foxy/opt/yaml_cpp_vendor/lib:/opt/ros/foxy/opt/rviz_ogre_vendor/lib:/opt/ros/foxy/lib/x86_64-linux-gnu:/opt/ros/foxy/lib:/home/supro/supro_ws/install/smac_planner/lib:/home/supro/supro_ws/install/slam_toolbox/lib:/home/supro/supro_ws/install/realsense2_camera/lib:/home/supro/supro_ws/install/realsense2_camera_msgs/lib:/home/supro/supro_ws/install/nav2_controller/lib:/home/supro/supro_ws/install/dwb_plugins/lib:/home/supro/supro_ws/install/dwb_critics/lib:/home/supro/supro_ws/install/dwb_core/lib:/home/supro/supro_ws/install/nav_2d_utils/lib:/home/supro/supro_ws/install/dwb_msgs/lib:/home/supro/supro_ws/install/nav_2d_msgs/lib:/home/supro/supro_ws/install/nav2_waypoint_follower/lib:/home/supro/supro_ws/install/nav2_regulated_pure_pursuit_controller/lib:/home/supro/supro_ws/install/nav2_recoveries/lib:/home/supro/supro_ws/install/nav2_planner/lib:/home/supro/supro_ws/install/nav2_navfn_planner/lib:/home/supro/supro_ws/install/costmap_queue/lib:/home/supro/supro_ws/install/nav2_costmap_2d/lib:/home/supro/supro_ws/install/nav2_voxel_grid/lib:/home/supro/supro_ws/install/nav2_rviz_plugins/lib:/home/supro/supro_ws/install/nav2_lifecycle_manager/lib:/home/supro/supro_ws/install/nav2_bt_navigator/lib:/home/supro/supro_ws/install/nav2_behavior_tree/lib:/home/supro/supro_ws/install/nav2_amcl/lib:/home/supro/supro_ws/install/apriltag_msgs/lib:/usr/lib/x86_64-linux-gnu/gazebo-11/plugins PYTHONPATH=/home/supro/supro_ws/install/nav2_msgs/lib/python3.8/site-packages:/home/supro/supro_ws/install/nav2_common/lib/python3.8/site-packages:/opt/ros/foxy/lib/python3.8/site-packages:/home/supro/supro_ws/install/turtlebot3_teleop/lib/python3.8/site-packages:/home/supro/supro_ws/install/slam_toolbox/lib/python3.8/site-packages:/home/supro/supro_ws/install/realsense2_camera_msgs/lib/python3.8/site-packages:/home/supro/supro_ws/install/dwb_msgs/lib/python3.8/site-packages:/home/supro/supro_ws/install/nav_2d_msgs/lib/python3.8/site-packages:/home/supro/supro_ws/install/nav2_gazebo_spawner/lib/python3.8/site-packages:/home/supro/supro_ws/install/mapping_publisher/lib/python3.8/site-packages:/home/supro/supro_ws/install/apriltag_msgs/lib/python3.8/site-packages /usr/bin/cmake --install /home/supro/supro_ws/build/slam_toolbox
