[0.126s] Invoking command in '/home/supro/supro_ws/build/nav_2d_msgs': CMAKE_PREFIX_PATH=${CMAKE_PREFIX_PATH}:/opt/ros/foxy:/home/supro/supro_ws/install/turtlebot3_teleop:/home/supro/supro_ws/install/nav2_gazebo_spawner:/home/supro/supro_ws/install/mapping_publisher /usr/bin/cmake --build /home/supro/supro_ws/build/nav_2d_msgs -- -j8 -l8
[0.370s] [ 11%] Built target nav_2d_msgs__rosidl_generator_c
[0.383s] [ 12%] Built target nav_2d_msgs__cpp
[0.553s] [ 23%] Built target nav_2d_msgs__rosidl_typesupport_cpp
[0.556s] [ 35%] Built target nav_2d_msgs__rosidl_typesupport_c
[0.566s] [ 46%] Built target nav_2d_msgs__rosidl_typesupport_introspection_c
[0.577s] [ 57%] Built target nav_2d_msgs__rosidl_typesupport_introspection_cpp
[0.579s] [ 69%] Built target nav_2d_msgs__rosidl_typesupport_fastrtps_cpp
[0.642s] [ 80%] Built target nav_2d_msgs__rosidl_typesupport_fastrtps_c
[0.685s] [ 80%] Built target nav_2d_msgs
[0.733s] [ 81%] Built target nav_2d_msgs__py
[0.811s] [ 91%] Built target nav_2d_msgs__python
[0.920s] [ 94%] Built target nav_2d_msgs__rosidl_typesupport_introspection_c__pyext
[0.939s] [ 97%] Built target nav_2d_msgs__rosidl_typesupport_fastrtps_c__pyext
[0.951s] [100%] Built target nav_2d_msgs__rosidl_typesupport_c__pyext
[1.034s] Invoked command in '/home/supro/supro_ws/build/nav_2d_msgs' returned '0': CMAKE_PREFIX_PATH=${CMAKE_PREFIX_PATH}:/opt/ros/foxy:/home/supro/supro_ws/install/turtlebot3_teleop:/home/supro/supro_ws/install/nav2_gazebo_spawner:/home/supro/supro_ws/install/mapping_publisher /usr/bin/cmake --build /home/supro/supro_ws/build/nav_2d_msgs -- -j8 -l8
[1.908s] Invoking command in '/home/supro/supro_ws/build/nav_2d_msgs': CMAKE_PREFIX_PATH=${CMAKE_PREFIX_PATH}:/opt/ros/foxy:/home/supro/supro_ws/install/turtlebot3_teleop:/home/supro/supro_ws/install/nav2_gazebo_spawner:/home/supro/supro_ws/install/mapping_publisher /usr/bin/cmake --install /home/supro/supro_ws/build/nav_2d_msgs
[1.948s] -- Install configuration: ""
[1.951s] -- Up-to-date: /home/supro/supro_ws/install/nav_2d_msgs/share/ament_index/resource_index/rosidl_interfaces/nav_2d_msgs
[1.957s] -- Up-to-date: /home/supro/supro_ws/install/nav_2d_msgs/include/nav_2d_msgs
[1.958s] -- Up-to-date: /home/supro/supro_ws/install/nav_2d_msgs/include/nav_2d_msgs/msg
[1.960s] -- Up-to-date: /home/supro/supro_ws/install/nav_2d_msgs/include/nav_2d_msgs/msg/path2_d.h
[1.961s] -- Up-to-date: /home/supro/supro_ws/install/nav_2d_msgs/include/nav_2d_msgs/msg/twist2_d32.h
[1.961s] -- Up-to-date: /home/supro/supro_ws/install/nav_2d_msgs/include/nav_2d_msgs/msg/twist2_d_stamped.h
[1.966s] -- Up-to-date: /home/supro/supro_ws/install/nav_2d_msgs/include/nav_2d_msgs/msg/pose2_d_stamped.h
[1.972s] -- Up-to-date: /home/supro/supro_ws/install/nav_2d_msgs/include/nav_2d_msgs/msg/rosidl_generator_c__visibility_control.h
[1.972s] -- Up-to-date: /home/supro/supro_ws/install/nav_2d_msgs/include/nav_2d_msgs/msg/twist2_d.h
[1.973s] -- Up-to-date: /home/supro/supro_ws/install/nav_2d_msgs/include/nav_2d_msgs/msg/pose2_d32.h
[1.974s] -- Up-to-date: /home/supro/supro_ws/install/nav_2d_msgs/include/nav_2d_msgs/msg/detail
[1.978s] -- Up-to-date: /home/supro/supro_ws/install/nav_2d_msgs/include/nav_2d_msgs/msg/detail/pose2_d32__struct.h
[1.978s] -- Up-to-date: /home/supro/supro_ws/install/nav_2d_msgs/include/nav_2d_msgs/msg/detail/pose2_d32__functions.c
[1.979s] -- Up-to-date: /home/supro/supro_ws/install/nav_2d_msgs/include/nav_2d_msgs/msg/detail/pose2_d_stamped__functions.c
[1.979s] -- Up-to-date: /home/supro/supro_ws/install/nav_2d_msgs/include/nav_2d_msgs/msg/detail/path2_d__type_support.h
[1.979s] -- Up-to-date: /home/supro/supro_ws/install/nav_2d_msgs/include/nav_2d_msgs/msg/detail/twist2_d32__struct.h
[1.979s] -- Up-to-date: /home/supro/supro_ws/install/nav_2d_msgs/include/nav_2d_msgs/msg/detail/pose2_d32__functions.h
[1.979s] -- Up-to-date: /home/supro/supro_ws/install/nav_2d_msgs/include/nav_2d_msgs/msg/detail/twist2_d32__type_support.h
[1.980s] -- Up-to-date: /home/supro/supro_ws/install/nav_2d_msgs/include/nav_2d_msgs/msg/detail/pose2_d_stamped__struct.h
[1.980s] -- Up-to-date: /home/supro/supro_ws/install/nav_2d_msgs/include/nav_2d_msgs/msg/detail/twist2_d32__functions.c
[1.980s] -- Up-to-date: /home/supro/supro_ws/install/nav_2d_msgs/include/nav_2d_msgs/msg/detail/twist2_d_stamped__functions.c
[1.980s] -- Up-to-date: /home/supro/supro_ws/install/nav_2d_msgs/include/nav_2d_msgs/msg/detail/twist2_d_stamped__functions.h
[1.980s] -- Up-to-date: /home/supro/supro_ws/install/nav_2d_msgs/include/nav_2d_msgs/msg/detail/path2_d__struct.h
[1.981s] -- Up-to-date: /home/supro/supro_ws/install/nav_2d_msgs/include/nav_2d_msgs/msg/detail/path2_d__functions.h
[1.981s] -- Up-to-date: /home/supro/supro_ws/install/nav_2d_msgs/include/nav_2d_msgs/msg/detail/pose2_d_stamped__type_support.h
[1.981s] -- Up-to-date: /home/supro/supro_ws/install/nav_2d_msgs/include/nav_2d_msgs/msg/detail/path2_d__functions.c
[1.981s] -- Up-to-date: /home/supro/supro_ws/install/nav_2d_msgs/include/nav_2d_msgs/msg/detail/pose2_d_stamped__functions.h
[1.981s] -- Up-to-date: /home/supro/supro_ws/install/nav_2d_msgs/include/nav_2d_msgs/msg/detail/pose2_d32__type_support.h
[1.982s] -- Up-to-date: /home/supro/supro_ws/install/nav_2d_msgs/include/nav_2d_msgs/msg/detail/twist2_d_stamped__struct.h
[1.982s] -- Up-to-date: /home/supro/supro_ws/install/nav_2d_msgs/include/nav_2d_msgs/msg/detail/twist2_d__functions.h
[1.982s] -- Up-to-date: /home/supro/supro_ws/install/nav_2d_msgs/include/nav_2d_msgs/msg/detail/twist2_d32__functions.h
[1.982s] -- Up-to-date: /home/supro/supro_ws/install/nav_2d_msgs/include/nav_2d_msgs/msg/detail/twist2_d__type_support.h
[1.982s] -- Up-to-date: /home/supro/supro_ws/install/nav_2d_msgs/include/nav_2d_msgs/msg/detail/twist2_d_stamped__type_support.h
[1.982s] -- Up-to-date: /home/supro/supro_ws/install/nav_2d_msgs/include/nav_2d_msgs/msg/detail/twist2_d__functions.c
[1.982s] -- Up-to-date: /home/supro/supro_ws/install/nav_2d_msgs/include/nav_2d_msgs/msg/detail/twist2_d__struct.h
[1.983s] -- Up-to-date: /home/supro/supro_ws/install/nav_2d_msgs/share/nav_2d_msgs/environment/library_path.sh
[1.983s] -- Up-to-date: /home/supro/supro_ws/install/nav_2d_msgs/share/nav_2d_msgs/environment/library_path.dsv
[1.983s] -- Up-to-date: /home/supro/supro_ws/install/nav_2d_msgs/lib/libnav_2d_msgs__rosidl_generator_c.so
[1.983s] -- Up-to-date: /home/supro/supro_ws/install/nav_2d_msgs/include/nav_2d_msgs
[1.983s] -- Up-to-date: /home/supro/supro_ws/install/nav_2d_msgs/include/nav_2d_msgs/msg
[1.983s] -- Up-to-date: /home/supro/supro_ws/install/nav_2d_msgs/include/nav_2d_msgs/msg/rosidl_typesupport_fastrtps_c__visibility_control.h
[1.983s] -- Up-to-date: /home/supro/supro_ws/install/nav_2d_msgs/include/nav_2d_msgs/msg/detail
[1.983s] -- Up-to-date: /home/supro/supro_ws/install/nav_2d_msgs/include/nav_2d_msgs/msg/detail/twist2_d_stamped__rosidl_typesupport_fastrtps_c.h
[1.983s] -- Up-to-date: /home/supro/supro_ws/install/nav_2d_msgs/include/nav_2d_msgs/msg/detail/twist2_d__rosidl_typesupport_fastrtps_c.h
[1.983s] -- Up-to-date: /home/supro/supro_ws/install/nav_2d_msgs/include/nav_2d_msgs/msg/detail/pose2_d32__rosidl_typesupport_fastrtps_c.h
[1.984s] -- Up-to-date: /home/supro/supro_ws/install/nav_2d_msgs/include/nav_2d_msgs/msg/detail/path2_d__rosidl_typesupport_fastrtps_c.h
[1.984s] -- Up-to-date: /home/supro/supro_ws/install/nav_2d_msgs/include/nav_2d_msgs/msg/detail/pose2_d_stamped__rosidl_typesupport_fastrtps_c.h
[1.984s] -- Up-to-date: /home/supro/supro_ws/install/nav_2d_msgs/include/nav_2d_msgs/msg/detail/twist2_d32__rosidl_typesupport_fastrtps_c.h
[1.984s] -- Up-to-date: /home/supro/supro_ws/install/nav_2d_msgs/lib/libnav_2d_msgs__rosidl_typesupport_fastrtps_c.so
[1.984s] -- Up-to-date: /home/supro/supro_ws/install/nav_2d_msgs/include/nav_2d_msgs
[1.984s] -- Up-to-date: /home/supro/supro_ws/install/nav_2d_msgs/include/nav_2d_msgs/msg
[1.984s] -- Up-to-date: /home/supro/supro_ws/install/nav_2d_msgs/include/nav_2d_msgs/msg/rosidl_typesupport_fastrtps_cpp__visibility_control.h
[1.985s] -- Up-to-date: /home/supro/supro_ws/install/nav_2d_msgs/include/nav_2d_msgs/msg/detail
[1.985s] -- Up-to-date: /home/supro/supro_ws/install/nav_2d_msgs/include/nav_2d_msgs/msg/detail/twist2_d_stamped__rosidl_typesupport_fastrtps_cpp.hpp
[1.985s] -- Up-to-date: /home/supro/supro_ws/install/nav_2d_msgs/include/nav_2d_msgs/msg/detail/pose2_d32__rosidl_typesupport_fastrtps_cpp.hpp
[1.985s] -- Up-to-date: /home/supro/supro_ws/install/nav_2d_msgs/include/nav_2d_msgs/msg/detail/path2_d__rosidl_typesupport_fastrtps_cpp.hpp
[1.985s] -- Up-to-date: /home/supro/supro_ws/install/nav_2d_msgs/include/nav_2d_msgs/msg/detail/twist2_d32__rosidl_typesupport_fastrtps_cpp.hpp
[1.986s] -- Up-to-date: /home/supro/supro_ws/install/nav_2d_msgs/include/nav_2d_msgs/msg/detail/pose2_d_stamped__rosidl_typesupport_fastrtps_cpp.hpp
[1.986s] -- Up-to-date: /home/supro/supro_ws/install/nav_2d_msgs/include/nav_2d_msgs/msg/detail/twist2_d__rosidl_typesupport_fastrtps_cpp.hpp
[1.986s] -- Up-to-date: /home/supro/supro_ws/install/nav_2d_msgs/include/nav_2d_msgs/msg/detail/dds_fastrtps
[1.986s] -- Up-to-date: /home/supro/supro_ws/install/nav_2d_msgs/lib/libnav_2d_msgs__rosidl_typesupport_fastrtps_cpp.so
[1.987s] -- Up-to-date: /home/supro/supro_ws/install/nav_2d_msgs/include/nav_2d_msgs
[1.987s] -- Up-to-date: /home/supro/supro_ws/install/nav_2d_msgs/include/nav_2d_msgs/msg
[1.987s] -- Up-to-date: /home/supro/supro_ws/install/nav_2d_msgs/include/nav_2d_msgs/msg/rosidl_typesupport_introspection_c__visibility_control.h
[1.987s] -- Up-to-date: /home/supro/supro_ws/install/nav_2d_msgs/include/nav_2d_msgs/msg/detail
[1.987s] -- Up-to-date: /home/supro/supro_ws/install/nav_2d_msgs/include/nav_2d_msgs/msg/detail/twist2_d32__rosidl_typesupport_introspection_c.h
[1.988s] -- Up-to-date: /home/supro/supro_ws/install/nav_2d_msgs/include/nav_2d_msgs/msg/detail/path2_d__type_support.c
[1.988s] -- Up-to-date: /home/supro/supro_ws/install/nav_2d_msgs/include/nav_2d_msgs/msg/detail/twist2_d__rosidl_typesupport_introspection_c.h
[1.988s] -- Up-to-date: /home/supro/supro_ws/install/nav_2d_msgs/include/nav_2d_msgs/msg/detail/pose2_d32__rosidl_typesupport_introspection_c.h
[1.988s] -- Up-to-date: /home/supro/supro_ws/install/nav_2d_msgs/include/nav_2d_msgs/msg/detail/pose2_d_stamped__rosidl_typesupport_introspection_c.h
[1.989s] -- Up-to-date: /home/supro/supro_ws/install/nav_2d_msgs/include/nav_2d_msgs/msg/detail/twist2_d__type_support.c
[1.993s] -- Up-to-date: /home/supro/supro_ws/install/nav_2d_msgs/include/nav_2d_msgs/msg/detail/twist2_d_stamped__type_support.c
[1.993s] -- Up-to-date: /home/supro/supro_ws/install/nav_2d_msgs/include/nav_2d_msgs/msg/detail/twist2_d32__type_support.c
[1.993s] -- Up-to-date: /home/supro/supro_ws/install/nav_2d_msgs/include/nav_2d_msgs/msg/detail/path2_d__rosidl_typesupport_introspection_c.h
[1.993s] -- Up-to-date: /home/supro/supro_ws/install/nav_2d_msgs/include/nav_2d_msgs/msg/detail/twist2_d_stamped__rosidl_typesupport_introspection_c.h
[1.993s] -- Up-to-date: /home/supro/supro_ws/install/nav_2d_msgs/include/nav_2d_msgs/msg/detail/pose2_d32__type_support.c
[1.994s] -- Up-to-date: /home/supro/supro_ws/install/nav_2d_msgs/include/nav_2d_msgs/msg/detail/pose2_d_stamped__type_support.c
[1.994s] -- Up-to-date: /home/supro/supro_ws/install/nav_2d_msgs/lib/libnav_2d_msgs__rosidl_typesupport_introspection_c.so
[1.994s] -- Up-to-date: /home/supro/supro_ws/install/nav_2d_msgs/lib/libnav_2d_msgs__rosidl_typesupport_c.so
[1.994s] -- Up-to-date: /home/supro/supro_ws/install/nav_2d_msgs/include/nav_2d_msgs
[1.994s] -- Up-to-date: /home/supro/supro_ws/install/nav_2d_msgs/include/nav_2d_msgs/msg
[1.994s] -- Up-to-date: /home/supro/supro_ws/install/nav_2d_msgs/include/nav_2d_msgs/msg/pose2_d32.hpp
[1.994s] -- Up-to-date: /home/supro/supro_ws/install/nav_2d_msgs/include/nav_2d_msgs/msg/pose2_d_stamped.hpp
[1.995s] -- Up-to-date: /home/supro/supro_ws/install/nav_2d_msgs/include/nav_2d_msgs/msg/twist2_d_stamped.hpp
[1.995s] -- Up-to-date: /home/supro/supro_ws/install/nav_2d_msgs/include/nav_2d_msgs/msg/path2_d.hpp
[1.995s] -- Up-to-date: /home/supro/supro_ws/install/nav_2d_msgs/include/nav_2d_msgs/msg/detail
[1.995s] -- Up-to-date: /home/supro/supro_ws/install/nav_2d_msgs/include/nav_2d_msgs/msg/detail/path2_d__traits.hpp
[1.995s] -- Up-to-date: /home/supro/supro_ws/install/nav_2d_msgs/include/nav_2d_msgs/msg/detail/twist2_d__builder.hpp
[1.995s] -- Up-to-date: /home/supro/supro_ws/install/nav_2d_msgs/include/nav_2d_msgs/msg/detail/pose2_d_stamped__struct.hpp
[1.995s] -- Up-to-date: /home/supro/supro_ws/install/nav_2d_msgs/include/nav_2d_msgs/msg/detail/twist2_d__traits.hpp
[1.996s] -- Up-to-date: /home/supro/supro_ws/install/nav_2d_msgs/include/nav_2d_msgs/msg/detail/twist2_d__struct.hpp
[1.996s] -- Up-to-date: /home/supro/supro_ws/install/nav_2d_msgs/include/nav_2d_msgs/msg/detail/path2_d__struct.hpp
[1.996s] -- Up-to-date: /home/supro/supro_ws/install/nav_2d_msgs/include/nav_2d_msgs/msg/detail/pose2_d32__builder.hpp
[1.996s] -- Up-to-date: /home/supro/supro_ws/install/nav_2d_msgs/include/nav_2d_msgs/msg/detail/twist2_d32__traits.hpp
[1.996s] -- Up-to-date: /home/supro/supro_ws/install/nav_2d_msgs/include/nav_2d_msgs/msg/detail/twist2_d_stamped__struct.hpp
[2.003s] -- Up-to-date: /home/supro/supro_ws/install/nav_2d_msgs/include/nav_2d_msgs/msg/detail/twist2_d_stamped__traits.hpp
[2.004s] -- Up-to-date: /home/supro/supro_ws/install/nav_2d_msgs/include/nav_2d_msgs/msg/detail/pose2_d32__struct.hpp
[2.004s] -- Up-to-date: /home/supro/supro_ws/install/nav_2d_msgs/include/nav_2d_msgs/msg/detail/twist2_d32__struct.hpp
[2.004s] -- Up-to-date: /home/supro/supro_ws/install/nav_2d_msgs/include/nav_2d_msgs/msg/detail/pose2_d32__traits.hpp
[2.005s] -- Up-to-date: /home/supro/supro_ws/install/nav_2d_msgs/include/nav_2d_msgs/msg/detail/pose2_d_stamped__traits.hpp
[2.006s] -- Up-to-date: /home/supro/supro_ws/install/nav_2d_msgs/include/nav_2d_msgs/msg/detail/pose2_d_stamped__builder.hpp
[2.006s] -- Up-to-date: /home/supro/supro_ws/install/nav_2d_msgs/include/nav_2d_msgs/msg/detail/twist2_d32__builder.hpp
[2.007s] -- Up-to-date: /home/supro/supro_ws/install/nav_2d_msgs/include/nav_2d_msgs/msg/detail/twist2_d_stamped__builder.hpp
[2.007s] -- Up-to-date: /home/supro/supro_ws/install/nav_2d_msgs/include/nav_2d_msgs/msg/detail/path2_d__builder.hpp
[2.007s] -- Up-to-date: /home/supro/supro_ws/install/nav_2d_msgs/include/nav_2d_msgs/msg/twist2_d.hpp
[2.007s] -- Up-to-date: /home/supro/supro_ws/install/nav_2d_msgs/include/nav_2d_msgs/msg/twist2_d32.hpp
[2.007s] -- Up-to-date: /home/supro/supro_ws/install/nav_2d_msgs/include/nav_2d_msgs
[2.007s] -- Up-to-date: /home/supro/supro_ws/install/nav_2d_msgs/include/nav_2d_msgs/msg
[2.007s] -- Up-to-date: /home/supro/supro_ws/install/nav_2d_msgs/include/nav_2d_msgs/msg/detail
[2.007s] -- Up-to-date: /home/supro/supro_ws/install/nav_2d_msgs/include/nav_2d_msgs/msg/detail/pose2_d32__type_support.cpp
[2.008s] -- Up-to-date: /home/supro/supro_ws/install/nav_2d_msgs/include/nav_2d_msgs/msg/detail/pose2_d_stamped__type_support.cpp
[2.008s] -- Up-to-date: /home/supro/supro_ws/install/nav_2d_msgs/include/nav_2d_msgs/msg/detail/path2_d__rosidl_typesupport_introspection_cpp.hpp
[2.008s] -- Up-to-date: /home/supro/supro_ws/install/nav_2d_msgs/include/nav_2d_msgs/msg/detail/pose2_d32__rosidl_typesupport_introspection_cpp.hpp
[2.008s] -- Up-to-date: /home/supro/supro_ws/install/nav_2d_msgs/include/nav_2d_msgs/msg/detail/twist2_d_stamped__type_support.cpp
[2.008s] -- Up-to-date: /home/supro/supro_ws/install/nav_2d_msgs/include/nav_2d_msgs/msg/detail/twist2_d__type_support.cpp
[2.008s] -- Up-to-date: /home/supro/supro_ws/install/nav_2d_msgs/include/nav_2d_msgs/msg/detail/twist2_d__rosidl_typesupport_introspection_cpp.hpp
[2.008s] -- Up-to-date: /home/supro/supro_ws/install/nav_2d_msgs/include/nav_2d_msgs/msg/detail/pose2_d_stamped__rosidl_typesupport_introspection_cpp.hpp
[2.009s] -- Up-to-date: /home/supro/supro_ws/install/nav_2d_msgs/include/nav_2d_msgs/msg/detail/twist2_d32__type_support.cpp
[2.010s] -- Up-to-date: /home/supro/supro_ws/install/nav_2d_msgs/include/nav_2d_msgs/msg/detail/twist2_d32__rosidl_typesupport_introspection_cpp.hpp
[2.010s] -- Up-to-date: /home/supro/supro_ws/install/nav_2d_msgs/include/nav_2d_msgs/msg/detail/path2_d__type_support.cpp
[2.010s] -- Up-to-date: /home/supro/supro_ws/install/nav_2d_msgs/include/nav_2d_msgs/msg/detail/twist2_d_stamped__rosidl_typesupport_introspection_cpp.hpp
[2.010s] -- Up-to-date: /home/supro/supro_ws/install/nav_2d_msgs/lib/libnav_2d_msgs__rosidl_typesupport_introspection_cpp.so
[2.011s] -- Up-to-date: /home/supro/supro_ws/install/nav_2d_msgs/lib/libnav_2d_msgs__rosidl_typesupport_cpp.so
[2.011s] -- Up-to-date: /home/supro/supro_ws/install/nav_2d_msgs/share/nav_2d_msgs/environment/pythonpath.sh
[2.011s] -- Up-to-date: /home/supro/supro_ws/install/nav_2d_msgs/share/nav_2d_msgs/environment/pythonpath.dsv
[2.011s] -- Up-to-date: /home/supro/supro_ws/install/nav_2d_msgs/lib/python3.8/site-packages/nav_2d_msgs/__init__.py
[2.079s] -- Up-to-date: /home/supro/supro_ws/install/nav_2d_msgs/lib/python3.8/site-packages/nav_2d_msgs/msg
[2.079s] -- Up-to-date: /home/supro/supro_ws/install/nav_2d_msgs/lib/python3.8/site-packages/nav_2d_msgs/msg/_twist2_d_stamped.py
[2.079s] -- Up-to-date: /home/supro/supro_ws/install/nav_2d_msgs/lib/python3.8/site-packages/nav_2d_msgs/msg/_twist2_d_s.c
[2.079s] -- Up-to-date: /home/supro/supro_ws/install/nav_2d_msgs/lib/python3.8/site-packages/nav_2d_msgs/msg/_pose2_d_stamped_s.c
[2.080s] -- Up-to-date: /home/supro/supro_ws/install/nav_2d_msgs/lib/python3.8/site-packages/nav_2d_msgs/msg/_twist2_d.py
[2.080s] -- Up-to-date: /home/supro/supro_ws/install/nav_2d_msgs/lib/python3.8/site-packages/nav_2d_msgs/msg/_twist2_d_stamped_s.c
[2.080s] -- Up-to-date: /home/supro/supro_ws/install/nav_2d_msgs/lib/python3.8/site-packages/nav_2d_msgs/msg/_pose2_d32_s.c
[2.080s] -- Up-to-date: /home/supro/supro_ws/install/nav_2d_msgs/lib/python3.8/site-packages/nav_2d_msgs/msg/_path2_d_s.c
[2.081s] -- Up-to-date: /home/supro/supro_ws/install/nav_2d_msgs/lib/python3.8/site-packages/nav_2d_msgs/msg/_path2_d.py
[2.081s] -- Up-to-date: /home/supro/supro_ws/install/nav_2d_msgs/lib/python3.8/site-packages/nav_2d_msgs/msg/__init__.py
[2.081s] -- Up-to-date: /home/supro/supro_ws/install/nav_2d_msgs/lib/python3.8/site-packages/nav_2d_msgs/msg/_twist2_d32_s.c
[2.082s] -- Up-to-date: /home/supro/supro_ws/install/nav_2d_msgs/lib/python3.8/site-packages/nav_2d_msgs/msg/_pose2_d32.py
[2.082s] -- Up-to-date: /home/supro/supro_ws/install/nav_2d_msgs/lib/python3.8/site-packages/nav_2d_msgs/msg/_twist2_d32.py
[2.083s] -- Up-to-date: /home/supro/supro_ws/install/nav_2d_msgs/lib/python3.8/site-packages/nav_2d_msgs/msg/_pose2_d_stamped.py
[2.083s] -- Up-to-date: /home/supro/supro_ws/install/nav_2d_msgs/lib/python3.8/site-packages/nav_2d_msgs/nav_2d_msgs_s__rosidl_typesupport_fastrtps_c.cpython-38-x86_64-linux-gnu.so
[2.083s] -- Up-to-date: /home/supro/supro_ws/install/nav_2d_msgs/lib/python3.8/site-packages/nav_2d_msgs/nav_2d_msgs_s__rosidl_typesupport_introspection_c.cpython-38-x86_64-linux-gnu.so
[2.083s] -- Up-to-date: /home/supro/supro_ws/install/nav_2d_msgs/lib/python3.8/site-packages/nav_2d_msgs/nav_2d_msgs_s__rosidl_typesupport_c.cpython-38-x86_64-linux-gnu.so
[2.084s] -- Up-to-date: /home/supro/supro_ws/install/nav_2d_msgs/lib/libnav_2d_msgs__python.so
[2.084s] -- Up-to-date: /home/supro/supro_ws/install/nav_2d_msgs/share/nav_2d_msgs/msg/Path2D.idl
[2.084s] -- Up-to-date: /home/supro/supro_ws/install/nav_2d_msgs/share/nav_2d_msgs/msg/Pose2D32.idl
[2.085s] -- Up-to-date: /home/supro/supro_ws/install/nav_2d_msgs/share/nav_2d_msgs/msg/Pose2DStamped.idl
[2.085s] -- Up-to-date: /home/supro/supro_ws/install/nav_2d_msgs/share/nav_2d_msgs/msg/Twist2D.idl
[2.085s] -- Up-to-date: /home/supro/supro_ws/install/nav_2d_msgs/share/nav_2d_msgs/msg/Twist2D32.idl
[2.086s] -- Up-to-date: /home/supro/supro_ws/install/nav_2d_msgs/share/nav_2d_msgs/msg/Twist2DStamped.idl
[2.086s] -- Up-to-date: /home/supro/supro_ws/install/nav_2d_msgs/share/nav_2d_msgs/msg/Path2D.msg
[2.086s] -- Up-to-date: /home/supro/supro_ws/install/nav_2d_msgs/share/nav_2d_msgs/msg/Pose2D32.msg
[2.086s] -- Up-to-date: /home/supro/supro_ws/install/nav_2d_msgs/share/nav_2d_msgs/msg/Pose2DStamped.msg
[2.087s] -- Up-to-date: /home/supro/supro_ws/install/nav_2d_msgs/share/nav_2d_msgs/msg/Twist2D.msg
[2.087s] -- Up-to-date: /home/supro/supro_ws/install/nav_2d_msgs/share/nav_2d_msgs/msg/Twist2D32.msg
[2.087s] -- Up-to-date: /home/supro/supro_ws/install/nav_2d_msgs/share/nav_2d_msgs/msg/Twist2DStamped.msg
[2.088s] -- Up-to-date: /home/supro/supro_ws/install/nav_2d_msgs/share/ament_index/resource_index/package_run_dependencies/nav_2d_msgs
[2.088s] -- Up-to-date: /home/supro/supro_ws/install/nav_2d_msgs/share/ament_index/resource_index/parent_prefix_path/nav_2d_msgs
[2.089s] -- Up-to-date: /home/supro/supro_ws/install/nav_2d_msgs/share/nav_2d_msgs/environment/ament_prefix_path.sh
[2.089s] -- Up-to-date: /home/supro/supro_ws/install/nav_2d_msgs/share/nav_2d_msgs/environment/ament_prefix_path.dsv
[2.089s] -- Up-to-date: /home/supro/supro_ws/install/nav_2d_msgs/share/nav_2d_msgs/environment/path.sh
[2.089s] -- Up-to-date: /home/supro/supro_ws/install/nav_2d_msgs/share/nav_2d_msgs/environment/path.dsv
[2.090s] -- Up-to-date: /home/supro/supro_ws/install/nav_2d_msgs/share/nav_2d_msgs/local_setup.bash
[2.090s] -- Up-to-date: /home/supro/supro_ws/install/nav_2d_msgs/share/nav_2d_msgs/local_setup.sh
[2.090s] -- Up-to-date: /home/supro/supro_ws/install/nav_2d_msgs/share/nav_2d_msgs/local_setup.zsh
[2.090s] -- Up-to-date: /home/supro/supro_ws/install/nav_2d_msgs/share/nav_2d_msgs/local_setup.dsv
[2.090s] -- Installing: /home/supro/supro_ws/install/nav_2d_msgs/share/nav_2d_msgs/package.dsv
[2.091s] -- Up-to-date: /home/supro/supro_ws/install/nav_2d_msgs/share/ament_index/resource_index/packages/nav_2d_msgs
[2.091s] -- Up-to-date: /home/supro/supro_ws/install/nav_2d_msgs/share/nav_2d_msgs/cmake/nav_2d_msgs__rosidl_generator_cExport.cmake
[2.091s] -- Up-to-date: /home/supro/supro_ws/install/nav_2d_msgs/share/nav_2d_msgs/cmake/nav_2d_msgs__rosidl_generator_cExport-noconfig.cmake
[2.091s] -- Up-to-date: /home/supro/supro_ws/install/nav_2d_msgs/share/nav_2d_msgs/cmake/nav_2d_msgs__rosidl_typesupport_introspection_cExport.cmake
[2.091s] -- Up-to-date: /home/supro/supro_ws/install/nav_2d_msgs/share/nav_2d_msgs/cmake/nav_2d_msgs__rosidl_typesupport_introspection_cExport-noconfig.cmake
[2.092s] -- Up-to-date: /home/supro/supro_ws/install/nav_2d_msgs/share/nav_2d_msgs/cmake/nav_2d_msgs__rosidl_typesupport_cExport.cmake
[2.092s] -- Up-to-date: /home/supro/supro_ws/install/nav_2d_msgs/share/nav_2d_msgs/cmake/nav_2d_msgs__rosidl_typesupport_cExport-noconfig.cmake
[2.092s] -- Up-to-date: /home/supro/supro_ws/install/nav_2d_msgs/share/nav_2d_msgs/cmake/nav_2d_msgs__rosidl_generator_cppExport.cmake
[2.095s] -- Up-to-date: /home/supro/supro_ws/install/nav_2d_msgs/share/nav_2d_msgs/cmake/nav_2d_msgs__rosidl_typesupport_introspection_cppExport.cmake
[2.095s] -- Up-to-date: /home/supro/supro_ws/install/nav_2d_msgs/share/nav_2d_msgs/cmake/nav_2d_msgs__rosidl_typesupport_introspection_cppExport-noconfig.cmake
[2.096s] -- Up-to-date: /home/supro/supro_ws/install/nav_2d_msgs/share/nav_2d_msgs/cmake/nav_2d_msgs__rosidl_typesupport_cppExport.cmake
[2.096s] -- Up-to-date: /home/supro/supro_ws/install/nav_2d_msgs/share/nav_2d_msgs/cmake/nav_2d_msgs__rosidl_typesupport_cppExport-noconfig.cmake
[2.096s] -- Up-to-date: /home/supro/supro_ws/install/nav_2d_msgs/share/nav_2d_msgs/cmake/rosidl_cmake-extras.cmake
[2.096s] -- Up-to-date: /home/supro/supro_ws/install/nav_2d_msgs/share/nav_2d_msgs/cmake/ament_cmake_export_dependencies-extras.cmake
[2.097s] -- Up-to-date: /home/supro/supro_ws/install/nav_2d_msgs/share/nav_2d_msgs/cmake/ament_cmake_export_libraries-extras.cmake
[2.097s] -- Up-to-date: /home/supro/supro_ws/install/nav_2d_msgs/share/nav_2d_msgs/cmake/ament_cmake_export_targets-extras.cmake
[2.097s] -- Up-to-date: /home/supro/supro_ws/install/nav_2d_msgs/share/nav_2d_msgs/cmake/ament_cmake_export_include_directories-extras.cmake
[2.097s] -- Up-to-date: /home/supro/supro_ws/install/nav_2d_msgs/share/nav_2d_msgs/cmake/rosidl_cmake_export_typesupport_libraries-extras.cmake
[2.098s] -- Up-to-date: /home/supro/supro_ws/install/nav_2d_msgs/share/nav_2d_msgs/cmake/rosidl_cmake_export_typesupport_targets-extras.cmake
[2.098s] -- Up-to-date: /home/supro/supro_ws/install/nav_2d_msgs/share/nav_2d_msgs/cmake/nav_2d_msgsConfig.cmake
[2.098s] -- Up-to-date: /home/supro/supro_ws/install/nav_2d_msgs/share/nav_2d_msgs/cmake/nav_2d_msgsConfig-version.cmake
[2.098s] -- Up-to-date: /home/supro/supro_ws/install/nav_2d_msgs/share/nav_2d_msgs/package.xml
[2.624s] Invoked command in '/home/supro/supro_ws/build/nav_2d_msgs' returned '0': CMAKE_PREFIX_PATH=${CMAKE_PREFIX_PATH}:/opt/ros/foxy:/home/supro/supro_ws/install/turtlebot3_teleop:/home/supro/supro_ws/install/nav2_gazebo_spawner:/home/supro/supro_ws/install/mapping_publisher /usr/bin/cmake --install /home/supro/supro_ws/build/nav_2d_msgs
