[0.823s] Invoking command in '/home/supro/supro_ws/src/teleop/turtlebot3_teleop': PYTHONPATH=/home/supro/supro_ws/install/turtlebot3_teleop/lib/python3.8/site-packages:${PYTHONPATH} /usr/bin/python3 setup.py egg_info --egg-base ../../../build/turtlebot3_teleop build --build-base /home/supro/supro_ws/build/turtlebot3_teleop/build install --prefix /home/supro/supro_ws/install/turtlebot3_teleop --record /home/supro/supro_ws/build/turtlebot3_teleop/install.log --single-version-externally-managed
[1.401s] running egg_info
[1.402s] writing ../../../build/turtlebot3_teleop/turtlebot3_teleop.egg-info/PKG-INFO
[1.403s] writing dependency_links to ../../../build/turtlebot3_teleop/turtlebot3_teleop.egg-info/dependency_links.txt
[1.404s] writing entry points to ../../../build/turtlebot3_teleop/turtlebot3_teleop.egg-info/entry_points.txt
[1.404s] writing requirements to ../../../build/turtlebot3_teleop/turtlebot3_teleop.egg-info/requires.txt
[1.404s] writing top-level names to ../../../build/turtlebot3_teleop/turtlebot3_teleop.egg-info/top_level.txt
[1.508s] reading manifest file '../../../build/turtlebot3_teleop/turtlebot3_teleop.egg-info/SOURCES.txt'
[1.511s] writing manifest file '../../../build/turtlebot3_teleop/turtlebot3_teleop.egg-info/SOURCES.txt'
[1.511s] running build
[1.512s] running build_py
[1.514s] running install
[1.517s] running install_lib
[1.520s] running install_data
[1.521s] running install_egg_info
[1.529s] removing '/home/supro/supro_ws/install/turtlebot3_teleop/lib/python3.8/site-packages/turtlebot3_teleop-2.1.2-py3.8.egg-info' (and everything under it)
[1.531s] Copying ../../../build/turtlebot3_teleop/turtlebot3_teleop.egg-info to /home/supro/supro_ws/install/turtlebot3_teleop/lib/python3.8/site-packages/turtlebot3_teleop-2.1.2-py3.8.egg-info
[1.532s] running install_scripts
[1.574s] Installing teleop_keyboard script to /home/supro/supro_ws/install/turtlebot3_teleop/lib/turtlebot3_teleop
[1.575s] writing list of installed files to '/home/supro/supro_ws/build/turtlebot3_teleop/install.log'
[1.632s] Invoked command in '/home/supro/supro_ws/src/teleop/turtlebot3_teleop' returned '0': PYTHONPATH=/home/supro/supro_ws/install/turtlebot3_teleop/lib/python3.8/site-packages:${PYTHONPATH} /usr/bin/python3 setup.py egg_info --egg-base ../../../build/turtlebot3_teleop build --build-base /home/supro/supro_ws/build/turtlebot3_teleop/build install --prefix /home/supro/supro_ws/install/turtlebot3_teleop --record /home/supro/supro_ws/build/turtlebot3_teleop/install.log --single-version-externally-managed
