[0.221s] Invoking command in '/home/supro/supro_ws/build/motor_pkg': CMAKE_PREFIX_PATH=${CMAKE_PREFIX_PATH}:/opt/ros/foxy:/home/supro/supro_ws/install/turtlebot3_teleop:/home/supro/supro_ws/install/nav2_gazebo_spawner:/home/supro/supro_ws/install/mapping_publisher /usr/bin/cmake --build /home/supro/supro_ws/build/motor_pkg -- -j8 -l8
[0.722s] Invoked command in '/home/supro/supro_ws/build/motor_pkg' returned '0': CMAKE_PREFIX_PATH=${CMAKE_PREFIX_PATH}:/opt/ros/foxy:/home/supro/supro_ws/install/turtlebot3_teleop:/home/supro/supro_ws/install/nav2_gazebo_spawner:/home/supro/supro_ws/install/mapping_publisher /usr/bin/cmake --build /home/supro/supro_ws/build/motor_pkg -- -j8 -l8
[0.853s] Invoking command in '/home/supro/supro_ws/build/motor_pkg': CMAKE_PREFIX_PATH=${CMAKE_PREFIX_PATH}:/opt/ros/foxy:/home/supro/supro_ws/install/turtlebot3_teleop:/home/supro/supro_ws/install/nav2_gazebo_spawner:/home/supro/supro_ws/install/mapping_publisher /usr/bin/cmake --install /home/supro/supro_ws/build/motor_pkg
[0.895s] -- Install configuration: ""
[0.898s] -- Up-to-date: /home/supro/supro_ws/install/motor_pkg/share/ament_index/resource_index/package_run_dependencies/motor_pkg
[0.898s] -- Up-to-date: /home/supro/supro_ws/install/motor_pkg/share/ament_index/resource_index/parent_prefix_path/motor_pkg
[0.898s] -- Up-to-date: /home/supro/supro_ws/install/motor_pkg/share/motor_pkg/environment/ament_prefix_path.sh
[0.899s] -- Up-to-date: /home/supro/supro_ws/install/motor_pkg/share/motor_pkg/environment/ament_prefix_path.dsv
[0.899s] -- Up-to-date: /home/supro/supro_ws/install/motor_pkg/share/motor_pkg/environment/path.sh
[0.899s] -- Up-to-date: /home/supro/supro_ws/install/motor_pkg/share/motor_pkg/environment/path.dsv
[0.899s] -- Up-to-date: /home/supro/supro_ws/install/motor_pkg/share/motor_pkg/local_setup.bash
[0.900s] -- Up-to-date: /home/supro/supro_ws/install/motor_pkg/share/motor_pkg/local_setup.sh
[0.906s] -- Up-to-date: /home/supro/supro_ws/install/motor_pkg/share/motor_pkg/local_setup.zsh
[0.906s] -- Up-to-date: /home/supro/supro_ws/install/motor_pkg/share/motor_pkg/local_setup.dsv
[0.906s] -- Installing: /home/supro/supro_ws/install/motor_pkg/share/motor_pkg/package.dsv
[0.907s] -- Up-to-date: /home/supro/supro_ws/install/motor_pkg/share/ament_index/resource_index/packages/motor_pkg
[0.907s] -- Up-to-date: /home/supro/supro_ws/install/motor_pkg/share/motor_pkg/cmake/motor_pkgConfig.cmake
[0.907s] -- Up-to-date: /home/supro/supro_ws/install/motor_pkg/share/motor_pkg/cmake/motor_pkgConfig-version.cmake
[0.907s] -- Up-to-date: /home/supro/supro_ws/install/motor_pkg/share/motor_pkg/package.xml
[1.491s] Invoked command in '/home/supro/supro_ws/build/motor_pkg' returned '0': CMAKE_PREFIX_PATH=${CMAKE_PREFIX_PATH}:/opt/ros/foxy:/home/supro/supro_ws/install/turtlebot3_teleop:/home/supro/supro_ws/install/nav2_gazebo_spawner:/home/supro/supro_ws/install/mapping_publisher /usr/bin/cmake --install /home/supro/supro_ws/build/motor_pkg
