[0.491s] Invoking command in '/home/supro/supro_ws/build/nav2_msgs': CMAKE_PREFIX_PATH=/home/supro/supro_ws/install/nav2_common:/home/supro/supro_ws/install/nav2_system_tests:/home/supro/supro_ws/install/nav2_bringup:/home/supro/supro_ws/install/navigation2:/home/supro/supro_ws/install/smac_planner:/home/supro/supro_ws/install/slam_toolbox:/home/supro/supro_ws/install/sensor_pkg:/home/supro/supro_ws/install/realsense2_description:/home/supro/supro_ws/install/realsense2_camera:/home/supro/supro_ws/install/realsense2_camera_msgs:/home/supro/supro_ws/install/nav2_dwb_controller:/home/supro/supro_ws/install/nav2_controller:/home/supro/supro_ws/install/dwb_plugins:/home/supro/supro_ws/install/dwb_critics:/home/supro/supro_ws/install/dwb_core:/home/supro/supro_ws/install/nav_2d_utils:/home/supro/supro_ws/install/dwb_msgs:/home/supro/supro_ws/install/nav_2d_msgs:/home/supro/supro_ws/install/nav2_waypoint_follower:/home/supro/supro_ws/install/nav2_regulated_pure_pursuit_controller:/home/supro/supro_ws/install/nav2_recoveries:/home/supro/supro_ws/install/nav2_planner:/home/supro/supro_ws/install/nav2_navfn_planner:/home/supro/supro_ws/install/nav2_core:/home/supro/supro_ws/install/costmap_queue:/home/supro/supro_ws/install/nav2_costmap_2d:/home/supro/supro_ws/install/nav2_voxel_grid:/home/supro/supro_ws/install/nav2_rviz_plugins:/home/supro/supro_ws/install/nav2_map_server:/home/supro/supro_ws/install/nav2_lifecycle_manager:/home/supro/supro_ws/install/nav2_bt_navigator:/home/supro/supro_ws/install/nav2_behavior_tree:/home/supro/supro_ws/install/nav2_amcl:/home/supro/supro_ws/install/nav2_util:/home/supro/supro_ws/install/nav2_msgs:/home/supro/supro_ws/install/motor_pkg:/home/supro/supro_ws/install/custom_turtlesim:/home/supro/supro_ws/install/bluesea2:/home/supro/supro_ws/install/apriltag_docking:/home/supro/supro_ws/install/apriltag_msgs:/home/supro/supro_ws/install/android_comm:/opt/ros/foxy:/home/supro/supro_ws/install/turtlebot3_teleop:/home/supro/supro_ws/install/nav2_gazebo_spawner:/home/supro/supro_ws/install/mapping_publisher PYTHONPATH=/home/supro/supro_ws/install/nav2_common/lib/python3.8/site-packages:/opt/ros/foxy/lib/python3.8/site-packages:/home/supro/supro_ws/install/turtlebot3_teleop/lib/python3.8/site-packages:/home/supro/supro_ws/install/slam_toolbox/lib/python3.8/site-packages:/home/supro/supro_ws/install/realsense2_camera_msgs/lib/python3.8/site-packages:/home/supro/supro_ws/install/dwb_msgs/lib/python3.8/site-packages:/home/supro/supro_ws/install/nav_2d_msgs/lib/python3.8/site-packages:/home/supro/supro_ws/install/nav2_msgs/lib/python3.8/site-packages:/home/supro/supro_ws/install/nav2_gazebo_spawner/lib/python3.8/site-packages:/home/supro/supro_ws/install/mapping_publisher/lib/python3.8/site-packages:/home/supro/supro_ws/install/apriltag_msgs/lib/python3.8/site-packages /usr/bin/cmake --build /home/supro/supro_ws/build/nav2_msgs -- -j8 -l8
[0.702s] [  0%] Built target nav2_msgs__cpp
[0.730s] [ 12%] Built target nav2_msgs__rosidl_generator_c
[0.871s] [ 24%] Built target nav2_msgs__rosidl_typesupport_cpp
[0.884s] [ 36%] Built target nav2_msgs__rosidl_typesupport_c
[0.886s] [ 49%] Built target nav2_msgs__rosidl_typesupport_introspection_cpp
[0.911s] [ 61%] Built target nav2_msgs__rosidl_typesupport_introspection_c
[0.924s] [ 73%] Built target nav2_msgs__rosidl_typesupport_fastrtps_cpp
[1.020s] [ 85%] Built target nav2_msgs__rosidl_typesupport_fastrtps_c
[1.072s] [ 85%] Built target nav2_msgs
[1.119s] [ 86%] Built target nav2_msgs__py
[1.207s] [ 97%] Built target nav2_msgs__python
[1.287s] [ 98%] Built target nav2_msgs__rosidl_typesupport_c__pyext
[1.290s] [ 99%] Built target nav2_msgs__rosidl_typesupport_introspection_c__pyext
[1.301s] [100%] Built target nav2_msgs__rosidl_typesupport_fastrtps_c__pyext
[1.403s] Invoked command in '/home/supro/supro_ws/build/nav2_msgs' returned '0': CMAKE_PREFIX_PATH=/home/supro/supro_ws/install/nav2_common:/home/supro/supro_ws/install/nav2_system_tests:/home/supro/supro_ws/install/nav2_bringup:/home/supro/supro_ws/install/navigation2:/home/supro/supro_ws/install/smac_planner:/home/supro/supro_ws/install/slam_toolbox:/home/supro/supro_ws/install/sensor_pkg:/home/supro/supro_ws/install/realsense2_description:/home/supro/supro_ws/install/realsense2_camera:/home/supro/supro_ws/install/realsense2_camera_msgs:/home/supro/supro_ws/install/nav2_dwb_controller:/home/supro/supro_ws/install/nav2_controller:/home/supro/supro_ws/install/dwb_plugins:/home/supro/supro_ws/install/dwb_critics:/home/supro/supro_ws/install/dwb_core:/home/supro/supro_ws/install/nav_2d_utils:/home/supro/supro_ws/install/dwb_msgs:/home/supro/supro_ws/install/nav_2d_msgs:/home/supro/supro_ws/install/nav2_waypoint_follower:/home/supro/supro_ws/install/nav2_regulated_pure_pursuit_controller:/home/supro/supro_ws/install/nav2_recoveries:/home/supro/supro_ws/install/nav2_planner:/home/supro/supro_ws/install/nav2_navfn_planner:/home/supro/supro_ws/install/nav2_core:/home/supro/supro_ws/install/costmap_queue:/home/supro/supro_ws/install/nav2_costmap_2d:/home/supro/supro_ws/install/nav2_voxel_grid:/home/supro/supro_ws/install/nav2_rviz_plugins:/home/supro/supro_ws/install/nav2_map_server:/home/supro/supro_ws/install/nav2_lifecycle_manager:/home/supro/supro_ws/install/nav2_bt_navigator:/home/supro/supro_ws/install/nav2_behavior_tree:/home/supro/supro_ws/install/nav2_amcl:/home/supro/supro_ws/install/nav2_util:/home/supro/supro_ws/install/nav2_msgs:/home/supro/supro_ws/install/motor_pkg:/home/supro/supro_ws/install/custom_turtlesim:/home/supro/supro_ws/install/bluesea2:/home/supro/supro_ws/install/apriltag_docking:/home/supro/supro_ws/install/apriltag_msgs:/home/supro/supro_ws/install/android_comm:/opt/ros/foxy:/home/supro/supro_ws/install/turtlebot3_teleop:/home/supro/supro_ws/install/nav2_gazebo_spawner:/home/supro/supro_ws/install/mapping_publisher PYTHONPATH=/home/supro/supro_ws/install/nav2_common/lib/python3.8/site-packages:/opt/ros/foxy/lib/python3.8/site-packages:/home/supro/supro_ws/install/turtlebot3_teleop/lib/python3.8/site-packages:/home/supro/supro_ws/install/slam_toolbox/lib/python3.8/site-packages:/home/supro/supro_ws/install/realsense2_camera_msgs/lib/python3.8/site-packages:/home/supro/supro_ws/install/dwb_msgs/lib/python3.8/site-packages:/home/supro/supro_ws/install/nav_2d_msgs/lib/python3.8/site-packages:/home/supro/supro_ws/install/nav2_msgs/lib/python3.8/site-packages:/home/supro/supro_ws/install/nav2_gazebo_spawner/lib/python3.8/site-packages:/home/supro/supro_ws/install/mapping_publisher/lib/python3.8/site-packages:/home/supro/supro_ws/install/apriltag_msgs/lib/python3.8/site-packages /usr/bin/cmake --build /home/supro/supro_ws/build/nav2_msgs -- -j8 -l8
[2.728s] Invoking command in '/home/supro/supro_ws/build/nav2_msgs': CMAKE_PREFIX_PATH=/home/supro/supro_ws/install/nav2_common:/home/supro/supro_ws/install/nav2_system_tests:/home/supro/supro_ws/install/nav2_bringup:/home/supro/supro_ws/install/navigation2:/home/supro/supro_ws/install/smac_planner:/home/supro/supro_ws/install/slam_toolbox:/home/supro/supro_ws/install/sensor_pkg:/home/supro/supro_ws/install/realsense2_description:/home/supro/supro_ws/install/realsense2_camera:/home/supro/supro_ws/install/realsense2_camera_msgs:/home/supro/supro_ws/install/nav2_dwb_controller:/home/supro/supro_ws/install/nav2_controller:/home/supro/supro_ws/install/dwb_plugins:/home/supro/supro_ws/install/dwb_critics:/home/supro/supro_ws/install/dwb_core:/home/supro/supro_ws/install/nav_2d_utils:/home/supro/supro_ws/install/dwb_msgs:/home/supro/supro_ws/install/nav_2d_msgs:/home/supro/supro_ws/install/nav2_waypoint_follower:/home/supro/supro_ws/install/nav2_regulated_pure_pursuit_controller:/home/supro/supro_ws/install/nav2_recoveries:/home/supro/supro_ws/install/nav2_planner:/home/supro/supro_ws/install/nav2_navfn_planner:/home/supro/supro_ws/install/nav2_core:/home/supro/supro_ws/install/costmap_queue:/home/supro/supro_ws/install/nav2_costmap_2d:/home/supro/supro_ws/install/nav2_voxel_grid:/home/supro/supro_ws/install/nav2_rviz_plugins:/home/supro/supro_ws/install/nav2_map_server:/home/supro/supro_ws/install/nav2_lifecycle_manager:/home/supro/supro_ws/install/nav2_bt_navigator:/home/supro/supro_ws/install/nav2_behavior_tree:/home/supro/supro_ws/install/nav2_amcl:/home/supro/supro_ws/install/nav2_util:/home/supro/supro_ws/install/nav2_msgs:/home/supro/supro_ws/install/motor_pkg:/home/supro/supro_ws/install/custom_turtlesim:/home/supro/supro_ws/install/bluesea2:/home/supro/supro_ws/install/apriltag_docking:/home/supro/supro_ws/install/apriltag_msgs:/home/supro/supro_ws/install/android_comm:/opt/ros/foxy:/home/supro/supro_ws/install/turtlebot3_teleop:/home/supro/supro_ws/install/nav2_gazebo_spawner:/home/supro/supro_ws/install/mapping_publisher PYTHONPATH=/home/supro/supro_ws/install/nav2_common/lib/python3.8/site-packages:/opt/ros/foxy/lib/python3.8/site-packages:/home/supro/supro_ws/install/turtlebot3_teleop/lib/python3.8/site-packages:/home/supro/supro_ws/install/slam_toolbox/lib/python3.8/site-packages:/home/supro/supro_ws/install/realsense2_camera_msgs/lib/python3.8/site-packages:/home/supro/supro_ws/install/dwb_msgs/lib/python3.8/site-packages:/home/supro/supro_ws/install/nav_2d_msgs/lib/python3.8/site-packages:/home/supro/supro_ws/install/nav2_msgs/lib/python3.8/site-packages:/home/supro/supro_ws/install/nav2_gazebo_spawner/lib/python3.8/site-packages:/home/supro/supro_ws/install/mapping_publisher/lib/python3.8/site-packages:/home/supro/supro_ws/install/apriltag_msgs/lib/python3.8/site-packages /usr/bin/cmake --install /home/supro/supro_ws/build/nav2_msgs
[2.746s] -- Install configuration: "Release"
[2.747s] -- Up-to-date: /home/supro/supro_ws/install/nav2_msgs/share/ament_index/resource_index/rosidl_interfaces/nav2_msgs
[2.747s] -- Up-to-date: /home/supro/supro_ws/install/nav2_msgs/include/nav2_msgs
[2.748s] -- Up-to-date: /home/supro/supro_ws/install/nav2_msgs/include/nav2_msgs/msg
[2.748s] -- Up-to-date: /home/supro/supro_ws/install/nav2_msgs/include/nav2_msgs/msg/behavior_tree_log.h
[2.748s] -- Up-to-date: /home/supro/supro_ws/install/nav2_msgs/include/nav2_msgs/msg/costmap_meta_data.h
[2.748s] -- Up-to-date: /home/supro/supro_ws/install/nav2_msgs/include/nav2_msgs/msg/particle.h
[2.748s] -- Up-to-date: /home/supro/supro_ws/install/nav2_msgs/include/nav2_msgs/msg/behavior_tree_status_change.h
[2.748s] -- Up-to-date: /home/supro/supro_ws/install/nav2_msgs/include/nav2_msgs/msg/costmap.h
[2.748s] -- Up-to-date: /home/supro/supro_ws/install/nav2_msgs/include/nav2_msgs/msg/rosidl_generator_c__visibility_control.h
[2.749s] -- Up-to-date: /home/supro/supro_ws/install/nav2_msgs/include/nav2_msgs/msg/voxel_grid.h
[2.749s] -- Up-to-date: /home/supro/supro_ws/install/nav2_msgs/include/nav2_msgs/msg/particle_cloud.h
[2.749s] -- Up-to-date: /home/supro/supro_ws/install/nav2_msgs/include/nav2_msgs/msg/detail
[2.750s] -- Up-to-date: /home/supro/supro_ws/install/nav2_msgs/include/nav2_msgs/msg/detail/particle_cloud__struct.h
[2.750s] -- Up-to-date: /home/supro/supro_ws/install/nav2_msgs/include/nav2_msgs/msg/detail/costmap__functions.c
[2.750s] -- Up-to-date: /home/supro/supro_ws/install/nav2_msgs/include/nav2_msgs/msg/detail/particle_cloud__functions.c
[2.750s] -- Up-to-date: /home/supro/supro_ws/install/nav2_msgs/include/nav2_msgs/msg/detail/behavior_tree_status_change__functions.h
[2.750s] -- Up-to-date: /home/supro/supro_ws/install/nav2_msgs/include/nav2_msgs/msg/detail/costmap_meta_data__type_support.h
[2.751s] -- Up-to-date: /home/supro/supro_ws/install/nav2_msgs/include/nav2_msgs/msg/detail/costmap_meta_data__functions.c
[2.751s] -- Up-to-date: /home/supro/supro_ws/install/nav2_msgs/include/nav2_msgs/msg/detail/particle__struct.h
[2.751s] -- Up-to-date: /home/supro/supro_ws/install/nav2_msgs/include/nav2_msgs/msg/detail/costmap__struct.h
[2.752s] -- Up-to-date: /home/supro/supro_ws/install/nav2_msgs/include/nav2_msgs/msg/detail/behavior_tree_log__functions.c
[2.752s] -- Up-to-date: /home/supro/supro_ws/install/nav2_msgs/include/nav2_msgs/msg/detail/voxel_grid__struct.h
[2.752s] -- Up-to-date: /home/supro/supro_ws/install/nav2_msgs/include/nav2_msgs/msg/detail/costmap_meta_data__struct.h
[2.752s] -- Up-to-date: /home/supro/supro_ws/install/nav2_msgs/include/nav2_msgs/msg/detail/voxel_grid__type_support.h
[2.753s] -- Up-to-date: /home/supro/supro_ws/install/nav2_msgs/include/nav2_msgs/msg/detail/behavior_tree_log__type_support.h
[2.753s] -- Up-to-date: /home/supro/supro_ws/install/nav2_msgs/include/nav2_msgs/msg/detail/voxel_grid__functions.c
[2.753s] -- Up-to-date: /home/supro/supro_ws/install/nav2_msgs/include/nav2_msgs/msg/detail/particle__functions.c
[2.753s] -- Up-to-date: /home/supro/supro_ws/install/nav2_msgs/include/nav2_msgs/msg/detail/costmap__functions.h
[2.753s] -- Up-to-date: /home/supro/supro_ws/install/nav2_msgs/include/nav2_msgs/msg/detail/voxel_grid__functions.h
[2.754s] -- Up-to-date: /home/supro/supro_ws/install/nav2_msgs/include/nav2_msgs/msg/detail/behavior_tree_log__struct.h
[2.754s] -- Up-to-date: /home/supro/supro_ws/install/nav2_msgs/include/nav2_msgs/msg/detail/behavior_tree_status_change__type_support.h
[2.754s] -- Up-to-date: /home/supro/supro_ws/install/nav2_msgs/include/nav2_msgs/msg/detail/costmap__type_support.h
[2.754s] -- Up-to-date: /home/supro/supro_ws/install/nav2_msgs/include/nav2_msgs/msg/detail/behavior_tree_status_change__struct.h
[2.754s] -- Up-to-date: /home/supro/supro_ws/install/nav2_msgs/include/nav2_msgs/msg/detail/costmap_meta_data__functions.h
[2.755s] -- Up-to-date: /home/supro/supro_ws/install/nav2_msgs/include/nav2_msgs/msg/detail/behavior_tree_log__functions.h
[2.755s] -- Up-to-date: /home/supro/supro_ws/install/nav2_msgs/include/nav2_msgs/msg/detail/particle_cloud__type_support.h
[2.755s] -- Up-to-date: /home/supro/supro_ws/install/nav2_msgs/include/nav2_msgs/msg/detail/particle__type_support.h
[2.755s] -- Up-to-date: /home/supro/supro_ws/install/nav2_msgs/include/nav2_msgs/msg/detail/particle_cloud__functions.h
[2.755s] -- Up-to-date: /home/supro/supro_ws/install/nav2_msgs/include/nav2_msgs/msg/detail/particle__functions.h
[2.756s] -- Up-to-date: /home/supro/supro_ws/install/nav2_msgs/include/nav2_msgs/msg/detail/behavior_tree_status_change__functions.c
[2.756s] -- Up-to-date: /home/supro/supro_ws/install/nav2_msgs/include/nav2_msgs/action
[2.757s] -- Up-to-date: /home/supro/supro_ws/install/nav2_msgs/include/nav2_msgs/action/spin.h
[2.757s] -- Up-to-date: /home/supro/supro_ws/install/nav2_msgs/include/nav2_msgs/action/compute_path_to_pose.h
[2.757s] -- Up-to-date: /home/supro/supro_ws/install/nav2_msgs/include/nav2_msgs/action/back_up.h
[2.757s] -- Up-to-date: /home/supro/supro_ws/install/nav2_msgs/include/nav2_msgs/action/wait.h
[2.757s] -- Up-to-date: /home/supro/supro_ws/install/nav2_msgs/include/nav2_msgs/action/follow_waypoints.h
[2.757s] -- Up-to-date: /home/supro/supro_ws/install/nav2_msgs/include/nav2_msgs/action/navigate_to_pose.h
[2.758s] -- Up-to-date: /home/supro/supro_ws/install/nav2_msgs/include/nav2_msgs/action/dummy_recovery.h
[2.758s] -- Up-to-date: /home/supro/supro_ws/install/nav2_msgs/include/nav2_msgs/action/detail
[2.758s] -- Up-to-date: /home/supro/supro_ws/install/nav2_msgs/include/nav2_msgs/action/detail/spin__functions.c
[2.758s] -- Up-to-date: /home/supro/supro_ws/install/nav2_msgs/include/nav2_msgs/action/detail/navigate_to_pose__type_support.h
[2.759s] -- Up-to-date: /home/supro/supro_ws/install/nav2_msgs/include/nav2_msgs/action/detail/follow_path__type_support.h
[2.759s] -- Up-to-date: /home/supro/supro_ws/install/nav2_msgs/include/nav2_msgs/action/detail/spin__type_support.h
[2.759s] -- Up-to-date: /home/supro/supro_ws/install/nav2_msgs/include/nav2_msgs/action/detail/follow_path__functions.h
[2.760s] -- Up-to-date: /home/supro/supro_ws/install/nav2_msgs/include/nav2_msgs/action/detail/follow_path__struct.h
[2.761s] -- Up-to-date: /home/supro/supro_ws/install/nav2_msgs/include/nav2_msgs/action/detail/dummy_recovery__functions.h
[2.761s] -- Up-to-date: /home/supro/supro_ws/install/nav2_msgs/include/nav2_msgs/action/detail/compute_path_to_pose__type_support.h
[2.762s] -- Up-to-date: /home/supro/supro_ws/install/nav2_msgs/include/nav2_msgs/action/detail/wait__functions.c
[2.762s] -- Up-to-date: /home/supro/supro_ws/install/nav2_msgs/include/nav2_msgs/action/detail/compute_path_to_pose__functions.c
[2.762s] -- Up-to-date: /home/supro/supro_ws/install/nav2_msgs/include/nav2_msgs/action/detail/back_up__struct.h
[2.763s] -- Up-to-date: /home/supro/supro_ws/install/nav2_msgs/include/nav2_msgs/action/detail/dummy_recovery__struct.h
[2.763s] -- Up-to-date: /home/supro/supro_ws/install/nav2_msgs/include/nav2_msgs/action/detail/follow_waypoints__struct.h
[2.763s] -- Up-to-date: /home/supro/supro_ws/install/nav2_msgs/include/nav2_msgs/action/detail/navigate_to_pose__functions.h
[2.764s] -- Up-to-date: /home/supro/supro_ws/install/nav2_msgs/include/nav2_msgs/action/detail/navigate_to_pose__functions.c
[2.764s] -- Up-to-date: /home/supro/supro_ws/install/nav2_msgs/include/nav2_msgs/action/detail/dummy_recovery__functions.c
[2.764s] -- Up-to-date: /home/supro/supro_ws/install/nav2_msgs/include/nav2_msgs/action/detail/spin__functions.h
[2.764s] -- Up-to-date: /home/supro/supro_ws/install/nav2_msgs/include/nav2_msgs/action/detail/back_up__type_support.h
[2.764s] -- Up-to-date: /home/supro/supro_ws/install/nav2_msgs/include/nav2_msgs/action/detail/wait__type_support.h
[2.765s] -- Up-to-date: /home/supro/supro_ws/install/nav2_msgs/include/nav2_msgs/action/detail/compute_path_to_pose__struct.h
[2.765s] -- Up-to-date: /home/supro/supro_ws/install/nav2_msgs/include/nav2_msgs/action/detail/follow_waypoints__type_support.h
[2.765s] -- Up-to-date: /home/supro/supro_ws/install/nav2_msgs/include/nav2_msgs/action/detail/wait__struct.h
[2.765s] -- Up-to-date: /home/supro/supro_ws/install/nav2_msgs/include/nav2_msgs/action/detail/navigate_to_pose__struct.h
[2.766s] -- Up-to-date: /home/supro/supro_ws/install/nav2_msgs/include/nav2_msgs/action/detail/follow_waypoints__functions.h
[2.766s] -- Up-to-date: /home/supro/supro_ws/install/nav2_msgs/include/nav2_msgs/action/detail/follow_waypoints__functions.c
[2.766s] -- Up-to-date: /home/supro/supro_ws/install/nav2_msgs/include/nav2_msgs/action/detail/wait__functions.h
[2.766s] -- Up-to-date: /home/supro/supro_ws/install/nav2_msgs/include/nav2_msgs/action/detail/compute_path_to_pose__functions.h
[2.767s] -- Up-to-date: /home/supro/supro_ws/install/nav2_msgs/include/nav2_msgs/action/detail/spin__struct.h
[2.767s] -- Up-to-date: /home/supro/supro_ws/install/nav2_msgs/include/nav2_msgs/action/detail/back_up__functions.h
[2.767s] -- Up-to-date: /home/supro/supro_ws/install/nav2_msgs/include/nav2_msgs/action/detail/back_up__functions.c
[2.767s] -- Up-to-date: /home/supro/supro_ws/install/nav2_msgs/include/nav2_msgs/action/detail/follow_path__functions.c
[2.767s] -- Up-to-date: /home/supro/supro_ws/install/nav2_msgs/include/nav2_msgs/action/detail/dummy_recovery__type_support.h
[2.767s] -- Up-to-date: /home/supro/supro_ws/install/nav2_msgs/include/nav2_msgs/action/follow_path.h
[2.768s] -- Up-to-date: /home/supro/supro_ws/install/nav2_msgs/include/nav2_msgs/srv
[2.768s] -- Up-to-date: /home/supro/supro_ws/install/nav2_msgs/include/nav2_msgs/srv/clear_costmap_except_region.h
[2.768s] -- Up-to-date: /home/supro/supro_ws/install/nav2_msgs/include/nav2_msgs/srv/manage_lifecycle_nodes.h
[2.768s] -- Up-to-date: /home/supro/supro_ws/install/nav2_msgs/include/nav2_msgs/srv/load_map.h
[2.768s] -- Up-to-date: /home/supro/supro_ws/install/nav2_msgs/include/nav2_msgs/srv/clear_costmap_around_robot.h
[2.768s] -- Up-to-date: /home/supro/supro_ws/install/nav2_msgs/include/nav2_msgs/srv/clear_entire_costmap.h
[2.769s] -- Up-to-date: /home/supro/supro_ws/install/nav2_msgs/include/nav2_msgs/srv/save_map.h
[2.769s] -- Up-to-date: /home/supro/supro_ws/install/nav2_msgs/include/nav2_msgs/srv/get_costmap.h
[2.769s] -- Up-to-date: /home/supro/supro_ws/install/nav2_msgs/include/nav2_msgs/srv/detail
[2.769s] -- Up-to-date: /home/supro/supro_ws/install/nav2_msgs/include/nav2_msgs/srv/detail/load_map__type_support.h
[2.769s] -- Up-to-date: /home/supro/supro_ws/install/nav2_msgs/include/nav2_msgs/srv/detail/get_costmap__functions.c
[2.769s] -- Up-to-date: /home/supro/supro_ws/install/nav2_msgs/include/nav2_msgs/srv/detail/clear_costmap_around_robot__functions.c
[2.769s] -- Up-to-date: /home/supro/supro_ws/install/nav2_msgs/include/nav2_msgs/srv/detail/manage_lifecycle_nodes__struct.h
[2.770s] -- Up-to-date: /home/supro/supro_ws/install/nav2_msgs/include/nav2_msgs/srv/detail/load_map__functions.c
[2.770s] -- Up-to-date: /home/supro/supro_ws/install/nav2_msgs/include/nav2_msgs/srv/detail/load_map__functions.h
[2.770s] -- Up-to-date: /home/supro/supro_ws/install/nav2_msgs/include/nav2_msgs/srv/detail/clear_costmap_except_region__struct.h
[2.770s] -- Up-to-date: /home/supro/supro_ws/install/nav2_msgs/include/nav2_msgs/srv/detail/save_map__type_support.h
[2.771s] -- Up-to-date: /home/supro/supro_ws/install/nav2_msgs/include/nav2_msgs/srv/detail/load_map__struct.h
[2.771s] -- Up-to-date: /home/supro/supro_ws/install/nav2_msgs/include/nav2_msgs/srv/detail/clear_costmap_except_region__type_support.h
[2.771s] -- Up-to-date: /home/supro/supro_ws/install/nav2_msgs/include/nav2_msgs/srv/detail/get_costmap__type_support.h
[2.771s] -- Up-to-date: /home/supro/supro_ws/install/nav2_msgs/include/nav2_msgs/srv/detail/clear_costmap_around_robot__struct.h
[2.771s] -- Up-to-date: /home/supro/supro_ws/install/nav2_msgs/include/nav2_msgs/srv/detail/clear_costmap_around_robot__functions.h
[2.771s] -- Up-to-date: /home/supro/supro_ws/install/nav2_msgs/include/nav2_msgs/srv/detail/clear_entire_costmap__functions.c
[2.771s] -- Up-to-date: /home/supro/supro_ws/install/nav2_msgs/include/nav2_msgs/srv/detail/save_map__functions.h
[2.771s] -- Up-to-date: /home/supro/supro_ws/install/nav2_msgs/include/nav2_msgs/srv/detail/clear_entire_costmap__functions.h
[2.771s] -- Up-to-date: /home/supro/supro_ws/install/nav2_msgs/include/nav2_msgs/srv/detail/clear_entire_costmap__type_support.h
[2.771s] -- Up-to-date: /home/supro/supro_ws/install/nav2_msgs/include/nav2_msgs/srv/detail/manage_lifecycle_nodes__functions.c
[2.772s] -- Up-to-date: /home/supro/supro_ws/install/nav2_msgs/include/nav2_msgs/srv/detail/save_map__functions.c
[2.772s] -- Up-to-date: /home/supro/supro_ws/install/nav2_msgs/include/nav2_msgs/srv/detail/save_map__struct.h
[2.772s] -- Up-to-date: /home/supro/supro_ws/install/nav2_msgs/include/nav2_msgs/srv/detail/manage_lifecycle_nodes__type_support.h
[2.772s] -- Up-to-date: /home/supro/supro_ws/install/nav2_msgs/include/nav2_msgs/srv/detail/manage_lifecycle_nodes__functions.h
[2.772s] -- Up-to-date: /home/supro/supro_ws/install/nav2_msgs/include/nav2_msgs/srv/detail/get_costmap__struct.h
[2.772s] -- Up-to-date: /home/supro/supro_ws/install/nav2_msgs/include/nav2_msgs/srv/detail/clear_costmap_except_region__functions.c
[2.772s] -- Up-to-date: /home/supro/supro_ws/install/nav2_msgs/include/nav2_msgs/srv/detail/clear_costmap_around_robot__type_support.h
[2.773s] -- Up-to-date: /home/supro/supro_ws/install/nav2_msgs/include/nav2_msgs/srv/detail/get_costmap__functions.h
[2.773s] -- Up-to-date: /home/supro/supro_ws/install/nav2_msgs/include/nav2_msgs/srv/detail/clear_entire_costmap__struct.h
[2.773s] -- Up-to-date: /home/supro/supro_ws/install/nav2_msgs/include/nav2_msgs/srv/detail/clear_costmap_except_region__functions.h
[2.773s] -- Up-to-date: /home/supro/supro_ws/install/nav2_msgs/share/nav2_msgs/environment/library_path.sh
[2.773s] -- Up-to-date: /home/supro/supro_ws/install/nav2_msgs/share/nav2_msgs/environment/library_path.dsv
[2.773s] -- Up-to-date: /home/supro/supro_ws/install/nav2_msgs/lib/libnav2_msgs__rosidl_generator_c.so
[2.773s] -- Up-to-date: /home/supro/supro_ws/install/nav2_msgs/include/nav2_msgs
[2.773s] -- Up-to-date: /home/supro/supro_ws/install/nav2_msgs/include/nav2_msgs/msg
[2.773s] -- Up-to-date: /home/supro/supro_ws/install/nav2_msgs/include/nav2_msgs/msg/rosidl_typesupport_fastrtps_c__visibility_control.h
[2.773s] -- Up-to-date: /home/supro/supro_ws/install/nav2_msgs/include/nav2_msgs/msg/detail
[2.774s] -- Up-to-date: /home/supro/supro_ws/install/nav2_msgs/include/nav2_msgs/msg/detail/costmap__rosidl_typesupport_fastrtps_c.h
[2.774s] -- Up-to-date: /home/supro/supro_ws/install/nav2_msgs/include/nav2_msgs/msg/detail/voxel_grid__rosidl_typesupport_fastrtps_c.h
[2.774s] -- Up-to-date: /home/supro/supro_ws/install/nav2_msgs/include/nav2_msgs/msg/detail/particle__rosidl_typesupport_fastrtps_c.h
[2.774s] -- Up-to-date: /home/supro/supro_ws/install/nav2_msgs/include/nav2_msgs/msg/detail/particle_cloud__rosidl_typesupport_fastrtps_c.h
[2.774s] -- Up-to-date: /home/supro/supro_ws/install/nav2_msgs/include/nav2_msgs/msg/detail/behavior_tree_status_change__rosidl_typesupport_fastrtps_c.h
[2.774s] -- Up-to-date: /home/supro/supro_ws/install/nav2_msgs/include/nav2_msgs/msg/detail/behavior_tree_log__rosidl_typesupport_fastrtps_c.h
[2.774s] -- Up-to-date: /home/supro/supro_ws/install/nav2_msgs/include/nav2_msgs/msg/detail/costmap_meta_data__rosidl_typesupport_fastrtps_c.h
[2.774s] -- Up-to-date: /home/supro/supro_ws/install/nav2_msgs/include/nav2_msgs/action
[2.774s] -- Up-to-date: /home/supro/supro_ws/install/nav2_msgs/include/nav2_msgs/action/detail
[2.775s] -- Up-to-date: /home/supro/supro_ws/install/nav2_msgs/include/nav2_msgs/action/detail/wait__rosidl_typesupport_fastrtps_c.h
[2.775s] -- Up-to-date: /home/supro/supro_ws/install/nav2_msgs/include/nav2_msgs/action/detail/back_up__rosidl_typesupport_fastrtps_c.h
[2.775s] -- Up-to-date: /home/supro/supro_ws/install/nav2_msgs/include/nav2_msgs/action/detail/follow_path__rosidl_typesupport_fastrtps_c.h
[2.775s] -- Up-to-date: /home/supro/supro_ws/install/nav2_msgs/include/nav2_msgs/action/detail/compute_path_to_pose__rosidl_typesupport_fastrtps_c.h
[2.775s] -- Up-to-date: /home/supro/supro_ws/install/nav2_msgs/include/nav2_msgs/action/detail/spin__rosidl_typesupport_fastrtps_c.h
[2.775s] -- Up-to-date: /home/supro/supro_ws/install/nav2_msgs/include/nav2_msgs/action/detail/dummy_recovery__rosidl_typesupport_fastrtps_c.h
[2.775s] -- Up-to-date: /home/supro/supro_ws/install/nav2_msgs/include/nav2_msgs/action/detail/navigate_to_pose__rosidl_typesupport_fastrtps_c.h
[2.775s] -- Up-to-date: /home/supro/supro_ws/install/nav2_msgs/include/nav2_msgs/action/detail/follow_waypoints__rosidl_typesupport_fastrtps_c.h
[2.775s] -- Up-to-date: /home/supro/supro_ws/install/nav2_msgs/include/nav2_msgs/srv
[2.776s] -- Up-to-date: /home/supro/supro_ws/install/nav2_msgs/include/nav2_msgs/srv/detail
[2.776s] -- Up-to-date: /home/supro/supro_ws/install/nav2_msgs/include/nav2_msgs/srv/detail/manage_lifecycle_nodes__rosidl_typesupport_fastrtps_c.h
[2.776s] -- Up-to-date: /home/supro/supro_ws/install/nav2_msgs/include/nav2_msgs/srv/detail/save_map__rosidl_typesupport_fastrtps_c.h
[2.776s] -- Up-to-date: /home/supro/supro_ws/install/nav2_msgs/include/nav2_msgs/srv/detail/clear_costmap_except_region__rosidl_typesupport_fastrtps_c.h
[2.776s] -- Up-to-date: /home/supro/supro_ws/install/nav2_msgs/include/nav2_msgs/srv/detail/clear_costmap_around_robot__rosidl_typesupport_fastrtps_c.h
[2.776s] -- Up-to-date: /home/supro/supro_ws/install/nav2_msgs/include/nav2_msgs/srv/detail/get_costmap__rosidl_typesupport_fastrtps_c.h
[2.776s] -- Up-to-date: /home/supro/supro_ws/install/nav2_msgs/include/nav2_msgs/srv/detail/load_map__rosidl_typesupport_fastrtps_c.h
[2.776s] -- Up-to-date: /home/supro/supro_ws/install/nav2_msgs/include/nav2_msgs/srv/detail/clear_entire_costmap__rosidl_typesupport_fastrtps_c.h
[2.776s] -- Up-to-date: /home/supro/supro_ws/install/nav2_msgs/lib/libnav2_msgs__rosidl_typesupport_fastrtps_c.so
[2.777s] -- Up-to-date: /home/supro/supro_ws/install/nav2_msgs/include/nav2_msgs
[2.777s] -- Up-to-date: /home/supro/supro_ws/install/nav2_msgs/include/nav2_msgs/msg
[2.777s] -- Up-to-date: /home/supro/supro_ws/install/nav2_msgs/include/nav2_msgs/msg/rosidl_typesupport_fastrtps_cpp__visibility_control.h
[2.777s] -- Up-to-date: /home/supro/supro_ws/install/nav2_msgs/include/nav2_msgs/msg/detail
[2.777s] -- Up-to-date: /home/supro/supro_ws/install/nav2_msgs/include/nav2_msgs/msg/detail/costmap__rosidl_typesupport_fastrtps_cpp.hpp
[2.777s] -- Up-to-date: /home/supro/supro_ws/install/nav2_msgs/include/nav2_msgs/msg/detail/behavior_tree_status_change__rosidl_typesupport_fastrtps_cpp.hpp
[2.777s] -- Up-to-date: /home/supro/supro_ws/install/nav2_msgs/include/nav2_msgs/msg/detail/costmap_meta_data__rosidl_typesupport_fastrtps_cpp.hpp
[2.777s] -- Up-to-date: /home/supro/supro_ws/install/nav2_msgs/include/nav2_msgs/msg/detail/particle_cloud__rosidl_typesupport_fastrtps_cpp.hpp
[2.778s] -- Up-to-date: /home/supro/supro_ws/install/nav2_msgs/include/nav2_msgs/msg/detail/particle__rosidl_typesupport_fastrtps_cpp.hpp
[2.778s] -- Up-to-date: /home/supro/supro_ws/install/nav2_msgs/include/nav2_msgs/msg/detail/voxel_grid__rosidl_typesupport_fastrtps_cpp.hpp
[2.778s] -- Up-to-date: /home/supro/supro_ws/install/nav2_msgs/include/nav2_msgs/msg/detail/behavior_tree_log__rosidl_typesupport_fastrtps_cpp.hpp
[2.778s] -- Up-to-date: /home/supro/supro_ws/install/nav2_msgs/include/nav2_msgs/msg/detail/dds_fastrtps
[2.778s] -- Up-to-date: /home/supro/supro_ws/install/nav2_msgs/include/nav2_msgs/action
[2.778s] -- Up-to-date: /home/supro/supro_ws/install/nav2_msgs/include/nav2_msgs/action/detail
[2.778s] -- Up-to-date: /home/supro/supro_ws/install/nav2_msgs/include/nav2_msgs/action/detail/compute_path_to_pose__rosidl_typesupport_fastrtps_cpp.hpp
[2.778s] -- Up-to-date: /home/supro/supro_ws/install/nav2_msgs/include/nav2_msgs/action/detail/back_up__rosidl_typesupport_fastrtps_cpp.hpp
[2.778s] -- Up-to-date: /home/supro/supro_ws/install/nav2_msgs/include/nav2_msgs/action/detail/navigate_to_pose__rosidl_typesupport_fastrtps_cpp.hpp
[2.779s] -- Up-to-date: /home/supro/supro_ws/install/nav2_msgs/include/nav2_msgs/action/detail/spin__rosidl_typesupport_fastrtps_cpp.hpp
[2.779s] -- Up-to-date: /home/supro/supro_ws/install/nav2_msgs/include/nav2_msgs/action/detail/follow_path__rosidl_typesupport_fastrtps_cpp.hpp
[2.779s] -- Up-to-date: /home/supro/supro_ws/install/nav2_msgs/include/nav2_msgs/action/detail/wait__rosidl_typesupport_fastrtps_cpp.hpp
[2.779s] -- Up-to-date: /home/supro/supro_ws/install/nav2_msgs/include/nav2_msgs/action/detail/dummy_recovery__rosidl_typesupport_fastrtps_cpp.hpp
[2.779s] -- Up-to-date: /home/supro/supro_ws/install/nav2_msgs/include/nav2_msgs/action/detail/follow_waypoints__rosidl_typesupport_fastrtps_cpp.hpp
[2.779s] -- Up-to-date: /home/supro/supro_ws/install/nav2_msgs/include/nav2_msgs/action/detail/dds_fastrtps
[2.779s] -- Up-to-date: /home/supro/supro_ws/install/nav2_msgs/include/nav2_msgs/srv
[2.779s] -- Up-to-date: /home/supro/supro_ws/install/nav2_msgs/include/nav2_msgs/srv/detail
[2.780s] -- Up-to-date: /home/supro/supro_ws/install/nav2_msgs/include/nav2_msgs/srv/detail/get_costmap__rosidl_typesupport_fastrtps_cpp.hpp
[2.780s] -- Up-to-date: /home/supro/supro_ws/install/nav2_msgs/include/nav2_msgs/srv/detail/manage_lifecycle_nodes__rosidl_typesupport_fastrtps_cpp.hpp
[2.780s] -- Up-to-date: /home/supro/supro_ws/install/nav2_msgs/include/nav2_msgs/srv/detail/save_map__rosidl_typesupport_fastrtps_cpp.hpp
[2.780s] -- Up-to-date: /home/supro/supro_ws/install/nav2_msgs/include/nav2_msgs/srv/detail/load_map__rosidl_typesupport_fastrtps_cpp.hpp
[2.780s] -- Up-to-date: /home/supro/supro_ws/install/nav2_msgs/include/nav2_msgs/srv/detail/clear_costmap_except_region__rosidl_typesupport_fastrtps_cpp.hpp
[2.780s] -- Up-to-date: /home/supro/supro_ws/install/nav2_msgs/include/nav2_msgs/srv/detail/clear_entire_costmap__rosidl_typesupport_fastrtps_cpp.hpp
[2.780s] -- Up-to-date: /home/supro/supro_ws/install/nav2_msgs/include/nav2_msgs/srv/detail/clear_costmap_around_robot__rosidl_typesupport_fastrtps_cpp.hpp
[2.780s] -- Up-to-date: /home/supro/supro_ws/install/nav2_msgs/include/nav2_msgs/srv/detail/dds_fastrtps
[2.780s] -- Up-to-date: /home/supro/supro_ws/install/nav2_msgs/lib/libnav2_msgs__rosidl_typesupport_fastrtps_cpp.so
[2.781s] -- Up-to-date: /home/supro/supro_ws/install/nav2_msgs/include/nav2_msgs
[2.781s] -- Up-to-date: /home/supro/supro_ws/install/nav2_msgs/include/nav2_msgs/msg
[2.781s] -- Up-to-date: /home/supro/supro_ws/install/nav2_msgs/include/nav2_msgs/msg/rosidl_typesupport_introspection_c__visibility_control.h
[2.781s] -- Up-to-date: /home/supro/supro_ws/install/nav2_msgs/include/nav2_msgs/msg/detail
[2.781s] -- Up-to-date: /home/supro/supro_ws/install/nav2_msgs/include/nav2_msgs/msg/detail/behavior_tree_log__type_support.c
[2.781s] -- Up-to-date: /home/supro/supro_ws/install/nav2_msgs/include/nav2_msgs/msg/detail/costmap__type_support.c
[2.781s] -- Up-to-date: /home/supro/supro_ws/install/nav2_msgs/include/nav2_msgs/msg/detail/particle_cloud__type_support.c
[2.781s] -- Up-to-date: /home/supro/supro_ws/install/nav2_msgs/include/nav2_msgs/msg/detail/costmap_meta_data__type_support.c
[2.782s] -- Up-to-date: /home/supro/supro_ws/install/nav2_msgs/include/nav2_msgs/msg/detail/particle__rosidl_typesupport_introspection_c.h
[2.782s] -- Up-to-date: /home/supro/supro_ws/install/nav2_msgs/include/nav2_msgs/msg/detail/voxel_grid__type_support.c
[2.782s] -- Up-to-date: /home/supro/supro_ws/install/nav2_msgs/include/nav2_msgs/msg/detail/behavior_tree_log__rosidl_typesupport_introspection_c.h
[2.782s] -- Up-to-date: /home/supro/supro_ws/install/nav2_msgs/include/nav2_msgs/msg/detail/particle_cloud__rosidl_typesupport_introspection_c.h
[2.782s] -- Up-to-date: /home/supro/supro_ws/install/nav2_msgs/include/nav2_msgs/msg/detail/behavior_tree_status_change__rosidl_typesupport_introspection_c.h
[2.782s] -- Up-to-date: /home/supro/supro_ws/install/nav2_msgs/include/nav2_msgs/msg/detail/particle__type_support.c
[2.782s] -- Up-to-date: /home/supro/supro_ws/install/nav2_msgs/include/nav2_msgs/msg/detail/behavior_tree_status_change__type_support.c
[2.782s] -- Up-to-date: /home/supro/supro_ws/install/nav2_msgs/include/nav2_msgs/msg/detail/costmap_meta_data__rosidl_typesupport_introspection_c.h
[2.782s] -- Up-to-date: /home/supro/supro_ws/install/nav2_msgs/include/nav2_msgs/msg/detail/voxel_grid__rosidl_typesupport_introspection_c.h
[2.782s] -- Up-to-date: /home/supro/supro_ws/install/nav2_msgs/include/nav2_msgs/msg/detail/costmap__rosidl_typesupport_introspection_c.h
[2.782s] -- Up-to-date: /home/supro/supro_ws/install/nav2_msgs/include/nav2_msgs/action
[2.783s] -- Up-to-date: /home/supro/supro_ws/install/nav2_msgs/include/nav2_msgs/action/detail
[2.783s] -- Up-to-date: /home/supro/supro_ws/install/nav2_msgs/include/nav2_msgs/action/detail/wait__type_support.c
[2.783s] -- Up-to-date: /home/supro/supro_ws/install/nav2_msgs/include/nav2_msgs/action/detail/wait__rosidl_typesupport_introspection_c.h
[2.783s] -- Up-to-date: /home/supro/supro_ws/install/nav2_msgs/include/nav2_msgs/action/detail/back_up__type_support.c
[2.783s] -- Up-to-date: /home/supro/supro_ws/install/nav2_msgs/include/nav2_msgs/action/detail/spin__type_support.c
[2.783s] -- Up-to-date: /home/supro/supro_ws/install/nav2_msgs/include/nav2_msgs/action/detail/dummy_recovery__type_support.c
[2.783s] -- Up-to-date: /home/supro/supro_ws/install/nav2_msgs/include/nav2_msgs/action/detail/back_up__rosidl_typesupport_introspection_c.h
[2.783s] -- Up-to-date: /home/supro/supro_ws/install/nav2_msgs/include/nav2_msgs/action/detail/spin__rosidl_typesupport_introspection_c.h
[2.783s] -- Up-to-date: /home/supro/supro_ws/install/nav2_msgs/include/nav2_msgs/action/detail/follow_waypoints__rosidl_typesupport_introspection_c.h
[2.784s] -- Up-to-date: /home/supro/supro_ws/install/nav2_msgs/include/nav2_msgs/action/detail/follow_path__rosidl_typesupport_introspection_c.h
[2.784s] -- Up-to-date: /home/supro/supro_ws/install/nav2_msgs/include/nav2_msgs/action/detail/compute_path_to_pose__rosidl_typesupport_introspection_c.h
[2.784s] -- Up-to-date: /home/supro/supro_ws/install/nav2_msgs/include/nav2_msgs/action/detail/follow_waypoints__type_support.c
[2.784s] -- Up-to-date: /home/supro/supro_ws/install/nav2_msgs/include/nav2_msgs/action/detail/follow_path__type_support.c
[2.784s] -- Up-to-date: /home/supro/supro_ws/install/nav2_msgs/include/nav2_msgs/action/detail/navigate_to_pose__type_support.c
[2.784s] -- Up-to-date: /home/supro/supro_ws/install/nav2_msgs/include/nav2_msgs/action/detail/navigate_to_pose__rosidl_typesupport_introspection_c.h
[2.784s] -- Up-to-date: /home/supro/supro_ws/install/nav2_msgs/include/nav2_msgs/action/detail/dummy_recovery__rosidl_typesupport_introspection_c.h
[2.784s] -- Up-to-date: /home/supro/supro_ws/install/nav2_msgs/include/nav2_msgs/action/detail/compute_path_to_pose__type_support.c
[2.784s] -- Up-to-date: /home/supro/supro_ws/install/nav2_msgs/include/nav2_msgs/srv
[2.785s] -- Up-to-date: /home/supro/supro_ws/install/nav2_msgs/include/nav2_msgs/srv/detail
[2.785s] -- Up-to-date: /home/supro/supro_ws/install/nav2_msgs/include/nav2_msgs/srv/detail/clear_costmap_except_region__type_support.c
[2.785s] -- Up-to-date: /home/supro/supro_ws/install/nav2_msgs/include/nav2_msgs/srv/detail/save_map__type_support.c
[2.785s] -- Up-to-date: /home/supro/supro_ws/install/nav2_msgs/include/nav2_msgs/srv/detail/load_map__rosidl_typesupport_introspection_c.h
[2.785s] -- Up-to-date: /home/supro/supro_ws/install/nav2_msgs/include/nav2_msgs/srv/detail/clear_costmap_around_robot__rosidl_typesupport_introspection_c.h
[2.785s] -- Up-to-date: /home/supro/supro_ws/install/nav2_msgs/include/nav2_msgs/srv/detail/get_costmap__type_support.c
[2.785s] -- Up-to-date: /home/supro/supro_ws/install/nav2_msgs/include/nav2_msgs/srv/detail/clear_entire_costmap__rosidl_typesupport_introspection_c.h
[2.785s] -- Up-to-date: /home/supro/supro_ws/install/nav2_msgs/include/nav2_msgs/srv/detail/clear_costmap_around_robot__type_support.c
[2.785s] -- Up-to-date: /home/supro/supro_ws/install/nav2_msgs/include/nav2_msgs/srv/detail/clear_entire_costmap__type_support.c
[2.785s] -- Up-to-date: /home/supro/supro_ws/install/nav2_msgs/include/nav2_msgs/srv/detail/load_map__type_support.c
[2.786s] -- Up-to-date: /home/supro/supro_ws/install/nav2_msgs/include/nav2_msgs/srv/detail/manage_lifecycle_nodes__type_support.c
[2.786s] -- Up-to-date: /home/supro/supro_ws/install/nav2_msgs/include/nav2_msgs/srv/detail/manage_lifecycle_nodes__rosidl_typesupport_introspection_c.h
[2.786s] -- Up-to-date: /home/supro/supro_ws/install/nav2_msgs/include/nav2_msgs/srv/detail/get_costmap__rosidl_typesupport_introspection_c.h
[2.786s] -- Up-to-date: /home/supro/supro_ws/install/nav2_msgs/include/nav2_msgs/srv/detail/clear_costmap_except_region__rosidl_typesupport_introspection_c.h
[2.786s] -- Up-to-date: /home/supro/supro_ws/install/nav2_msgs/include/nav2_msgs/srv/detail/save_map__rosidl_typesupport_introspection_c.h
[2.786s] -- Up-to-date: /home/supro/supro_ws/install/nav2_msgs/lib/libnav2_msgs__rosidl_typesupport_introspection_c.so
[2.786s] -- Up-to-date: /home/supro/supro_ws/install/nav2_msgs/lib/libnav2_msgs__rosidl_typesupport_c.so
[2.786s] -- Up-to-date: /home/supro/supro_ws/install/nav2_msgs/include/nav2_msgs
[2.786s] -- Up-to-date: /home/supro/supro_ws/install/nav2_msgs/include/nav2_msgs/msg
[2.787s] -- Up-to-date: /home/supro/supro_ws/install/nav2_msgs/include/nav2_msgs/msg/behavior_tree_log.hpp
[2.787s] -- Up-to-date: /home/supro/supro_ws/install/nav2_msgs/include/nav2_msgs/msg/costmap_meta_data.hpp
[2.787s] -- Up-to-date: /home/supro/supro_ws/install/nav2_msgs/include/nav2_msgs/msg/behavior_tree_status_change.hpp
[2.787s] -- Up-to-date: /home/supro/supro_ws/install/nav2_msgs/include/nav2_msgs/msg/voxel_grid.hpp
[2.787s] -- Up-to-date: /home/supro/supro_ws/install/nav2_msgs/include/nav2_msgs/msg/particle.hpp
[2.787s] -- Up-to-date: /home/supro/supro_ws/install/nav2_msgs/include/nav2_msgs/msg/costmap.hpp
[2.787s] -- Up-to-date: /home/supro/supro_ws/install/nav2_msgs/include/nav2_msgs/msg/detail
[2.787s] -- Up-to-date: /home/supro/supro_ws/install/nav2_msgs/include/nav2_msgs/msg/detail/voxel_grid__traits.hpp
[2.787s] -- Up-to-date: /home/supro/supro_ws/install/nav2_msgs/include/nav2_msgs/msg/detail/particle_cloud__traits.hpp
[2.788s] -- Up-to-date: /home/supro/supro_ws/install/nav2_msgs/include/nav2_msgs/msg/detail/voxel_grid__builder.hpp
[2.788s] -- Up-to-date: /home/supro/supro_ws/install/nav2_msgs/include/nav2_msgs/msg/detail/particle_cloud__struct.hpp
[2.788s] -- Up-to-date: /home/supro/supro_ws/install/nav2_msgs/include/nav2_msgs/msg/detail/costmap__traits.hpp
[2.788s] -- Up-to-date: /home/supro/supro_ws/install/nav2_msgs/include/nav2_msgs/msg/detail/particle_cloud__builder.hpp
[2.788s] -- Up-to-date: /home/supro/supro_ws/install/nav2_msgs/include/nav2_msgs/msg/detail/particle__builder.hpp
[2.788s] -- Up-to-date: /home/supro/supro_ws/install/nav2_msgs/include/nav2_msgs/msg/detail/behavior_tree_log__traits.hpp
[2.788s] -- Up-to-date: /home/supro/supro_ws/install/nav2_msgs/include/nav2_msgs/msg/detail/behavior_tree_status_change__traits.hpp
[2.788s] -- Up-to-date: /home/supro/supro_ws/install/nav2_msgs/include/nav2_msgs/msg/detail/voxel_grid__struct.hpp
[2.788s] -- Up-to-date: /home/supro/supro_ws/install/nav2_msgs/include/nav2_msgs/msg/detail/particle__traits.hpp
[2.789s] -- Up-to-date: /home/supro/supro_ws/install/nav2_msgs/include/nav2_msgs/msg/detail/particle__struct.hpp
[2.789s] -- Up-to-date: /home/supro/supro_ws/install/nav2_msgs/include/nav2_msgs/msg/detail/costmap__builder.hpp
[2.789s] -- Up-to-date: /home/supro/supro_ws/install/nav2_msgs/include/nav2_msgs/msg/detail/behavior_tree_status_change__struct.hpp
[2.789s] -- Up-to-date: /home/supro/supro_ws/install/nav2_msgs/include/nav2_msgs/msg/detail/costmap_meta_data__traits.hpp
[2.789s] -- Up-to-date: /home/supro/supro_ws/install/nav2_msgs/include/nav2_msgs/msg/detail/behavior_tree_status_change__builder.hpp
[2.789s] -- Up-to-date: /home/supro/supro_ws/install/nav2_msgs/include/nav2_msgs/msg/detail/costmap_meta_data__struct.hpp
[2.789s] -- Up-to-date: /home/supro/supro_ws/install/nav2_msgs/include/nav2_msgs/msg/detail/behavior_tree_log__builder.hpp
[2.789s] -- Up-to-date: /home/supro/supro_ws/install/nav2_msgs/include/nav2_msgs/msg/detail/costmap__struct.hpp
[2.790s] -- Up-to-date: /home/supro/supro_ws/install/nav2_msgs/include/nav2_msgs/msg/detail/behavior_tree_log__struct.hpp
[2.790s] -- Up-to-date: /home/supro/supro_ws/install/nav2_msgs/include/nav2_msgs/msg/detail/costmap_meta_data__builder.hpp
[2.790s] -- Up-to-date: /home/supro/supro_ws/install/nav2_msgs/include/nav2_msgs/msg/particle_cloud.hpp
[2.790s] -- Up-to-date: /home/supro/supro_ws/install/nav2_msgs/include/nav2_msgs/action
[2.790s] -- Up-to-date: /home/supro/supro_ws/install/nav2_msgs/include/nav2_msgs/action/back_up.hpp
[2.790s] -- Up-to-date: /home/supro/supro_ws/install/nav2_msgs/include/nav2_msgs/action/compute_path_to_pose.hpp
[2.790s] -- Up-to-date: /home/supro/supro_ws/install/nav2_msgs/include/nav2_msgs/action/dummy_recovery.hpp
[2.790s] -- Up-to-date: /home/supro/supro_ws/install/nav2_msgs/include/nav2_msgs/action/spin.hpp
[2.790s] -- Up-to-date: /home/supro/supro_ws/install/nav2_msgs/include/nav2_msgs/action/navigate_to_pose.hpp
[2.791s] -- Up-to-date: /home/supro/supro_ws/install/nav2_msgs/include/nav2_msgs/action/follow_path.hpp
[2.791s] -- Up-to-date: /home/supro/supro_ws/install/nav2_msgs/include/nav2_msgs/action/wait.hpp
[2.791s] -- Up-to-date: /home/supro/supro_ws/install/nav2_msgs/include/nav2_msgs/action/follow_waypoints.hpp
[2.791s] -- Up-to-date: /home/supro/supro_ws/install/nav2_msgs/include/nav2_msgs/action/detail
[2.791s] -- Up-to-date: /home/supro/supro_ws/install/nav2_msgs/include/nav2_msgs/action/detail/follow_path__struct.hpp
[2.791s] -- Up-to-date: /home/supro/supro_ws/install/nav2_msgs/include/nav2_msgs/action/detail/compute_path_to_pose__builder.hpp
[2.791s] -- Up-to-date: /home/supro/supro_ws/install/nav2_msgs/include/nav2_msgs/action/detail/wait__builder.hpp
[2.791s] -- Up-to-date: /home/supro/supro_ws/install/nav2_msgs/include/nav2_msgs/action/detail/dummy_recovery__traits.hpp
[2.791s] -- Up-to-date: /home/supro/supro_ws/install/nav2_msgs/include/nav2_msgs/action/detail/back_up__builder.hpp
[2.791s] -- Up-to-date: /home/supro/supro_ws/install/nav2_msgs/include/nav2_msgs/action/detail/compute_path_to_pose__struct.hpp
[2.792s] -- Up-to-date: /home/supro/supro_ws/install/nav2_msgs/include/nav2_msgs/action/detail/follow_waypoints__struct.hpp
[2.792s] -- Up-to-date: /home/supro/supro_ws/install/nav2_msgs/include/nav2_msgs/action/detail/dummy_recovery__builder.hpp
[2.792s] -- Up-to-date: /home/supro/supro_ws/install/nav2_msgs/include/nav2_msgs/action/detail/follow_path__traits.hpp
[2.792s] -- Up-to-date: /home/supro/supro_ws/install/nav2_msgs/include/nav2_msgs/action/detail/wait__traits.hpp
[2.792s] -- Up-to-date: /home/supro/supro_ws/install/nav2_msgs/include/nav2_msgs/action/detail/follow_waypoints__builder.hpp
[2.792s] -- Up-to-date: /home/supro/supro_ws/install/nav2_msgs/include/nav2_msgs/action/detail/back_up__traits.hpp
[2.792s] -- Up-to-date: /home/supro/supro_ws/install/nav2_msgs/include/nav2_msgs/action/detail/navigate_to_pose__builder.hpp
[2.792s] -- Up-to-date: /home/supro/supro_ws/install/nav2_msgs/include/nav2_msgs/action/detail/navigate_to_pose__traits.hpp
[2.793s] -- Up-to-date: /home/supro/supro_ws/install/nav2_msgs/include/nav2_msgs/action/detail/compute_path_to_pose__traits.hpp
[2.793s] -- Up-to-date: /home/supro/supro_ws/install/nav2_msgs/include/nav2_msgs/action/detail/back_up__struct.hpp
[2.793s] -- Up-to-date: /home/supro/supro_ws/install/nav2_msgs/include/nav2_msgs/action/detail/wait__struct.hpp
[2.793s] -- Up-to-date: /home/supro/supro_ws/install/nav2_msgs/include/nav2_msgs/action/detail/spin__builder.hpp
[2.793s] -- Up-to-date: /home/supro/supro_ws/install/nav2_msgs/include/nav2_msgs/action/detail/follow_path__builder.hpp
[2.793s] -- Up-to-date: /home/supro/supro_ws/install/nav2_msgs/include/nav2_msgs/action/detail/spin__struct.hpp
[2.793s] -- Up-to-date: /home/supro/supro_ws/install/nav2_msgs/include/nav2_msgs/action/detail/dummy_recovery__struct.hpp
[2.793s] -- Up-to-date: /home/supro/supro_ws/install/nav2_msgs/include/nav2_msgs/action/detail/spin__traits.hpp
[2.793s] -- Up-to-date: /home/supro/supro_ws/install/nav2_msgs/include/nav2_msgs/action/detail/follow_waypoints__traits.hpp
[2.793s] -- Up-to-date: /home/supro/supro_ws/install/nav2_msgs/include/nav2_msgs/action/detail/navigate_to_pose__struct.hpp
[2.793s] -- Up-to-date: /home/supro/supro_ws/install/nav2_msgs/include/nav2_msgs/srv
[2.794s] -- Up-to-date: /home/supro/supro_ws/install/nav2_msgs/include/nav2_msgs/srv/load_map.hpp
[2.794s] -- Up-to-date: /home/supro/supro_ws/install/nav2_msgs/include/nav2_msgs/srv/clear_entire_costmap.hpp
[2.794s] -- Up-to-date: /home/supro/supro_ws/install/nav2_msgs/include/nav2_msgs/srv/get_costmap.hpp
[2.794s] -- Up-to-date: /home/supro/supro_ws/install/nav2_msgs/include/nav2_msgs/srv/clear_costmap_around_robot.hpp
[2.794s] -- Up-to-date: /home/supro/supro_ws/install/nav2_msgs/include/nav2_msgs/srv/save_map.hpp
[2.794s] -- Up-to-date: /home/supro/supro_ws/install/nav2_msgs/include/nav2_msgs/srv/manage_lifecycle_nodes.hpp
[2.794s] -- Up-to-date: /home/supro/supro_ws/install/nav2_msgs/include/nav2_msgs/srv/clear_costmap_except_region.hpp
[2.794s] -- Up-to-date: /home/supro/supro_ws/install/nav2_msgs/include/nav2_msgs/srv/detail
[2.795s] -- Up-to-date: /home/supro/supro_ws/install/nav2_msgs/include/nav2_msgs/srv/detail/clear_costmap_except_region__struct.hpp
[2.795s] -- Up-to-date: /home/supro/supro_ws/install/nav2_msgs/include/nav2_msgs/srv/detail/get_costmap__builder.hpp
[2.795s] -- Up-to-date: /home/supro/supro_ws/install/nav2_msgs/include/nav2_msgs/srv/detail/manage_lifecycle_nodes__builder.hpp
[2.795s] -- Up-to-date: /home/supro/supro_ws/install/nav2_msgs/include/nav2_msgs/srv/detail/load_map__traits.hpp
[2.795s] -- Up-to-date: /home/supro/supro_ws/install/nav2_msgs/include/nav2_msgs/srv/detail/clear_entire_costmap__struct.hpp
[2.795s] -- Up-to-date: /home/supro/supro_ws/install/nav2_msgs/include/nav2_msgs/srv/detail/load_map__struct.hpp
[2.795s] -- Up-to-date: /home/supro/supro_ws/install/nav2_msgs/include/nav2_msgs/srv/detail/clear_costmap_except_region__traits.hpp
[2.795s] -- Up-to-date: /home/supro/supro_ws/install/nav2_msgs/include/nav2_msgs/srv/detail/clear_entire_costmap__traits.hpp
[2.795s] -- Up-to-date: /home/supro/supro_ws/install/nav2_msgs/include/nav2_msgs/srv/detail/clear_costmap_around_robot__traits.hpp
[2.796s] -- Up-to-date: /home/supro/supro_ws/install/nav2_msgs/include/nav2_msgs/srv/detail/get_costmap__struct.hpp
[2.796s] -- Up-to-date: /home/supro/supro_ws/install/nav2_msgs/include/nav2_msgs/srv/detail/save_map__struct.hpp
[2.796s] -- Up-to-date: /home/supro/supro_ws/install/nav2_msgs/include/nav2_msgs/srv/detail/get_costmap__traits.hpp
[2.796s] -- Up-to-date: /home/supro/supro_ws/install/nav2_msgs/include/nav2_msgs/srv/detail/load_map__builder.hpp
[2.796s] -- Up-to-date: /home/supro/supro_ws/install/nav2_msgs/include/nav2_msgs/srv/detail/manage_lifecycle_nodes__traits.hpp
[2.796s] -- Up-to-date: /home/supro/supro_ws/install/nav2_msgs/include/nav2_msgs/srv/detail/clear_entire_costmap__builder.hpp
[2.796s] -- Up-to-date: /home/supro/supro_ws/install/nav2_msgs/include/nav2_msgs/srv/detail/clear_costmap_around_robot__struct.hpp
[2.796s] -- Up-to-date: /home/supro/supro_ws/install/nav2_msgs/include/nav2_msgs/srv/detail/save_map__builder.hpp
[2.796s] -- Up-to-date: /home/supro/supro_ws/install/nav2_msgs/include/nav2_msgs/srv/detail/save_map__traits.hpp
[2.796s] -- Up-to-date: /home/supro/supro_ws/install/nav2_msgs/include/nav2_msgs/srv/detail/clear_costmap_except_region__builder.hpp
[2.796s] -- Up-to-date: /home/supro/supro_ws/install/nav2_msgs/include/nav2_msgs/srv/detail/manage_lifecycle_nodes__struct.hpp
[2.797s] -- Up-to-date: /home/supro/supro_ws/install/nav2_msgs/include/nav2_msgs/srv/detail/clear_costmap_around_robot__builder.hpp
[2.797s] -- Up-to-date: /home/supro/supro_ws/install/nav2_msgs/include/nav2_msgs
[2.797s] -- Up-to-date: /home/supro/supro_ws/install/nav2_msgs/include/nav2_msgs/msg
[2.797s] -- Up-to-date: /home/supro/supro_ws/install/nav2_msgs/include/nav2_msgs/msg/detail
[2.797s] -- Up-to-date: /home/supro/supro_ws/install/nav2_msgs/include/nav2_msgs/msg/detail/costmap__type_support.cpp
[2.797s] -- Up-to-date: /home/supro/supro_ws/install/nav2_msgs/include/nav2_msgs/msg/detail/particle_cloud__rosidl_typesupport_introspection_cpp.hpp
[2.797s] -- Up-to-date: /home/supro/supro_ws/install/nav2_msgs/include/nav2_msgs/msg/detail/particle__type_support.cpp
[2.797s] -- Up-to-date: /home/supro/supro_ws/install/nav2_msgs/include/nav2_msgs/msg/detail/behavior_tree_status_change__type_support.cpp
[2.797s] -- Up-to-date: /home/supro/supro_ws/install/nav2_msgs/include/nav2_msgs/msg/detail/behavior_tree_log__rosidl_typesupport_introspection_cpp.hpp
[2.798s] -- Up-to-date: /home/supro/supro_ws/install/nav2_msgs/include/nav2_msgs/msg/detail/voxel_grid__type_support.cpp
[2.798s] -- Up-to-date: /home/supro/supro_ws/install/nav2_msgs/include/nav2_msgs/msg/detail/costmap_meta_data__rosidl_typesupport_introspection_cpp.hpp
[2.798s] -- Up-to-date: /home/supro/supro_ws/install/nav2_msgs/include/nav2_msgs/msg/detail/costmap_meta_data__type_support.cpp
[2.798s] -- Up-to-date: /home/supro/supro_ws/install/nav2_msgs/include/nav2_msgs/msg/detail/behavior_tree_status_change__rosidl_typesupport_introspection_cpp.hpp
[2.798s] -- Up-to-date: /home/supro/supro_ws/install/nav2_msgs/include/nav2_msgs/msg/detail/particle__rosidl_typesupport_introspection_cpp.hpp
[2.798s] -- Up-to-date: /home/supro/supro_ws/install/nav2_msgs/include/nav2_msgs/msg/detail/voxel_grid__rosidl_typesupport_introspection_cpp.hpp
[2.798s] -- Up-to-date: /home/supro/supro_ws/install/nav2_msgs/include/nav2_msgs/msg/detail/particle_cloud__type_support.cpp
[2.798s] -- Up-to-date: /home/supro/supro_ws/install/nav2_msgs/include/nav2_msgs/msg/detail/behavior_tree_log__type_support.cpp
[2.799s] -- Up-to-date: /home/supro/supro_ws/install/nav2_msgs/include/nav2_msgs/msg/detail/costmap__rosidl_typesupport_introspection_cpp.hpp
[2.799s] -- Up-to-date: /home/supro/supro_ws/install/nav2_msgs/include/nav2_msgs/action
[2.799s] -- Up-to-date: /home/supro/supro_ws/install/nav2_msgs/include/nav2_msgs/action/detail
[2.799s] -- Up-to-date: /home/supro/supro_ws/install/nav2_msgs/include/nav2_msgs/action/detail/follow_path__type_support.cpp
[2.799s] -- Up-to-date: /home/supro/supro_ws/install/nav2_msgs/include/nav2_msgs/action/detail/spin__rosidl_typesupport_introspection_cpp.hpp
[2.799s] -- Up-to-date: /home/supro/supro_ws/install/nav2_msgs/include/nav2_msgs/action/detail/follow_waypoints__type_support.cpp
[2.799s] -- Up-to-date: /home/supro/supro_ws/install/nav2_msgs/include/nav2_msgs/action/detail/spin__type_support.cpp
[2.799s] -- Up-to-date: /home/supro/supro_ws/install/nav2_msgs/include/nav2_msgs/action/detail/navigate_to_pose__rosidl_typesupport_introspection_cpp.hpp
[2.799s] -- Up-to-date: /home/supro/supro_ws/install/nav2_msgs/include/nav2_msgs/action/detail/back_up__rosidl_typesupport_introspection_cpp.hpp
[2.799s] -- Up-to-date: /home/supro/supro_ws/install/nav2_msgs/include/nav2_msgs/action/detail/wait__type_support.cpp
[2.800s] -- Up-to-date: /home/supro/supro_ws/install/nav2_msgs/include/nav2_msgs/action/detail/follow_waypoints__rosidl_typesupport_introspection_cpp.hpp
[2.800s] -- Up-to-date: /home/supro/supro_ws/install/nav2_msgs/include/nav2_msgs/action/detail/compute_path_to_pose__type_support.cpp
[2.800s] -- Up-to-date: /home/supro/supro_ws/install/nav2_msgs/include/nav2_msgs/action/detail/back_up__type_support.cpp
[2.800s] -- Up-to-date: /home/supro/supro_ws/install/nav2_msgs/include/nav2_msgs/action/detail/compute_path_to_pose__rosidl_typesupport_introspection_cpp.hpp
[2.800s] -- Up-to-date: /home/supro/supro_ws/install/nav2_msgs/include/nav2_msgs/action/detail/follow_path__rosidl_typesupport_introspection_cpp.hpp
[2.800s] -- Up-to-date: /home/supro/supro_ws/install/nav2_msgs/include/nav2_msgs/action/detail/dummy_recovery__type_support.cpp
[2.800s] -- Up-to-date: /home/supro/supro_ws/install/nav2_msgs/include/nav2_msgs/action/detail/navigate_to_pose__type_support.cpp
[2.800s] -- Up-to-date: /home/supro/supro_ws/install/nav2_msgs/include/nav2_msgs/action/detail/dummy_recovery__rosidl_typesupport_introspection_cpp.hpp
[2.801s] -- Up-to-date: /home/supro/supro_ws/install/nav2_msgs/include/nav2_msgs/action/detail/wait__rosidl_typesupport_introspection_cpp.hpp
[2.801s] -- Up-to-date: /home/supro/supro_ws/install/nav2_msgs/include/nav2_msgs/srv
[2.801s] -- Up-to-date: /home/supro/supro_ws/install/nav2_msgs/include/nav2_msgs/srv/detail
[2.801s] -- Up-to-date: /home/supro/supro_ws/install/nav2_msgs/include/nav2_msgs/srv/detail/clear_costmap_except_region__rosidl_typesupport_introspection_cpp.hpp
[2.801s] -- Up-to-date: /home/supro/supro_ws/install/nav2_msgs/include/nav2_msgs/srv/detail/clear_costmap_around_robot__type_support.cpp
[2.801s] -- Up-to-date: /home/supro/supro_ws/install/nav2_msgs/include/nav2_msgs/srv/detail/clear_entire_costmap__rosidl_typesupport_introspection_cpp.hpp
[2.801s] -- Up-to-date: /home/supro/supro_ws/install/nav2_msgs/include/nav2_msgs/srv/detail/manage_lifecycle_nodes__rosidl_typesupport_introspection_cpp.hpp
[2.801s] -- Up-to-date: /home/supro/supro_ws/install/nav2_msgs/include/nav2_msgs/srv/detail/clear_costmap_except_region__type_support.cpp
[2.801s] -- Up-to-date: /home/supro/supro_ws/install/nav2_msgs/include/nav2_msgs/srv/detail/clear_entire_costmap__type_support.cpp
[2.801s] -- Up-to-date: /home/supro/supro_ws/install/nav2_msgs/include/nav2_msgs/srv/detail/load_map__type_support.cpp
[2.802s] -- Up-to-date: /home/supro/supro_ws/install/nav2_msgs/include/nav2_msgs/srv/detail/save_map__type_support.cpp
[2.802s] -- Up-to-date: /home/supro/supro_ws/install/nav2_msgs/include/nav2_msgs/srv/detail/save_map__rosidl_typesupport_introspection_cpp.hpp
[2.802s] -- Up-to-date: /home/supro/supro_ws/install/nav2_msgs/include/nav2_msgs/srv/detail/manage_lifecycle_nodes__type_support.cpp
[2.802s] -- Up-to-date: /home/supro/supro_ws/install/nav2_msgs/include/nav2_msgs/srv/detail/get_costmap__type_support.cpp
[2.802s] -- Up-to-date: /home/supro/supro_ws/install/nav2_msgs/include/nav2_msgs/srv/detail/clear_costmap_around_robot__rosidl_typesupport_introspection_cpp.hpp
[2.802s] -- Up-to-date: /home/supro/supro_ws/install/nav2_msgs/include/nav2_msgs/srv/detail/get_costmap__rosidl_typesupport_introspection_cpp.hpp
[2.802s] -- Up-to-date: /home/supro/supro_ws/install/nav2_msgs/include/nav2_msgs/srv/detail/load_map__rosidl_typesupport_introspection_cpp.hpp
[2.802s] -- Up-to-date: /home/supro/supro_ws/install/nav2_msgs/lib/libnav2_msgs__rosidl_typesupport_introspection_cpp.so
[2.802s] -- Up-to-date: /home/supro/supro_ws/install/nav2_msgs/lib/libnav2_msgs__rosidl_typesupport_cpp.so
[2.802s] -- Up-to-date: /home/supro/supro_ws/install/nav2_msgs/share/nav2_msgs/environment/pythonpath.sh
[2.803s] -- Up-to-date: /home/supro/supro_ws/install/nav2_msgs/share/nav2_msgs/environment/pythonpath.dsv
[2.803s] -- Up-to-date: /home/supro/supro_ws/install/nav2_msgs/lib/python3.8/site-packages/nav2_msgs/__init__.py
[2.825s] -- Up-to-date: /home/supro/supro_ws/install/nav2_msgs/lib/python3.8/site-packages/nav2_msgs/msg
[2.825s] -- Up-to-date: /home/supro/supro_ws/install/nav2_msgs/lib/python3.8/site-packages/nav2_msgs/msg/_particle_cloud.py
[2.825s] -- Up-to-date: /home/supro/supro_ws/install/nav2_msgs/lib/python3.8/site-packages/nav2_msgs/msg/_voxel_grid.py
[2.825s] -- Up-to-date: /home/supro/supro_ws/install/nav2_msgs/lib/python3.8/site-packages/nav2_msgs/msg/_costmap_meta_data_s.c
[2.825s] -- Up-to-date: /home/supro/supro_ws/install/nav2_msgs/lib/python3.8/site-packages/nav2_msgs/msg/_particle_cloud_s.c
[2.826s] -- Up-to-date: /home/supro/supro_ws/install/nav2_msgs/lib/python3.8/site-packages/nav2_msgs/msg/_voxel_grid_s.c
[2.826s] -- Up-to-date: /home/supro/supro_ws/install/nav2_msgs/lib/python3.8/site-packages/nav2_msgs/msg/_particle.py
[2.826s] -- Up-to-date: /home/supro/supro_ws/install/nav2_msgs/lib/python3.8/site-packages/nav2_msgs/msg/_costmap_meta_data.py
[2.826s] -- Up-to-date: /home/supro/supro_ws/install/nav2_msgs/lib/python3.8/site-packages/nav2_msgs/msg/_costmap.py
[2.826s] -- Up-to-date: /home/supro/supro_ws/install/nav2_msgs/lib/python3.8/site-packages/nav2_msgs/msg/_behavior_tree_status_change.py
[2.827s] -- Up-to-date: /home/supro/supro_ws/install/nav2_msgs/lib/python3.8/site-packages/nav2_msgs/msg/_costmap_s.c
[2.827s] -- Up-to-date: /home/supro/supro_ws/install/nav2_msgs/lib/python3.8/site-packages/nav2_msgs/msg/__init__.py
[2.827s] -- Up-to-date: /home/supro/supro_ws/install/nav2_msgs/lib/python3.8/site-packages/nav2_msgs/msg/_behavior_tree_log.py
[2.827s] -- Up-to-date: /home/supro/supro_ws/install/nav2_msgs/lib/python3.8/site-packages/nav2_msgs/msg/_behavior_tree_log_s.c
[2.827s] -- Up-to-date: /home/supro/supro_ws/install/nav2_msgs/lib/python3.8/site-packages/nav2_msgs/msg/_particle_s.c
[2.828s] -- Up-to-date: /home/supro/supro_ws/install/nav2_msgs/lib/python3.8/site-packages/nav2_msgs/msg/_behavior_tree_status_change_s.c
[2.828s] -- Up-to-date: /home/supro/supro_ws/install/nav2_msgs/lib/python3.8/site-packages/nav2_msgs/srv
[2.828s] -- Up-to-date: /home/supro/supro_ws/install/nav2_msgs/lib/python3.8/site-packages/nav2_msgs/srv/_clear_costmap_around_robot_s.c
[2.828s] -- Up-to-date: /home/supro/supro_ws/install/nav2_msgs/lib/python3.8/site-packages/nav2_msgs/srv/_clear_costmap_except_region.py
[2.828s] -- Up-to-date: /home/supro/supro_ws/install/nav2_msgs/lib/python3.8/site-packages/nav2_msgs/srv/_clear_entire_costmap_s.c
[2.828s] -- Up-to-date: /home/supro/supro_ws/install/nav2_msgs/lib/python3.8/site-packages/nav2_msgs/srv/_clear_costmap_except_region_s.c
[2.829s] -- Up-to-date: /home/supro/supro_ws/install/nav2_msgs/lib/python3.8/site-packages/nav2_msgs/srv/_save_map.py
[2.829s] -- Up-to-date: /home/supro/supro_ws/install/nav2_msgs/lib/python3.8/site-packages/nav2_msgs/srv/_clear_entire_costmap.py
[2.829s] -- Up-to-date: /home/supro/supro_ws/install/nav2_msgs/lib/python3.8/site-packages/nav2_msgs/srv/__init__.py
[2.829s] -- Up-to-date: /home/supro/supro_ws/install/nav2_msgs/lib/python3.8/site-packages/nav2_msgs/srv/_load_map.py
[2.829s] -- Up-to-date: /home/supro/supro_ws/install/nav2_msgs/lib/python3.8/site-packages/nav2_msgs/srv/_clear_costmap_around_robot.py
[2.830s] -- Up-to-date: /home/supro/supro_ws/install/nav2_msgs/lib/python3.8/site-packages/nav2_msgs/srv/_get_costmap.py
[2.830s] -- Up-to-date: /home/supro/supro_ws/install/nav2_msgs/lib/python3.8/site-packages/nav2_msgs/srv/_manage_lifecycle_nodes_s.c
[2.830s] -- Up-to-date: /home/supro/supro_ws/install/nav2_msgs/lib/python3.8/site-packages/nav2_msgs/srv/_manage_lifecycle_nodes.py
[2.830s] -- Up-to-date: /home/supro/supro_ws/install/nav2_msgs/lib/python3.8/site-packages/nav2_msgs/srv/_load_map_s.c
[2.830s] -- Up-to-date: /home/supro/supro_ws/install/nav2_msgs/lib/python3.8/site-packages/nav2_msgs/srv/_get_costmap_s.c
[2.830s] -- Up-to-date: /home/supro/supro_ws/install/nav2_msgs/lib/python3.8/site-packages/nav2_msgs/srv/_save_map_s.c
[2.831s] -- Up-to-date: /home/supro/supro_ws/install/nav2_msgs/lib/python3.8/site-packages/nav2_msgs/action
[2.831s] -- Up-to-date: /home/supro/supro_ws/install/nav2_msgs/lib/python3.8/site-packages/nav2_msgs/action/_back_up.py
[2.831s] -- Up-to-date: /home/supro/supro_ws/install/nav2_msgs/lib/python3.8/site-packages/nav2_msgs/action/_navigate_to_pose.py
[2.831s] -- Up-to-date: /home/supro/supro_ws/install/nav2_msgs/lib/python3.8/site-packages/nav2_msgs/action/_compute_path_to_pose_s.c
[2.832s] -- Up-to-date: /home/supro/supro_ws/install/nav2_msgs/lib/python3.8/site-packages/nav2_msgs/action/_follow_path_s.c
[2.832s] -- Up-to-date: /home/supro/supro_ws/install/nav2_msgs/lib/python3.8/site-packages/nav2_msgs/action/_spin_s.c
[2.832s] -- Up-to-date: /home/supro/supro_ws/install/nav2_msgs/lib/python3.8/site-packages/nav2_msgs/action/_dummy_recovery.py
[2.832s] -- Up-to-date: /home/supro/supro_ws/install/nav2_msgs/lib/python3.8/site-packages/nav2_msgs/action/_follow_waypoints.py
[2.832s] -- Up-to-date: /home/supro/supro_ws/install/nav2_msgs/lib/python3.8/site-packages/nav2_msgs/action/__init__.py
[2.833s] -- Up-to-date: /home/supro/supro_ws/install/nav2_msgs/lib/python3.8/site-packages/nav2_msgs/action/_follow_waypoints_s.c
[2.833s] -- Up-to-date: /home/supro/supro_ws/install/nav2_msgs/lib/python3.8/site-packages/nav2_msgs/action/_navigate_to_pose_s.c
[2.833s] -- Up-to-date: /home/supro/supro_ws/install/nav2_msgs/lib/python3.8/site-packages/nav2_msgs/action/_wait_s.c
[2.833s] -- Up-to-date: /home/supro/supro_ws/install/nav2_msgs/lib/python3.8/site-packages/nav2_msgs/action/_back_up_s.c
[2.833s] -- Up-to-date: /home/supro/supro_ws/install/nav2_msgs/lib/python3.8/site-packages/nav2_msgs/action/_follow_path.py
[2.833s] -- Up-to-date: /home/supro/supro_ws/install/nav2_msgs/lib/python3.8/site-packages/nav2_msgs/action/_spin.py
[2.834s] -- Up-to-date: /home/supro/supro_ws/install/nav2_msgs/lib/python3.8/site-packages/nav2_msgs/action/_compute_path_to_pose.py
[2.834s] -- Up-to-date: /home/supro/supro_ws/install/nav2_msgs/lib/python3.8/site-packages/nav2_msgs/action/_dummy_recovery_s.c
[2.834s] -- Up-to-date: /home/supro/supro_ws/install/nav2_msgs/lib/python3.8/site-packages/nav2_msgs/action/_wait.py
[2.834s] -- Up-to-date: /home/supro/supro_ws/install/nav2_msgs/lib/python3.8/site-packages/nav2_msgs/nav2_msgs_s__rosidl_typesupport_fastrtps_c.cpython-38-x86_64-linux-gnu.so
[2.834s] -- Up-to-date: /home/supro/supro_ws/install/nav2_msgs/lib/python3.8/site-packages/nav2_msgs/nav2_msgs_s__rosidl_typesupport_introspection_c.cpython-38-x86_64-linux-gnu.so
[2.834s] -- Up-to-date: /home/supro/supro_ws/install/nav2_msgs/lib/python3.8/site-packages/nav2_msgs/nav2_msgs_s__rosidl_typesupport_c.cpython-38-x86_64-linux-gnu.so
[2.834s] -- Up-to-date: /home/supro/supro_ws/install/nav2_msgs/lib/libnav2_msgs__python.so
[2.835s] -- Up-to-date: /home/supro/supro_ws/install/nav2_msgs/share/nav2_msgs/msg/Costmap.idl
[2.835s] -- Up-to-date: /home/supro/supro_ws/install/nav2_msgs/share/nav2_msgs/msg/CostmapMetaData.idl
[2.835s] -- Up-to-date: /home/supro/supro_ws/install/nav2_msgs/share/nav2_msgs/msg/VoxelGrid.idl
[2.835s] -- Up-to-date: /home/supro/supro_ws/install/nav2_msgs/share/nav2_msgs/msg/BehaviorTreeStatusChange.idl
[2.835s] -- Up-to-date: /home/supro/supro_ws/install/nav2_msgs/share/nav2_msgs/msg/BehaviorTreeLog.idl
[2.835s] -- Up-to-date: /home/supro/supro_ws/install/nav2_msgs/share/nav2_msgs/msg/Particle.idl
[2.835s] -- Up-to-date: /home/supro/supro_ws/install/nav2_msgs/share/nav2_msgs/msg/ParticleCloud.idl
[2.835s] -- Up-to-date: /home/supro/supro_ws/install/nav2_msgs/share/nav2_msgs/srv/GetCostmap.idl
[2.836s] -- Up-to-date: /home/supro/supro_ws/install/nav2_msgs/share/nav2_msgs/srv/ClearCostmapExceptRegion.idl
[2.836s] -- Up-to-date: /home/supro/supro_ws/install/nav2_msgs/share/nav2_msgs/srv/ClearCostmapAroundRobot.idl
[2.836s] -- Up-to-date: /home/supro/supro_ws/install/nav2_msgs/share/nav2_msgs/srv/ClearEntireCostmap.idl
[2.836s] -- Up-to-date: /home/supro/supro_ws/install/nav2_msgs/share/nav2_msgs/srv/ManageLifecycleNodes.idl
[2.836s] -- Up-to-date: /home/supro/supro_ws/install/nav2_msgs/share/nav2_msgs/srv/LoadMap.idl
[2.837s] -- Up-to-date: /home/supro/supro_ws/install/nav2_msgs/share/nav2_msgs/srv/SaveMap.idl
[2.837s] -- Up-to-date: /home/supro/supro_ws/install/nav2_msgs/share/nav2_msgs/action/BackUp.idl
[2.837s] -- Up-to-date: /home/supro/supro_ws/install/nav2_msgs/share/nav2_msgs/action/ComputePathToPose.idl
[2.837s] -- Up-to-date: /home/supro/supro_ws/install/nav2_msgs/share/nav2_msgs/action/FollowPath.idl
[2.837s] -- Up-to-date: /home/supro/supro_ws/install/nav2_msgs/share/nav2_msgs/action/NavigateToPose.idl
[2.837s] -- Up-to-date: /home/supro/supro_ws/install/nav2_msgs/share/nav2_msgs/action/Wait.idl
[2.837s] -- Up-to-date: /home/supro/supro_ws/install/nav2_msgs/share/nav2_msgs/action/Spin.idl
[2.837s] -- Up-to-date: /home/supro/supro_ws/install/nav2_msgs/share/nav2_msgs/action/DummyRecovery.idl
[2.837s] -- Up-to-date: /home/supro/supro_ws/install/nav2_msgs/share/nav2_msgs/action/FollowWaypoints.idl
[2.838s] -- Up-to-date: /home/supro/supro_ws/install/nav2_msgs/share/nav2_msgs/msg/Costmap.msg
[2.838s] -- Up-to-date: /home/supro/supro_ws/install/nav2_msgs/share/nav2_msgs/msg/CostmapMetaData.msg
[2.838s] -- Up-to-date: /home/supro/supro_ws/install/nav2_msgs/share/nav2_msgs/msg/VoxelGrid.msg
[2.838s] -- Up-to-date: /home/supro/supro_ws/install/nav2_msgs/share/nav2_msgs/msg/BehaviorTreeStatusChange.msg
[2.839s] -- Up-to-date: /home/supro/supro_ws/install/nav2_msgs/share/nav2_msgs/msg/BehaviorTreeLog.msg
[2.839s] -- Up-to-date: /home/supro/supro_ws/install/nav2_msgs/share/nav2_msgs/msg/Particle.msg
[2.839s] -- Up-to-date: /home/supro/supro_ws/install/nav2_msgs/share/nav2_msgs/msg/ParticleCloud.msg
[2.839s] -- Up-to-date: /home/supro/supro_ws/install/nav2_msgs/share/nav2_msgs/srv/GetCostmap.srv
[2.839s] -- Up-to-date: /home/supro/supro_ws/install/nav2_msgs/share/nav2_msgs/srv/GetCostmap_Request.msg
[2.839s] -- Up-to-date: /home/supro/supro_ws/install/nav2_msgs/share/nav2_msgs/srv/GetCostmap_Response.msg
[2.839s] -- Up-to-date: /home/supro/supro_ws/install/nav2_msgs/share/nav2_msgs/srv/ClearCostmapExceptRegion.srv
[2.839s] -- Up-to-date: /home/supro/supro_ws/install/nav2_msgs/share/nav2_msgs/srv/ClearCostmapExceptRegion_Request.msg
[2.839s] -- Up-to-date: /home/supro/supro_ws/install/nav2_msgs/share/nav2_msgs/srv/ClearCostmapExceptRegion_Response.msg
[2.840s] -- Up-to-date: /home/supro/supro_ws/install/nav2_msgs/share/nav2_msgs/srv/ClearCostmapAroundRobot.srv
[2.840s] -- Up-to-date: /home/supro/supro_ws/install/nav2_msgs/share/nav2_msgs/srv/ClearCostmapAroundRobot_Request.msg
[2.840s] -- Up-to-date: /home/supro/supro_ws/install/nav2_msgs/share/nav2_msgs/srv/ClearCostmapAroundRobot_Response.msg
[2.840s] -- Up-to-date: /home/supro/supro_ws/install/nav2_msgs/share/nav2_msgs/srv/ClearEntireCostmap.srv
[2.840s] -- Up-to-date: /home/supro/supro_ws/install/nav2_msgs/share/nav2_msgs/srv/ClearEntireCostmap_Request.msg
[2.840s] -- Up-to-date: /home/supro/supro_ws/install/nav2_msgs/share/nav2_msgs/srv/ClearEntireCostmap_Response.msg
[2.840s] -- Up-to-date: /home/supro/supro_ws/install/nav2_msgs/share/nav2_msgs/srv/ManageLifecycleNodes.srv
[2.841s] -- Up-to-date: /home/supro/supro_ws/install/nav2_msgs/share/nav2_msgs/srv/ManageLifecycleNodes_Request.msg
[2.841s] -- Up-to-date: /home/supro/supro_ws/install/nav2_msgs/share/nav2_msgs/srv/ManageLifecycleNodes_Response.msg
[2.841s] -- Up-to-date: /home/supro/supro_ws/install/nav2_msgs/share/nav2_msgs/srv/LoadMap.srv
[2.841s] -- Up-to-date: /home/supro/supro_ws/install/nav2_msgs/share/nav2_msgs/srv/LoadMap_Request.msg
[2.841s] -- Up-to-date: /home/supro/supro_ws/install/nav2_msgs/share/nav2_msgs/srv/LoadMap_Response.msg
[2.841s] -- Up-to-date: /home/supro/supro_ws/install/nav2_msgs/share/nav2_msgs/srv/SaveMap.srv
[2.841s] -- Up-to-date: /home/supro/supro_ws/install/nav2_msgs/share/nav2_msgs/srv/SaveMap_Request.msg
[2.841s] -- Up-to-date: /home/supro/supro_ws/install/nav2_msgs/share/nav2_msgs/srv/SaveMap_Response.msg
[2.841s] -- Up-to-date: /home/supro/supro_ws/install/nav2_msgs/share/nav2_msgs/action/BackUp.action
[2.841s] -- Up-to-date: /home/supro/supro_ws/install/nav2_msgs/share/nav2_msgs/action/ComputePathToPose.action
[2.842s] -- Up-to-date: /home/supro/supro_ws/install/nav2_msgs/share/nav2_msgs/action/FollowPath.action
[2.842s] -- Up-to-date: /home/supro/supro_ws/install/nav2_msgs/share/nav2_msgs/action/NavigateToPose.action
[2.842s] -- Up-to-date: /home/supro/supro_ws/install/nav2_msgs/share/nav2_msgs/action/Wait.action
[2.843s] -- Up-to-date: /home/supro/supro_ws/install/nav2_msgs/share/nav2_msgs/action/Spin.action
[2.843s] -- Up-to-date: /home/supro/supro_ws/install/nav2_msgs/share/nav2_msgs/action/DummyRecovery.action
[2.843s] -- Up-to-date: /home/supro/supro_ws/install/nav2_msgs/share/nav2_msgs/action/FollowWaypoints.action
[2.843s] -- Up-to-date: /home/supro/supro_ws/install/nav2_msgs/share/ament_index/resource_index/package_run_dependencies/nav2_msgs
[2.843s] -- Up-to-date: /home/supro/supro_ws/install/nav2_msgs/share/ament_index/resource_index/parent_prefix_path/nav2_msgs
[2.846s] -- Up-to-date: /home/supro/supro_ws/install/nav2_msgs/share/nav2_msgs/environment/ament_prefix_path.sh
[2.846s] -- Up-to-date: /home/supro/supro_ws/install/nav2_msgs/share/nav2_msgs/environment/ament_prefix_path.dsv
[2.846s] -- Up-to-date: /home/supro/supro_ws/install/nav2_msgs/share/nav2_msgs/environment/path.sh
[2.847s] -- Up-to-date: /home/supro/supro_ws/install/nav2_msgs/share/nav2_msgs/environment/path.dsv
[2.847s] -- Up-to-date: /home/supro/supro_ws/install/nav2_msgs/share/nav2_msgs/local_setup.bash
[2.847s] -- Up-to-date: /home/supro/supro_ws/install/nav2_msgs/share/nav2_msgs/local_setup.sh
[2.847s] -- Up-to-date: /home/supro/supro_ws/install/nav2_msgs/share/nav2_msgs/local_setup.zsh
[2.848s] -- Up-to-date: /home/supro/supro_ws/install/nav2_msgs/share/nav2_msgs/local_setup.dsv
[2.848s] -- Installing: /home/supro/supro_ws/install/nav2_msgs/share/nav2_msgs/package.dsv
[2.848s] -- Up-to-date: /home/supro/supro_ws/install/nav2_msgs/share/ament_index/resource_index/packages/nav2_msgs
[2.849s] -- Up-to-date: /home/supro/supro_ws/install/nav2_msgs/share/nav2_msgs/cmake/nav2_msgs__rosidl_generator_cExport.cmake
[2.849s] -- Up-to-date: /home/supro/supro_ws/install/nav2_msgs/share/nav2_msgs/cmake/nav2_msgs__rosidl_generator_cExport-release.cmake
[2.849s] -- Up-to-date: /home/supro/supro_ws/install/nav2_msgs/share/nav2_msgs/cmake/nav2_msgs__rosidl_typesupport_introspection_cExport.cmake
[2.849s] -- Up-to-date: /home/supro/supro_ws/install/nav2_msgs/share/nav2_msgs/cmake/nav2_msgs__rosidl_typesupport_introspection_cExport-release.cmake
[2.849s] -- Up-to-date: /home/supro/supro_ws/install/nav2_msgs/share/nav2_msgs/cmake/nav2_msgs__rosidl_typesupport_cExport.cmake
[2.849s] -- Up-to-date: /home/supro/supro_ws/install/nav2_msgs/share/nav2_msgs/cmake/nav2_msgs__rosidl_typesupport_cExport-release.cmake
[2.849s] -- Up-to-date: /home/supro/supro_ws/install/nav2_msgs/share/nav2_msgs/cmake/nav2_msgs__rosidl_generator_cppExport.cmake
[2.850s] -- Up-to-date: /home/supro/supro_ws/install/nav2_msgs/share/nav2_msgs/cmake/nav2_msgs__rosidl_typesupport_introspection_cppExport.cmake
[2.851s] -- Up-to-date: /home/supro/supro_ws/install/nav2_msgs/share/nav2_msgs/cmake/nav2_msgs__rosidl_typesupport_introspection_cppExport-release.cmake
[2.851s] -- Up-to-date: /home/supro/supro_ws/install/nav2_msgs/share/nav2_msgs/cmake/nav2_msgs__rosidl_typesupport_cppExport.cmake
[2.852s] -- Up-to-date: /home/supro/supro_ws/install/nav2_msgs/share/nav2_msgs/cmake/nav2_msgs__rosidl_typesupport_cppExport-release.cmake
[2.852s] -- Up-to-date: /home/supro/supro_ws/install/nav2_msgs/share/nav2_msgs/cmake/rosidl_cmake-extras.cmake
[2.852s] -- Up-to-date: /home/supro/supro_ws/install/nav2_msgs/share/nav2_msgs/cmake/ament_cmake_export_dependencies-extras.cmake
[2.853s] -- Up-to-date: /home/supro/supro_ws/install/nav2_msgs/share/nav2_msgs/cmake/ament_cmake_export_libraries-extras.cmake
[2.853s] -- Up-to-date: /home/supro/supro_ws/install/nav2_msgs/share/nav2_msgs/cmake/ament_cmake_export_targets-extras.cmake
[2.853s] -- Up-to-date: /home/supro/supro_ws/install/nav2_msgs/share/nav2_msgs/cmake/ament_cmake_export_include_directories-extras.cmake
[2.853s] -- Up-to-date: /home/supro/supro_ws/install/nav2_msgs/share/nav2_msgs/cmake/rosidl_cmake_export_typesupport_libraries-extras.cmake
[2.854s] -- Up-to-date: /home/supro/supro_ws/install/nav2_msgs/share/nav2_msgs/cmake/rosidl_cmake_export_typesupport_targets-extras.cmake
[2.854s] -- Up-to-date: /home/supro/supro_ws/install/nav2_msgs/share/nav2_msgs/cmake/nav2_msgsConfig.cmake
[2.854s] -- Up-to-date: /home/supro/supro_ws/install/nav2_msgs/share/nav2_msgs/cmake/nav2_msgsConfig-version.cmake
[2.855s] -- Up-to-date: /home/supro/supro_ws/install/nav2_msgs/share/nav2_msgs/package.xml
[2.856s] Invoked command in '/home/supro/supro_ws/build/nav2_msgs' returned '0': CMAKE_PREFIX_PATH=/home/supro/supro_ws/install/nav2_common:/home/supro/supro_ws/install/nav2_system_tests:/home/supro/supro_ws/install/nav2_bringup:/home/supro/supro_ws/install/navigation2:/home/supro/supro_ws/install/smac_planner:/home/supro/supro_ws/install/slam_toolbox:/home/supro/supro_ws/install/sensor_pkg:/home/supro/supro_ws/install/realsense2_description:/home/supro/supro_ws/install/realsense2_camera:/home/supro/supro_ws/install/realsense2_camera_msgs:/home/supro/supro_ws/install/nav2_dwb_controller:/home/supro/supro_ws/install/nav2_controller:/home/supro/supro_ws/install/dwb_plugins:/home/supro/supro_ws/install/dwb_critics:/home/supro/supro_ws/install/dwb_core:/home/supro/supro_ws/install/nav_2d_utils:/home/supro/supro_ws/install/dwb_msgs:/home/supro/supro_ws/install/nav_2d_msgs:/home/supro/supro_ws/install/nav2_waypoint_follower:/home/supro/supro_ws/install/nav2_regulated_pure_pursuit_controller:/home/supro/supro_ws/install/nav2_recoveries:/home/supro/supro_ws/install/nav2_planner:/home/supro/supro_ws/install/nav2_navfn_planner:/home/supro/supro_ws/install/nav2_core:/home/supro/supro_ws/install/costmap_queue:/home/supro/supro_ws/install/nav2_costmap_2d:/home/supro/supro_ws/install/nav2_voxel_grid:/home/supro/supro_ws/install/nav2_rviz_plugins:/home/supro/supro_ws/install/nav2_map_server:/home/supro/supro_ws/install/nav2_lifecycle_manager:/home/supro/supro_ws/install/nav2_bt_navigator:/home/supro/supro_ws/install/nav2_behavior_tree:/home/supro/supro_ws/install/nav2_amcl:/home/supro/supro_ws/install/nav2_util:/home/supro/supro_ws/install/nav2_msgs:/home/supro/supro_ws/install/motor_pkg:/home/supro/supro_ws/install/custom_turtlesim:/home/supro/supro_ws/install/bluesea2:/home/supro/supro_ws/install/apriltag_docking:/home/supro/supro_ws/install/apriltag_msgs:/home/supro/supro_ws/install/android_comm:/opt/ros/foxy:/home/supro/supro_ws/install/turtlebot3_teleop:/home/supro/supro_ws/install/nav2_gazebo_spawner:/home/supro/supro_ws/install/mapping_publisher PYTHONPATH=/home/supro/supro_ws/install/nav2_common/lib/python3.8/site-packages:/opt/ros/foxy/lib/python3.8/site-packages:/home/supro/supro_ws/install/turtlebot3_teleop/lib/python3.8/site-packages:/home/supro/supro_ws/install/slam_toolbox/lib/python3.8/site-packages:/home/supro/supro_ws/install/realsense2_camera_msgs/lib/python3.8/site-packages:/home/supro/supro_ws/install/dwb_msgs/lib/python3.8/site-packages:/home/supro/supro_ws/install/nav_2d_msgs/lib/python3.8/site-packages:/home/supro/supro_ws/install/nav2_msgs/lib/python3.8/site-packages:/home/supro/supro_ws/install/nav2_gazebo_spawner/lib/python3.8/site-packages:/home/supro/supro_ws/install/mapping_publisher/lib/python3.8/site-packages:/home/supro/supro_ws/install/apriltag_msgs/lib/python3.8/site-packages /usr/bin/cmake --install /home/supro/supro_ws/build/nav2_msgs
