[0.769s] Invoking command in '/home/supro/supro_ws/src/navigation2/nav2_bringup/nav2_gazebo_spawner': PYTHONPATH=/home/supro/supro_ws/install/nav2_gazebo_spawner/lib/python3.8/site-packages:${PYTHONPATH} /usr/bin/python3 setup.py egg_info --egg-base ../../../../build/nav2_gazebo_spawner build --build-base /home/supro/supro_ws/build/nav2_gazebo_spawner/build install --prefix /home/supro/supro_ws/install/nav2_gazebo_spawner --record /home/supro/supro_ws/build/nav2_gazebo_spawner/install.log --single-version-externally-managed
[1.298s] running egg_info
[1.299s] writing ../../../../build/nav2_gazebo_spawner/nav2_gazebo_spawner.egg-info/PKG-INFO
[1.300s] writing dependency_links to ../../../../build/nav2_gazebo_spawner/nav2_gazebo_spawner.egg-info/dependency_links.txt
[1.300s] writing entry points to ../../../../build/nav2_gazebo_spawner/nav2_gazebo_spawner.egg-info/entry_points.txt
[1.300s] writing requirements to ../../../../build/nav2_gazebo_spawner/nav2_gazebo_spawner.egg-info/requires.txt
[1.300s] writing top-level names to ../../../../build/nav2_gazebo_spawner/nav2_gazebo_spawner.egg-info/top_level.txt
[1.359s] reading manifest file '../../../../build/nav2_gazebo_spawner/nav2_gazebo_spawner.egg-info/SOURCES.txt'
[1.362s] writing manifest file '../../../../build/nav2_gazebo_spawner/nav2_gazebo_spawner.egg-info/SOURCES.txt'
[1.363s] running build
[1.364s] running build_py
[1.364s] running install
[1.365s] running install_lib
[1.369s] running install_data
[1.370s] running install_egg_info
[1.372s] removing '/home/supro/supro_ws/install/nav2_gazebo_spawner/lib/python3.8/site-packages/nav2_gazebo_spawner-0.3.0-py3.8.egg-info' (and everything under it)
[1.373s] Copying ../../../../build/nav2_gazebo_spawner/nav2_gazebo_spawner.egg-info to /home/supro/supro_ws/install/nav2_gazebo_spawner/lib/python3.8/site-packages/nav2_gazebo_spawner-0.3.0-py3.8.egg-info
[1.375s] running install_scripts
[1.421s] Installing nav2_gazebo_spawner script to /home/supro/supro_ws/install/nav2_gazebo_spawner/lib/nav2_gazebo_spawner
[1.422s] writing list of installed files to '/home/supro/supro_ws/build/nav2_gazebo_spawner/install.log'
[1.532s] Invoked command in '/home/supro/supro_ws/src/navigation2/nav2_bringup/nav2_gazebo_spawner' returned '0': PYTHONPATH=/home/supro/supro_ws/install/nav2_gazebo_spawner/lib/python3.8/site-packages:${PYTHONPATH} /usr/bin/python3 setup.py egg_info --egg-base ../../../../build/nav2_gazebo_spawner build --build-base /home/supro/supro_ws/build/nav2_gazebo_spawner/build install --prefix /home/supro/supro_ws/install/nav2_gazebo_spawner --record /home/supro/supro_ws/build/nav2_gazebo_spawner/install.log --single-version-externally-managed
