[0.522s] Invoking command in '/home/supro/supro_ws/build/sensor_pkg': CMAKE_PREFIX_PATH=${CMAKE_PREFIX_PATH}:/opt/ros/foxy:/home/supro/supro_ws/install/turtlebot3_teleop:/home/supro/supro_ws/install/nav2_gazebo_spawner:/home/supro/supro_ws/install/mapping_publisher /usr/bin/cmake --build /home/supro/supro_ws/build/sensor_pkg -- -j8 -l8
[0.699s] Invoked command in '/home/supro/supro_ws/build/sensor_pkg' returned '0': CMAKE_PREFIX_PATH=${CMAKE_PREFIX_PATH}:/opt/ros/foxy:/home/supro/supro_ws/install/turtlebot3_teleop:/home/supro/supro_ws/install/nav2_gazebo_spawner:/home/supro/supro_ws/install/mapping_publisher /usr/bin/cmake --build /home/supro/supro_ws/build/sensor_pkg -- -j8 -l8
[1.409s] Invoking command in '/home/supro/supro_ws/build/sensor_pkg': CMAKE_PREFIX_PATH=${CMAKE_PREFIX_PATH}:/opt/ros/foxy:/home/supro/supro_ws/install/turtlebot3_teleop:/home/supro/supro_ws/install/nav2_gazebo_spawner:/home/supro/supro_ws/install/mapping_publisher /usr/bin/cmake --install /home/supro/supro_ws/build/sensor_pkg
[1.452s] -- Install configuration: ""
[1.453s] -- Up-to-date: /home/supro/supro_ws/install/sensor_pkg/share/ament_index/resource_index/package_run_dependencies/sensor_pkg
[1.458s] -- Up-to-date: /home/supro/supro_ws/install/sensor_pkg/share/ament_index/resource_index/parent_prefix_path/sensor_pkg
[1.459s] -- Up-to-date: /home/supro/supro_ws/install/sensor_pkg/share/sensor_pkg/environment/ament_prefix_path.sh
[1.459s] -- Up-to-date: /home/supro/supro_ws/install/sensor_pkg/share/sensor_pkg/environment/ament_prefix_path.dsv
[1.459s] -- Up-to-date: /home/supro/supro_ws/install/sensor_pkg/share/sensor_pkg/environment/path.sh
[1.459s] -- Up-to-date: /home/supro/supro_ws/install/sensor_pkg/share/sensor_pkg/environment/path.dsv
[1.459s] -- Up-to-date: /home/supro/supro_ws/install/sensor_pkg/share/sensor_pkg/local_setup.bash
[1.459s] -- Up-to-date: /home/supro/supro_ws/install/sensor_pkg/share/sensor_pkg/local_setup.sh
[1.459s] -- Up-to-date: /home/supro/supro_ws/install/sensor_pkg/share/sensor_pkg/local_setup.zsh
[1.459s] -- Up-to-date: /home/supro/supro_ws/install/sensor_pkg/share/sensor_pkg/local_setup.dsv
[1.460s] -- Installing: /home/supro/supro_ws/install/sensor_pkg/share/sensor_pkg/package.dsv
[1.460s] -- Up-to-date: /home/supro/supro_ws/install/sensor_pkg/share/ament_index/resource_index/packages/sensor_pkg
[1.460s] -- Up-to-date: /home/supro/supro_ws/install/sensor_pkg/share/sensor_pkg/cmake/sensor_pkgConfig.cmake
[1.460s] -- Up-to-date: /home/supro/supro_ws/install/sensor_pkg/share/sensor_pkg/cmake/sensor_pkgConfig-version.cmake
[1.460s] -- Up-to-date: /home/supro/supro_ws/install/sensor_pkg/share/sensor_pkg/package.xml
[1.523s] Invoked command in '/home/supro/supro_ws/build/sensor_pkg' returned '0': CMAKE_PREFIX_PATH=${CMAKE_PREFIX_PATH}:/opt/ros/foxy:/home/supro/supro_ws/install/turtlebot3_teleop:/home/supro/supro_ws/install/nav2_gazebo_spawner:/home/supro/supro_ws/install/mapping_publisher /usr/bin/cmake --install /home/supro/supro_ws/build/sensor_pkg
