[0.093s] Invoking command in '/home/supro/supro_ws/build/nav2_behavior_tree': CMAKE_PREFIX_PATH=/home/supro/supro_ws/install/nav2_util:/home/supro/supro_ws/install/nav2_msgs:/home/supro/supro_ws/install/nav2_common:/home/supro/supro_ws/install/nav2_system_tests:/home/supro/supro_ws/install/nav2_bringup:/home/supro/supro_ws/install/navigation2:/home/supro/supro_ws/install/smac_planner:/home/supro/supro_ws/install/slam_toolbox:/home/supro/supro_ws/install/sensor_pkg:/home/supro/supro_ws/install/realsense2_description:/home/supro/supro_ws/install/realsense2_camera:/home/supro/supro_ws/install/realsense2_camera_msgs:/home/supro/supro_ws/install/nav2_dwb_controller:/home/supro/supro_ws/install/nav2_controller:/home/supro/supro_ws/install/dwb_plugins:/home/supro/supro_ws/install/dwb_critics:/home/supro/supro_ws/install/dwb_core:/home/supro/supro_ws/install/nav_2d_utils:/home/supro/supro_ws/install/dwb_msgs:/home/supro/supro_ws/install/nav_2d_msgs:/home/supro/supro_ws/install/nav2_waypoint_follower:/home/supro/supro_ws/install/nav2_regulated_pure_pursuit_controller:/home/supro/supro_ws/install/nav2_recoveries:/home/supro/supro_ws/install/nav2_planner:/home/supro/supro_ws/install/nav2_navfn_planner:/home/supro/supro_ws/install/nav2_core:/home/supro/supro_ws/install/costmap_queue:/home/supro/supro_ws/install/nav2_costmap_2d:/home/supro/supro_ws/install/nav2_voxel_grid:/home/supro/supro_ws/install/nav2_rviz_plugins:/home/supro/supro_ws/install/nav2_map_server:/home/supro/supro_ws/install/nav2_lifecycle_manager:/home/supro/supro_ws/install/nav2_bt_navigator:/home/supro/supro_ws/install/nav2_behavior_tree:/home/supro/supro_ws/install/nav2_amcl:/home/supro/supro_ws/install/motor_pkg:/home/supro/supro_ws/install/custom_turtlesim:/home/supro/supro_ws/install/bluesea2:/home/supro/supro_ws/install/apriltag_docking:/home/supro/supro_ws/install/apriltag_msgs:/home/supro/supro_ws/install/android_comm:/opt/ros/foxy:/home/supro/supro_ws/install/turtlebot3_teleop:/home/supro/supro_ws/install/nav2_gazebo_spawner:/home/supro/supro_ws/install/mapping_publisher LD_LIBRARY_PATH=/home/supro/supro_ws/install/nav2_util/lib:/home/supro/supro_ws/install/nav2_msgs/lib:/opt/ros/foxy/opt/yaml_cpp_vendor/lib:/opt/ros/foxy/opt/rviz_ogre_vendor/lib:/opt/ros/foxy/lib/x86_64-linux-gnu:/opt/ros/foxy/lib:/home/supro/supro_ws/install/smac_planner/lib:/home/supro/supro_ws/install/slam_toolbox/lib:/home/supro/supro_ws/install/realsense2_camera/lib:/home/supro/supro_ws/install/realsense2_camera_msgs/lib:/home/supro/supro_ws/install/nav2_controller/lib:/home/supro/supro_ws/install/dwb_plugins/lib:/home/supro/supro_ws/install/dwb_critics/lib:/home/supro/supro_ws/install/dwb_core/lib:/home/supro/supro_ws/install/nav_2d_utils/lib:/home/supro/supro_ws/install/dwb_msgs/lib:/home/supro/supro_ws/install/nav_2d_msgs/lib:/home/supro/supro_ws/install/nav2_waypoint_follower/lib:/home/supro/supro_ws/install/nav2_regulated_pure_pursuit_controller/lib:/home/supro/supro_ws/install/nav2_recoveries/lib:/home/supro/supro_ws/install/nav2_planner/lib:/home/supro/supro_ws/install/nav2_navfn_planner/lib:/home/supro/supro_ws/install/costmap_queue/lib:/home/supro/supro_ws/install/nav2_costmap_2d/lib:/home/supro/supro_ws/install/nav2_voxel_grid/lib:/home/supro/supro_ws/install/nav2_rviz_plugins/lib:/home/supro/supro_ws/install/nav2_map_server/lib:/home/supro/supro_ws/install/nav2_lifecycle_manager/lib:/home/supro/supro_ws/install/nav2_bt_navigator/lib:/home/supro/supro_ws/install/nav2_behavior_tree/lib:/home/supro/supro_ws/install/nav2_amcl/lib:/home/supro/supro_ws/install/apriltag_msgs/lib:/usr/lib/x86_64-linux-gnu/gazebo-11/plugins PYTHONPATH=/home/supro/supro_ws/install/nav2_msgs/lib/python3.8/site-packages:/home/supro/supro_ws/install/nav2_common/lib/python3.8/site-packages:/opt/ros/foxy/lib/python3.8/site-packages:/home/supro/supro_ws/install/turtlebot3_teleop/lib/python3.8/site-packages:/home/supro/supro_ws/install/slam_toolbox/lib/python3.8/site-packages:/home/supro/supro_ws/install/realsense2_camera_msgs/lib/python3.8/site-packages:/home/supro/supro_ws/install/dwb_msgs/lib/python3.8/site-packages:/home/supro/supro_ws/install/nav_2d_msgs/lib/python3.8/site-packages:/home/supro/supro_ws/install/nav2_gazebo_spawner/lib/python3.8/site-packages:/home/supro/supro_ws/install/mapping_publisher/lib/python3.8/site-packages:/home/supro/supro_ws/install/apriltag_msgs/lib/python3.8/site-packages /usr/bin/cmake --build /home/supro/supro_ws/build/nav2_behavior_tree -- -j8 -l8
[0.432s] [  2%] Built target nav2_pipeline_sequence_bt_node
[0.443s] [  4%] Built target nav2_is_stuck_condition_bt_node
[0.462s] [  6%] Built target nav2_transform_available_condition_bt_node
[0.470s] [  8%] Built target nav2_wait_action_bt_node
[0.476s] [ 10%] Built target nav2_goal_updated_condition_bt_node
[0.504s] [ 12%] Built target nav2_compute_path_to_pose_action_bt_node
[0.522s] [ 14%] Built target nav2_spin_action_bt_node
[0.540s] [ 16%] Built target nav2_behavior_tree
[0.703s] [ 18%] Built target nav2_goal_updater_node_bt_node
[0.713s] [ 20%] Built target nav2_initial_pose_received_condition_bt_node
[0.731s] [ 22%] Built target nav2_time_expired_condition_bt_node
[0.789s] [ 24%] Built target nav2_distance_traveled_condition_bt_node
[0.797s] [ 26%] Built target nav2_follow_path_action_bt_node
[0.803s] [ 28%] Built target nav2_goal_reached_condition_bt_node
[0.853s] [ 30%] Built target nav2_is_battery_low_condition_bt_node
[0.908s] [ 32%] Built target nav2_reinitialize_global_localization_service_bt_node
[0.915s] [ 34%] Built target nav2_rate_controller_bt_node
[0.993s] [ 36%] Built target nav2_distance_controller_bt_node
[1.028s] [ 38%] Built target nav2_speed_controller_bt_node
[1.029s] [ 40%] Built target nav2_clear_costmap_service_bt_node
[1.030s] [ 42%] Built target nav2_round_robin_node_bt_node
[1.052s] [ 44%] Built target nav2_truncate_path_action_bt_node
[1.101s] [ 46%] Built target nav2_back_up_action_bt_node
[1.102s] [ 48%] Built target nav2_navigate_to_pose_action_bt_node
[1.122s] [ 53%] Built target nav2_recovery_node_bt_node
[1.122s] [ 53%] Built target gtest
[1.133s] [ 55%] Built target gtest_main
[1.288s] [ 57%] Built target test_bt_conversions
[1.336s] [ 59%] Built target test_condition_distance_traveled
[1.343s] [ 61%] Built target test_condition_time_expired
[1.355s] [ 63%] Built target test_condition_goal_updated
[1.362s] [ 65%] Built target test_condition_is_stuck
[1.364s] [ 67%] Built target test_condition_initial_pose_received
[1.372s] [ 69%] Built target test_condition_is_battery_low
[1.377s] [ 71%] Built target test_condition_transform_available
[1.533s] [ 73%] Built target test_goal_updater_node
[1.534s] [ 75%] Built target test_condition_goal_reached
[1.538s] [ 77%] Built target test_decorator_rate_controller
[1.557s] [ 79%] Built target test_decorator_speed_controller
[1.562s] [ 83%] Built target test_control_round_robin_node
[1.562s] [ 83%] Built target test_control_recovery_node
[1.590s] [ 85%] Built target test_control_pipeline_sequence
[1.599s] [ 87%] Built target test_decorator_distance_controller
[1.724s] [ 89%] Built target test_truncate_path_action
[1.725s] [ 91%] Built target test_action_follow_path_action
[1.725s] [ 95%] Built target test_action_navigate_to_pose_action
[1.725s] [ 95%] Built target test_action_clear_costmap_service
[1.729s] [ 97%] Built target test_action_compute_path_to_pose_action
[1.736s] [100%] Built target test_action_reinitialize_global_localization_service
[1.828s] Invoked command in '/home/supro/supro_ws/build/nav2_behavior_tree' returned '0': CMAKE_PREFIX_PATH=/home/supro/supro_ws/install/nav2_util:/home/supro/supro_ws/install/nav2_msgs:/home/supro/supro_ws/install/nav2_common:/home/supro/supro_ws/install/nav2_system_tests:/home/supro/supro_ws/install/nav2_bringup:/home/supro/supro_ws/install/navigation2:/home/supro/supro_ws/install/smac_planner:/home/supro/supro_ws/install/slam_toolbox:/home/supro/supro_ws/install/sensor_pkg:/home/supro/supro_ws/install/realsense2_description:/home/supro/supro_ws/install/realsense2_camera:/home/supro/supro_ws/install/realsense2_camera_msgs:/home/supro/supro_ws/install/nav2_dwb_controller:/home/supro/supro_ws/install/nav2_controller:/home/supro/supro_ws/install/dwb_plugins:/home/supro/supro_ws/install/dwb_critics:/home/supro/supro_ws/install/dwb_core:/home/supro/supro_ws/install/nav_2d_utils:/home/supro/supro_ws/install/dwb_msgs:/home/supro/supro_ws/install/nav_2d_msgs:/home/supro/supro_ws/install/nav2_waypoint_follower:/home/supro/supro_ws/install/nav2_regulated_pure_pursuit_controller:/home/supro/supro_ws/install/nav2_recoveries:/home/supro/supro_ws/install/nav2_planner:/home/supro/supro_ws/install/nav2_navfn_planner:/home/supro/supro_ws/install/nav2_core:/home/supro/supro_ws/install/costmap_queue:/home/supro/supro_ws/install/nav2_costmap_2d:/home/supro/supro_ws/install/nav2_voxel_grid:/home/supro/supro_ws/install/nav2_rviz_plugins:/home/supro/supro_ws/install/nav2_map_server:/home/supro/supro_ws/install/nav2_lifecycle_manager:/home/supro/supro_ws/install/nav2_bt_navigator:/home/supro/supro_ws/install/nav2_behavior_tree:/home/supro/supro_ws/install/nav2_amcl:/home/supro/supro_ws/install/motor_pkg:/home/supro/supro_ws/install/custom_turtlesim:/home/supro/supro_ws/install/bluesea2:/home/supro/supro_ws/install/apriltag_docking:/home/supro/supro_ws/install/apriltag_msgs:/home/supro/supro_ws/install/android_comm:/opt/ros/foxy:/home/supro/supro_ws/install/turtlebot3_teleop:/home/supro/supro_ws/install/nav2_gazebo_spawner:/home/supro/supro_ws/install/mapping_publisher LD_LIBRARY_PATH=/home/supro/supro_ws/install/nav2_util/lib:/home/supro/supro_ws/install/nav2_msgs/lib:/opt/ros/foxy/opt/yaml_cpp_vendor/lib:/opt/ros/foxy/opt/rviz_ogre_vendor/lib:/opt/ros/foxy/lib/x86_64-linux-gnu:/opt/ros/foxy/lib:/home/supro/supro_ws/install/smac_planner/lib:/home/supro/supro_ws/install/slam_toolbox/lib:/home/supro/supro_ws/install/realsense2_camera/lib:/home/supro/supro_ws/install/realsense2_camera_msgs/lib:/home/supro/supro_ws/install/nav2_controller/lib:/home/supro/supro_ws/install/dwb_plugins/lib:/home/supro/supro_ws/install/dwb_critics/lib:/home/supro/supro_ws/install/dwb_core/lib:/home/supro/supro_ws/install/nav_2d_utils/lib:/home/supro/supro_ws/install/dwb_msgs/lib:/home/supro/supro_ws/install/nav_2d_msgs/lib:/home/supro/supro_ws/install/nav2_waypoint_follower/lib:/home/supro/supro_ws/install/nav2_regulated_pure_pursuit_controller/lib:/home/supro/supro_ws/install/nav2_recoveries/lib:/home/supro/supro_ws/install/nav2_planner/lib:/home/supro/supro_ws/install/nav2_navfn_planner/lib:/home/supro/supro_ws/install/costmap_queue/lib:/home/supro/supro_ws/install/nav2_costmap_2d/lib:/home/supro/supro_ws/install/nav2_voxel_grid/lib:/home/supro/supro_ws/install/nav2_rviz_plugins/lib:/home/supro/supro_ws/install/nav2_map_server/lib:/home/supro/supro_ws/install/nav2_lifecycle_manager/lib:/home/supro/supro_ws/install/nav2_bt_navigator/lib:/home/supro/supro_ws/install/nav2_behavior_tree/lib:/home/supro/supro_ws/install/nav2_amcl/lib:/home/supro/supro_ws/install/apriltag_msgs/lib:/usr/lib/x86_64-linux-gnu/gazebo-11/plugins PYTHONPATH=/home/supro/supro_ws/install/nav2_msgs/lib/python3.8/site-packages:/home/supro/supro_ws/install/nav2_common/lib/python3.8/site-packages:/opt/ros/foxy/lib/python3.8/site-packages:/home/supro/supro_ws/install/turtlebot3_teleop/lib/python3.8/site-packages:/home/supro/supro_ws/install/slam_toolbox/lib/python3.8/site-packages:/home/supro/supro_ws/install/realsense2_camera_msgs/lib/python3.8/site-packages:/home/supro/supro_ws/install/dwb_msgs/lib/python3.8/site-packages:/home/supro/supro_ws/install/nav_2d_msgs/lib/python3.8/site-packages:/home/supro/supro_ws/install/nav2_gazebo_spawner/lib/python3.8/site-packages:/home/supro/supro_ws/install/mapping_publisher/lib/python3.8/site-packages:/home/supro/supro_ws/install/apriltag_msgs/lib/python3.8/site-packages /usr/bin/cmake --build /home/supro/supro_ws/build/nav2_behavior_tree -- -j8 -l8
[2.290s] Invoking command in '/home/supro/supro_ws/build/nav2_behavior_tree': CMAKE_PREFIX_PATH=/home/supro/supro_ws/install/nav2_util:/home/supro/supro_ws/install/nav2_msgs:/home/supro/supro_ws/install/nav2_common:/home/supro/supro_ws/install/nav2_system_tests:/home/supro/supro_ws/install/nav2_bringup:/home/supro/supro_ws/install/navigation2:/home/supro/supro_ws/install/smac_planner:/home/supro/supro_ws/install/slam_toolbox:/home/supro/supro_ws/install/sensor_pkg:/home/supro/supro_ws/install/realsense2_description:/home/supro/supro_ws/install/realsense2_camera:/home/supro/supro_ws/install/realsense2_camera_msgs:/home/supro/supro_ws/install/nav2_dwb_controller:/home/supro/supro_ws/install/nav2_controller:/home/supro/supro_ws/install/dwb_plugins:/home/supro/supro_ws/install/dwb_critics:/home/supro/supro_ws/install/dwb_core:/home/supro/supro_ws/install/nav_2d_utils:/home/supro/supro_ws/install/dwb_msgs:/home/supro/supro_ws/install/nav_2d_msgs:/home/supro/supro_ws/install/nav2_waypoint_follower:/home/supro/supro_ws/install/nav2_regulated_pure_pursuit_controller:/home/supro/supro_ws/install/nav2_recoveries:/home/supro/supro_ws/install/nav2_planner:/home/supro/supro_ws/install/nav2_navfn_planner:/home/supro/supro_ws/install/nav2_core:/home/supro/supro_ws/install/costmap_queue:/home/supro/supro_ws/install/nav2_costmap_2d:/home/supro/supro_ws/install/nav2_voxel_grid:/home/supro/supro_ws/install/nav2_rviz_plugins:/home/supro/supro_ws/install/nav2_map_server:/home/supro/supro_ws/install/nav2_lifecycle_manager:/home/supro/supro_ws/install/nav2_bt_navigator:/home/supro/supro_ws/install/nav2_behavior_tree:/home/supro/supro_ws/install/nav2_amcl:/home/supro/supro_ws/install/motor_pkg:/home/supro/supro_ws/install/custom_turtlesim:/home/supro/supro_ws/install/bluesea2:/home/supro/supro_ws/install/apriltag_docking:/home/supro/supro_ws/install/apriltag_msgs:/home/supro/supro_ws/install/android_comm:/opt/ros/foxy:/home/supro/supro_ws/install/turtlebot3_teleop:/home/supro/supro_ws/install/nav2_gazebo_spawner:/home/supro/supro_ws/install/mapping_publisher LD_LIBRARY_PATH=/home/supro/supro_ws/install/nav2_util/lib:/home/supro/supro_ws/install/nav2_msgs/lib:/opt/ros/foxy/opt/yaml_cpp_vendor/lib:/opt/ros/foxy/opt/rviz_ogre_vendor/lib:/opt/ros/foxy/lib/x86_64-linux-gnu:/opt/ros/foxy/lib:/home/supro/supro_ws/install/smac_planner/lib:/home/supro/supro_ws/install/slam_toolbox/lib:/home/supro/supro_ws/install/realsense2_camera/lib:/home/supro/supro_ws/install/realsense2_camera_msgs/lib:/home/supro/supro_ws/install/nav2_controller/lib:/home/supro/supro_ws/install/dwb_plugins/lib:/home/supro/supro_ws/install/dwb_critics/lib:/home/supro/supro_ws/install/dwb_core/lib:/home/supro/supro_ws/install/nav_2d_utils/lib:/home/supro/supro_ws/install/dwb_msgs/lib:/home/supro/supro_ws/install/nav_2d_msgs/lib:/home/supro/supro_ws/install/nav2_waypoint_follower/lib:/home/supro/supro_ws/install/nav2_regulated_pure_pursuit_controller/lib:/home/supro/supro_ws/install/nav2_recoveries/lib:/home/supro/supro_ws/install/nav2_planner/lib:/home/supro/supro_ws/install/nav2_navfn_planner/lib:/home/supro/supro_ws/install/costmap_queue/lib:/home/supro/supro_ws/install/nav2_costmap_2d/lib:/home/supro/supro_ws/install/nav2_voxel_grid/lib:/home/supro/supro_ws/install/nav2_rviz_plugins/lib:/home/supro/supro_ws/install/nav2_map_server/lib:/home/supro/supro_ws/install/nav2_lifecycle_manager/lib:/home/supro/supro_ws/install/nav2_bt_navigator/lib:/home/supro/supro_ws/install/nav2_behavior_tree/lib:/home/supro/supro_ws/install/nav2_amcl/lib:/home/supro/supro_ws/install/apriltag_msgs/lib:/usr/lib/x86_64-linux-gnu/gazebo-11/plugins PYTHONPATH=/home/supro/supro_ws/install/nav2_msgs/lib/python3.8/site-packages:/home/supro/supro_ws/install/nav2_common/lib/python3.8/site-packages:/opt/ros/foxy/lib/python3.8/site-packages:/home/supro/supro_ws/install/turtlebot3_teleop/lib/python3.8/site-packages:/home/supro/supro_ws/install/slam_toolbox/lib/python3.8/site-packages:/home/supro/supro_ws/install/realsense2_camera_msgs/lib/python3.8/site-packages:/home/supro/supro_ws/install/dwb_msgs/lib/python3.8/site-packages:/home/supro/supro_ws/install/nav_2d_msgs/lib/python3.8/site-packages:/home/supro/supro_ws/install/nav2_gazebo_spawner/lib/python3.8/site-packages:/home/supro/supro_ws/install/mapping_publisher/lib/python3.8/site-packages:/home/supro/supro_ws/install/apriltag_msgs/lib/python3.8/site-packages /usr/bin/cmake --install /home/supro/supro_ws/build/nav2_behavior_tree
[2.335s] -- Install configuration: "Release"
[2.336s] -- Up-to-date: /home/supro/supro_ws/install/nav2_behavior_tree/lib/libnav2_behavior_tree.so
[2.337s] -- Up-to-date: /home/supro/supro_ws/install/nav2_behavior_tree/lib/libnav2_compute_path_to_pose_action_bt_node.so
[2.338s] -- Up-to-date: /home/supro/supro_ws/install/nav2_behavior_tree/lib/libnav2_follow_path_action_bt_node.so
[2.339s] -- Up-to-date: /home/supro/supro_ws/install/nav2_behavior_tree/lib/libnav2_back_up_action_bt_node.so
[2.340s] -- Up-to-date: /home/supro/supro_ws/install/nav2_behavior_tree/lib/libnav2_spin_action_bt_node.so
[2.342s] -- Up-to-date: /home/supro/supro_ws/install/nav2_behavior_tree/lib/libnav2_wait_action_bt_node.so
[2.343s] -- Up-to-date: /home/supro/supro_ws/install/nav2_behavior_tree/lib/libnav2_clear_costmap_service_bt_node.so
[2.344s] -- Up-to-date: /home/supro/supro_ws/install/nav2_behavior_tree/lib/libnav2_is_stuck_condition_bt_node.so
[2.345s] -- Up-to-date: /home/supro/supro_ws/install/nav2_behavior_tree/lib/libnav2_transform_available_condition_bt_node.so
[2.346s] -- Up-to-date: /home/supro/supro_ws/install/nav2_behavior_tree/lib/libnav2_goal_reached_condition_bt_node.so
[2.347s] -- Up-to-date: /home/supro/supro_ws/install/nav2_behavior_tree/lib/libnav2_goal_updated_condition_bt_node.so
[2.349s] -- Up-to-date: /home/supro/supro_ws/install/nav2_behavior_tree/lib/libnav2_time_expired_condition_bt_node.so
[2.349s] -- Up-to-date: /home/supro/supro_ws/install/nav2_behavior_tree/lib/libnav2_distance_traveled_condition_bt_node.so
[2.350s] -- Up-to-date: /home/supro/supro_ws/install/nav2_behavior_tree/lib/libnav2_initial_pose_received_condition_bt_node.so
[2.351s] -- Up-to-date: /home/supro/supro_ws/install/nav2_behavior_tree/lib/libnav2_is_battery_low_condition_bt_node.so
[2.353s] -- Up-to-date: /home/supro/supro_ws/install/nav2_behavior_tree/lib/libnav2_reinitialize_global_localization_service_bt_node.so
[2.356s] -- Up-to-date: /home/supro/supro_ws/install/nav2_behavior_tree/lib/libnav2_rate_controller_bt_node.so
[2.357s] -- Up-to-date: /home/supro/supro_ws/install/nav2_behavior_tree/lib/libnav2_distance_controller_bt_node.so
[2.358s] -- Up-to-date: /home/supro/supro_ws/install/nav2_behavior_tree/lib/libnav2_speed_controller_bt_node.so
[2.358s] -- Up-to-date: /home/supro/supro_ws/install/nav2_behavior_tree/lib/libnav2_truncate_path_action_bt_node.so
[2.359s] -- Up-to-date: /home/supro/supro_ws/install/nav2_behavior_tree/lib/libnav2_goal_updater_node_bt_node.so
[2.359s] -- Up-to-date: /home/supro/supro_ws/install/nav2_behavior_tree/lib/libnav2_recovery_node_bt_node.so
[2.361s] -- Up-to-date: /home/supro/supro_ws/install/nav2_behavior_tree/lib/libnav2_navigate_to_pose_action_bt_node.so
[2.361s] -- Up-to-date: /home/supro/supro_ws/install/nav2_behavior_tree/lib/libnav2_pipeline_sequence_bt_node.so
[2.362s] -- Up-to-date: /home/supro/supro_ws/install/nav2_behavior_tree/lib/libnav2_round_robin_node_bt_node.so
[2.363s] -- Up-to-date: /home/supro/supro_ws/install/nav2_behavior_tree/include/
[2.364s] -- Up-to-date: /home/supro/supro_ws/install/nav2_behavior_tree/include//nav2_behavior_tree
[2.364s] -- Up-to-date: /home/supro/supro_ws/install/nav2_behavior_tree/include//nav2_behavior_tree/bt_service_node.hpp
[2.365s] -- Up-to-date: /home/supro/supro_ws/install/nav2_behavior_tree/include//nav2_behavior_tree/behavior_tree_engine.hpp
[2.365s] -- Up-to-date: /home/supro/supro_ws/install/nav2_behavior_tree/include//nav2_behavior_tree/plugins
[2.365s] -- Up-to-date: /home/supro/supro_ws/install/nav2_behavior_tree/include//nav2_behavior_tree/plugins/action
[2.366s] -- Up-to-date: /home/supro/supro_ws/install/nav2_behavior_tree/include//nav2_behavior_tree/plugins/action/clear_costmap_service.hpp
[2.366s] -- Up-to-date: /home/supro/supro_ws/install/nav2_behavior_tree/include//nav2_behavior_tree/plugins/action/spin_action.hpp
[2.366s] -- Up-to-date: /home/supro/supro_ws/install/nav2_behavior_tree/include//nav2_behavior_tree/plugins/action/reinitialize_global_localization_service.hpp
[2.366s] -- Up-to-date: /home/supro/supro_ws/install/nav2_behavior_tree/include//nav2_behavior_tree/plugins/action/back_up_action.hpp
[2.366s] -- Up-to-date: /home/supro/supro_ws/install/nav2_behavior_tree/include//nav2_behavior_tree/plugins/action/compute_path_to_pose_action.hpp
[2.366s] -- Up-to-date: /home/supro/supro_ws/install/nav2_behavior_tree/include//nav2_behavior_tree/plugins/action/navigate_to_pose_action.hpp
[2.366s] -- Up-to-date: /home/supro/supro_ws/install/nav2_behavior_tree/include//nav2_behavior_tree/plugins/action/wait_action.hpp
[2.367s] -- Up-to-date: /home/supro/supro_ws/install/nav2_behavior_tree/include//nav2_behavior_tree/plugins/action/truncate_path_action.hpp
[2.367s] -- Up-to-date: /home/supro/supro_ws/install/nav2_behavior_tree/include//nav2_behavior_tree/plugins/action/follow_path_action.hpp
[2.367s] -- Up-to-date: /home/supro/supro_ws/install/nav2_behavior_tree/include//nav2_behavior_tree/plugins/decorator
[2.367s] -- Up-to-date: /home/supro/supro_ws/install/nav2_behavior_tree/include//nav2_behavior_tree/plugins/decorator/goal_updater_node.hpp
[2.368s] -- Up-to-date: /home/supro/supro_ws/install/nav2_behavior_tree/include//nav2_behavior_tree/plugins/decorator/distance_controller.hpp
[2.368s] -- Up-to-date: /home/supro/supro_ws/install/nav2_behavior_tree/include//nav2_behavior_tree/plugins/decorator/rate_controller.hpp
[2.368s] -- Up-to-date: /home/supro/supro_ws/install/nav2_behavior_tree/include//nav2_behavior_tree/plugins/decorator/speed_controller.hpp
[2.368s] -- Up-to-date: /home/supro/supro_ws/install/nav2_behavior_tree/include//nav2_behavior_tree/plugins/condition
[2.368s] -- Up-to-date: /home/supro/supro_ws/install/nav2_behavior_tree/include//nav2_behavior_tree/plugins/condition/goal_reached_condition.hpp
[2.368s] -- Up-to-date: /home/supro/supro_ws/install/nav2_behavior_tree/include//nav2_behavior_tree/plugins/condition/goal_updated_condition.hpp
[2.368s] -- Up-to-date: /home/supro/supro_ws/install/nav2_behavior_tree/include//nav2_behavior_tree/plugins/condition/initial_pose_received_condition.hpp
[2.368s] -- Up-to-date: /home/supro/supro_ws/install/nav2_behavior_tree/include//nav2_behavior_tree/plugins/condition/is_battery_low_condition.hpp
[2.369s] -- Up-to-date: /home/supro/supro_ws/install/nav2_behavior_tree/include//nav2_behavior_tree/plugins/condition/is_stuck_condition.hpp
[2.369s] -- Up-to-date: /home/supro/supro_ws/install/nav2_behavior_tree/include//nav2_behavior_tree/plugins/condition/distance_traveled_condition.hpp
[2.369s] -- Up-to-date: /home/supro/supro_ws/install/nav2_behavior_tree/include//nav2_behavior_tree/plugins/condition/transform_available_condition.hpp
[2.370s] -- Up-to-date: /home/supro/supro_ws/install/nav2_behavior_tree/include//nav2_behavior_tree/plugins/condition/time_expired_condition.hpp
[2.370s] -- Up-to-date: /home/supro/supro_ws/install/nav2_behavior_tree/include//nav2_behavior_tree/plugins/control
[2.370s] -- Up-to-date: /home/supro/supro_ws/install/nav2_behavior_tree/include//nav2_behavior_tree/plugins/control/recovery_node.hpp
[2.370s] -- Up-to-date: /home/supro/supro_ws/install/nav2_behavior_tree/include//nav2_behavior_tree/plugins/control/pipeline_sequence.hpp
[2.370s] -- Up-to-date: /home/supro/supro_ws/install/nav2_behavior_tree/include//nav2_behavior_tree/plugins/control/round_robin_node.hpp
[2.371s] -- Up-to-date: /home/supro/supro_ws/install/nav2_behavior_tree/include//nav2_behavior_tree/bt_conversions.hpp
[2.371s] -- Up-to-date: /home/supro/supro_ws/install/nav2_behavior_tree/include//nav2_behavior_tree/bt_action_node.hpp
[2.371s] -- Up-to-date: /home/supro/supro_ws/install/nav2_behavior_tree/share/nav2_behavior_tree/nav2_tree_nodes.xml
[2.371s] -- Up-to-date: /home/supro/supro_ws/install/nav2_behavior_tree/share/nav2_behavior_tree/environment/library_path.sh
[2.371s] -- Up-to-date: /home/supro/supro_ws/install/nav2_behavior_tree/share/nav2_behavior_tree/environment/library_path.dsv
[2.371s] -- Up-to-date: /home/supro/supro_ws/install/nav2_behavior_tree/share/ament_index/resource_index/package_run_dependencies/nav2_behavior_tree
[2.371s] -- Up-to-date: /home/supro/supro_ws/install/nav2_behavior_tree/share/ament_index/resource_index/parent_prefix_path/nav2_behavior_tree
[2.371s] -- Up-to-date: /home/supro/supro_ws/install/nav2_behavior_tree/share/nav2_behavior_tree/environment/ament_prefix_path.sh
[2.371s] -- Up-to-date: /home/supro/supro_ws/install/nav2_behavior_tree/share/nav2_behavior_tree/environment/ament_prefix_path.dsv
[2.371s] -- Up-to-date: /home/supro/supro_ws/install/nav2_behavior_tree/share/nav2_behavior_tree/environment/path.sh
[2.372s] -- Up-to-date: /home/supro/supro_ws/install/nav2_behavior_tree/share/nav2_behavior_tree/environment/path.dsv
[2.372s] -- Up-to-date: /home/supro/supro_ws/install/nav2_behavior_tree/share/nav2_behavior_tree/local_setup.bash
[2.373s] -- Up-to-date: /home/supro/supro_ws/install/nav2_behavior_tree/share/nav2_behavior_tree/local_setup.sh
[2.373s] -- Up-to-date: /home/supro/supro_ws/install/nav2_behavior_tree/share/nav2_behavior_tree/local_setup.zsh
[2.373s] -- Up-to-date: /home/supro/supro_ws/install/nav2_behavior_tree/share/nav2_behavior_tree/local_setup.dsv
[2.373s] -- Installing: /home/supro/supro_ws/install/nav2_behavior_tree/share/nav2_behavior_tree/package.dsv
[2.374s] -- Up-to-date: /home/supro/supro_ws/install/nav2_behavior_tree/share/ament_index/resource_index/packages/nav2_behavior_tree
[2.375s] -- Up-to-date: /home/supro/supro_ws/install/nav2_behavior_tree/share/nav2_behavior_tree/cmake/ament_cmake_export_include_directories-extras.cmake
[2.375s] -- Up-to-date: /home/supro/supro_ws/install/nav2_behavior_tree/share/nav2_behavior_tree/cmake/ament_cmake_export_libraries-extras.cmake
[2.378s] -- Up-to-date: /home/supro/supro_ws/install/nav2_behavior_tree/share/nav2_behavior_tree/cmake/ament_cmake_export_dependencies-extras.cmake
[2.378s] -- Up-to-date: /home/supro/supro_ws/install/nav2_behavior_tree/share/nav2_behavior_tree/cmake/nav2_behavior_treeConfig.cmake
[2.379s] -- Up-to-date: /home/supro/supro_ws/install/nav2_behavior_tree/share/nav2_behavior_tree/cmake/nav2_behavior_treeConfig-version.cmake
[2.379s] -- Up-to-date: /home/supro/supro_ws/install/nav2_behavior_tree/share/nav2_behavior_tree/package.xml
[2.388s] Invoked command in '/home/supro/supro_ws/build/nav2_behavior_tree' returned '0': CMAKE_PREFIX_PATH=/home/supro/supro_ws/install/nav2_util:/home/supro/supro_ws/install/nav2_msgs:/home/supro/supro_ws/install/nav2_common:/home/supro/supro_ws/install/nav2_system_tests:/home/supro/supro_ws/install/nav2_bringup:/home/supro/supro_ws/install/navigation2:/home/supro/supro_ws/install/smac_planner:/home/supro/supro_ws/install/slam_toolbox:/home/supro/supro_ws/install/sensor_pkg:/home/supro/supro_ws/install/realsense2_description:/home/supro/supro_ws/install/realsense2_camera:/home/supro/supro_ws/install/realsense2_camera_msgs:/home/supro/supro_ws/install/nav2_dwb_controller:/home/supro/supro_ws/install/nav2_controller:/home/supro/supro_ws/install/dwb_plugins:/home/supro/supro_ws/install/dwb_critics:/home/supro/supro_ws/install/dwb_core:/home/supro/supro_ws/install/nav_2d_utils:/home/supro/supro_ws/install/dwb_msgs:/home/supro/supro_ws/install/nav_2d_msgs:/home/supro/supro_ws/install/nav2_waypoint_follower:/home/supro/supro_ws/install/nav2_regulated_pure_pursuit_controller:/home/supro/supro_ws/install/nav2_recoveries:/home/supro/supro_ws/install/nav2_planner:/home/supro/supro_ws/install/nav2_navfn_planner:/home/supro/supro_ws/install/nav2_core:/home/supro/supro_ws/install/costmap_queue:/home/supro/supro_ws/install/nav2_costmap_2d:/home/supro/supro_ws/install/nav2_voxel_grid:/home/supro/supro_ws/install/nav2_rviz_plugins:/home/supro/supro_ws/install/nav2_map_server:/home/supro/supro_ws/install/nav2_lifecycle_manager:/home/supro/supro_ws/install/nav2_bt_navigator:/home/supro/supro_ws/install/nav2_behavior_tree:/home/supro/supro_ws/install/nav2_amcl:/home/supro/supro_ws/install/motor_pkg:/home/supro/supro_ws/install/custom_turtlesim:/home/supro/supro_ws/install/bluesea2:/home/supro/supro_ws/install/apriltag_docking:/home/supro/supro_ws/install/apriltag_msgs:/home/supro/supro_ws/install/android_comm:/opt/ros/foxy:/home/supro/supro_ws/install/turtlebot3_teleop:/home/supro/supro_ws/install/nav2_gazebo_spawner:/home/supro/supro_ws/install/mapping_publisher LD_LIBRARY_PATH=/home/supro/supro_ws/install/nav2_util/lib:/home/supro/supro_ws/install/nav2_msgs/lib:/opt/ros/foxy/opt/yaml_cpp_vendor/lib:/opt/ros/foxy/opt/rviz_ogre_vendor/lib:/opt/ros/foxy/lib/x86_64-linux-gnu:/opt/ros/foxy/lib:/home/supro/supro_ws/install/smac_planner/lib:/home/supro/supro_ws/install/slam_toolbox/lib:/home/supro/supro_ws/install/realsense2_camera/lib:/home/supro/supro_ws/install/realsense2_camera_msgs/lib:/home/supro/supro_ws/install/nav2_controller/lib:/home/supro/supro_ws/install/dwb_plugins/lib:/home/supro/supro_ws/install/dwb_critics/lib:/home/supro/supro_ws/install/dwb_core/lib:/home/supro/supro_ws/install/nav_2d_utils/lib:/home/supro/supro_ws/install/dwb_msgs/lib:/home/supro/supro_ws/install/nav_2d_msgs/lib:/home/supro/supro_ws/install/nav2_waypoint_follower/lib:/home/supro/supro_ws/install/nav2_regulated_pure_pursuit_controller/lib:/home/supro/supro_ws/install/nav2_recoveries/lib:/home/supro/supro_ws/install/nav2_planner/lib:/home/supro/supro_ws/install/nav2_navfn_planner/lib:/home/supro/supro_ws/install/costmap_queue/lib:/home/supro/supro_ws/install/nav2_costmap_2d/lib:/home/supro/supro_ws/install/nav2_voxel_grid/lib:/home/supro/supro_ws/install/nav2_rviz_plugins/lib:/home/supro/supro_ws/install/nav2_map_server/lib:/home/supro/supro_ws/install/nav2_lifecycle_manager/lib:/home/supro/supro_ws/install/nav2_bt_navigator/lib:/home/supro/supro_ws/install/nav2_behavior_tree/lib:/home/supro/supro_ws/install/nav2_amcl/lib:/home/supro/supro_ws/install/apriltag_msgs/lib:/usr/lib/x86_64-linux-gnu/gazebo-11/plugins PYTHONPATH=/home/supro/supro_ws/install/nav2_msgs/lib/python3.8/site-packages:/home/supro/supro_ws/install/nav2_common/lib/python3.8/site-packages:/opt/ros/foxy/lib/python3.8/site-packages:/home/supro/supro_ws/install/turtlebot3_teleop/lib/python3.8/site-packages:/home/supro/supro_ws/install/slam_toolbox/lib/python3.8/site-packages:/home/supro/supro_ws/install/realsense2_camera_msgs/lib/python3.8/site-packages:/home/supro/supro_ws/install/dwb_msgs/lib/python3.8/site-packages:/home/supro/supro_ws/install/nav_2d_msgs/lib/python3.8/site-packages:/home/supro/supro_ws/install/nav2_gazebo_spawner/lib/python3.8/site-packages:/home/supro/supro_ws/install/mapping_publisher/lib/python3.8/site-packages:/home/supro/supro_ws/install/apriltag_msgs/lib/python3.8/site-packages /usr/bin/cmake --install /home/supro/supro_ws/build/nav2_behavior_tree
