running egg_info
writing ../../../build/mapping_publisher/mapping_publisher.egg-info/PKG-INFO
writing dependency_links to ../../../build/mapping_publisher/mapping_publisher.egg-info/dependency_links.txt
writing entry points to ../../../build/mapping_publisher/mapping_publisher.egg-info/entry_points.txt
writing requirements to ../../../build/mapping_publisher/mapping_publisher.egg-info/requires.txt
writing top-level names to ../../../build/mapping_publisher/mapping_publisher.egg-info/top_level.txt
reading manifest file '../../../build/mapping_publisher/mapping_publisher.egg-info/SOURCES.txt'
writing manifest file '../../../build/mapping_publisher/mapping_publisher.egg-info/SOURCES.txt'
running build
running build_py
running install
running install_lib
running install_data
running install_egg_info
removing '/home/supro/supro_ws/install/mapping_publisher/lib/python3.8/site-packages/mapping_publisher-0.0.0-py3.8.egg-info' (and everything under it)
Copying ../../../build/mapping_publisher/mapping_publisher.egg-info to /home/supro/supro_ws/install/mapping_publisher/lib/python3.8/site-packages/mapping_publisher-0.0.0-py3.8.egg-info
running install_scripts
Installing Encoder script to /home/supro/supro_ws/install/mapping_publisher/lib/mapping_publisher
Installing odom_publish script to /home/supro/supro_ws/install/mapping_publisher/lib/mapping_publisher
writing list of installed files to '/home/supro/supro_ws/build/mapping_publisher/install.log'
