[0.127s] Invoking command in '/home/supro/supro_ws/build/realsense2_camera_msgs': CMAKE_PREFIX_PATH=${CMAKE_PREFIX_PATH}:/opt/ros/foxy:/home/supro/supro_ws/install/turtlebot3_teleop:/home/supro/supro_ws/install/nav2_gazebo_spawner:/home/supro/supro_ws/install/mapping_publisher /usr/bin/cmake --build /home/supro/supro_ws/build/realsense2_camera_msgs -- -j8 -l8
[0.342s] [  2%] Built target realsense2_camera_msgs__cpp
[0.368s] [ 12%] Built target realsense2_camera_msgs__rosidl_generator_c
[0.499s] [ 23%] Built target realsense2_camera_msgs__rosidl_typesupport_introspection_cpp
[0.500s] [ 33%] Built target realsense2_camera_msgs__rosidl_typesupport_introspection_c
[0.505s] [ 43%] Built target realsense2_camera_msgs__rosidl_typesupport_cpp
[0.516s] [ 53%] Built target realsense2_camera_msgs__rosidl_typesupport_fastrtps_cpp
[0.553s] [ 64%] Built target realsense2_camera_msgs__rosidl_typesupport_c
[0.596s] [ 74%] Built target realsense2_camera_msgs__rosidl_typesupport_fastrtps_c
[0.644s] [ 74%] Built target realsense2_camera_msgs
[0.688s] [ 76%] Built target realsense2_camera_msgs__py
[0.746s] [ 84%] Built target realsense2_camera_msgs__python
[0.814s] [ 89%] Built target realsense2_camera_msgs__rosidl_typesupport_introspection_c__pyext
[0.820s] [ 94%] Built target realsense2_camera_msgs__rosidl_typesupport_c__pyext
[0.852s] [100%] Built target realsense2_camera_msgs__rosidl_typesupport_fastrtps_c__pyext
[0.925s] Invoked command in '/home/supro/supro_ws/build/realsense2_camera_msgs' returned '0': CMAKE_PREFIX_PATH=${CMAKE_PREFIX_PATH}:/opt/ros/foxy:/home/supro/supro_ws/install/turtlebot3_teleop:/home/supro/supro_ws/install/nav2_gazebo_spawner:/home/supro/supro_ws/install/mapping_publisher /usr/bin/cmake --build /home/supro/supro_ws/build/realsense2_camera_msgs -- -j8 -l8
[1.270s] Invoking command in '/home/supro/supro_ws/build/realsense2_camera_msgs': CMAKE_PREFIX_PATH=${CMAKE_PREFIX_PATH}:/opt/ros/foxy:/home/supro/supro_ws/install/turtlebot3_teleop:/home/supro/supro_ws/install/nav2_gazebo_spawner:/home/supro/supro_ws/install/mapping_publisher /usr/bin/cmake --install /home/supro/supro_ws/build/realsense2_camera_msgs
[1.314s] -- Install configuration: ""
[1.314s] -- Up-to-date: /home/supro/supro_ws/install/realsense2_camera_msgs/share/ament_index/resource_index/rosidl_interfaces/realsense2_camera_msgs
[1.315s] -- Up-to-date: /home/supro/supro_ws/install/realsense2_camera_msgs/include/realsense2_camera_msgs
[1.315s] -- Up-to-date: /home/supro/supro_ws/install/realsense2_camera_msgs/include/realsense2_camera_msgs/msg
[1.316s] -- Up-to-date: /home/supro/supro_ws/install/realsense2_camera_msgs/include/realsense2_camera_msgs/msg/extrinsics.h
[1.316s] -- Up-to-date: /home/supro/supro_ws/install/realsense2_camera_msgs/include/realsense2_camera_msgs/msg/rosidl_generator_c__visibility_control.h
[1.316s] -- Up-to-date: /home/supro/supro_ws/install/realsense2_camera_msgs/include/realsense2_camera_msgs/msg/detail
[1.316s] -- Up-to-date: /home/supro/supro_ws/install/realsense2_camera_msgs/include/realsense2_camera_msgs/msg/detail/extrinsics__struct.h
[1.317s] -- Up-to-date: /home/supro/supro_ws/install/realsense2_camera_msgs/include/realsense2_camera_msgs/msg/detail/imu_info__functions.c
[1.317s] -- Up-to-date: /home/supro/supro_ws/install/realsense2_camera_msgs/include/realsense2_camera_msgs/msg/detail/extrinsics__functions.c
[1.317s] -- Up-to-date: /home/supro/supro_ws/install/realsense2_camera_msgs/include/realsense2_camera_msgs/msg/detail/extrinsics__functions.h
[1.317s] -- Up-to-date: /home/supro/supro_ws/install/realsense2_camera_msgs/include/realsense2_camera_msgs/msg/detail/imu_info__type_support.h
[1.317s] -- Up-to-date: /home/supro/supro_ws/install/realsense2_camera_msgs/include/realsense2_camera_msgs/msg/detail/imu_info__functions.h
[1.317s] -- Up-to-date: /home/supro/supro_ws/install/realsense2_camera_msgs/include/realsense2_camera_msgs/msg/detail/imu_info__struct.h
[1.318s] -- Up-to-date: /home/supro/supro_ws/install/realsense2_camera_msgs/include/realsense2_camera_msgs/msg/detail/extrinsics__type_support.h
[1.318s] -- Up-to-date: /home/supro/supro_ws/install/realsense2_camera_msgs/include/realsense2_camera_msgs/msg/imu_info.h
[1.318s] -- Up-to-date: /home/supro/supro_ws/install/realsense2_camera_msgs/share/realsense2_camera_msgs/environment/library_path.sh
[1.318s] -- Up-to-date: /home/supro/supro_ws/install/realsense2_camera_msgs/share/realsense2_camera_msgs/environment/library_path.dsv
[1.319s] -- Up-to-date: /home/supro/supro_ws/install/realsense2_camera_msgs/lib/librealsense2_camera_msgs__rosidl_generator_c.so
[1.319s] -- Up-to-date: /home/supro/supro_ws/install/realsense2_camera_msgs/include/realsense2_camera_msgs
[1.319s] -- Up-to-date: /home/supro/supro_ws/install/realsense2_camera_msgs/include/realsense2_camera_msgs/msg
[1.319s] -- Up-to-date: /home/supro/supro_ws/install/realsense2_camera_msgs/include/realsense2_camera_msgs/msg/rosidl_typesupport_fastrtps_c__visibility_control.h
[1.320s] -- Up-to-date: /home/supro/supro_ws/install/realsense2_camera_msgs/include/realsense2_camera_msgs/msg/detail
[1.320s] -- Up-to-date: /home/supro/supro_ws/install/realsense2_camera_msgs/include/realsense2_camera_msgs/msg/detail/imu_info__rosidl_typesupport_fastrtps_c.h
[1.320s] -- Up-to-date: /home/supro/supro_ws/install/realsense2_camera_msgs/include/realsense2_camera_msgs/msg/detail/extrinsics__rosidl_typesupport_fastrtps_c.h
[1.321s] -- Up-to-date: /home/supro/supro_ws/install/realsense2_camera_msgs/lib/librealsense2_camera_msgs__rosidl_typesupport_fastrtps_c.so
[1.321s] -- Up-to-date: /home/supro/supro_ws/install/realsense2_camera_msgs/include/realsense2_camera_msgs
[1.321s] -- Up-to-date: /home/supro/supro_ws/install/realsense2_camera_msgs/include/realsense2_camera_msgs/msg
[1.321s] -- Up-to-date: /home/supro/supro_ws/install/realsense2_camera_msgs/include/realsense2_camera_msgs/msg/rosidl_typesupport_fastrtps_cpp__visibility_control.h
[1.321s] -- Up-to-date: /home/supro/supro_ws/install/realsense2_camera_msgs/include/realsense2_camera_msgs/msg/detail
[1.322s] -- Up-to-date: /home/supro/supro_ws/install/realsense2_camera_msgs/include/realsense2_camera_msgs/msg/detail/imu_info__rosidl_typesupport_fastrtps_cpp.hpp
[1.322s] -- Up-to-date: /home/supro/supro_ws/install/realsense2_camera_msgs/include/realsense2_camera_msgs/msg/detail/extrinsics__rosidl_typesupport_fastrtps_cpp.hpp
[1.322s] -- Up-to-date: /home/supro/supro_ws/install/realsense2_camera_msgs/include/realsense2_camera_msgs/msg/detail/dds_fastrtps
[1.322s] -- Up-to-date: /home/supro/supro_ws/install/realsense2_camera_msgs/lib/librealsense2_camera_msgs__rosidl_typesupport_fastrtps_cpp.so
[1.323s] -- Up-to-date: /home/supro/supro_ws/install/realsense2_camera_msgs/include/realsense2_camera_msgs
[1.323s] -- Up-to-date: /home/supro/supro_ws/install/realsense2_camera_msgs/include/realsense2_camera_msgs/msg
[1.323s] -- Up-to-date: /home/supro/supro_ws/install/realsense2_camera_msgs/include/realsense2_camera_msgs/msg/rosidl_typesupport_introspection_c__visibility_control.h
[1.323s] -- Up-to-date: /home/supro/supro_ws/install/realsense2_camera_msgs/include/realsense2_camera_msgs/msg/detail
[1.324s] -- Up-to-date: /home/supro/supro_ws/install/realsense2_camera_msgs/include/realsense2_camera_msgs/msg/detail/extrinsics__type_support.c
[1.324s] -- Up-to-date: /home/supro/supro_ws/install/realsense2_camera_msgs/include/realsense2_camera_msgs/msg/detail/imu_info__type_support.c
[1.324s] -- Up-to-date: /home/supro/supro_ws/install/realsense2_camera_msgs/include/realsense2_camera_msgs/msg/detail/imu_info__rosidl_typesupport_introspection_c.h
[1.324s] -- Up-to-date: /home/supro/supro_ws/install/realsense2_camera_msgs/include/realsense2_camera_msgs/msg/detail/extrinsics__rosidl_typesupport_introspection_c.h
[1.325s] -- Up-to-date: /home/supro/supro_ws/install/realsense2_camera_msgs/lib/librealsense2_camera_msgs__rosidl_typesupport_introspection_c.so
[1.325s] -- Up-to-date: /home/supro/supro_ws/install/realsense2_camera_msgs/lib/librealsense2_camera_msgs__rosidl_typesupport_c.so
[1.325s] -- Up-to-date: /home/supro/supro_ws/install/realsense2_camera_msgs/include/realsense2_camera_msgs
[1.325s] -- Up-to-date: /home/supro/supro_ws/install/realsense2_camera_msgs/include/realsense2_camera_msgs/msg
[1.325s] -- Up-to-date: /home/supro/supro_ws/install/realsense2_camera_msgs/include/realsense2_camera_msgs/msg/extrinsics.hpp
[1.326s] -- Up-to-date: /home/supro/supro_ws/install/realsense2_camera_msgs/include/realsense2_camera_msgs/msg/imu_info.hpp
[1.326s] -- Up-to-date: /home/supro/supro_ws/install/realsense2_camera_msgs/include/realsense2_camera_msgs/msg/detail
[1.326s] -- Up-to-date: /home/supro/supro_ws/install/realsense2_camera_msgs/include/realsense2_camera_msgs/msg/detail/extrinsics__traits.hpp
[1.326s] -- Up-to-date: /home/supro/supro_ws/install/realsense2_camera_msgs/include/realsense2_camera_msgs/msg/detail/imu_info__struct.hpp
[1.326s] -- Up-to-date: /home/supro/supro_ws/install/realsense2_camera_msgs/include/realsense2_camera_msgs/msg/detail/imu_info__traits.hpp
[1.327s] -- Up-to-date: /home/supro/supro_ws/install/realsense2_camera_msgs/include/realsense2_camera_msgs/msg/detail/extrinsics__struct.hpp
[1.327s] -- Up-to-date: /home/supro/supro_ws/install/realsense2_camera_msgs/include/realsense2_camera_msgs/msg/detail/extrinsics__builder.hpp
[1.327s] -- Up-to-date: /home/supro/supro_ws/install/realsense2_camera_msgs/include/realsense2_camera_msgs/msg/detail/imu_info__builder.hpp
[1.327s] -- Up-to-date: /home/supro/supro_ws/install/realsense2_camera_msgs/include/realsense2_camera_msgs
[1.328s] -- Up-to-date: /home/supro/supro_ws/install/realsense2_camera_msgs/include/realsense2_camera_msgs/msg
[1.328s] -- Up-to-date: /home/supro/supro_ws/install/realsense2_camera_msgs/include/realsense2_camera_msgs/msg/detail
[1.328s] -- Up-to-date: /home/supro/supro_ws/install/realsense2_camera_msgs/include/realsense2_camera_msgs/msg/detail/imu_info__type_support.cpp
[1.329s] -- Up-to-date: /home/supro/supro_ws/install/realsense2_camera_msgs/include/realsense2_camera_msgs/msg/detail/extrinsics__rosidl_typesupport_introspection_cpp.hpp
[1.329s] -- Up-to-date: /home/supro/supro_ws/install/realsense2_camera_msgs/include/realsense2_camera_msgs/msg/detail/extrinsics__type_support.cpp
[1.329s] -- Up-to-date: /home/supro/supro_ws/install/realsense2_camera_msgs/include/realsense2_camera_msgs/msg/detail/imu_info__rosidl_typesupport_introspection_cpp.hpp
[1.330s] -- Up-to-date: /home/supro/supro_ws/install/realsense2_camera_msgs/lib/librealsense2_camera_msgs__rosidl_typesupport_introspection_cpp.so
[1.330s] -- Up-to-date: /home/supro/supro_ws/install/realsense2_camera_msgs/lib/librealsense2_camera_msgs__rosidl_typesupport_cpp.so
[1.330s] -- Up-to-date: /home/supro/supro_ws/install/realsense2_camera_msgs/share/realsense2_camera_msgs/environment/pythonpath.sh
[1.331s] -- Up-to-date: /home/supro/supro_ws/install/realsense2_camera_msgs/share/realsense2_camera_msgs/environment/pythonpath.dsv
[1.331s] -- Up-to-date: /home/supro/supro_ws/install/realsense2_camera_msgs/lib/python3.8/site-packages/realsense2_camera_msgs/__init__.py
[1.417s] -- Up-to-date: /home/supro/supro_ws/install/realsense2_camera_msgs/lib/python3.8/site-packages/realsense2_camera_msgs/msg
[1.417s] -- Up-to-date: /home/supro/supro_ws/install/realsense2_camera_msgs/lib/python3.8/site-packages/realsense2_camera_msgs/msg/_imu_info.py
[1.417s] -- Up-to-date: /home/supro/supro_ws/install/realsense2_camera_msgs/lib/python3.8/site-packages/realsense2_camera_msgs/msg/__init__.py
[1.419s] -- Up-to-date: /home/supro/supro_ws/install/realsense2_camera_msgs/lib/python3.8/site-packages/realsense2_camera_msgs/msg/_extrinsics.py
[1.419s] -- Up-to-date: /home/supro/supro_ws/install/realsense2_camera_msgs/lib/python3.8/site-packages/realsense2_camera_msgs/msg/_extrinsics_s.c
[1.420s] -- Up-to-date: /home/supro/supro_ws/install/realsense2_camera_msgs/lib/python3.8/site-packages/realsense2_camera_msgs/msg/_imu_info_s.c
[1.420s] -- Up-to-date: /home/supro/supro_ws/install/realsense2_camera_msgs/lib/python3.8/site-packages/realsense2_camera_msgs/realsense2_camera_msgs_s__rosidl_typesupport_fastrtps_c.cpython-38-x86_64-linux-gnu.so
[1.421s] -- Up-to-date: /home/supro/supro_ws/install/realsense2_camera_msgs/lib/python3.8/site-packages/realsense2_camera_msgs/realsense2_camera_msgs_s__rosidl_typesupport_introspection_c.cpython-38-x86_64-linux-gnu.so
[1.421s] -- Up-to-date: /home/supro/supro_ws/install/realsense2_camera_msgs/lib/python3.8/site-packages/realsense2_camera_msgs/realsense2_camera_msgs_s__rosidl_typesupport_c.cpython-38-x86_64-linux-gnu.so
[1.426s] -- Up-to-date: /home/supro/supro_ws/install/realsense2_camera_msgs/lib/librealsense2_camera_msgs__python.so
[1.427s] -- Up-to-date: /home/supro/supro_ws/install/realsense2_camera_msgs/share/realsense2_camera_msgs/msg/IMUInfo.idl
[1.427s] -- Up-to-date: /home/supro/supro_ws/install/realsense2_camera_msgs/share/realsense2_camera_msgs/msg/Extrinsics.idl
[1.427s] -- Up-to-date: /home/supro/supro_ws/install/realsense2_camera_msgs/share/realsense2_camera_msgs/msg/IMUInfo.msg
[1.427s] -- Up-to-date: /home/supro/supro_ws/install/realsense2_camera_msgs/share/realsense2_camera_msgs/msg/Extrinsics.msg
[1.428s] -- Up-to-date: /home/supro/supro_ws/install/realsense2_camera_msgs/share/ament_index/resource_index/package_run_dependencies/realsense2_camera_msgs
[1.428s] -- Up-to-date: /home/supro/supro_ws/install/realsense2_camera_msgs/share/ament_index/resource_index/parent_prefix_path/realsense2_camera_msgs
[1.429s] -- Up-to-date: /home/supro/supro_ws/install/realsense2_camera_msgs/share/realsense2_camera_msgs/environment/ament_prefix_path.sh
[1.430s] -- Up-to-date: /home/supro/supro_ws/install/realsense2_camera_msgs/share/realsense2_camera_msgs/environment/ament_prefix_path.dsv
[1.430s] -- Up-to-date: /home/supro/supro_ws/install/realsense2_camera_msgs/share/realsense2_camera_msgs/environment/path.sh
[1.430s] -- Up-to-date: /home/supro/supro_ws/install/realsense2_camera_msgs/share/realsense2_camera_msgs/environment/path.dsv
[1.431s] -- Up-to-date: /home/supro/supro_ws/install/realsense2_camera_msgs/share/realsense2_camera_msgs/local_setup.bash
[1.431s] -- Up-to-date: /home/supro/supro_ws/install/realsense2_camera_msgs/share/realsense2_camera_msgs/local_setup.sh
[1.431s] -- Up-to-date: /home/supro/supro_ws/install/realsense2_camera_msgs/share/realsense2_camera_msgs/local_setup.zsh
[1.432s] -- Up-to-date: /home/supro/supro_ws/install/realsense2_camera_msgs/share/realsense2_camera_msgs/local_setup.dsv
[1.432s] -- Installing: /home/supro/supro_ws/install/realsense2_camera_msgs/share/realsense2_camera_msgs/package.dsv
[1.432s] -- Up-to-date: /home/supro/supro_ws/install/realsense2_camera_msgs/share/ament_index/resource_index/packages/realsense2_camera_msgs
[1.433s] -- Up-to-date: /home/supro/supro_ws/install/realsense2_camera_msgs/share/realsense2_camera_msgs/cmake/realsense2_camera_msgs__rosidl_generator_cExport.cmake
[1.434s] -- Up-to-date: /home/supro/supro_ws/install/realsense2_camera_msgs/share/realsense2_camera_msgs/cmake/realsense2_camera_msgs__rosidl_generator_cExport-noconfig.cmake
[1.434s] -- Up-to-date: /home/supro/supro_ws/install/realsense2_camera_msgs/share/realsense2_camera_msgs/cmake/realsense2_camera_msgs__rosidl_typesupport_introspection_cExport.cmake
[1.435s] -- Up-to-date: /home/supro/supro_ws/install/realsense2_camera_msgs/share/realsense2_camera_msgs/cmake/realsense2_camera_msgs__rosidl_typesupport_introspection_cExport-noconfig.cmake
[1.436s] -- Up-to-date: /home/supro/supro_ws/install/realsense2_camera_msgs/share/realsense2_camera_msgs/cmake/realsense2_camera_msgs__rosidl_typesupport_cExport.cmake
[1.436s] -- Up-to-date: /home/supro/supro_ws/install/realsense2_camera_msgs/share/realsense2_camera_msgs/cmake/realsense2_camera_msgs__rosidl_typesupport_cExport-noconfig.cmake
[1.436s] -- Up-to-date: /home/supro/supro_ws/install/realsense2_camera_msgs/share/realsense2_camera_msgs/cmake/realsense2_camera_msgs__rosidl_generator_cppExport.cmake
[1.436s] -- Up-to-date: /home/supro/supro_ws/install/realsense2_camera_msgs/share/realsense2_camera_msgs/cmake/realsense2_camera_msgs__rosidl_typesupport_introspection_cppExport.cmake
[1.436s] -- Up-to-date: /home/supro/supro_ws/install/realsense2_camera_msgs/share/realsense2_camera_msgs/cmake/realsense2_camera_msgs__rosidl_typesupport_introspection_cppExport-noconfig.cmake
[1.436s] -- Up-to-date: /home/supro/supro_ws/install/realsense2_camera_msgs/share/realsense2_camera_msgs/cmake/realsense2_camera_msgs__rosidl_typesupport_cppExport.cmake
[1.436s] -- Up-to-date: /home/supro/supro_ws/install/realsense2_camera_msgs/share/realsense2_camera_msgs/cmake/realsense2_camera_msgs__rosidl_typesupport_cppExport-noconfig.cmake
[1.437s] -- Up-to-date: /home/supro/supro_ws/install/realsense2_camera_msgs/share/realsense2_camera_msgs/cmake/rosidl_cmake-extras.cmake
[1.437s] -- Up-to-date: /home/supro/supro_ws/install/realsense2_camera_msgs/share/realsense2_camera_msgs/cmake/ament_cmake_export_dependencies-extras.cmake
[1.437s] -- Up-to-date: /home/supro/supro_ws/install/realsense2_camera_msgs/share/realsense2_camera_msgs/cmake/ament_cmake_export_libraries-extras.cmake
[1.437s] -- Up-to-date: /home/supro/supro_ws/install/realsense2_camera_msgs/share/realsense2_camera_msgs/cmake/ament_cmake_export_targets-extras.cmake
[1.437s] -- Up-to-date: /home/supro/supro_ws/install/realsense2_camera_msgs/share/realsense2_camera_msgs/cmake/ament_cmake_export_include_directories-extras.cmake
[1.437s] -- Up-to-date: /home/supro/supro_ws/install/realsense2_camera_msgs/share/realsense2_camera_msgs/cmake/rosidl_cmake_export_typesupport_libraries-extras.cmake
[1.437s] -- Up-to-date: /home/supro/supro_ws/install/realsense2_camera_msgs/share/realsense2_camera_msgs/cmake/rosidl_cmake_export_typesupport_targets-extras.cmake
[1.437s] -- Up-to-date: /home/supro/supro_ws/install/realsense2_camera_msgs/share/realsense2_camera_msgs/cmake/realsense2_camera_msgsConfig.cmake
[1.437s] -- Up-to-date: /home/supro/supro_ws/install/realsense2_camera_msgs/share/realsense2_camera_msgs/cmake/realsense2_camera_msgsConfig-version.cmake
[1.438s] -- Up-to-date: /home/supro/supro_ws/install/realsense2_camera_msgs/share/realsense2_camera_msgs/package.xml
[1.847s] Invoked command in '/home/supro/supro_ws/build/realsense2_camera_msgs' returned '0': CMAKE_PREFIX_PATH=${CMAKE_PREFIX_PATH}:/opt/ros/foxy:/home/supro/supro_ws/install/turtlebot3_teleop:/home/supro/supro_ws/install/nav2_gazebo_spawner:/home/supro/supro_ws/install/mapping_publisher /usr/bin/cmake --install /home/supro/supro_ws/build/realsense2_camera_msgs
