-- Install configuration: "Release"
-- Up-to-date: /home/supro/supro_ws/install/nav2_bringup/share/nav2_bringup/launch
-- Up-to-date: /home/supro/supro_ws/install/nav2_bringup/share/nav2_bringup/launch/rviz_launch.py
-- Up-to-date: /home/supro/supro_ws/install/nav2_bringup/share/nav2_bringup/launch/spawn_tb3_launch.py
-- Up-to-date: /home/supro/supro_ws/install/nav2_bringup/share/nav2_bringup/launch/navigation_launch.py
-- Up-to-date: /home/supro/supro_ws/install/nav2_bringup/share/nav2_bringup/launch/spawning_and_mapping.launch.py
-- Up-to-date: /home/supro/supro_ws/install/nav2_bringup/share/nav2_bringup/launch/localisation-navigation.launch.py
-- Up-to-date: /home/supro/supro_ws/install/nav2_bringup/share/nav2_bringup/launch/spawn.launch.py
-- Up-to-date: /home/supro/supro_ws/install/nav2_bringup/share/nav2_bringup/launch/multi_tb3_simulation_launch.py
-- Up-to-date: /home/supro/supro_ws/install/nav2_bringup/share/nav2_bringup/launch/tb3_simulation_launch.py
-- Up-to-date: /home/supro/supro_ws/install/nav2_bringup/share/nav2_bringup/launch/bringup_launch.py
-- Up-to-date: /home/supro/supro_ws/install/nav2_bringup/share/nav2_bringup/launch/localization_launch.py
-- Up-to-date: /home/supro/supro_ws/install/nav2_bringup/share/nav2_bringup/launch/slam_launch.py
-- Up-to-date: /home/supro/supro_ws/install/nav2_bringup/share/nav2_bringup/maps
-- Up-to-date: /home/supro/supro_ws/install/nav2_bringup/share/nav2_bringup/maps/custom_map.yaml
-- Up-to-date: /home/supro/supro_ws/install/nav2_bringup/share/nav2_bringup/maps/test.pgm
-- Up-to-date: /home/supro/supro_ws/install/nav2_bringup/share/nav2_bringup/maps/test.yaml
-- Up-to-date: /home/supro/supro_ws/install/nav2_bringup/share/nav2_bringup/maps/turtlebot3_world.yaml
-- Up-to-date: /home/supro/supro_ws/install/nav2_bringup/share/nav2_bringup/maps/turtlebot3_world.pgm
-- Up-to-date: /home/supro/supro_ws/install/nav2_bringup/share/nav2_bringup/maps/new_custom_map.pgm
-- Up-to-date: /home/supro/supro_ws/install/nav2_bringup/share/nav2_bringup/maps/new_custom_map.yaml
-- Up-to-date: /home/supro/supro_ws/install/nav2_bringup/share/nav2_bringup/maps/custom_map.pgm
-- Up-to-date: /home/supro/supro_ws/install/nav2_bringup/share/nav2_bringup/rviz
-- Up-to-date: /home/supro/supro_ws/install/nav2_bringup/share/nav2_bringup/rviz/nav.rviz
-- Up-to-date: /home/supro/supro_ws/install/nav2_bringup/share/nav2_bringup/rviz/spawn_robot_view.rviz
-- Up-to-date: /home/supro/supro_ws/install/nav2_bringup/share/nav2_bringup/rviz/nav2_namespaced_view.rviz
-- Up-to-date: /home/supro/supro_ws/install/nav2_bringup/share/nav2_bringup/rviz/nav2_default_view.rviz
-- Up-to-date: /home/supro/supro_ws/install/nav2_bringup/share/nav2_bringup/worlds
-- Up-to-date: /home/supro/supro_ws/install/nav2_bringup/share/nav2_bringup/worlds/waffle.model
-- Up-to-date: /home/supro/supro_ws/install/nav2_bringup/share/nav2_bringup/worlds/WH_v1
-- Up-to-date: /home/supro/supro_ws/install/nav2_bringup/share/nav2_bringup/worlds/WH_v1/model.config
-- Up-to-date: /home/supro/supro_ws/install/nav2_bringup/share/nav2_bringup/worlds/WH_v1/model.sdf
-- Up-to-date: /home/supro/supro_ws/install/nav2_bringup/share/nav2_bringup/worlds/empty_worlds
-- Up-to-date: /home/supro/supro_ws/install/nav2_bringup/share/nav2_bringup/worlds/empty_worlds/waffle.model
-- Up-to-date: /home/supro/supro_ws/install/nav2_bringup/share/nav2_bringup/worlds/empty_worlds/waffle_pi.model
-- Up-to-date: /home/supro/supro_ws/install/nav2_bringup/share/nav2_bringup/worlds/empty_worlds/burger.model
-- Up-to-date: /home/supro/supro_ws/install/nav2_bringup/share/nav2_bringup/worlds/wh_t1
-- Up-to-date: /home/supro/supro_ws/install/nav2_bringup/share/nav2_bringup/worlds/wh_t1/model.config
-- Up-to-date: /home/supro/supro_ws/install/nav2_bringup/share/nav2_bringup/worlds/wh_t1/model.sdf
-- Up-to-date: /home/supro/supro_ws/install/nav2_bringup/share/nav2_bringup/worlds/turtlebot3_dqn_stage3
-- Up-to-date: /home/supro/supro_ws/install/nav2_bringup/share/nav2_bringup/worlds/turtlebot3_dqn_stage3/waffle.model
-- Up-to-date: /home/supro/supro_ws/install/nav2_bringup/share/nav2_bringup/worlds/turtlebot3_dqn_stage3/waffle_pi.model
-- Up-to-date: /home/supro/supro_ws/install/nav2_bringup/share/nav2_bringup/worlds/turtlebot3_dqn_stage3/burger.model
-- Up-to-date: /home/supro/supro_ws/install/nav2_bringup/share/nav2_bringup/worlds/turtlebot3_dqn_stage2
-- Up-to-date: /home/supro/supro_ws/install/nav2_bringup/share/nav2_bringup/worlds/turtlebot3_dqn_stage2/waffle.model
-- Up-to-date: /home/supro/supro_ws/install/nav2_bringup/share/nav2_bringup/worlds/turtlebot3_dqn_stage2/waffle_pi.model
-- Up-to-date: /home/supro/supro_ws/install/nav2_bringup/share/nav2_bringup/worlds/turtlebot3_dqn_stage2/burger.model
-- Up-to-date: /home/supro/supro_ws/install/nav2_bringup/share/nav2_bringup/worlds/turtlebot3_houses
-- Up-to-date: /home/supro/supro_ws/install/nav2_bringup/share/nav2_bringup/worlds/turtlebot3_houses/waffle.model
-- Up-to-date: /home/supro/supro_ws/install/nav2_bringup/share/nav2_bringup/worlds/turtlebot3_houses/waffle_pi.model
-- Up-to-date: /home/supro/supro_ws/install/nav2_bringup/share/nav2_bringup/worlds/turtlebot3_houses/burger.model
-- Up-to-date: /home/supro/supro_ws/install/nav2_bringup/share/nav2_bringup/worlds/turtlebot3_worlds
-- Up-to-date: /home/supro/supro_ws/install/nav2_bringup/share/nav2_bringup/worlds/turtlebot3_worlds/waffle.model
-- Up-to-date: /home/supro/supro_ws/install/nav2_bringup/share/nav2_bringup/worlds/turtlebot3_worlds/waffle_pi.model
-- Up-to-date: /home/supro/supro_ws/install/nav2_bringup/share/nav2_bringup/worlds/turtlebot3_worlds/burger.model
-- Up-to-date: /home/supro/supro_ws/install/nav2_bringup/share/nav2_bringup/worlds/turtlebot3_dqn_stage4
-- Up-to-date: /home/supro/supro_ws/install/nav2_bringup/share/nav2_bringup/worlds/turtlebot3_dqn_stage4/waffle.model
-- Up-to-date: /home/supro/supro_ws/install/nav2_bringup/share/nav2_bringup/worlds/turtlebot3_dqn_stage4/waffle_pi.model
-- Up-to-date: /home/supro/supro_ws/install/nav2_bringup/share/nav2_bringup/worlds/turtlebot3_dqn_stage4/burger.model
-- Up-to-date: /home/supro/supro_ws/install/nav2_bringup/share/nav2_bringup/worlds/turtlebot3_dqn_stage1
-- Up-to-date: /home/supro/supro_ws/install/nav2_bringup/share/nav2_bringup/worlds/turtlebot3_dqn_stage1/waffle.model
-- Up-to-date: /home/supro/supro_ws/install/nav2_bringup/share/nav2_bringup/worlds/turtlebot3_dqn_stage1/waffle_pi.model
-- Up-to-date: /home/supro/supro_ws/install/nav2_bringup/share/nav2_bringup/worlds/turtlebot3_dqn_stage1/burger.model
-- Up-to-date: /home/supro/supro_ws/install/nav2_bringup/share/nav2_bringup/worlds/turtlebot3_autoraces
-- Up-to-date: /home/supro/supro_ws/install/nav2_bringup/share/nav2_bringup/worlds/turtlebot3_autoraces/waffle.model
-- Up-to-date: /home/supro/supro_ws/install/nav2_bringup/share/nav2_bringup/worlds/turtlebot3_autoraces/waffle_pi.model
-- Up-to-date: /home/supro/supro_ws/install/nav2_bringup/share/nav2_bringup/worlds/turtlebot3_autoraces/burger.model
-- Up-to-date: /home/supro/supro_ws/install/nav2_bringup/share/nav2_bringup/worlds/world_only.model
-- Up-to-date: /home/supro/supro_ws/install/nav2_bringup/share/nav2_bringup/worlds/waffle_mapping.model
-- Up-to-date: /home/supro/supro_ws/install/nav2_bringup/share/nav2_bringup/params
-- Up-to-date: /home/supro/supro_ws/install/nav2_bringup/share/nav2_bringup/params/nav2_params.yaml
-- Up-to-date: /home/supro/supro_ws/install/nav2_bringup/share/nav2_bringup/params/nav2_multirobot_params_2.yaml
-- Up-to-date: /home/supro/supro_ws/install/nav2_bringup/share/nav2_bringup/params/nav2_multirobot_params_1.yaml
-- Up-to-date: /home/supro/supro_ws/install/nav2_bringup/share/nav2_bringup/urdf
-- Up-to-date: /home/supro/supro_ws/install/nav2_bringup/share/nav2_bringup/urdf/turtlebot3_waffle.urdf
-- Up-to-date: /home/supro/supro_ws/install/nav2_bringup/share/ament_index/resource_index/package_run_dependencies/nav2_bringup
-- Up-to-date: /home/supro/supro_ws/install/nav2_bringup/share/ament_index/resource_index/parent_prefix_path/nav2_bringup
-- Up-to-date: /home/supro/supro_ws/install/nav2_bringup/share/nav2_bringup/environment/ament_prefix_path.sh
-- Up-to-date: /home/supro/supro_ws/install/nav2_bringup/share/nav2_bringup/environment/ament_prefix_path.dsv
-- Up-to-date: /home/supro/supro_ws/install/nav2_bringup/share/nav2_bringup/environment/path.sh
-- Up-to-date: /home/supro/supro_ws/install/nav2_bringup/share/nav2_bringup/environment/path.dsv
-- Up-to-date: /home/supro/supro_ws/install/nav2_bringup/share/nav2_bringup/local_setup.bash
-- Up-to-date: /home/supro/supro_ws/install/nav2_bringup/share/nav2_bringup/local_setup.sh
-- Up-to-date: /home/supro/supro_ws/install/nav2_bringup/share/nav2_bringup/local_setup.zsh
-- Up-to-date: /home/supro/supro_ws/install/nav2_bringup/share/nav2_bringup/local_setup.dsv
-- Installing: /home/supro/supro_ws/install/nav2_bringup/share/nav2_bringup/package.dsv
-- Up-to-date: /home/supro/supro_ws/install/nav2_bringup/share/ament_index/resource_index/packages/nav2_bringup
-- Up-to-date: /home/supro/supro_ws/install/nav2_bringup/share/nav2_bringup/cmake/nav2_bringupConfig.cmake
-- Up-to-date: /home/supro/supro_ws/install/nav2_bringup/share/nav2_bringup/cmake/nav2_bringupConfig-version.cmake
-- Up-to-date: /home/supro/supro_ws/install/nav2_bringup/share/nav2_bringup/package.xml
