[0.114s] Invoking command in '/home/supro/supro_ws/build/nav2_bringup': CMAKE_PREFIX_PATH=/home/supro/supro_ws/install/navigation2:/home/supro/supro_ws/install/nav2_dwb_controller:/home/supro/supro_ws/install/dwb_plugins:/home/supro/supro_ws/install/dwb_critics:/home/supro/supro_ws/install/smac_planner:/home/supro/supro_ws/install/nav2_regulated_pure_pursuit_controller:/home/supro/supro_ws/install/nav2_recoveries:/home/supro/supro_ws/install/nav2_planner:/home/supro/supro_ws/install/nav2_navfn_planner:/home/supro/supro_ws/install/nav2_controller:/home/supro/supro_ws/install/dwb_core:/home/supro/supro_ws/install/nav2_core:/home/supro/supro_ws/install/costmap_queue:/home/supro/supro_ws/install/slam_toolbox:/home/supro/supro_ws/install/nav2_rviz_plugins:/home/supro/supro_ws/install/nav2_costmap_2d:/home/supro/supro_ws/install/nav2_bt_navigator:/home/supro/supro_ws/install/nav_2d_utils:/home/supro/supro_ws/install/nav2_waypoint_follower:/home/supro/supro_ws/install/nav2_map_server:/home/supro/supro_ws/install/nav2_lifecycle_manager:/home/supro/supro_ws/install/nav2_behavior_tree:/home/supro/supro_ws/install/nav2_amcl:/home/supro/supro_ws/install/nav2_util:/home/supro/supro_ws/install/nav2_voxel_grid:/home/supro/supro_ws/install/nav2_msgs:/home/supro/supro_ws/install/dwb_msgs:/home/supro/supro_ws/install/nav_2d_msgs:/home/supro/supro_ws/install/nav2_common:/home/supro/supro_ws/install/nav2_system_tests:/home/supro/supro_ws/install/nav2_bringup:/home/supro/supro_ws/install/sensor_pkg:/home/supro/supro_ws/install/realsense2_description:/home/supro/supro_ws/install/realsense2_camera:/home/supro/supro_ws/install/realsense2_camera_msgs:/home/supro/supro_ws/install/motor_pkg:/home/supro/supro_ws/install/custom_turtlesim:/home/supro/supro_ws/install/bluesea2:/home/supro/supro_ws/install/apriltag_docking:/home/supro/supro_ws/install/apriltag_msgs:/home/supro/supro_ws/install/android_comm:/opt/ros/foxy:/home/supro/supro_ws/install/turtlebot3_teleop:/home/supro/supro_ws/install/nav2_gazebo_spawner:/home/supro/supro_ws/install/mapping_publisher LD_LIBRARY_PATH=/home/supro/supro_ws/install/dwb_plugins/lib:/home/supro/supro_ws/install/dwb_critics/lib:/home/supro/supro_ws/install/smac_planner/lib:/home/supro/supro_ws/install/nav2_regulated_pure_pursuit_controller/lib:/home/supro/supro_ws/install/nav2_recoveries/lib:/home/supro/supro_ws/install/nav2_planner/lib:/home/supro/supro_ws/install/nav2_navfn_planner/lib:/home/supro/supro_ws/install/nav2_controller/lib:/home/supro/supro_ws/install/dwb_core/lib:/home/supro/supro_ws/install/slam_toolbox/lib:/home/supro/supro_ws/install/nav2_rviz_plugins/lib:/home/supro/supro_ws/install/nav2_costmap_2d/lib:/home/supro/supro_ws/install/nav2_bt_navigator/lib:/home/supro/supro_ws/install/nav_2d_utils/lib:/home/supro/supro_ws/install/nav2_waypoint_follower/lib:/home/supro/supro_ws/install/nav2_map_server/lib:/home/supro/supro_ws/install/nav2_lifecycle_manager/lib:/home/supro/supro_ws/install/nav2_behavior_tree/lib:/home/supro/supro_ws/install/nav2_amcl/lib:/home/supro/supro_ws/install/nav2_util/lib:/home/supro/supro_ws/install/nav2_voxel_grid/lib:/home/supro/supro_ws/install/nav2_msgs/lib:/home/supro/supro_ws/install/dwb_msgs/lib:/home/supro/supro_ws/install/nav_2d_msgs/lib:/opt/ros/foxy/opt/yaml_cpp_vendor/lib:/opt/ros/foxy/opt/rviz_ogre_vendor/lib:/opt/ros/foxy/lib/x86_64-linux-gnu:/opt/ros/foxy/lib:/home/supro/supro_ws/install/realsense2_camera/lib:/home/supro/supro_ws/install/realsense2_camera_msgs/lib:/home/supro/supro_ws/install/costmap_queue/lib:/home/supro/supro_ws/install/apriltag_msgs/lib:/usr/lib/x86_64-linux-gnu/gazebo-11/plugins PYTHONPATH=/home/supro/supro_ws/install/slam_toolbox/lib/python3.8/site-packages:/home/supro/supro_ws/install/nav2_msgs/lib/python3.8/site-packages:/home/supro/supro_ws/install/dwb_msgs/lib/python3.8/site-packages:/home/supro/supro_ws/install/nav_2d_msgs/lib/python3.8/site-packages:/home/supro/supro_ws/install/nav2_common/lib/python3.8/site-packages:/opt/ros/foxy/lib/python3.8/site-packages:/home/supro/supro_ws/install/turtlebot3_teleop/lib/python3.8/site-packages:/home/supro/supro_ws/install/realsense2_camera_msgs/lib/python3.8/site-packages:/home/supro/supro_ws/install/nav2_gazebo_spawner/lib/python3.8/site-packages:/home/supro/supro_ws/install/mapping_publisher/lib/python3.8/site-packages:/home/supro/supro_ws/install/apriltag_msgs/lib/python3.8/site-packages /usr/bin/cmake --build /home/supro/supro_ws/build/nav2_bringup -- -j8 -l8
[0.179s] Invoked command in '/home/supro/supro_ws/build/nav2_bringup' returned '0': CMAKE_PREFIX_PATH=/home/supro/supro_ws/install/navigation2:/home/supro/supro_ws/install/nav2_dwb_controller:/home/supro/supro_ws/install/dwb_plugins:/home/supro/supro_ws/install/dwb_critics:/home/supro/supro_ws/install/smac_planner:/home/supro/supro_ws/install/nav2_regulated_pure_pursuit_controller:/home/supro/supro_ws/install/nav2_recoveries:/home/supro/supro_ws/install/nav2_planner:/home/supro/supro_ws/install/nav2_navfn_planner:/home/supro/supro_ws/install/nav2_controller:/home/supro/supro_ws/install/dwb_core:/home/supro/supro_ws/install/nav2_core:/home/supro/supro_ws/install/costmap_queue:/home/supro/supro_ws/install/slam_toolbox:/home/supro/supro_ws/install/nav2_rviz_plugins:/home/supro/supro_ws/install/nav2_costmap_2d:/home/supro/supro_ws/install/nav2_bt_navigator:/home/supro/supro_ws/install/nav_2d_utils:/home/supro/supro_ws/install/nav2_waypoint_follower:/home/supro/supro_ws/install/nav2_map_server:/home/supro/supro_ws/install/nav2_lifecycle_manager:/home/supro/supro_ws/install/nav2_behavior_tree:/home/supro/supro_ws/install/nav2_amcl:/home/supro/supro_ws/install/nav2_util:/home/supro/supro_ws/install/nav2_voxel_grid:/home/supro/supro_ws/install/nav2_msgs:/home/supro/supro_ws/install/dwb_msgs:/home/supro/supro_ws/install/nav_2d_msgs:/home/supro/supro_ws/install/nav2_common:/home/supro/supro_ws/install/nav2_system_tests:/home/supro/supro_ws/install/nav2_bringup:/home/supro/supro_ws/install/sensor_pkg:/home/supro/supro_ws/install/realsense2_description:/home/supro/supro_ws/install/realsense2_camera:/home/supro/supro_ws/install/realsense2_camera_msgs:/home/supro/supro_ws/install/motor_pkg:/home/supro/supro_ws/install/custom_turtlesim:/home/supro/supro_ws/install/bluesea2:/home/supro/supro_ws/install/apriltag_docking:/home/supro/supro_ws/install/apriltag_msgs:/home/supro/supro_ws/install/android_comm:/opt/ros/foxy:/home/supro/supro_ws/install/turtlebot3_teleop:/home/supro/supro_ws/install/nav2_gazebo_spawner:/home/supro/supro_ws/install/mapping_publisher LD_LIBRARY_PATH=/home/supro/supro_ws/install/dwb_plugins/lib:/home/supro/supro_ws/install/dwb_critics/lib:/home/supro/supro_ws/install/smac_planner/lib:/home/supro/supro_ws/install/nav2_regulated_pure_pursuit_controller/lib:/home/supro/supro_ws/install/nav2_recoveries/lib:/home/supro/supro_ws/install/nav2_planner/lib:/home/supro/supro_ws/install/nav2_navfn_planner/lib:/home/supro/supro_ws/install/nav2_controller/lib:/home/supro/supro_ws/install/dwb_core/lib:/home/supro/supro_ws/install/slam_toolbox/lib:/home/supro/supro_ws/install/nav2_rviz_plugins/lib:/home/supro/supro_ws/install/nav2_costmap_2d/lib:/home/supro/supro_ws/install/nav2_bt_navigator/lib:/home/supro/supro_ws/install/nav_2d_utils/lib:/home/supro/supro_ws/install/nav2_waypoint_follower/lib:/home/supro/supro_ws/install/nav2_map_server/lib:/home/supro/supro_ws/install/nav2_lifecycle_manager/lib:/home/supro/supro_ws/install/nav2_behavior_tree/lib:/home/supro/supro_ws/install/nav2_amcl/lib:/home/supro/supro_ws/install/nav2_util/lib:/home/supro/supro_ws/install/nav2_voxel_grid/lib:/home/supro/supro_ws/install/nav2_msgs/lib:/home/supro/supro_ws/install/dwb_msgs/lib:/home/supro/supro_ws/install/nav_2d_msgs/lib:/opt/ros/foxy/opt/yaml_cpp_vendor/lib:/opt/ros/foxy/opt/rviz_ogre_vendor/lib:/opt/ros/foxy/lib/x86_64-linux-gnu:/opt/ros/foxy/lib:/home/supro/supro_ws/install/realsense2_camera/lib:/home/supro/supro_ws/install/realsense2_camera_msgs/lib:/home/supro/supro_ws/install/costmap_queue/lib:/home/supro/supro_ws/install/apriltag_msgs/lib:/usr/lib/x86_64-linux-gnu/gazebo-11/plugins PYTHONPATH=/home/supro/supro_ws/install/slam_toolbox/lib/python3.8/site-packages:/home/supro/supro_ws/install/nav2_msgs/lib/python3.8/site-packages:/home/supro/supro_ws/install/dwb_msgs/lib/python3.8/site-packages:/home/supro/supro_ws/install/nav_2d_msgs/lib/python3.8/site-packages:/home/supro/supro_ws/install/nav2_common/lib/python3.8/site-packages:/opt/ros/foxy/lib/python3.8/site-packages:/home/supro/supro_ws/install/turtlebot3_teleop/lib/python3.8/site-packages:/home/supro/supro_ws/install/realsense2_camera_msgs/lib/python3.8/site-packages:/home/supro/supro_ws/install/nav2_gazebo_spawner/lib/python3.8/site-packages:/home/supro/supro_ws/install/mapping_publisher/lib/python3.8/site-packages:/home/supro/supro_ws/install/apriltag_msgs/lib/python3.8/site-packages /usr/bin/cmake --build /home/supro/supro_ws/build/nav2_bringup -- -j8 -l8
[0.212s] Invoking command in '/home/supro/supro_ws/build/nav2_bringup': CMAKE_PREFIX_PATH=/home/supro/supro_ws/install/navigation2:/home/supro/supro_ws/install/nav2_dwb_controller:/home/supro/supro_ws/install/dwb_plugins:/home/supro/supro_ws/install/dwb_critics:/home/supro/supro_ws/install/smac_planner:/home/supro/supro_ws/install/nav2_regulated_pure_pursuit_controller:/home/supro/supro_ws/install/nav2_recoveries:/home/supro/supro_ws/install/nav2_planner:/home/supro/supro_ws/install/nav2_navfn_planner:/home/supro/supro_ws/install/nav2_controller:/home/supro/supro_ws/install/dwb_core:/home/supro/supro_ws/install/nav2_core:/home/supro/supro_ws/install/costmap_queue:/home/supro/supro_ws/install/slam_toolbox:/home/supro/supro_ws/install/nav2_rviz_plugins:/home/supro/supro_ws/install/nav2_costmap_2d:/home/supro/supro_ws/install/nav2_bt_navigator:/home/supro/supro_ws/install/nav_2d_utils:/home/supro/supro_ws/install/nav2_waypoint_follower:/home/supro/supro_ws/install/nav2_map_server:/home/supro/supro_ws/install/nav2_lifecycle_manager:/home/supro/supro_ws/install/nav2_behavior_tree:/home/supro/supro_ws/install/nav2_amcl:/home/supro/supro_ws/install/nav2_util:/home/supro/supro_ws/install/nav2_voxel_grid:/home/supro/supro_ws/install/nav2_msgs:/home/supro/supro_ws/install/dwb_msgs:/home/supro/supro_ws/install/nav_2d_msgs:/home/supro/supro_ws/install/nav2_common:/home/supro/supro_ws/install/nav2_system_tests:/home/supro/supro_ws/install/nav2_bringup:/home/supro/supro_ws/install/sensor_pkg:/home/supro/supro_ws/install/realsense2_description:/home/supro/supro_ws/install/realsense2_camera:/home/supro/supro_ws/install/realsense2_camera_msgs:/home/supro/supro_ws/install/motor_pkg:/home/supro/supro_ws/install/custom_turtlesim:/home/supro/supro_ws/install/bluesea2:/home/supro/supro_ws/install/apriltag_docking:/home/supro/supro_ws/install/apriltag_msgs:/home/supro/supro_ws/install/android_comm:/opt/ros/foxy:/home/supro/supro_ws/install/turtlebot3_teleop:/home/supro/supro_ws/install/nav2_gazebo_spawner:/home/supro/supro_ws/install/mapping_publisher LD_LIBRARY_PATH=/home/supro/supro_ws/install/dwb_plugins/lib:/home/supro/supro_ws/install/dwb_critics/lib:/home/supro/supro_ws/install/smac_planner/lib:/home/supro/supro_ws/install/nav2_regulated_pure_pursuit_controller/lib:/home/supro/supro_ws/install/nav2_recoveries/lib:/home/supro/supro_ws/install/nav2_planner/lib:/home/supro/supro_ws/install/nav2_navfn_planner/lib:/home/supro/supro_ws/install/nav2_controller/lib:/home/supro/supro_ws/install/dwb_core/lib:/home/supro/supro_ws/install/slam_toolbox/lib:/home/supro/supro_ws/install/nav2_rviz_plugins/lib:/home/supro/supro_ws/install/nav2_costmap_2d/lib:/home/supro/supro_ws/install/nav2_bt_navigator/lib:/home/supro/supro_ws/install/nav_2d_utils/lib:/home/supro/supro_ws/install/nav2_waypoint_follower/lib:/home/supro/supro_ws/install/nav2_map_server/lib:/home/supro/supro_ws/install/nav2_lifecycle_manager/lib:/home/supro/supro_ws/install/nav2_behavior_tree/lib:/home/supro/supro_ws/install/nav2_amcl/lib:/home/supro/supro_ws/install/nav2_util/lib:/home/supro/supro_ws/install/nav2_voxel_grid/lib:/home/supro/supro_ws/install/nav2_msgs/lib:/home/supro/supro_ws/install/dwb_msgs/lib:/home/supro/supro_ws/install/nav_2d_msgs/lib:/opt/ros/foxy/opt/yaml_cpp_vendor/lib:/opt/ros/foxy/opt/rviz_ogre_vendor/lib:/opt/ros/foxy/lib/x86_64-linux-gnu:/opt/ros/foxy/lib:/home/supro/supro_ws/install/realsense2_camera/lib:/home/supro/supro_ws/install/realsense2_camera_msgs/lib:/home/supro/supro_ws/install/costmap_queue/lib:/home/supro/supro_ws/install/apriltag_msgs/lib:/usr/lib/x86_64-linux-gnu/gazebo-11/plugins PYTHONPATH=/home/supro/supro_ws/install/slam_toolbox/lib/python3.8/site-packages:/home/supro/supro_ws/install/nav2_msgs/lib/python3.8/site-packages:/home/supro/supro_ws/install/dwb_msgs/lib/python3.8/site-packages:/home/supro/supro_ws/install/nav_2d_msgs/lib/python3.8/site-packages:/home/supro/supro_ws/install/nav2_common/lib/python3.8/site-packages:/opt/ros/foxy/lib/python3.8/site-packages:/home/supro/supro_ws/install/turtlebot3_teleop/lib/python3.8/site-packages:/home/supro/supro_ws/install/realsense2_camera_msgs/lib/python3.8/site-packages:/home/supro/supro_ws/install/nav2_gazebo_spawner/lib/python3.8/site-packages:/home/supro/supro_ws/install/mapping_publisher/lib/python3.8/site-packages:/home/supro/supro_ws/install/apriltag_msgs/lib/python3.8/site-packages /usr/bin/cmake --install /home/supro/supro_ws/build/nav2_bringup
[0.227s] -- Install configuration: "Release"
[0.228s] -- Up-to-date: /home/supro/supro_ws/install/nav2_bringup/share/nav2_bringup/launch
[0.228s] -- Up-to-date: /home/supro/supro_ws/install/nav2_bringup/share/nav2_bringup/launch/rviz_launch.py
[0.228s] -- Up-to-date: /home/supro/supro_ws/install/nav2_bringup/share/nav2_bringup/launch/spawn_tb3_launch.py
[0.228s] -- Up-to-date: /home/supro/supro_ws/install/nav2_bringup/share/nav2_bringup/launch/navigation_launch.py
[0.228s] -- Up-to-date: /home/supro/supro_ws/install/nav2_bringup/share/nav2_bringup/launch/spawning_and_mapping.launch.py
[0.229s] -- Up-to-date: /home/supro/supro_ws/install/nav2_bringup/share/nav2_bringup/launch/localisation-navigation.launch.py
[0.229s] -- Up-to-date: /home/supro/supro_ws/install/nav2_bringup/share/nav2_bringup/launch/spawn.launch.py
[0.229s] -- Up-to-date: /home/supro/supro_ws/install/nav2_bringup/share/nav2_bringup/launch/multi_tb3_simulation_launch.py
[0.229s] -- Up-to-date: /home/supro/supro_ws/install/nav2_bringup/share/nav2_bringup/launch/tb3_simulation_launch.py
[0.229s] -- Up-to-date: /home/supro/supro_ws/install/nav2_bringup/share/nav2_bringup/launch/bringup_launch.py
[0.229s] -- Up-to-date: /home/supro/supro_ws/install/nav2_bringup/share/nav2_bringup/launch/localization_launch.py
[0.229s] -- Up-to-date: /home/supro/supro_ws/install/nav2_bringup/share/nav2_bringup/launch/slam_launch.py
[0.230s] -- Up-to-date: /home/supro/supro_ws/install/nav2_bringup/share/nav2_bringup/maps
[0.230s] -- Up-to-date: /home/supro/supro_ws/install/nav2_bringup/share/nav2_bringup/maps/custom_map.yaml
[0.230s] -- Up-to-date: /home/supro/supro_ws/install/nav2_bringup/share/nav2_bringup/maps/test.pgm
[0.230s] -- Up-to-date: /home/supro/supro_ws/install/nav2_bringup/share/nav2_bringup/maps/test.yaml
[0.230s] -- Up-to-date: /home/supro/supro_ws/install/nav2_bringup/share/nav2_bringup/maps/turtlebot3_world.yaml
[0.230s] -- Up-to-date: /home/supro/supro_ws/install/nav2_bringup/share/nav2_bringup/maps/turtlebot3_world.pgm
[0.230s] -- Up-to-date: /home/supro/supro_ws/install/nav2_bringup/share/nav2_bringup/maps/new_custom_map.pgm
[0.231s] -- Up-to-date: /home/supro/supro_ws/install/nav2_bringup/share/nav2_bringup/maps/new_custom_map.yaml
[0.231s] -- Up-to-date: /home/supro/supro_ws/install/nav2_bringup/share/nav2_bringup/maps/custom_map.pgm
[0.231s] -- Up-to-date: /home/supro/supro_ws/install/nav2_bringup/share/nav2_bringup/rviz
[0.231s] -- Up-to-date: /home/supro/supro_ws/install/nav2_bringup/share/nav2_bringup/rviz/nav.rviz
[0.231s] -- Up-to-date: /home/supro/supro_ws/install/nav2_bringup/share/nav2_bringup/rviz/spawn_robot_view.rviz
[0.231s] -- Up-to-date: /home/supro/supro_ws/install/nav2_bringup/share/nav2_bringup/rviz/nav2_namespaced_view.rviz
[0.231s] -- Up-to-date: /home/supro/supro_ws/install/nav2_bringup/share/nav2_bringup/rviz/nav2_default_view.rviz
[0.231s] -- Up-to-date: /home/supro/supro_ws/install/nav2_bringup/share/nav2_bringup/worlds
[0.231s] -- Up-to-date: /home/supro/supro_ws/install/nav2_bringup/share/nav2_bringup/worlds/waffle.model
[0.231s] -- Up-to-date: /home/supro/supro_ws/install/nav2_bringup/share/nav2_bringup/worlds/WH_v1
[0.232s] -- Up-to-date: /home/supro/supro_ws/install/nav2_bringup/share/nav2_bringup/worlds/WH_v1/model.config
[0.232s] -- Up-to-date: /home/supro/supro_ws/install/nav2_bringup/share/nav2_bringup/worlds/WH_v1/model.sdf
[0.232s] -- Up-to-date: /home/supro/supro_ws/install/nav2_bringup/share/nav2_bringup/worlds/empty_worlds
[0.232s] -- Up-to-date: /home/supro/supro_ws/install/nav2_bringup/share/nav2_bringup/worlds/empty_worlds/waffle.model
[0.232s] -- Up-to-date: /home/supro/supro_ws/install/nav2_bringup/share/nav2_bringup/worlds/empty_worlds/waffle_pi.model
[0.232s] -- Up-to-date: /home/supro/supro_ws/install/nav2_bringup/share/nav2_bringup/worlds/empty_worlds/burger.model
[0.232s] -- Up-to-date: /home/supro/supro_ws/install/nav2_bringup/share/nav2_bringup/worlds/wh_t1
[0.232s] -- Up-to-date: /home/supro/supro_ws/install/nav2_bringup/share/nav2_bringup/worlds/wh_t1/model.config
[0.232s] -- Up-to-date: /home/supro/supro_ws/install/nav2_bringup/share/nav2_bringup/worlds/wh_t1/model.sdf
[0.232s] -- Up-to-date: /home/supro/supro_ws/install/nav2_bringup/share/nav2_bringup/worlds/turtlebot3_dqn_stage3
[0.234s] -- Up-to-date: /home/supro/supro_ws/install/nav2_bringup/share/nav2_bringup/worlds/turtlebot3_dqn_stage3/waffle.model
[0.234s] -- Up-to-date: /home/supro/supro_ws/install/nav2_bringup/share/nav2_bringup/worlds/turtlebot3_dqn_stage3/waffle_pi.model
[0.236s] -- Up-to-date: /home/supro/supro_ws/install/nav2_bringup/share/nav2_bringup/worlds/turtlebot3_dqn_stage3/burger.model
[0.237s] -- Up-to-date: /home/supro/supro_ws/install/nav2_bringup/share/nav2_bringup/worlds/turtlebot3_dqn_stage2
[0.237s] -- Up-to-date: /home/supro/supro_ws/install/nav2_bringup/share/nav2_bringup/worlds/turtlebot3_dqn_stage2/waffle.model
[0.238s] -- Up-to-date: /home/supro/supro_ws/install/nav2_bringup/share/nav2_bringup/worlds/turtlebot3_dqn_stage2/waffle_pi.model
[0.238s] -- Up-to-date: /home/supro/supro_ws/install/nav2_bringup/share/nav2_bringup/worlds/turtlebot3_dqn_stage2/burger.model
[0.239s] -- Up-to-date: /home/supro/supro_ws/install/nav2_bringup/share/nav2_bringup/worlds/turtlebot3_houses
[0.241s] -- Up-to-date: /home/supro/supro_ws/install/nav2_bringup/share/nav2_bringup/worlds/turtlebot3_houses/waffle.model
[0.241s] -- Up-to-date: /home/supro/supro_ws/install/nav2_bringup/share/nav2_bringup/worlds/turtlebot3_houses/waffle_pi.model
[0.241s] -- Up-to-date: /home/supro/supro_ws/install/nav2_bringup/share/nav2_bringup/worlds/turtlebot3_houses/burger.model
[0.242s] -- Up-to-date: /home/supro/supro_ws/install/nav2_bringup/share/nav2_bringup/worlds/turtlebot3_worlds
[0.242s] -- Up-to-date: /home/supro/supro_ws/install/nav2_bringup/share/nav2_bringup/worlds/turtlebot3_worlds/waffle.model
[0.243s] -- Up-to-date: /home/supro/supro_ws/install/nav2_bringup/share/nav2_bringup/worlds/turtlebot3_worlds/waffle_pi.model
[0.243s] -- Up-to-date: /home/supro/supro_ws/install/nav2_bringup/share/nav2_bringup/worlds/turtlebot3_worlds/burger.model
[0.243s] -- Up-to-date: /home/supro/supro_ws/install/nav2_bringup/share/nav2_bringup/worlds/turtlebot3_dqn_stage4
[0.246s] -- Up-to-date: /home/supro/supro_ws/install/nav2_bringup/share/nav2_bringup/worlds/turtlebot3_dqn_stage4/waffle.model
[0.246s] -- Up-to-date: /home/supro/supro_ws/install/nav2_bringup/share/nav2_bringup/worlds/turtlebot3_dqn_stage4/waffle_pi.model
[0.246s] -- Up-to-date: /home/supro/supro_ws/install/nav2_bringup/share/nav2_bringup/worlds/turtlebot3_dqn_stage4/burger.model
[0.246s] -- Up-to-date: /home/supro/supro_ws/install/nav2_bringup/share/nav2_bringup/worlds/turtlebot3_dqn_stage1
[0.247s] -- Up-to-date: /home/supro/supro_ws/install/nav2_bringup/share/nav2_bringup/worlds/turtlebot3_dqn_stage1/waffle.model
[0.247s] -- Up-to-date: /home/supro/supro_ws/install/nav2_bringup/share/nav2_bringup/worlds/turtlebot3_dqn_stage1/waffle_pi.model
[0.247s] -- Up-to-date: /home/supro/supro_ws/install/nav2_bringup/share/nav2_bringup/worlds/turtlebot3_dqn_stage1/burger.model
[0.247s] -- Up-to-date: /home/supro/supro_ws/install/nav2_bringup/share/nav2_bringup/worlds/turtlebot3_autoraces
[0.247s] -- Up-to-date: /home/supro/supro_ws/install/nav2_bringup/share/nav2_bringup/worlds/turtlebot3_autoraces/waffle.model
[0.248s] -- Up-to-date: /home/supro/supro_ws/install/nav2_bringup/share/nav2_bringup/worlds/turtlebot3_autoraces/waffle_pi.model
[0.248s] -- Up-to-date: /home/supro/supro_ws/install/nav2_bringup/share/nav2_bringup/worlds/turtlebot3_autoraces/burger.model
[0.248s] -- Up-to-date: /home/supro/supro_ws/install/nav2_bringup/share/nav2_bringup/worlds/world_only.model
[0.248s] -- Up-to-date: /home/supro/supro_ws/install/nav2_bringup/share/nav2_bringup/worlds/waffle_mapping.model
[0.249s] -- Up-to-date: /home/supro/supro_ws/install/nav2_bringup/share/nav2_bringup/params
[0.249s] -- Up-to-date: /home/supro/supro_ws/install/nav2_bringup/share/nav2_bringup/params/nav2_params.yaml
[0.249s] -- Up-to-date: /home/supro/supro_ws/install/nav2_bringup/share/nav2_bringup/params/nav2_multirobot_params_2.yaml
[0.249s] -- Up-to-date: /home/supro/supro_ws/install/nav2_bringup/share/nav2_bringup/params/nav2_multirobot_params_1.yaml
[0.250s] -- Up-to-date: /home/supro/supro_ws/install/nav2_bringup/share/nav2_bringup/urdf
[0.250s] -- Up-to-date: /home/supro/supro_ws/install/nav2_bringup/share/nav2_bringup/urdf/turtlebot3_waffle.urdf
[0.250s] -- Up-to-date: /home/supro/supro_ws/install/nav2_bringup/share/ament_index/resource_index/package_run_dependencies/nav2_bringup
[0.252s] -- Up-to-date: /home/supro/supro_ws/install/nav2_bringup/share/ament_index/resource_index/parent_prefix_path/nav2_bringup
[0.253s] -- Up-to-date: /home/supro/supro_ws/install/nav2_bringup/share/nav2_bringup/environment/ament_prefix_path.sh
[0.253s] -- Up-to-date: /home/supro/supro_ws/install/nav2_bringup/share/nav2_bringup/environment/ament_prefix_path.dsv
[0.253s] -- Up-to-date: /home/supro/supro_ws/install/nav2_bringup/share/nav2_bringup/environment/path.sh
[0.253s] -- Up-to-date: /home/supro/supro_ws/install/nav2_bringup/share/nav2_bringup/environment/path.dsv
[0.253s] -- Up-to-date: /home/supro/supro_ws/install/nav2_bringup/share/nav2_bringup/local_setup.bash
[0.253s] -- Up-to-date: /home/supro/supro_ws/install/nav2_bringup/share/nav2_bringup/local_setup.sh
[0.254s] -- Up-to-date: /home/supro/supro_ws/install/nav2_bringup/share/nav2_bringup/local_setup.zsh
[0.255s] -- Up-to-date: /home/supro/supro_ws/install/nav2_bringup/share/nav2_bringup/local_setup.dsv
[0.255s] -- Installing: /home/supro/supro_ws/install/nav2_bringup/share/nav2_bringup/package.dsv
[0.255s] -- Up-to-date: /home/supro/supro_ws/install/nav2_bringup/share/ament_index/resource_index/packages/nav2_bringup
[0.255s] -- Up-to-date: /home/supro/supro_ws/install/nav2_bringup/share/nav2_bringup/cmake/nav2_bringupConfig.cmake
[0.255s] -- Up-to-date: /home/supro/supro_ws/install/nav2_bringup/share/nav2_bringup/cmake/nav2_bringupConfig-version.cmake
[0.255s] -- Up-to-date: /home/supro/supro_ws/install/nav2_bringup/share/nav2_bringup/package.xml
[0.255s] Invoked command in '/home/supro/supro_ws/build/nav2_bringup' returned '0': CMAKE_PREFIX_PATH=/home/supro/supro_ws/install/navigation2:/home/supro/supro_ws/install/nav2_dwb_controller:/home/supro/supro_ws/install/dwb_plugins:/home/supro/supro_ws/install/dwb_critics:/home/supro/supro_ws/install/smac_planner:/home/supro/supro_ws/install/nav2_regulated_pure_pursuit_controller:/home/supro/supro_ws/install/nav2_recoveries:/home/supro/supro_ws/install/nav2_planner:/home/supro/supro_ws/install/nav2_navfn_planner:/home/supro/supro_ws/install/nav2_controller:/home/supro/supro_ws/install/dwb_core:/home/supro/supro_ws/install/nav2_core:/home/supro/supro_ws/install/costmap_queue:/home/supro/supro_ws/install/slam_toolbox:/home/supro/supro_ws/install/nav2_rviz_plugins:/home/supro/supro_ws/install/nav2_costmap_2d:/home/supro/supro_ws/install/nav2_bt_navigator:/home/supro/supro_ws/install/nav_2d_utils:/home/supro/supro_ws/install/nav2_waypoint_follower:/home/supro/supro_ws/install/nav2_map_server:/home/supro/supro_ws/install/nav2_lifecycle_manager:/home/supro/supro_ws/install/nav2_behavior_tree:/home/supro/supro_ws/install/nav2_amcl:/home/supro/supro_ws/install/nav2_util:/home/supro/supro_ws/install/nav2_voxel_grid:/home/supro/supro_ws/install/nav2_msgs:/home/supro/supro_ws/install/dwb_msgs:/home/supro/supro_ws/install/nav_2d_msgs:/home/supro/supro_ws/install/nav2_common:/home/supro/supro_ws/install/nav2_system_tests:/home/supro/supro_ws/install/nav2_bringup:/home/supro/supro_ws/install/sensor_pkg:/home/supro/supro_ws/install/realsense2_description:/home/supro/supro_ws/install/realsense2_camera:/home/supro/supro_ws/install/realsense2_camera_msgs:/home/supro/supro_ws/install/motor_pkg:/home/supro/supro_ws/install/custom_turtlesim:/home/supro/supro_ws/install/bluesea2:/home/supro/supro_ws/install/apriltag_docking:/home/supro/supro_ws/install/apriltag_msgs:/home/supro/supro_ws/install/android_comm:/opt/ros/foxy:/home/supro/supro_ws/install/turtlebot3_teleop:/home/supro/supro_ws/install/nav2_gazebo_spawner:/home/supro/supro_ws/install/mapping_publisher LD_LIBRARY_PATH=/home/supro/supro_ws/install/dwb_plugins/lib:/home/supro/supro_ws/install/dwb_critics/lib:/home/supro/supro_ws/install/smac_planner/lib:/home/supro/supro_ws/install/nav2_regulated_pure_pursuit_controller/lib:/home/supro/supro_ws/install/nav2_recoveries/lib:/home/supro/supro_ws/install/nav2_planner/lib:/home/supro/supro_ws/install/nav2_navfn_planner/lib:/home/supro/supro_ws/install/nav2_controller/lib:/home/supro/supro_ws/install/dwb_core/lib:/home/supro/supro_ws/install/slam_toolbox/lib:/home/supro/supro_ws/install/nav2_rviz_plugins/lib:/home/supro/supro_ws/install/nav2_costmap_2d/lib:/home/supro/supro_ws/install/nav2_bt_navigator/lib:/home/supro/supro_ws/install/nav_2d_utils/lib:/home/supro/supro_ws/install/nav2_waypoint_follower/lib:/home/supro/supro_ws/install/nav2_map_server/lib:/home/supro/supro_ws/install/nav2_lifecycle_manager/lib:/home/supro/supro_ws/install/nav2_behavior_tree/lib:/home/supro/supro_ws/install/nav2_amcl/lib:/home/supro/supro_ws/install/nav2_util/lib:/home/supro/supro_ws/install/nav2_voxel_grid/lib:/home/supro/supro_ws/install/nav2_msgs/lib:/home/supro/supro_ws/install/dwb_msgs/lib:/home/supro/supro_ws/install/nav_2d_msgs/lib:/opt/ros/foxy/opt/yaml_cpp_vendor/lib:/opt/ros/foxy/opt/rviz_ogre_vendor/lib:/opt/ros/foxy/lib/x86_64-linux-gnu:/opt/ros/foxy/lib:/home/supro/supro_ws/install/realsense2_camera/lib:/home/supro/supro_ws/install/realsense2_camera_msgs/lib:/home/supro/supro_ws/install/costmap_queue/lib:/home/supro/supro_ws/install/apriltag_msgs/lib:/usr/lib/x86_64-linux-gnu/gazebo-11/plugins PYTHONPATH=/home/supro/supro_ws/install/slam_toolbox/lib/python3.8/site-packages:/home/supro/supro_ws/install/nav2_msgs/lib/python3.8/site-packages:/home/supro/supro_ws/install/dwb_msgs/lib/python3.8/site-packages:/home/supro/supro_ws/install/nav_2d_msgs/lib/python3.8/site-packages:/home/supro/supro_ws/install/nav2_common/lib/python3.8/site-packages:/opt/ros/foxy/lib/python3.8/site-packages:/home/supro/supro_ws/install/turtlebot3_teleop/lib/python3.8/site-packages:/home/supro/supro_ws/install/realsense2_camera_msgs/lib/python3.8/site-packages:/home/supro/supro_ws/install/nav2_gazebo_spawner/lib/python3.8/site-packages:/home/supro/supro_ws/install/mapping_publisher/lib/python3.8/site-packages:/home/supro/supro_ws/install/apriltag_msgs/lib/python3.8/site-packages /usr/bin/cmake --install /home/supro/supro_ws/build/nav2_bringup
