[0.129s] Invoking command in '/home/supro/supro_ws/build/nav2_common': CMAKE_PREFIX_PATH=${CMAKE_PREFIX_PATH}:/opt/ros/foxy:/home/supro/supro_ws/install/turtlebot3_teleop:/home/supro/supro_ws/install/nav2_gazebo_spawner:/home/supro/supro_ws/install/mapping_publisher /usr/bin/cmake --build /home/supro/supro_ws/build/nav2_common -- -j8 -l8
[0.787s] Invoked command in '/home/supro/supro_ws/build/nav2_common' returned '0': CMAKE_PREFIX_PATH=${CMAKE_PREFIX_PATH}:/opt/ros/foxy:/home/supro/supro_ws/install/turtlebot3_teleop:/home/supro/supro_ws/install/nav2_gazebo_spawner:/home/supro/supro_ws/install/mapping_publisher /usr/bin/cmake --build /home/supro/supro_ws/build/nav2_common -- -j8 -l8
[0.908s] Invoking command in '/home/supro/supro_ws/build/nav2_common': CMAKE_PREFIX_PATH=${CMAKE_PREFIX_PATH}:/opt/ros/foxy:/home/supro/supro_ws/install/turtlebot3_teleop:/home/supro/supro_ws/install/nav2_gazebo_spawner:/home/supro/supro_ws/install/mapping_publisher /usr/bin/cmake --install /home/supro/supro_ws/build/nav2_common
[0.953s] -- Install configuration: ""
[0.953s] -- Up-to-date: /home/supro/supro_ws/install/nav2_common/share/nav2_common/environment/pythonpath.sh
[0.953s] -- Up-to-date: /home/supro/supro_ws/install/nav2_common/share/nav2_common/environment/pythonpath.dsv
[0.954s] -- Up-to-date: /home/supro/supro_ws/install/nav2_common/lib/python3.8/site-packages/nav2_common
[0.955s] -- Up-to-date: /home/supro/supro_ws/install/nav2_common/lib/python3.8/site-packages/nav2_common/launch
[0.955s] -- Up-to-date: /home/supro/supro_ws/install/nav2_common/lib/python3.8/site-packages/nav2_common/launch/__init__.py
[0.955s] -- Up-to-date: /home/supro/supro_ws/install/nav2_common/lib/python3.8/site-packages/nav2_common/launch/rewritten_yaml.py
[0.956s] -- Up-to-date: /home/supro/supro_ws/install/nav2_common/lib/python3.8/site-packages/nav2_common/launch/replace_string.py
[0.956s] -- Up-to-date: /home/supro/supro_ws/install/nav2_common/lib/python3.8/site-packages/nav2_common/launch/has_node_params.py
[0.956s] -- Up-to-date: /home/supro/supro_ws/install/nav2_common/lib/python3.8/site-packages/nav2_common/__init__.py
[1.061s] Listing '/home/supro/supro_ws/install/nav2_common/lib/python3.8/site-packages/nav2_common'...
[1.061s] Listing '/home/supro/supro_ws/install/nav2_common/lib/python3.8/site-packages/nav2_common/launch'...
[1.068s] -- Up-to-date: /home/supro/supro_ws/install/nav2_common/share/ament_index/resource_index/package_run_dependencies/nav2_common
[1.068s] -- Up-to-date: /home/supro/supro_ws/install/nav2_common/share/ament_index/resource_index/parent_prefix_path/nav2_common
[1.069s] -- Up-to-date: /home/supro/supro_ws/install/nav2_common/share/nav2_common/environment/ament_prefix_path.sh
[1.069s] -- Up-to-date: /home/supro/supro_ws/install/nav2_common/share/nav2_common/environment/ament_prefix_path.dsv
[1.069s] -- Up-to-date: /home/supro/supro_ws/install/nav2_common/share/nav2_common/environment/path.sh
[1.069s] -- Up-to-date: /home/supro/supro_ws/install/nav2_common/share/nav2_common/environment/path.dsv
[1.070s] -- Up-to-date: /home/supro/supro_ws/install/nav2_common/share/nav2_common/local_setup.bash
[1.070s] -- Up-to-date: /home/supro/supro_ws/install/nav2_common/share/nav2_common/local_setup.sh
[1.072s] -- Up-to-date: /home/supro/supro_ws/install/nav2_common/share/nav2_common/local_setup.zsh
[1.072s] -- Up-to-date: /home/supro/supro_ws/install/nav2_common/share/nav2_common/local_setup.dsv
[1.073s] -- Installing: /home/supro/supro_ws/install/nav2_common/share/nav2_common/package.dsv
[1.073s] -- Up-to-date: /home/supro/supro_ws/install/nav2_common/share/ament_index/resource_index/packages/nav2_common
[1.074s] -- Up-to-date: /home/supro/supro_ws/install/nav2_common/share/nav2_common/cmake/nav2_common-extras.cmake
[1.074s] -- Up-to-date: /home/supro/supro_ws/install/nav2_common/share/nav2_common/cmake/nav2_commonConfig.cmake
[1.075s] -- Up-to-date: /home/supro/supro_ws/install/nav2_common/share/nav2_common/cmake/nav2_commonConfig-version.cmake
[1.075s] -- Up-to-date: /home/supro/supro_ws/install/nav2_common/share/nav2_common/package.xml
[1.076s] -- Up-to-date: /home/supro/supro_ws/install/nav2_common/share/nav2_common/cmake
[1.076s] -- Up-to-date: /home/supro/supro_ws/install/nav2_common/share/nav2_common/cmake/nav2_package.cmake
[1.121s] Invoked command in '/home/supro/supro_ws/build/nav2_common' returned '0': CMAKE_PREFIX_PATH=${CMAKE_PREFIX_PATH}:/opt/ros/foxy:/home/supro/supro_ws/install/turtlebot3_teleop:/home/supro/supro_ws/install/nav2_gazebo_spawner:/home/supro/supro_ws/install/mapping_publisher /usr/bin/cmake --install /home/supro/supro_ws/build/nav2_common
