[100%] Built target controller
-- Install configuration: ""
-- Up-to-date: /home/supro/supro_ws/install/apriltag_docking/lib/apriltag_docking/controller
-- Up-to-date: /home/supro/supro_ws/install/apriltag_docking/share/apriltag_docking/launch
-- Up-to-date: /home/supro/supro_ws/install/apriltag_docking/share/apriltag_docking/launch/controller.launch.py
-- Up-to-date: /home/supro/supro_ws/install/apriltag_docking/share/apriltag_docking/launch/autodock_.launch.py
-- Up-to-date: /home/supro/supro_ws/install/apriltag_docking/share/apriltag_docking/launch/autodock_gazebo.launch.py
-- Up-to-date: /home/supro/supro_ws/install/apriltag_docking/share/apriltag_docking/param
-- Up-to-date: /home/supro/supro_ws/install/apriltag_docking/share/apriltag_docking/param/turtlebot.yaml
-- Up-to-date: /home/supro/supro_ws/install/apriltag_docking/share/apriltag_docking/rviz
-- Up-to-date: /home/supro/supro_ws/install/apriltag_docking/share/apriltag_docking/rviz/apriltag.rviz
-- Up-to-date: /home/supro/supro_ws/install/apriltag_docking/share/ament_index/resource_index/package_run_dependencies/apriltag_docking
-- Up-to-date: /home/supro/supro_ws/install/apriltag_docking/share/ament_index/resource_index/parent_prefix_path/apriltag_docking
-- Up-to-date: /home/supro/supro_ws/install/apriltag_docking/share/apriltag_docking/environment/ament_prefix_path.sh
-- Up-to-date: /home/supro/supro_ws/install/apriltag_docking/share/apriltag_docking/environment/ament_prefix_path.dsv
-- Up-to-date: /home/supro/supro_ws/install/apriltag_docking/share/apriltag_docking/environment/path.sh
-- Up-to-date: /home/supro/supro_ws/install/apriltag_docking/share/apriltag_docking/environment/path.dsv
-- Up-to-date: /home/supro/supro_ws/install/apriltag_docking/share/apriltag_docking/local_setup.bash
-- Up-to-date: /home/supro/supro_ws/install/apriltag_docking/share/apriltag_docking/local_setup.sh
-- Up-to-date: /home/supro/supro_ws/install/apriltag_docking/share/apriltag_docking/local_setup.zsh
-- Up-to-date: /home/supro/supro_ws/install/apriltag_docking/share/apriltag_docking/local_setup.dsv
-- Installing: /home/supro/supro_ws/install/apriltag_docking/share/apriltag_docking/package.dsv
-- Up-to-date: /home/supro/supro_ws/install/apriltag_docking/share/ament_index/resource_index/packages/apriltag_docking
-- Up-to-date: /home/supro/supro_ws/install/apriltag_docking/share/apriltag_docking/cmake/apriltag_dockingConfig.cmake
-- Up-to-date: /home/supro/supro_ws/install/apriltag_docking/share/apriltag_docking/cmake/apriltag_dockingConfig-version.cmake
-- Up-to-date: /home/supro/supro_ws/install/apriltag_docking/share/apriltag_docking/package.xml
