[0.115s] Invoking command in '/home/supro/supro_ws/build/apriltag_docking': CMAKE_PREFIX_PATH=${CMAKE_PREFIX_PATH}:/opt/ros/foxy:/home/supro/supro_ws/install/turtlebot3_teleop:/home/supro/supro_ws/install/nav2_gazebo_spawner:/home/supro/supro_ws/install/mapping_publisher /usr/bin/cmake --build /home/supro/supro_ws/build/apriltag_docking -- -j8 -l8
[0.360s] [100%] Built target controller
[0.749s] Invoked command in '/home/supro/supro_ws/build/apriltag_docking' returned '0': CMAKE_PREFIX_PATH=${CMAKE_PREFIX_PATH}:/opt/ros/foxy:/home/supro/supro_ws/install/turtlebot3_teleop:/home/supro/supro_ws/install/nav2_gazebo_spawner:/home/supro/supro_ws/install/mapping_publisher /usr/bin/cmake --build /home/supro/supro_ws/build/apriltag_docking -- -j8 -l8
[0.913s] Invoking command in '/home/supro/supro_ws/build/apriltag_docking': CMAKE_PREFIX_PATH=${CMAKE_PREFIX_PATH}:/opt/ros/foxy:/home/supro/supro_ws/install/turtlebot3_teleop:/home/supro/supro_ws/install/nav2_gazebo_spawner:/home/supro/supro_ws/install/mapping_publisher /usr/bin/cmake --install /home/supro/supro_ws/build/apriltag_docking
[0.948s] -- Install configuration: ""
[0.950s] -- Up-to-date: /home/supro/supro_ws/install/apriltag_docking/lib/apriltag_docking/controller
[0.950s] -- Up-to-date: /home/supro/supro_ws/install/apriltag_docking/share/apriltag_docking/launch
[0.951s] -- Up-to-date: /home/supro/supro_ws/install/apriltag_docking/share/apriltag_docking/launch/controller.launch.py
[0.951s] -- Up-to-date: /home/supro/supro_ws/install/apriltag_docking/share/apriltag_docking/launch/autodock_.launch.py
[0.951s] -- Up-to-date: /home/supro/supro_ws/install/apriltag_docking/share/apriltag_docking/launch/autodock_gazebo.launch.py
[0.952s] -- Up-to-date: /home/supro/supro_ws/install/apriltag_docking/share/apriltag_docking/param
[0.952s] -- Up-to-date: /home/supro/supro_ws/install/apriltag_docking/share/apriltag_docking/param/turtlebot.yaml
[0.953s] -- Up-to-date: /home/supro/supro_ws/install/apriltag_docking/share/apriltag_docking/rviz
[0.953s] -- Up-to-date: /home/supro/supro_ws/install/apriltag_docking/share/apriltag_docking/rviz/apriltag.rviz
[0.953s] -- Up-to-date: /home/supro/supro_ws/install/apriltag_docking/share/ament_index/resource_index/package_run_dependencies/apriltag_docking
[0.954s] -- Up-to-date: /home/supro/supro_ws/install/apriltag_docking/share/ament_index/resource_index/parent_prefix_path/apriltag_docking
[0.954s] -- Up-to-date: /home/supro/supro_ws/install/apriltag_docking/share/apriltag_docking/environment/ament_prefix_path.sh
[0.954s] -- Up-to-date: /home/supro/supro_ws/install/apriltag_docking/share/apriltag_docking/environment/ament_prefix_path.dsv
[0.954s] -- Up-to-date: /home/supro/supro_ws/install/apriltag_docking/share/apriltag_docking/environment/path.sh
[0.955s] -- Up-to-date: /home/supro/supro_ws/install/apriltag_docking/share/apriltag_docking/environment/path.dsv
[0.955s] -- Up-to-date: /home/supro/supro_ws/install/apriltag_docking/share/apriltag_docking/local_setup.bash
[0.955s] -- Up-to-date: /home/supro/supro_ws/install/apriltag_docking/share/apriltag_docking/local_setup.sh
[0.955s] -- Up-to-date: /home/supro/supro_ws/install/apriltag_docking/share/apriltag_docking/local_setup.zsh
[0.955s] -- Up-to-date: /home/supro/supro_ws/install/apriltag_docking/share/apriltag_docking/local_setup.dsv
[0.955s] -- Installing: /home/supro/supro_ws/install/apriltag_docking/share/apriltag_docking/package.dsv
[0.955s] -- Up-to-date: /home/supro/supro_ws/install/apriltag_docking/share/ament_index/resource_index/packages/apriltag_docking
[0.956s] -- Up-to-date: /home/supro/supro_ws/install/apriltag_docking/share/apriltag_docking/cmake/apriltag_dockingConfig.cmake
[0.956s] -- Up-to-date: /home/supro/supro_ws/install/apriltag_docking/share/apriltag_docking/cmake/apriltag_dockingConfig-version.cmake
[0.956s] -- Up-to-date: /home/supro/supro_ws/install/apriltag_docking/share/apriltag_docking/package.xml
[1.001s] Invoked command in '/home/supro/supro_ws/build/apriltag_docking' returned '0': CMAKE_PREFIX_PATH=${CMAKE_PREFIX_PATH}:/opt/ros/foxy:/home/supro/supro_ws/install/turtlebot3_teleop:/home/supro/supro_ws/install/nav2_gazebo_spawner:/home/supro/supro_ws/install/mapping_publisher /usr/bin/cmake --install /home/supro/supro_ws/build/apriltag_docking
